
*** Running vivado
    with args -log system_axi_bram_ctrl_0_bram_0.vds -m64 -product Vivado -mode batch -messageDb vivado.pb -notrace -source system_axi_bram_ctrl_0_bram_0.tcl


****** Vivado v2017.2 (64-bit)
  **** SW Build 1909853 on Thu Jun 15 18:39:09 MDT 2017
  **** IP Build 1909766 on Thu Jun 15 19:58:00 MDT 2017
    ** Copyright 1986-2017 Xilinx, Inc. All Rights Reserved.

source system_axi_bram_ctrl_0_bram_0.tcl -notrace
Starting RTL Elaboration : Time (s): cpu = 00:00:16 ; elapsed = 00:00:18 . Memory (MB): peak = 387.840 ; gain = 80.406
INFO: [Synth 8-638] synthesizing module 'system_axi_bram_ctrl_0_bram_0' [c:/xup/fpga_flow/2016_2_zynq_labs/sol_v1/sol_v1.srcs/sources_1/bd/system/ip/system_axi_bram_ctrl_0_bram_0/synth/system_axi_bram_ctrl_0_bram_0.vhd:78]
INFO: [Synth 8-256] done synthesizing module 'system_axi_bram_ctrl_0_bram_0' (11#1) [c:/xup/fpga_flow/2016_2_zynq_labs/sol_v1/sol_v1.srcs/sources_1/bd/system/ip/system_axi_bram_ctrl_0_bram_0/synth/system_axi_bram_ctrl_0_bram_0.vhd:78]
Finished RTL Elaboration : Time (s): cpu = 00:02:18 ; elapsed = 00:02:23 . Memory (MB): peak = 594.371 ; gain = 286.938
Finished RTL Optimization Phase 1 : Time (s): cpu = 00:02:18 ; elapsed = 00:02:23 . Memory (MB): peak = 594.371 ; gain = 286.938
INFO: [Device 21-403] Loading part xc7z010clg400-1
Constraint Validation Runtime : Time (s): cpu = 00:00:00 ; elapsed = 00:00:00.080 . Memory (MB): peak = 703.996 ; gain = 0.000
Finished Constraint Validation : Time (s): cpu = 00:02:44 ; elapsed = 00:02:51 . Memory (MB): peak = 703.996 ; gain = 396.563
Finished Loading Part and Timing Information : Time (s): cpu = 00:02:44 ; elapsed = 00:02:51 . Memory (MB): peak = 703.996 ; gain = 396.563
Finished applying 'set_property' XDC Constraints : Time (s): cpu = 00:02:44 ; elapsed = 00:02:51 . Memory (MB): peak = 703.996 ; gain = 396.563
Finished RTL Optimization Phase 2 : Time (s): cpu = 00:02:45 ; elapsed = 00:02:52 . Memory (MB): peak = 703.996 ; gain = 396.563
Finished Cross Boundary and Area Optimization : Time (s): cpu = 00:02:46 ; elapsed = 00:02:53 . Memory (MB): peak = 703.996 ; gain = 396.563
Finished Applying XDC Timing Constraints : Time (s): cpu = 00:03:17 ; elapsed = 00:03:24 . Memory (MB): peak = 703.996 ; gain = 396.563
Finished Timing Optimization : Time (s): cpu = 00:03:17 ; elapsed = 00:03:24 . Memory (MB): peak = 703.996 ; gain = 396.563
Finished Technology Mapping : Time (s): cpu = 00:03:17 ; elapsed = 00:03:25 . Memory (MB): peak = 708.945 ; gain = 401.512
Finished IO Insertion : Time (s): cpu = 00:03:19 ; elapsed = 00:03:26 . Memory (MB): peak = 708.945 ; gain = 401.512
Finished Renaming Generated Instances : Time (s): cpu = 00:03:19 ; elapsed = 00:03:26 . Memory (MB): peak = 708.945 ; gain = 401.512
Finished Rebuilding User Hierarchy : Time (s): cpu = 00:03:19 ; elapsed = 00:03:26 . Memory (MB): peak = 708.945 ; gain = 401.512
Finished Renaming Generated Ports : Time (s): cpu = 00:03:19 ; elapsed = 00:03:26 . Memory (MB): peak = 708.945 ; gain = 401.512
Finished Handling Custom Attributes : Time (s): cpu = 00:03:19 ; elapsed = 00:03:26 . Memory (MB): peak = 708.945 ; gain = 401.512
Finished Renaming Generated Nets : Time (s): cpu = 00:03:19 ; elapsed = 00:03:26 . Memory (MB): peak = 708.945 ; gain = 401.512

Report Cell Usage: 
+------+---------+------+
|      |Cell     |Count |
+------+---------+------+
|1     |RAMB36E1 |     8|
+------+---------+------+
Finished Writing Synthesis Report : Time (s): cpu = 00:03:19 ; elapsed = 00:03:26 . Memory (MB): peak = 708.945 ; gain = 401.512
synth_design: Time (s): cpu = 00:03:22 ; elapsed = 00:03:31 . Memory (MB): peak = 721.473 ; gain = 416.664
