
*** Running vivado
    with args -log system_axi_bram_ctrl_0_0.vds -m64 -product Vivado -mode batch -messageDb vivado.pb -notrace -source system_axi_bram_ctrl_0_0.tcl


****** Vivado v2017.2 (64-bit)
  **** SW Build 1909853 on Thu Jun 15 18:39:09 MDT 2017
  **** IP Build 1909766 on Thu Jun 15 19:58:00 MDT 2017
    ** Copyright 1986-2017 Xilinx, Inc. All Rights Reserved.

source system_axi_bram_ctrl_0_0.tcl -notrace
Starting RTL Elaboration : Time (s): cpu = 00:00:14 ; elapsed = 00:00:17 . Memory (MB): peak = 387.855 ; gain = 81.199
INFO: [Synth 8-638] synthesizing module 'system_axi_bram_ctrl_0_0' [c:/xup/fpga_flow/2016_2_zynq_labs/sol_v1/sol_v1.srcs/sources_1/bd/system/ip/system_axi_bram_ctrl_0_0/synth/system_axi_bram_ctrl_0_0.vhd:104]
INFO: [Synth 8-638] synthesizing module 'axi_bram_ctrl' [c:/xup/fpga_flow/2016_2_zynq_labs/sol_v1/sol_v1.srcs/sources_1/bd/system/ipshared/9183/hdl/axi_bram_ctrl_v4_0_rfs.vhd:23897]
INFO: [Synth 8-638] synthesizing module 'axi_bram_ctrl_top' [c:/xup/fpga_flow/2016_2_zynq_labs/sol_v1/sol_v1.srcs/sources_1/bd/system/ipshared/9183/hdl/axi_bram_ctrl_v4_0_rfs.vhd:22901]
INFO: [Synth 8-638] synthesizing module 'full_axi' [c:/xup/fpga_flow/2016_2_zynq_labs/sol_v1/sol_v1.srcs/sources_1/bd/system/ipshared/9183/hdl/axi_bram_ctrl_v4_0_rfs.vhd:21844]
INFO: [Synth 8-638] synthesizing module 'sng_port_arb' [c:/xup/fpga_flow/2016_2_zynq_labs/sol_v1/sol_v1.srcs/sources_1/bd/system/ipshared/9183/hdl/axi_bram_ctrl_v4_0_rfs.vhd:9216]
INFO: [Synth 8-256] done synthesizing module 'sng_port_arb' (1#1) [c:/xup/fpga_flow/2016_2_zynq_labs/sol_v1/sol_v1.srcs/sources_1/bd/system/ipshared/9183/hdl/axi_bram_ctrl_v4_0_rfs.vhd:9216]
INFO: [Synth 8-638] synthesizing module 'wr_chnl' [c:/xup/fpga_flow/2016_2_zynq_labs/sol_v1/sol_v1.srcs/sources_1/bd/system/ipshared/9183/hdl/axi_bram_ctrl_v4_0_rfs.vhd:17009]
INFO: [Synth 8-638] synthesizing module 'wrap_brst' [c:/xup/fpga_flow/2016_2_zynq_labs/sol_v1/sol_v1.srcs/sources_1/bd/system/ipshared/9183/hdl/axi_bram_ctrl_v4_0_rfs.vhd:10215]
INFO: [Synth 8-256] done synthesizing module 'wrap_brst' (2#1) [c:/xup/fpga_flow/2016_2_zynq_labs/sol_v1/sol_v1.srcs/sources_1/bd/system/ipshared/9183/hdl/axi_bram_ctrl_v4_0_rfs.vhd:10215]
INFO: [Synth 8-638] synthesizing module 'SRL_FIFO' [c:/xup/fpga_flow/2016_2_zynq_labs/sol_v1/sol_v1.srcs/sources_1/bd/system/ipshared/9183/hdl/axi_bram_ctrl_v4_0_rfs.vhd:133]
INFO: [Synth 8-638] synthesizing module 'FDR' [C:/XilinxVivado/Vivado/2017.2/scripts/rt/data/unisim_comp.v:3951]
INFO: [Synth 8-256] done synthesizing module 'FDR' (3#1) [C:/XilinxVivado/Vivado/2017.2/scripts/rt/data/unisim_comp.v:3951]
INFO: [Synth 8-638] synthesizing module 'MUXCY_L' [C:/XilinxVivado/Vivado/2017.2/scripts/rt/data/unisim_comp.v:21638]
INFO: [Synth 8-256] done synthesizing module 'MUXCY_L' (4#1) [C:/XilinxVivado/Vivado/2017.2/scripts/rt/data/unisim_comp.v:21638]
INFO: [Synth 8-638] synthesizing module 'XORCY' [C:/XilinxVivado/Vivado/2017.2/scripts/rt/data/unisim_comp.v:45685]
INFO: [Synth 8-256] done synthesizing module 'XORCY' (5#1) [C:/XilinxVivado/Vivado/2017.2/scripts/rt/data/unisim_comp.v:45685]
INFO: [Synth 8-638] synthesizing module 'FDRE' [C:/XilinxVivado/Vivado/2017.2/scripts/rt/data/unisim_comp.v:3964]
INFO: [Synth 8-256] done synthesizing module 'FDRE' (6#1) [C:/XilinxVivado/Vivado/2017.2/scripts/rt/data/unisim_comp.v:3964]
INFO: [Synth 8-638] synthesizing module 'SRL16E' [C:/XilinxVivado/Vivado/2017.2/scripts/rt/data/unisim_comp.v:43673]
INFO: [Synth 8-256] done synthesizing module 'SRL16E' (7#1) [C:/XilinxVivado/Vivado/2017.2/scripts/rt/data/unisim_comp.v:43673]
INFO: [Synth 8-256] done synthesizing module 'SRL_FIFO' (8#1) [c:/xup/fpga_flow/2016_2_zynq_labs/sol_v1/sol_v1.srcs/sources_1/bd/system/ipshared/9183/hdl/axi_bram_ctrl_v4_0_rfs.vhd:133]
INFO: [Synth 8-256] done synthesizing module 'wr_chnl' (9#1) [c:/xup/fpga_flow/2016_2_zynq_labs/sol_v1/sol_v1.srcs/sources_1/bd/system/ipshared/9183/hdl/axi_bram_ctrl_v4_0_rfs.vhd:17009]
INFO: [Synth 8-638] synthesizing module 'rd_chnl' [c:/xup/fpga_flow/2016_2_zynq_labs/sol_v1/sol_v1.srcs/sources_1/bd/system/ipshared/9183/hdl/axi_bram_ctrl_v4_0_rfs.vhd:11495]
INFO: [Synth 8-256] done synthesizing module 'rd_chnl' (10#1) [c:/xup/fpga_flow/2016_2_zynq_labs/sol_v1/sol_v1.srcs/sources_1/bd/system/ipshared/9183/hdl/axi_bram_ctrl_v4_0_rfs.vhd:11495]
INFO: [Synth 8-256] done synthesizing module 'full_axi' (11#1) [c:/xup/fpga_flow/2016_2_zynq_labs/sol_v1/sol_v1.srcs/sources_1/bd/system/ipshared/9183/hdl/axi_bram_ctrl_v4_0_rfs.vhd:21844]
INFO: [Synth 8-256] done synthesizing module 'axi_bram_ctrl_top' (12#1) [c:/xup/fpga_flow/2016_2_zynq_labs/sol_v1/sol_v1.srcs/sources_1/bd/system/ipshared/9183/hdl/axi_bram_ctrl_v4_0_rfs.vhd:22901]
INFO: [Synth 8-256] done synthesizing module 'axi_bram_ctrl' (13#1) [c:/xup/fpga_flow/2016_2_zynq_labs/sol_v1/sol_v1.srcs/sources_1/bd/system/ipshared/9183/hdl/axi_bram_ctrl_v4_0_rfs.vhd:23897]
INFO: [Synth 8-256] done synthesizing module 'system_axi_bram_ctrl_0_0' (14#1) [c:/xup/fpga_flow/2016_2_zynq_labs/sol_v1/sol_v1.srcs/sources_1/bd/system/ip/system_axi_bram_ctrl_0_0/synth/system_axi_bram_ctrl_0_0.vhd:104]
Finished RTL Elaboration : Time (s): cpu = 00:00:31 ; elapsed = 00:00:36 . Memory (MB): peak = 503.617 ; gain = 196.961
Finished RTL Optimization Phase 1 : Time (s): cpu = 00:00:32 ; elapsed = 00:00:37 . Memory (MB): peak = 503.617 ; gain = 196.961
INFO: [Device 21-403] Loading part xc7z010clg400-1
Constraint Validation Runtime : Time (s): cpu = 00:00:00 ; elapsed = 00:00:00.080 . Memory (MB): peak = 733.582 ; gain = 0.000
Finished Constraint Validation : Time (s): cpu = 00:00:59 ; elapsed = 00:01:07 . Memory (MB): peak = 733.582 ; gain = 426.926
Finished Loading Part and Timing Information : Time (s): cpu = 00:00:59 ; elapsed = 00:01:07 . Memory (MB): peak = 733.582 ; gain = 426.926
Finished applying 'set_property' XDC Constraints : Time (s): cpu = 00:00:59 ; elapsed = 00:01:07 . Memory (MB): peak = 733.582 ; gain = 426.926
Finished RTL Optimization Phase 2 : Time (s): cpu = 00:01:01 ; elapsed = 00:01:09 . Memory (MB): peak = 733.582 ; gain = 426.926
Finished Cross Boundary and Area Optimization : Time (s): cpu = 00:01:05 ; elapsed = 00:01:14 . Memory (MB): peak = 733.582 ; gain = 426.926
Finished Applying XDC Timing Constraints : Time (s): cpu = 00:01:37 ; elapsed = 00:01:47 . Memory (MB): peak = 733.582 ; gain = 426.926
Finished Timing Optimization : Time (s): cpu = 00:01:40 ; elapsed = 00:01:51 . Memory (MB): peak = 741.980 ; gain = 435.324
Finished Technology Mapping : Time (s): cpu = 00:01:41 ; elapsed = 00:01:51 . Memory (MB): peak = 748.617 ; gain = 441.961
Finished IO Insertion : Time (s): cpu = 00:01:43 ; elapsed = 00:01:54 . Memory (MB): peak = 748.617 ; gain = 441.961
Finished Renaming Generated Instances : Time (s): cpu = 00:01:43 ; elapsed = 00:01:54 . Memory (MB): peak = 748.617 ; gain = 441.961
Finished Rebuilding User Hierarchy : Time (s): cpu = 00:01:43 ; elapsed = 00:01:54 . Memory (MB): peak = 748.617 ; gain = 441.961
Finished Renaming Generated Ports : Time (s): cpu = 00:01:43 ; elapsed = 00:01:54 . Memory (MB): peak = 748.617 ; gain = 441.961
Finished Handling Custom Attributes : Time (s): cpu = 00:01:43 ; elapsed = 00:01:54 . Memory (MB): peak = 748.617 ; gain = 441.961
Finished Renaming Generated Nets : Time (s): cpu = 00:01:43 ; elapsed = 00:01:54 . Memory (MB): peak = 748.617 ; gain = 441.961

Report Cell Usage: 
+------+--------+------+
|      |Cell    |Count |
+------+--------+------+
|1     |LUT1    |     2|
|2     |LUT2    |    23|
|3     |LUT3    |    52|
|4     |LUT4    |    27|
|5     |LUT5    |    34|
|6     |LUT6    |   110|
|7     |MUXCY_L |     3|
|8     |SRL16E  |     1|
|9     |XORCY   |     4|
|10    |FDR     |     1|
|11    |FDRE    |   204|
+------+--------+------+
Finished Writing Synthesis Report : Time (s): cpu = 00:01:43 ; elapsed = 00:01:54 . Memory (MB): peak = 748.617 ; gain = 441.961
synth_design: Time (s): cpu = 00:01:47 ; elapsed = 00:01:59 . Memory (MB): peak = 748.617 ; gain = 443.590
