
*** Running vivado
    with args -log system_pb_rdy_0_0.vds -m64 -product Vivado -mode batch -messageDb vivado.pb -notrace -source system_pb_rdy_0_0.tcl


****** Vivado v2017.2 (64-bit)
  **** SW Build 1909853 on Thu Jun 15 18:39:09 MDT 2017
  **** IP Build 1909766 on Thu Jun 15 19:58:00 MDT 2017
    ** Copyright 1986-2017 Xilinx, Inc. All Rights Reserved.

source system_pb_rdy_0_0.tcl -notrace
Command: synth_design -top system_pb_rdy_0_0 -part xc7z010clg400-1 -mode out_of_context
Starting synth_design
Attempting to get a license for feature 'Synthesis' and/or device 'xc7z010-clg400'
INFO: [Common 17-349] Got license for feature 'Synthesis' and/or device 'xc7z010-clg400'
INFO: Launching helper process for spawning children vivado processes
INFO: Helper process launched with PID 17040 
---------------------------------------------------------------------------------
Starting RTL Elaboration : Time (s): cpu = 00:00:07 ; elapsed = 00:00:08 . Memory (MB): peak = 356.910 ; gain = 87.063
---------------------------------------------------------------------------------
INFO: [Synth 8-638] synthesizing module 'system_pb_rdy_0_0' [c:/xup/fpga_flow/TFMV2/TFM_GE/TFM_GE.srcs/sources_1/bd/system/ip/system_pb_rdy_0_0/synth/system_pb_rdy_0_0.vhd:64]
	Parameter CORES_WIDTH bound to: 2 - type: integer 
INFO: [Synth 8-3491] module 'pb_rdy' declared at 'c:/xup/fpga_flow/TFMV2/TFM_GE/TFM_GE.srcs/sources_1/bd/system/ipshared/74d7/pb_rdy.vhd:34' bound to instance 'U0' of component 'pb_rdy' [c:/xup/fpga_flow/TFMV2/TFM_GE/TFM_GE.srcs/sources_1/bd/system/ip/system_pb_rdy_0_0/synth/system_pb_rdy_0_0.vhd:87]
INFO: [Synth 8-638] synthesizing module 'pb_rdy' [c:/xup/fpga_flow/TFMV2/TFM_GE/TFM_GE.srcs/sources_1/bd/system/ipshared/74d7/pb_rdy.vhd:45]
	Parameter CORES_WIDTH bound to: 2 - type: integer 
INFO: [Synth 8-256] done synthesizing module 'pb_rdy' (1#1) [c:/xup/fpga_flow/TFMV2/TFM_GE/TFM_GE.srcs/sources_1/bd/system/ipshared/74d7/pb_rdy.vhd:45]
INFO: [Synth 8-256] done synthesizing module 'system_pb_rdy_0_0' (2#1) [c:/xup/fpga_flow/TFMV2/TFM_GE/TFM_GE.srcs/sources_1/bd/system/ip/system_pb_rdy_0_0/synth/system_pb_rdy_0_0.vhd:64]
---------------------------------------------------------------------------------
Finished RTL Elaboration : Time (s): cpu = 00:00:08 ; elapsed = 00:00:10 . Memory (MB): peak = 406.590 ; gain = 136.742
---------------------------------------------------------------------------------

Report Check Netlist: 
+------+------------------+-------+---------+-------+------------------+
|      |Item              |Errors |Warnings |Status |Description       |
+------+------------------+-------+---------+-------+------------------+
|1     |multi_driven_nets |      0|        0|Passed |Multi driven nets |
+------+------------------+-------+---------+-------+------------------+
---------------------------------------------------------------------------------
Finished RTL Optimization Phase 1 : Time (s): cpu = 00:00:08 ; elapsed = 00:00:11 . Memory (MB): peak = 406.590 ; gain = 136.742
---------------------------------------------------------------------------------
INFO: [Device 21-403] Loading part xc7z010clg400-1
INFO: [Project 1-570] Preparing netlist for logic optimization

Processing XDC Constraints
Initializing timing engine
Completed Processing XDC Constraints

INFO: [Project 1-111] Unisim Transformation Summary:
No Unisim elements were transformed.

Constraint Validation Runtime : Time (s): cpu = 00:00:00 ; elapsed = 00:00:00.521 . Memory (MB): peak = 656.645 ; gain = 0.188
---------------------------------------------------------------------------------
Finished Constraint Validation : Time (s): cpu = 00:00:26 ; elapsed = 00:00:31 . Memory (MB): peak = 656.645 ; gain = 386.797
---------------------------------------------------------------------------------
---------------------------------------------------------------------------------
Start Loading Part and Timing Information
---------------------------------------------------------------------------------
Loading part: xc7z010clg400-1
---------------------------------------------------------------------------------
Finished Loading Part and Timing Information : Time (s): cpu = 00:00:26 ; elapsed = 00:00:31 . Memory (MB): peak = 656.645 ; gain = 386.797
---------------------------------------------------------------------------------
---------------------------------------------------------------------------------
Start Applying 'set_property' XDC Constraints
---------------------------------------------------------------------------------
---------------------------------------------------------------------------------
Finished applying 'set_property' XDC Constraints : Time (s): cpu = 00:00:26 ; elapsed = 00:00:31 . Memory (MB): peak = 656.645 ; gain = 386.797
---------------------------------------------------------------------------------
---------------------------------------------------------------------------------
Finished RTL Optimization Phase 2 : Time (s): cpu = 00:00:26 ; elapsed = 00:00:31 . Memory (MB): peak = 656.645 ; gain = 386.797
---------------------------------------------------------------------------------

Report RTL Partitions: 
+-+--------------+------------+----------+
| |RTL Partition |Replication |Instances |
+-+--------------+------------+----------+
+-+--------------+------------+----------+
---------------------------------------------------------------------------------
Start RTL Component Statistics 
---------------------------------------------------------------------------------
Detailed RTL Component Info : 
+---Registers : 
	                1 Bit    Registers := 2     
---------------------------------------------------------------------------------
Finished RTL Component Statistics 
---------------------------------------------------------------------------------
---------------------------------------------------------------------------------
Start RTL Hierarchical Component Statistics 
---------------------------------------------------------------------------------
Hierarchical RTL Component report 
Module pb_rdy 
Detailed RTL Component Info : 
+---Registers : 
	                1 Bit    Registers := 2     
---------------------------------------------------------------------------------
Finished RTL Hierarchical Component Statistics
---------------------------------------------------------------------------------
---------------------------------------------------------------------------------
Start Part Resource Summary
---------------------------------------------------------------------------------
Part Resources:
DSPs: 80 (col length:40)
BRAMs: 120 (col length: RAMB18 40 RAMB36 20)
---------------------------------------------------------------------------------
Finished Part Resource Summary
---------------------------------------------------------------------------------
---------------------------------------------------------------------------------
Start Cross Boundary and Area Optimization
---------------------------------------------------------------------------------
---------------------------------------------------------------------------------
Finished Cross Boundary and Area Optimization : Time (s): cpu = 00:00:27 ; elapsed = 00:00:32 . Memory (MB): peak = 656.645 ; gain = 386.797
---------------------------------------------------------------------------------

Report RTL Partitions: 
+-+--------------+------------+----------+
| |RTL Partition |Replication |Instances |
+-+--------------+------------+----------+
+-+--------------+------------+----------+
---------------------------------------------------------------------------------
Start Applying XDC Timing Constraints
---------------------------------------------------------------------------------
---------------------------------------------------------------------------------
Finished Applying XDC Timing Constraints : Time (s): cpu = 00:00:51 ; elapsed = 00:00:59 . Memory (MB): peak = 719.176 ; gain = 449.328
---------------------------------------------------------------------------------
---------------------------------------------------------------------------------
Start Timing Optimization
---------------------------------------------------------------------------------
---------------------------------------------------------------------------------
Finished Timing Optimization : Time (s): cpu = 00:00:51 ; elapsed = 00:00:59 . Memory (MB): peak = 719.176 ; gain = 449.328
---------------------------------------------------------------------------------

Report RTL Partitions: 
+-+--------------+------------+----------+
| |RTL Partition |Replication |Instances |
+-+--------------+------------+----------+
+-+--------------+------------+----------+
---------------------------------------------------------------------------------
Start Technology Mapping
---------------------------------------------------------------------------------
---------------------------------------------------------------------------------
Finished Technology Mapping : Time (s): cpu = 00:00:51 ; elapsed = 00:00:59 . Memory (MB): peak = 738.809 ; gain = 468.961
---------------------------------------------------------------------------------

Report RTL Partitions: 
+-+--------------+------------+----------+
| |RTL Partition |Replication |Instances |
+-+--------------+------------+----------+
+-+--------------+------------+----------+
---------------------------------------------------------------------------------
Start IO Insertion
---------------------------------------------------------------------------------
---------------------------------------------------------------------------------
Start Flattening Before IO Insertion
---------------------------------------------------------------------------------
---------------------------------------------------------------------------------
Finished Flattening Before IO Insertion
---------------------------------------------------------------------------------
---------------------------------------------------------------------------------
Start Final Netlist Cleanup
---------------------------------------------------------------------------------
---------------------------------------------------------------------------------
Finished Final Netlist Cleanup
---------------------------------------------------------------------------------
---------------------------------------------------------------------------------
Finished IO Insertion : Time (s): cpu = 00:00:52 ; elapsed = 00:01:00 . Memory (MB): peak = 738.809 ; gain = 468.961
---------------------------------------------------------------------------------

Report Check Netlist: 
+------+------------------+-------+---------+-------+------------------+
|      |Item              |Errors |Warnings |Status |Description       |
+------+------------------+-------+---------+-------+------------------+
|1     |multi_driven_nets |      0|        0|Passed |Multi driven nets |
+------+------------------+-------+---------+-------+------------------+
---------------------------------------------------------------------------------
Start Renaming Generated Instances
---------------------------------------------------------------------------------
---------------------------------------------------------------------------------
Finished Renaming Generated Instances : Time (s): cpu = 00:00:52 ; elapsed = 00:01:00 . Memory (MB): peak = 738.809 ; gain = 468.961
---------------------------------------------------------------------------------

Report RTL Partitions: 
+-+--------------+------------+----------+
| |RTL Partition |Replication |Instances |
+-+--------------+------------+----------+
+-+--------------+------------+----------+
---------------------------------------------------------------------------------
Start Rebuilding User Hierarchy
---------------------------------------------------------------------------------
---------------------------------------------------------------------------------
Finished Rebuilding User Hierarchy : Time (s): cpu = 00:00:52 ; elapsed = 00:01:00 . Memory (MB): peak = 738.809 ; gain = 468.961
---------------------------------------------------------------------------------
---------------------------------------------------------------------------------
Start Renaming Generated Ports
---------------------------------------------------------------------------------
---------------------------------------------------------------------------------
Finished Renaming Generated Ports : Time (s): cpu = 00:00:52 ; elapsed = 00:01:00 . Memory (MB): peak = 738.809 ; gain = 468.961
---------------------------------------------------------------------------------
---------------------------------------------------------------------------------
Start Handling Custom Attributes
---------------------------------------------------------------------------------
---------------------------------------------------------------------------------
Finished Handling Custom Attributes : Time (s): cpu = 00:00:52 ; elapsed = 00:01:00 . Memory (MB): peak = 738.809 ; gain = 468.961
---------------------------------------------------------------------------------
---------------------------------------------------------------------------------
Start Renaming Generated Nets
---------------------------------------------------------------------------------
---------------------------------------------------------------------------------
Finished Renaming Generated Nets : Time (s): cpu = 00:00:52 ; elapsed = 00:01:00 . Memory (MB): peak = 738.809 ; gain = 468.961
---------------------------------------------------------------------------------
---------------------------------------------------------------------------------
Start Writing Synthesis Report
---------------------------------------------------------------------------------

Report BlackBoxes: 
+-+--------------+----------+
| |BlackBox name |Instances |
+-+--------------+----------+
+-+--------------+----------+

Report Cell Usage: 
+------+-----+------+
|      |Cell |Count |
+------+-----+------+
|1     |LUT3 |     1|
|2     |LUT4 |     1|
|3     |FDRE |     2|
+------+-----+------+

Report Instance Areas: 
+------+---------+-------+------+
|      |Instance |Module |Cells |
+------+---------+-------+------+
|1     |top      |       |     4|
|2     |  U0     |pb_rdy |     4|
+------+---------+-------+------+
---------------------------------------------------------------------------------
Finished Writing Synthesis Report : Time (s): cpu = 00:00:52 ; elapsed = 00:01:00 . Memory (MB): peak = 738.809 ; gain = 468.961
---------------------------------------------------------------------------------
Synthesis finished with 0 errors, 0 critical warnings and 0 warnings.
Synthesis Optimization Runtime : Time (s): cpu = 00:00:33 ; elapsed = 00:00:46 . Memory (MB): peak = 738.809 ; gain = 218.906
Synthesis Optimization Complete : Time (s): cpu = 00:00:53 ; elapsed = 00:01:00 . Memory (MB): peak = 738.809 ; gain = 468.961
INFO: [Project 1-571] Translating synthesized netlist
INFO: [Project 1-570] Preparing netlist for logic optimization
INFO: [Opt 31-138] Pushed 0 inverter(s) to 0 load pin(s).
INFO: [Project 1-111] Unisim Transformation Summary:
No Unisim elements were transformed.

13 Infos, 0 Warnings, 0 Critical Warnings and 0 Errors encountered.
synth_design completed successfully
synth_design: Time (s): cpu = 00:00:55 ; elapsed = 00:01:04 . Memory (MB): peak = 739.805 ; gain = 472.008
INFO: [Common 17-1381] The checkpoint 'C:/xup/fpga_flow/TFMV2/TFM_GE/TFM_GE.runs/system_pb_rdy_0_0_synth_1/system_pb_rdy_0_0.dcp' has been generated.
