
*** Running vivado
    with args -log system_xbar_0.vds -m64 -product Vivado -mode batch -messageDb vivado.pb -notrace -source system_xbar_0.tcl


****** Vivado v2017.2 (64-bit)
  **** SW Build 1909853 on Thu Jun 15 18:39:09 MDT 2017
  **** IP Build 1909766 on Thu Jun 15 19:58:00 MDT 2017
    ** Copyright 1986-2017 Xilinx, Inc. All Rights Reserved.

source system_xbar_0.tcl -notrace
Starting RTL Elaboration : Time (s): cpu = 00:00:11 ; elapsed = 00:00:11 . Memory (MB): peak = 399.840 ; gain = 80.977
INFO: [Synth 8-638] synthesizing module 'system_xbar_0' [c:/xup/fpga_flow/2016_2_zynq_labs/lab2emb_v2/lab2emb_v2.srcs/sources_1/bd/system/ip/system_xbar_0/synth/system_xbar_0.v:59]
INFO: [Synth 8-638] synthesizing module 'axi_crossbar_v2_1_14_axi_crossbar' [c:/xup/fpga_flow/2016_2_zynq_labs/lab2emb_v2/lab2emb_v2.srcs/sources_1/bd/system/ipshared/f582/hdl/axi_crossbar_v2_1_vl_rfs.v:4882]
INFO: [Synth 8-638] synthesizing module 'axi_crossbar_v2_1_14_crossbar_sasd' [c:/xup/fpga_flow/2016_2_zynq_labs/lab2emb_v2/lab2emb_v2.srcs/sources_1/bd/system/ipshared/f582/hdl/axi_crossbar_v2_1_vl_rfs.v:1240]
INFO: [Synth 8-638] synthesizing module 'axi_crossbar_v2_1_14_addr_decoder' [c:/xup/fpga_flow/2016_2_zynq_labs/lab2emb_v2/lab2emb_v2.srcs/sources_1/bd/system/ipshared/f582/hdl/axi_crossbar_v2_1_vl_rfs.v:794]
INFO: [Synth 8-638] synthesizing module 'generic_baseblocks_v2_1_0_comparator_static' [c:/xup/fpga_flow/2016_2_zynq_labs/lab2emb_v2/lab2emb_v2.srcs/sources_1/bd/system/ipshared/f9c1/hdl/generic_baseblocks_v2_1_vl_rfs.v:2133]
INFO: [Synth 8-638] synthesizing module 'generic_baseblocks_v2_1_0_carry_and' [c:/xup/fpga_flow/2016_2_zynq_labs/lab2emb_v2/lab2emb_v2.srcs/sources_1/bd/system/ipshared/f9c1/hdl/generic_baseblocks_v2_1_vl_rfs.v:62]
INFO: [Synth 8-256] done synthesizing module 'generic_baseblocks_v2_1_0_carry_and' (1#1) [c:/xup/fpga_flow/2016_2_zynq_labs/lab2emb_v2/lab2emb_v2.srcs/sources_1/bd/system/ipshared/f9c1/hdl/generic_baseblocks_v2_1_vl_rfs.v:62]
INFO: [Synth 8-256] done synthesizing module 'generic_baseblocks_v2_1_0_comparator_static' (2#1) [c:/xup/fpga_flow/2016_2_zynq_labs/lab2emb_v2/lab2emb_v2.srcs/sources_1/bd/system/ipshared/f9c1/hdl/generic_baseblocks_v2_1_vl_rfs.v:2133]
INFO: [Synth 8-638] synthesizing module 'generic_baseblocks_v2_1_0_comparator_static__parameterized0' [c:/xup/fpga_flow/2016_2_zynq_labs/lab2emb_v2/lab2emb_v2.srcs/sources_1/bd/system/ipshared/f9c1/hdl/generic_baseblocks_v2_1_vl_rfs.v:2133]
INFO: [Synth 8-256] done synthesizing module 'generic_baseblocks_v2_1_0_comparator_static__parameterized0' (2#1) [c:/xup/fpga_flow/2016_2_zynq_labs/lab2emb_v2/lab2emb_v2.srcs/sources_1/bd/system/ipshared/f9c1/hdl/generic_baseblocks_v2_1_vl_rfs.v:2133]
INFO: [Synth 8-256] done synthesizing module 'axi_crossbar_v2_1_14_addr_decoder' (3#1) [c:/xup/fpga_flow/2016_2_zynq_labs/lab2emb_v2/lab2emb_v2.srcs/sources_1/bd/system/ipshared/f582/hdl/axi_crossbar_v2_1_vl_rfs.v:794]
INFO: [Synth 8-638] synthesizing module 'axi_crossbar_v2_1_14_decerr_slave' [c:/xup/fpga_flow/2016_2_zynq_labs/lab2emb_v2/lab2emb_v2.srcs/sources_1/bd/system/ipshared/f582/hdl/axi_crossbar_v2_1_vl_rfs.v:3500]
INFO: [Synth 8-256] done synthesizing module 'axi_crossbar_v2_1_14_decerr_slave' (4#1) [c:/xup/fpga_flow/2016_2_zynq_labs/lab2emb_v2/lab2emb_v2.srcs/sources_1/bd/system/ipshared/f582/hdl/axi_crossbar_v2_1_vl_rfs.v:3500]
INFO: [Synth 8-638] synthesizing module 'axi_crossbar_v2_1_14_addr_arbiter_sasd' [c:/xup/fpga_flow/2016_2_zynq_labs/lab2emb_v2/lab2emb_v2.srcs/sources_1/bd/system/ipshared/f582/hdl/axi_crossbar_v2_1_vl_rfs.v:65]
INFO: [Synth 8-256] done synthesizing module 'axi_crossbar_v2_1_14_addr_arbiter_sasd' (5#1) [c:/xup/fpga_flow/2016_2_zynq_labs/lab2emb_v2/lab2emb_v2.srcs/sources_1/bd/system/ipshared/f582/hdl/axi_crossbar_v2_1_vl_rfs.v:65]
INFO: [Synth 8-638] synthesizing module 'axi_crossbar_v2_1_14_splitter' [c:/xup/fpga_flow/2016_2_zynq_labs/lab2emb_v2/lab2emb_v2.srcs/sources_1/bd/system/ipshared/f582/hdl/axi_crossbar_v2_1_vl_rfs.v:4459]
INFO: [Synth 8-256] done synthesizing module 'axi_crossbar_v2_1_14_splitter' (6#1) [c:/xup/fpga_flow/2016_2_zynq_labs/lab2emb_v2/lab2emb_v2.srcs/sources_1/bd/system/ipshared/f582/hdl/axi_crossbar_v2_1_vl_rfs.v:4459]
INFO: [Synth 8-638] synthesizing module 'axi_crossbar_v2_1_14_splitter__parameterized0' [c:/xup/fpga_flow/2016_2_zynq_labs/lab2emb_v2/lab2emb_v2.srcs/sources_1/bd/system/ipshared/f582/hdl/axi_crossbar_v2_1_vl_rfs.v:4459]
INFO: [Synth 8-256] done synthesizing module 'axi_crossbar_v2_1_14_splitter__parameterized0' (6#1) [c:/xup/fpga_flow/2016_2_zynq_labs/lab2emb_v2/lab2emb_v2.srcs/sources_1/bd/system/ipshared/f582/hdl/axi_crossbar_v2_1_vl_rfs.v:4459]
INFO: [Synth 8-638] synthesizing module 'generic_baseblocks_v2_1_0_mux_enc' [c:/xup/fpga_flow/2016_2_zynq_labs/lab2emb_v2/lab2emb_v2.srcs/sources_1/bd/system/ipshared/f9c1/hdl/generic_baseblocks_v2_1_vl_rfs.v:2452]
INFO: [Synth 8-256] done synthesizing module 'generic_baseblocks_v2_1_0_mux_enc' (7#1) [c:/xup/fpga_flow/2016_2_zynq_labs/lab2emb_v2/lab2emb_v2.srcs/sources_1/bd/system/ipshared/f9c1/hdl/generic_baseblocks_v2_1_vl_rfs.v:2452]
INFO: [Synth 8-638] synthesizing module 'generic_baseblocks_v2_1_0_mux_enc__parameterized0' [c:/xup/fpga_flow/2016_2_zynq_labs/lab2emb_v2/lab2emb_v2.srcs/sources_1/bd/system/ipshared/f9c1/hdl/generic_baseblocks_v2_1_vl_rfs.v:2452]
INFO: [Synth 8-256] done synthesizing module 'generic_baseblocks_v2_1_0_mux_enc__parameterized0' (7#1) [c:/xup/fpga_flow/2016_2_zynq_labs/lab2emb_v2/lab2emb_v2.srcs/sources_1/bd/system/ipshared/f9c1/hdl/generic_baseblocks_v2_1_vl_rfs.v:2452]
INFO: [Synth 8-638] synthesizing module 'generic_baseblocks_v2_1_0_mux_enc__parameterized1' [c:/xup/fpga_flow/2016_2_zynq_labs/lab2emb_v2/lab2emb_v2.srcs/sources_1/bd/system/ipshared/f9c1/hdl/generic_baseblocks_v2_1_vl_rfs.v:2452]
INFO: [Synth 8-256] done synthesizing module 'generic_baseblocks_v2_1_0_mux_enc__parameterized1' (7#1) [c:/xup/fpga_flow/2016_2_zynq_labs/lab2emb_v2/lab2emb_v2.srcs/sources_1/bd/system/ipshared/f9c1/hdl/generic_baseblocks_v2_1_vl_rfs.v:2452]
INFO: [Synth 8-638] synthesizing module 'axi_register_slice_v2_1_13_axic_register_slice' [c:/xup/fpga_flow/2016_2_zynq_labs/lab2emb_v2/lab2emb_v2.srcs/sources_1/bd/system/ipshared/55c0/hdl/axi_register_slice_v2_1_vl_rfs.v:85]
INFO: [Synth 8-256] done synthesizing module 'axi_register_slice_v2_1_13_axic_register_slice' (8#1) [c:/xup/fpga_flow/2016_2_zynq_labs/lab2emb_v2/lab2emb_v2.srcs/sources_1/bd/system/ipshared/55c0/hdl/axi_register_slice_v2_1_vl_rfs.v:85]
INFO: [Synth 8-638] synthesizing module 'generic_baseblocks_v2_1_0_mux_enc__parameterized2' [c:/xup/fpga_flow/2016_2_zynq_labs/lab2emb_v2/lab2emb_v2.srcs/sources_1/bd/system/ipshared/f9c1/hdl/generic_baseblocks_v2_1_vl_rfs.v:2452]
INFO: [Synth 8-256] done synthesizing module 'generic_baseblocks_v2_1_0_mux_enc__parameterized2' (8#1) [c:/xup/fpga_flow/2016_2_zynq_labs/lab2emb_v2/lab2emb_v2.srcs/sources_1/bd/system/ipshared/f9c1/hdl/generic_baseblocks_v2_1_vl_rfs.v:2452]
INFO: [Synth 8-256] done synthesizing module 'axi_crossbar_v2_1_14_crossbar_sasd' (9#1) [c:/xup/fpga_flow/2016_2_zynq_labs/lab2emb_v2/lab2emb_v2.srcs/sources_1/bd/system/ipshared/f582/hdl/axi_crossbar_v2_1_vl_rfs.v:1240]
INFO: [Synth 8-256] done synthesizing module 'axi_crossbar_v2_1_14_axi_crossbar' (10#1) [c:/xup/fpga_flow/2016_2_zynq_labs/lab2emb_v2/lab2emb_v2.srcs/sources_1/bd/system/ipshared/f582/hdl/axi_crossbar_v2_1_vl_rfs.v:4882]
INFO: [Synth 8-256] done synthesizing module 'system_xbar_0' (11#1) [c:/xup/fpga_flow/2016_2_zynq_labs/lab2emb_v2/lab2emb_v2.srcs/sources_1/bd/system/ip/system_xbar_0/synth/system_xbar_0.v:59]
Finished RTL Elaboration : Time (s): cpu = 00:00:22 ; elapsed = 00:00:22 . Memory (MB): peak = 519.320 ; gain = 200.457
Finished RTL Optimization Phase 1 : Time (s): cpu = 00:00:22 ; elapsed = 00:00:23 . Memory (MB): peak = 519.320 ; gain = 200.457
INFO: [Device 21-403] Loading part xc7z010clg400-1
Constraint Validation Runtime : Time (s): cpu = 00:00:00 ; elapsed = 00:00:00.050 . Memory (MB): peak = 745.195 ; gain = 0.000
Finished Constraint Validation : Time (s): cpu = 00:00:39 ; elapsed = 00:00:41 . Memory (MB): peak = 745.195 ; gain = 426.332
Finished Loading Part and Timing Information : Time (s): cpu = 00:00:39 ; elapsed = 00:00:41 . Memory (MB): peak = 745.195 ; gain = 426.332
Finished applying 'set_property' XDC Constraints : Time (s): cpu = 00:00:39 ; elapsed = 00:00:41 . Memory (MB): peak = 745.195 ; gain = 426.332
Finished RTL Optimization Phase 2 : Time (s): cpu = 00:00:40 ; elapsed = 00:00:42 . Memory (MB): peak = 745.195 ; gain = 426.332
Finished Cross Boundary and Area Optimization : Time (s): cpu = 00:00:41 ; elapsed = 00:00:43 . Memory (MB): peak = 745.195 ; gain = 426.332
Finished Applying XDC Timing Constraints : Time (s): cpu = 00:00:59 ; elapsed = 00:01:01 . Memory (MB): peak = 745.195 ; gain = 426.332
Finished Timing Optimization : Time (s): cpu = 00:01:00 ; elapsed = 00:01:02 . Memory (MB): peak = 745.195 ; gain = 426.332
Finished Technology Mapping : Time (s): cpu = 00:01:00 ; elapsed = 00:01:02 . Memory (MB): peak = 745.195 ; gain = 426.332
Finished IO Insertion : Time (s): cpu = 00:01:01 ; elapsed = 00:01:03 . Memory (MB): peak = 745.195 ; gain = 426.332
Finished Renaming Generated Instances : Time (s): cpu = 00:01:01 ; elapsed = 00:01:03 . Memory (MB): peak = 745.195 ; gain = 426.332
Finished Rebuilding User Hierarchy : Time (s): cpu = 00:01:01 ; elapsed = 00:01:04 . Memory (MB): peak = 745.195 ; gain = 426.332
Finished Renaming Generated Ports : Time (s): cpu = 00:01:01 ; elapsed = 00:01:04 . Memory (MB): peak = 745.195 ; gain = 426.332
Finished Handling Custom Attributes : Time (s): cpu = 00:01:01 ; elapsed = 00:01:04 . Memory (MB): peak = 745.195 ; gain = 426.332
Finished Renaming Generated Nets : Time (s): cpu = 00:01:01 ; elapsed = 00:01:04 . Memory (MB): peak = 745.195 ; gain = 426.332

Report Cell Usage: 
+------+-----+------+
|      |Cell |Count |
+------+-----+------+
|1     |LUT1 |     2|
|2     |LUT2 |     8|
|3     |LUT3 |     6|
|4     |LUT4 |    85|
|5     |LUT5 |    18|
|6     |LUT6 |    47|
|7     |FDRE |   130|
+------+-----+------+
Finished Writing Synthesis Report : Time (s): cpu = 00:01:01 ; elapsed = 00:01:04 . Memory (MB): peak = 745.195 ; gain = 426.332
synth_design: Time (s): cpu = 00:01:04 ; elapsed = 00:01:07 . Memory (MB): peak = 745.195 ; gain = 430.961
