Copyright 1986-2017 Xilinx, Inc. All Rights Reserved.
------------------------------------------------------------------------------------------
| Tool Version : Vivado v.2017.2 (win64) Build 1909853 Thu Jun 15 18:39:09 MDT 2017
| Date         : Fri Sep 29 17:00:33 2017
| Host         : Berna running 64-bit major release  (build 9200)
| Command      : report_clock_utilization -file wave_gen_top_clock_utilization_routed.rpt
| Design       : wave_gen_top
| Device       : 7z010-clg400
| Speed File   : -1  PRODUCTION 1.11 2014-09-11
------------------------------------------------------------------------------------------

Clock Utilization Report

Table of Contents
-----------------
1. Clock Primitive Utilization
2. Global Clock Resources
3. Global Clock Source Details
4. Clock Regions: Key Resource Utilization
5. Clock Regions : Global Clock Summary
6. Device Cell Placement Summary for Global Clock g0
7. Device Cell Placement Summary for Global Clock g1
8. Device Cell Placement Summary for Global Clock g2
9. Device Cell Placement Summary for Global Clock g3
10. Clock Region Cell Placement per Global Clock: Region X0Y0
11. Clock Region Cell Placement per Global Clock: Region X1Y0
12. Clock Region Cell Placement per Global Clock: Region X1Y1

1. Clock Primitive Utilization
------------------------------

+----------+------+-----------+-----+--------------+--------+
| Type     | Used | Available | LOC | Clock Region | Pblock |
+----------+------+-----------+-----+--------------+--------+
| BUFGCTRL |    3 |        32 |   0 |            0 |      0 |
| BUFH     |    1 |        48 |   0 |            0 |      0 |
| BUFIO    |    0 |         8 |   0 |            0 |      0 |
| BUFMR    |    0 |         4 |   0 |            0 |      0 |
| BUFR     |    0 |         8 |   0 |            0 |      0 |
| MMCM     |    1 |         2 |   0 |            0 |      0 |
| PLL      |    0 |         2 |   0 |            0 |      0 |
+----------+------+-----------+-----+--------------+--------+


2. Global Clock Resources
-------------------------

+-----------+-----------+-----------------+------------+----------------+--------------+-------------------+-------------+-----------------+--------------+-------------------+-------------------------------------------------------+---------------------------------------------------------------+
| Global Id | Source Id | Driver Type/Pin | Constraint | Site           | Clock Region | Load Clock Region | Clock Loads | Non-Clock Loads | Clock Period | Clock             | Driver Pin                                            | Net                                                           |
+-----------+-----------+-----------------+------------+----------------+--------------+-------------------+-------------+-----------------+--------------+-------------------+-------------------------------------------------------+---------------------------------------------------------------+
| g0        | src0      | BUFG/O          | None       | BUFGCTRL_X0Y17 | n/a          |                 2 |         339 |               0 |       20.000 | clk_out1_clk_core | U0_wave_gen/clk_gen_i0/clk_core_i0/inst/clkout1_buf/O | U0_wave_gen/clk_gen_i0/clk_core_i0/inst/clk_out1              |
| g1        | src0      | BUFG/O          | None       | BUFGCTRL_X0Y16 | n/a          |                 3 |         233 |               0 |       20.000 | clk_out2_clk_core | U0_wave_gen/clk_gen_i0/clk_core_i0/inst/clkout2_buf/O | U0_wave_gen/clk_gen_i0/clk_core_i0/inst/clk_out2              |
| g2        | src1      | BUFHCE/O        | None       | BUFHCE_X0Y0    | X0Y0         |                 1 |          41 |               0 |       20.000 | clk_out2_clk_core | U0_wave_gen/clk_gen_i0/BUFHCE_clk_samp_i0/O           | U0_wave_gen/clk_gen_i0/clk_samp                               |
| g3        | src0      | BUFG/O          | None       | BUFGCTRL_X0Y18 | n/a          |                 1 |           1 |               0 |        8.000 | clkfbout_clk_core | U0_wave_gen/clk_gen_i0/clk_core_i0/inst/clkf_buf/O    | U0_wave_gen/clk_gen_i0/clk_core_i0/inst/clkfbout_buf_clk_core |
+-----------+-----------+-----------------+------------+----------------+--------------+-------------------+-------------+-----------------+--------------+-------------------+-------------------------------------------------------+---------------------------------------------------------------+
* Clock Loads column represents the clock pin loads (pin count)
** Non-Clock Loads column represents the non-clock pin loads (pin count)


3. Global Clock Source Details
------------------------------

+-----------+-----------+---------------------+------------+-----------------+--------------+-------------+-----------------+---------------------+-------------------+----------------------------------------------------------------+-----------------------------------------------------------+
| Source Id | Global Id | Driver Type/Pin     | Constraint | Site            | Clock Region | Clock Loads | Non-Clock Loads | Source Clock Period | Source Clock      | Driver Pin                                                     | Net                                                       |
+-----------+-----------+---------------------+------------+-----------------+--------------+-------------+-----------------+---------------------+-------------------+----------------------------------------------------------------+-----------------------------------------------------------+
| src0      | g0        | MMCME2_ADV/CLKOUT0  | None       | MMCME2_ADV_X0Y1 | X1Y1         |           1 |               0 |              20.000 | clk_out1_clk_core | U0_wave_gen/clk_gen_i0/clk_core_i0/inst/mmcm_adv_inst/CLKOUT0  | U0_wave_gen/clk_gen_i0/clk_core_i0/inst/clk_out1_clk_core |
| src0      | g1        | MMCME2_ADV/CLKOUT1  | None       | MMCME2_ADV_X0Y1 | X1Y1         |           1 |               0 |              20.000 | clk_out2_clk_core | U0_wave_gen/clk_gen_i0/clk_core_i0/inst/mmcm_adv_inst/CLKOUT1  | U0_wave_gen/clk_gen_i0/clk_core_i0/inst/clk_out2_clk_core |
| src0      | g3        | MMCME2_ADV/CLKFBOUT | None       | MMCME2_ADV_X0Y1 | X1Y1         |           1 |               0 |               8.000 | clkfbout_clk_core | U0_wave_gen/clk_gen_i0/clk_core_i0/inst/mmcm_adv_inst/CLKFBOUT | U0_wave_gen/clk_gen_i0/clk_core_i0/inst/clkfbout_clk_core |
| src1      | g2        | BUFG/O              | None       | BUFGCTRL_X0Y16  | n/a          |         233 |               0 |              20.000 | clk_out2_clk_core | U0_wave_gen/clk_gen_i0/clk_core_i0/inst/clkout2_buf/O          | U0_wave_gen/clk_gen_i0/clk_core_i0/inst/clk_out2          |
+-----------+-----------+---------------------+------------+-----------------+--------------+-------------+-----------------+---------------------+-------------------+----------------------------------------------------------------+-----------------------------------------------------------+
* Clock Loads column represents the clock pin loads (pin count)
** Non-Clock Loads column represents the non-clock pin loads (pin count)


4. Clock Regions: Key Resource Utilization
------------------------------------------

+-------------------+--------------+--------------+--------------+--------------+--------------+--------------+--------------+--------------+--------------+--------------+--------------+--------------+--------------+--------------+--------------+
|                   | Global Clock |     BUFRs    |    BUFMRs    |    BUFIOs    |     MMCM     |      PLL     |      GT      |      PCI     |    ILOGIC    |    OLOGIC    |      FF      |     LUTM     |    RAMB18    |    RAMB36    |    DSP48E2   |
+-------------------+------+-------+------+-------+------+-------+------+-------+------+-------+------+-------+------+-------+------+-------+------+-------+------+-------+------+-------+------+-------+------+-------+------+-------+------+-------+
| Clock Region Name | Used | Avail | Used | Avail | Used | Avail | Used | Avail | Used | Avail | Used | Avail | Used | Avail | Used | Avail | Used | Avail | Used | Avail | Used | Avail | Used | Avail | Used | Avail | Used | Avail | Used | Avail |
+-------------------+------+-------+------+-------+------+-------+------+-------+------+-------+------+-------+------+-------+------+-------+------+-------+------+-------+------+-------+------+-------+------+-------+------+-------+------+-------+
| X0Y0              |    3 |    12 |    0 |     0 |    0 |     0 |    0 |     0 |    0 |     0 |    0 |     0 |    0 |     0 |    0 |     0 |    0 |     0 |    0 |     0 |  445 |  1100 |  181 |   400 |    0 |    20 |    0 |    10 |    0 |    20 |
| X1Y0              |    2 |    12 |    0 |     4 |    0 |     2 |    0 |     4 |    0 |     1 |    0 |     1 |    0 |     0 |    0 |     0 |    0 |    50 |    8 |    50 |  156 |  1100 |   35 |   350 |    0 |    40 |    0 |    20 |    0 |    20 |
| X0Y1              |    0 |    12 |    0 |     0 |    0 |     0 |    0 |     0 |    0 |     0 |    0 |     0 |    0 |     0 |    0 |     0 |    0 |     0 |    0 |     0 |    0 |  1100 |    0 |   400 |    0 |    20 |    0 |    10 |    0 |    20 |
| X1Y1              |    2 |    12 |    0 |     4 |    0 |     2 |    0 |     4 |    1 |     1 |    0 |     1 |    0 |     0 |    0 |     0 |    0 |    50 |    4 |    50 |    6 |  1100 |    2 |   350 |    0 |    40 |    0 |    20 |    0 |    20 |
+-------------------+------+-------+------+-------+------+-------+------+-------+------+-------+------+-------+------+-------+------+-------+------+-------+------+-------+------+-------+------+-------+------+-------+------+-------+------+-------+
* Global Clock column represents track count; while other columns represents cell counts


5. Clock Regions : Global Clock Summary
---------------------------------------

+----+----+----+
|    | X0 | X1 |
+----+----+----+
| Y1 |  0 |  2 |
| Y0 |  3 |  2 |
+----+----+----+


6. Device Cell Placement Summary for Global Clock g0
----------------------------------------------------

+-----------+-----------------+-------------------+-------------------+-------------+----------------+-------------+----------+----------------+----------+--------------------------------------------------+
| Global Id | Driver Type/Pin | Driver Region (D) | Clock             | Period (ns) | Waveform (ns)  | Slice Loads | IO Loads | Clocking Loads | GT Loads | Net                                              |
+-----------+-----------------+-------------------+-------------------+-------------+----------------+-------------+----------+----------------+----------+--------------------------------------------------+
| g0        | BUFG/O          | n/a               | clk_out1_clk_core |      20.000 | {0.000 10.000} |         339 |        0 |              0 |        0 | U0_wave_gen/clk_gen_i0/clk_core_i0/inst/clk_out1 |
+-----------+-----------------+-------------------+-------------------+-------------+----------------+-------------+----------+----------------+----------+--------------------------------------------------+
* Logic Loads column represents load cell count of all cell types other than IO, GT and clock resources
** IO Loads column represents load cell count of IO types
*** Clocking Loads column represents load cell count that are clock resources (global clock buffer, MMCM, PLL, etc)
**** GT Loads column represents load cell count of GT types


+----+------+-----+
|    | X0   | X1  |
+----+------+-----+
| Y1 |    0 |   0 |
| Y0 |  270 |  69 |
+----+------+-----+


7. Device Cell Placement Summary for Global Clock g1
----------------------------------------------------

+-----------+-----------------+-------------------+-------------------+-------------+----------------+-------------+----------+----------------+----------+--------------------------------------------------+
| Global Id | Driver Type/Pin | Driver Region (D) | Clock             | Period (ns) | Waveform (ns)  | Slice Loads | IO Loads | Clocking Loads | GT Loads | Net                                              |
+-----------+-----------------+-------------------+-------------------+-------------+----------------+-------------+----------+----------------+----------+--------------------------------------------------+
| g1        | BUFG/O          | n/a               | clk_out2_clk_core |      20.000 | {0.000 10.000} |         232 |        0 |              1 |        0 | U0_wave_gen/clk_gen_i0/clk_core_i0/inst/clk_out2 |
+-----------+-----------------+-------------------+-------------------+-------------+----------------+-------------+----------+----------------+----------+--------------------------------------------------+
* Logic Loads column represents load cell count of all cell types other than IO, GT and clock resources
** IO Loads column represents load cell count of IO types
*** Clocking Loads column represents load cell count that are clock resources (global clock buffer, MMCM, PLL, etc)
**** GT Loads column represents load cell count of GT types


+----+------+-----+
|    | X0   | X1  |
+----+------+-----+
| Y1 |    0 |   6 |
| Y0 |  139 |  88 |
+----+------+-----+


8. Device Cell Placement Summary for Global Clock g2
----------------------------------------------------

+-----------+-----------------+-------------------+-------------------+-------------+----------------+-------------+----------+----------------+----------+---------------------------------+
| Global Id | Driver Type/Pin | Driver Region (D) | Clock             | Period (ns) | Waveform (ns)  | Slice Loads | IO Loads | Clocking Loads | GT Loads | Net                             |
+-----------+-----------------+-------------------+-------------------+-------------+----------------+-------------+----------+----------------+----------+---------------------------------+
| g2        | BUFHCE/O        | X0Y0              | clk_out2_clk_core |      20.000 | {0.000 10.000} |          41 |        0 |              0 |        0 | U0_wave_gen/clk_gen_i0/clk_samp |
+-----------+-----------------+-------------------+-------------------+-------------+----------------+-------------+----------+----------------+----------+---------------------------------+
* Logic Loads column represents load cell count of all cell types other than IO, GT and clock resources
** IO Loads column represents load cell count of IO types
*** Clocking Loads column represents load cell count that are clock resources (global clock buffer, MMCM, PLL, etc)
**** GT Loads column represents load cell count of GT types


+----+---------+----+
|    | X0      | X1 |
+----+---------+----+
| Y1 |       0 |  0 |
| Y0 |  (D) 41 |  0 |
+----+---------+----+


9. Device Cell Placement Summary for Global Clock g3
----------------------------------------------------

+-----------+-----------------+-------------------+-------------------+-------------+---------------+-------------+----------+----------------+----------+---------------------------------------------------------------+
| Global Id | Driver Type/Pin | Driver Region (D) | Clock             | Period (ns) | Waveform (ns) | Slice Loads | IO Loads | Clocking Loads | GT Loads | Net                                                           |
+-----------+-----------------+-------------------+-------------------+-------------+---------------+-------------+----------+----------------+----------+---------------------------------------------------------------+
| g3        | BUFG/O          | n/a               | clkfbout_clk_core |       8.000 | {0.000 4.000} |           0 |        0 |              1 |        0 | U0_wave_gen/clk_gen_i0/clk_core_i0/inst/clkfbout_buf_clk_core |
+-----------+-----------------+-------------------+-------------------+-------------+---------------+-------------+----------+----------------+----------+---------------------------------------------------------------+
* Logic Loads column represents load cell count of all cell types other than IO, GT and clock resources
** IO Loads column represents load cell count of IO types
*** Clocking Loads column represents load cell count that are clock resources (global clock buffer, MMCM, PLL, etc)
**** GT Loads column represents load cell count of GT types


+----+----+----+
|    | X0 | X1 |
+----+----+----+
| Y1 |  0 |  1 |
| Y0 |  0 |  0 |
+----+----+----+


10. Clock Region Cell Placement per Global Clock: Region X0Y0
-------------------------------------------------------------

+-----------+-------+-----------------+------------+-------------+-----------------+-----+--------+------+-----+----+------+-----+---------+--------------------------------------------------+
| Global Id | Track | Driver Type/Pin | Constraint | Clock Loads | Non-Clock Loads | FF  | LUTRAM | RAMB | DSP | GT | MMCM | PLL | Hard IP | Net                                              |
+-----------+-------+-----------------+------------+-------------+-----------------+-----+--------+------+-----+----+------+-----+---------+--------------------------------------------------+
| g0        | n/a   | BUFG/O          | None       |         270 |               0 | 268 |      0 |    0 |   0 |  0 |    0 |   0 |       0 | U0_wave_gen/clk_gen_i0/clk_core_i0/inst/clk_out1 |
| g1        | n/a   | BUFG/O          | None       |         139 |               0 | 137 |      0 |    0 |   0 |  0 |    0 |   0 |       0 | U0_wave_gen/clk_gen_i0/clk_core_i0/inst/clk_out2 |
| g2        | n/a   | BUFHCE/O        | None       |          41 |               0 |  40 |      0 |    0 |   0 |  0 |    0 |   0 |       0 | U0_wave_gen/clk_gen_i0/clk_samp                  |
+-----------+-------+-----------------+------------+-------------+-----------------+-----+--------+------+-----+----+------+-----+---------+--------------------------------------------------+
* Clock Loads column represents the clock pin loads (pin count)
** Non-Clock Loads column represents the non-clock pin loads (pin count)
*** Columns FF, LUTRAM, RAMB through 'Hard IP' represents load cell counts


11. Clock Region Cell Placement per Global Clock: Region X1Y0
-------------------------------------------------------------

+-----------+-------+-----------------+------------+-------------+-----------------+----+--------+------+-----+----+------+-----+---------+--------------------------------------------------+
| Global Id | Track | Driver Type/Pin | Constraint | Clock Loads | Non-Clock Loads | FF | LUTRAM | RAMB | DSP | GT | MMCM | PLL | Hard IP | Net                                              |
+-----------+-------+-----------------+------------+-------------+-----------------+----+--------+------+-----+----+------+-----+---------+--------------------------------------------------+
| g0        | n/a   | BUFG/O          | None       |          69 |               0 | 69 |      0 |    0 |   0 |  0 |    0 |   0 |       0 | U0_wave_gen/clk_gen_i0/clk_core_i0/inst/clk_out1 |
| g1        | n/a   | BUFG/O          | None       |          88 |               0 | 87 |      0 |    0 |   0 |  0 |    0 |   0 |       0 | U0_wave_gen/clk_gen_i0/clk_core_i0/inst/clk_out2 |
+-----------+-------+-----------------+------------+-------------+-----------------+----+--------+------+-----+----+------+-----+---------+--------------------------------------------------+
* Clock Loads column represents the clock pin loads (pin count)
** Non-Clock Loads column represents the non-clock pin loads (pin count)
*** Columns FF, LUTRAM, RAMB through 'Hard IP' represents load cell counts


12. Clock Region Cell Placement per Global Clock: Region X1Y1
-------------------------------------------------------------

+-----------+-------+-----------------+------------+-------------+-----------------+----+--------+------+-----+----+------+-----+---------+---------------------------------------------------------------+
| Global Id | Track | Driver Type/Pin | Constraint | Clock Loads | Non-Clock Loads | FF | LUTRAM | RAMB | DSP | GT | MMCM | PLL | Hard IP | Net                                                           |
+-----------+-------+-----------------+------------+-------------+-----------------+----+--------+------+-----+----+------+-----+---------+---------------------------------------------------------------+
| g1        | n/a   | BUFG/O          | None       |           6 |               0 |  6 |      0 |    0 |   0 |  0 |    0 |   0 |       0 | U0_wave_gen/clk_gen_i0/clk_core_i0/inst/clk_out2              |
| g3        | n/a   | BUFG/O          | None       |           1 |               0 |  0 |      0 |    0 |   0 |  0 |    1 |   0 |       0 | U0_wave_gen/clk_gen_i0/clk_core_i0/inst/clkfbout_buf_clk_core |
+-----------+-------+-----------------+------------+-------------+-----------------+----+--------+------+-----+----+------+-----+---------+---------------------------------------------------------------+
* Clock Loads column represents the clock pin loads (pin count)
** Non-Clock Loads column represents the non-clock pin loads (pin count)
*** Columns FF, LUTRAM, RAMB through 'Hard IP' represents load cell counts



# Location of BUFG Primitives 
set_property LOC BUFGCTRL_X0Y18 [get_cells U0_wave_gen/clk_gen_i0/clk_core_i0/inst/clkf_buf]
set_property LOC BUFGCTRL_X0Y16 [get_cells U0_wave_gen/clk_gen_i0/clk_core_i0/inst/clkout2_buf]
set_property LOC BUFGCTRL_X0Y17 [get_cells U0_wave_gen/clk_gen_i0/clk_core_i0/inst/clkout1_buf]

# Location of BUFH Primitives 
set_property LOC BUFHCE_X0Y0 [get_cells U0_wave_gen/clk_gen_i0/BUFHCE_clk_samp_i0]

# Location of IO Primitives which is load of clock spine

# Location of clock ports
set_property LOC IOB_X0Y78 [get_ports clk_pin]

# Clock net "U0_wave_gen/clk_gen_i0/clk_samp" driven by instance "U0_wave_gen/clk_gen_i0/BUFHCE_clk_samp_i0" located at site "BUFHCE_X0Y0"
#startgroup
create_pblock {CLKAG_U0_wave_gen/clk_gen_i0/clk_samp}
add_cells_to_pblock [get_pblocks  {CLKAG_U0_wave_gen/clk_gen_i0/clk_samp}] [get_cells -filter { PRIMITIVE_GROUP != I/O && IS_PRIMITIVE==1 && PRIMITIVE_LEVEL !=INTERNAL } -of_object [get_pins -filter {DIRECTION==IN} -of_objects [get_nets -hierarchical -filter {PARENT=="U0_wave_gen/clk_gen_i0/clk_samp"}]]]
resize_pblock [get_pblocks {CLKAG_U0_wave_gen/clk_gen_i0/clk_samp}] -add {CLOCKREGION_X0Y0:CLOCKREGION_X0Y0}
#endgroup

# Clock net "U0_wave_gen/clk_gen_i0/clk_core_i0/inst/clk_out2" driven by instance "U0_wave_gen/clk_gen_i0/clk_core_i0/inst/clkout2_buf" located at site "BUFGCTRL_X0Y16"
#startgroup
create_pblock {CLKAG_U0_wave_gen/clk_gen_i0/clk_core_i0/inst/clk_out2}
add_cells_to_pblock [get_pblocks  {CLKAG_U0_wave_gen/clk_gen_i0/clk_core_i0/inst/clk_out2}] [get_cells -filter { PRIMITIVE_GROUP != I/O && IS_PRIMITIVE==1 && PRIMITIVE_LEVEL !=INTERNAL && NAME!=U0_wave_gen/clk_gen_i0/BUFHCE_clk_samp_i0} -of_object [get_pins -filter {DIRECTION==IN} -of_objects [get_nets -hierarchical -filter {PARENT=="U0_wave_gen/clk_gen_i0/clk_core_i0/inst/clk_out2"}]]]
resize_pblock [get_pblocks {CLKAG_U0_wave_gen/clk_gen_i0/clk_core_i0/inst/clk_out2}] -add {CLOCKREGION_X0Y0:CLOCKREGION_X0Y0 CLOCKREGION_X1Y0:CLOCKREGION_X1Y0 CLOCKREGION_X1Y1:CLOCKREGION_X1Y1}
#endgroup

# Clock net "U0_wave_gen/clk_gen_i0/clk_core_i0/inst/clk_out1" driven by instance "U0_wave_gen/clk_gen_i0/clk_core_i0/inst/clkout1_buf" located at site "BUFGCTRL_X0Y17"
#startgroup
create_pblock {CLKAG_U0_wave_gen/clk_gen_i0/clk_core_i0/inst/clk_out1}
add_cells_to_pblock [get_pblocks  {CLKAG_U0_wave_gen/clk_gen_i0/clk_core_i0/inst/clk_out1}] [get_cells -filter { PRIMITIVE_GROUP != I/O && IS_PRIMITIVE==1 && PRIMITIVE_LEVEL !=INTERNAL } -of_object [get_pins -filter {DIRECTION==IN} -of_objects [get_nets -hierarchical -filter {PARENT=="U0_wave_gen/clk_gen_i0/clk_core_i0/inst/clk_out1"}]]]
resize_pblock [get_pblocks {CLKAG_U0_wave_gen/clk_gen_i0/clk_core_i0/inst/clk_out1}] -add {CLOCKREGION_X0Y0:CLOCKREGION_X0Y0 CLOCKREGION_X1Y0:CLOCKREGION_X1Y0}
#endgroup
