
*** Running vivado
    with args -log system_processing_system7_0_0.vds -m64 -product Vivado -mode batch -messageDb vivado.pb -notrace -source system_processing_system7_0_0.tcl


****** Vivado v2017.2 (64-bit)
  **** SW Build 1909853 on Thu Jun 15 18:39:09 MDT 2017
  **** IP Build 1909766 on Thu Jun 15 19:58:00 MDT 2017
    ** Copyright 1986-2017 Xilinx, Inc. All Rights Reserved.

source system_processing_system7_0_0.tcl -notrace
Starting RTL Elaboration : Time (s): cpu = 00:00:09 ; elapsed = 00:00:09 . Memory (MB): peak = 399.375 ; gain = 80.242
INFO: [Synth 8-638] synthesizing module 'system_processing_system7_0_0' [c:/xup/fpga_flow/2016_2_zynq_labs/sol_v1/sol_v1.srcs/sources_1/bd/system/ip/system_processing_system7_0_0/synth/system_processing_system7_0_0.v:60]
INFO: [Synth 8-638] synthesizing module 'processing_system7_v5_5_processing_system7' [c:/xup/fpga_flow/2016_2_zynq_labs/sol_v1/sol_v1.srcs/sources_1/bd/system/ip/system_processing_system7_0_0/hdl/verilog/processing_system7_v5_5_processing_system7.v:161]
INFO: [Synth 8-638] synthesizing module 'BUFG' [C:/XilinxVivado/Vivado/2017.2/scripts/rt/data/unisim_comp.v:607]
INFO: [Synth 8-256] done synthesizing module 'BUFG' (1#1) [C:/XilinxVivado/Vivado/2017.2/scripts/rt/data/unisim_comp.v:607]
INFO: [Synth 8-638] synthesizing module 'BIBUF' [C:/XilinxVivado/Vivado/2017.2/scripts/rt/data/unisim_comp.v:268]
INFO: [Synth 8-256] done synthesizing module 'BIBUF' (2#1) [C:/XilinxVivado/Vivado/2017.2/scripts/rt/data/unisim_comp.v:268]
INFO: [Synth 8-638] synthesizing module 'PS7' [C:/XilinxVivado/Vivado/2017.2/scripts/rt/data/unisim_comp.v:33527]
INFO: [Synth 8-256] done synthesizing module 'PS7' (3#1) [C:/XilinxVivado/Vivado/2017.2/scripts/rt/data/unisim_comp.v:33527]
INFO: [Synth 8-256] done synthesizing module 'processing_system7_v5_5_processing_system7' (4#1) [c:/xup/fpga_flow/2016_2_zynq_labs/sol_v1/sol_v1.srcs/sources_1/bd/system/ip/system_processing_system7_0_0/hdl/verilog/processing_system7_v5_5_processing_system7.v:161]
INFO: [Synth 8-256] done synthesizing module 'system_processing_system7_0_0' (5#1) [c:/xup/fpga_flow/2016_2_zynq_labs/sol_v1/sol_v1.srcs/sources_1/bd/system/ip/system_processing_system7_0_0/synth/system_processing_system7_0_0.v:60]
Finished RTL Elaboration : Time (s): cpu = 00:00:12 ; elapsed = 00:00:12 . Memory (MB): peak = 440.457 ; gain = 121.324
Finished RTL Optimization Phase 1 : Time (s): cpu = 00:00:13 ; elapsed = 00:00:13 . Memory (MB): peak = 440.457 ; gain = 121.324
INFO: [Device 21-403] Loading part xc7z010clg400-1
Constraint Validation Runtime : Time (s): cpu = 00:00:00 ; elapsed = 00:00:00.113 . Memory (MB): peak = 664.641 ; gain = 0.000
Finished Constraint Validation : Time (s): cpu = 00:00:39 ; elapsed = 00:00:40 . Memory (MB): peak = 664.641 ; gain = 345.508
Finished Loading Part and Timing Information : Time (s): cpu = 00:00:39 ; elapsed = 00:00:40 . Memory (MB): peak = 664.641 ; gain = 345.508
Finished applying 'set_property' XDC Constraints : Time (s): cpu = 00:00:41 ; elapsed = 00:00:42 . Memory (MB): peak = 664.641 ; gain = 345.508
Finished RTL Optimization Phase 2 : Time (s): cpu = 00:00:42 ; elapsed = 00:00:43 . Memory (MB): peak = 664.641 ; gain = 345.508
Finished Cross Boundary and Area Optimization : Time (s): cpu = 00:00:43 ; elapsed = 00:00:45 . Memory (MB): peak = 664.641 ; gain = 345.508
Finished Applying XDC Timing Constraints : Time (s): cpu = 00:01:15 ; elapsed = 00:01:17 . Memory (MB): peak = 874.398 ; gain = 555.266
Finished Timing Optimization : Time (s): cpu = 00:01:16 ; elapsed = 00:01:17 . Memory (MB): peak = 890.492 ; gain = 571.359
Finished Technology Mapping : Time (s): cpu = 00:01:18 ; elapsed = 00:01:19 . Memory (MB): peak = 893.559 ; gain = 574.426
Finished IO Insertion : Time (s): cpu = 00:01:21 ; elapsed = 00:01:23 . Memory (MB): peak = 893.559 ; gain = 574.426
Finished Renaming Generated Instances : Time (s): cpu = 00:01:21 ; elapsed = 00:01:23 . Memory (MB): peak = 893.559 ; gain = 574.426
Finished Rebuilding User Hierarchy : Time (s): cpu = 00:01:21 ; elapsed = 00:01:23 . Memory (MB): peak = 893.559 ; gain = 574.426
Finished Renaming Generated Ports : Time (s): cpu = 00:01:21 ; elapsed = 00:01:23 . Memory (MB): peak = 893.559 ; gain = 574.426
Finished Handling Custom Attributes : Time (s): cpu = 00:01:21 ; elapsed = 00:01:23 . Memory (MB): peak = 893.559 ; gain = 574.426
Finished Renaming Generated Nets : Time (s): cpu = 00:01:21 ; elapsed = 00:01:23 . Memory (MB): peak = 893.559 ; gain = 574.426

Report Cell Usage: 
+------+------+------+
|      |Cell  |Count |
+------+------+------+
|1     |BIBUF |   130|
|2     |BUFG  |     1|
|3     |LUT1  |    49|
|4     |PS7   |     1|
+------+------+------+
Finished Writing Synthesis Report : Time (s): cpu = 00:01:21 ; elapsed = 00:01:23 . Memory (MB): peak = 893.559 ; gain = 574.426
synth_design: Time (s): cpu = 00:01:25 ; elapsed = 00:01:27 . Memory (MB): peak = 907.086 ; gain = 592.648
