02:06:45 INFO  : Registering command handlers for SDK TCF services
02:06:46 INFO  : Launching XSCT server: xsct.bat -interactive C:\xup\fpga_flow\2016_2_zynq_labs\lab4aes\lab4aes.sdk\temp_xsdb_launch_script.tcl
02:06:55 INFO  : XSCT server has started successfully.
02:07:41 INFO  : Successfully done setting XSCT server connection channel  
02:07:41 INFO  : Successfully done setting SDK workspace  
02:07:41 INFO  : Processing command line option -hwspec C:/xup/fpga_flow/2016_2_zynq_labs/lab4aes/lab4aes.sdk/system_wrapper.hdf.
02:14:23 INFO  : Connected to target on host '127.0.0.1' and port '3121'.
02:14:25 INFO  : 'targets -set -filter {jtag_cable_name =~ "Digilent Zybo 210279787097A" && level==0} -index 1' command is executed.
02:14:26 INFO  : FPGA configured successfully with bitstream "C:/xup/fpga_flow/2016_2_zynq_labs/lab4aes/lab4aes.sdk/system_wrapper_hw_platform_0/system_wrapper.bit"
02:15:15 INFO  : ps7_init is completed.
02:15:15 INFO  : ps7_post_config is completed.
02:15:15 INFO  : Processor reset is completed for ps7_cortexa9_0
02:17:11 INFO  : ps7_cortexa9_0 Processor is in use. Please stop existing Run or Debug sessions before launching.
02:17:13 INFO  : Processor reset is completed for ps7_cortexa9_0
02:18:35 INFO  : Connected to target on host '127.0.0.1' and port '3121'.
02:18:35 INFO  : 'targets -set -filter {jtag_cable_name =~ "Digilent Zybo 210279787097A" && level==0} -index 1' command is executed.
02:18:36 INFO  : FPGA configured successfully with bitstream "C:/xup/fpga_flow/2016_2_zynq_labs/lab4aes/lab4aes.sdk/system_wrapper_hw_platform_0/system_wrapper.bit"
02:18:50 INFO  : ps7_cortexa9_0 Processor is in use. Please stop existing Run or Debug sessions before launching.
02:18:53 INFO  : Processor reset is completed for ps7_cortexa9_0
02:21:14 INFO  : Connected to target on host '127.0.0.1' and port '3121'.
02:21:14 INFO  : 'targets -set -filter {jtag_cable_name =~ "Digilent Zybo 210279787097A" && level==0} -index 1' command is executed.
02:21:15 INFO  : FPGA configured successfully with bitstream "C:/xup/fpga_flow/2016_2_zynq_labs/lab4aes/lab4aes.sdk/system_wrapper_hw_platform_0/system_wrapper.bit"
02:23:17 INFO  : ps7_cortexa9_0 Processor is in use. Please stop existing Run or Debug sessions before launching.
02:23:25 INFO  : Processor reset is completed for ps7_cortexa9_0
02:24:57 INFO  : Processor reset is completed for ps7_cortexa9_0
18:25:11 INFO  : Connected to target on host '127.0.0.1' and port '3121'.
18:25:12 INFO  : 'targets -set -filter {jtag_cable_name =~ "Digilent Zybo 210279787097A" && level==0} -index 1' command is executed.
18:25:14 INFO  : FPGA configured successfully with bitstream "C:/xup/fpga_flow/2016_2_zynq_labs/lab4aes/lab4aes.sdk/system_wrapper_hw_platform_0/system_wrapper.bit"
18:25:45 INFO  : ps7_init is completed.
18:25:45 INFO  : ps7_post_config is completed.
18:25:46 INFO  : Processor reset is completed for ps7_cortexa9_0
18:27:10 INFO  : Processor reset is completed for ps7_cortexa9_0
18:32:20 INFO  : ps7_cortexa9_0 Processor is in use. Please stop existing Run or Debug sessions before launching.
18:32:23 INFO  : Processor reset is completed for ps7_cortexa9_0
19:12:06 INFO  : FPGA Cable Disconnected. All active launches will be terminated.
19:12:06 WARN  : Terminating existing sessions on processor ps7_cortexa9_0
23:23:53 INFO  : Connected to target on host '127.0.0.1' and port '3121'.
23:23:54 INFO  : 'targets -set -filter {jtag_cable_name =~ "Digilent Zybo 210279787097A" && level==0} -index 1' command is executed.
23:23:55 INFO  : FPGA configured successfully with bitstream "C:/xup/fpga_flow/2016_2_zynq_labs/lab4aes/lab4aes.sdk/system_wrapper_hw_platform_0/system_wrapper.bit"
23:38:15 INFO  : ps7_init is completed.
23:38:16 INFO  : ps7_post_config is completed.
23:38:16 INFO  : Processor reset is completed for ps7_cortexa9_0
23:51:18 INFO  : ps7_cortexa9_0 Processor is in use. Please stop existing Run or Debug sessions before launching.
23:51:21 INFO  : Processor reset is completed for ps7_cortexa9_0
01:32:37 INFO  : FPGA Cable Disconnected. All active launches will be terminated.
01:32:37 WARN  : Terminating existing sessions on processor ps7_cortexa9_0
02:25:32 ERROR : Unexpected error while parsing XMD response ?: com.google.gson.JsonSyntaxException: com.google.gson.stream.MalformedJsonException: invalid number or unquoted string near 
