
*** Running vivado
    with args -log system_processing_system7_0_0.vds -m64 -product Vivado -mode batch -messageDb vivado.pb -notrace -source system_processing_system7_0_0.tcl


****** Vivado v2017.2 (64-bit)
  **** SW Build 1909853 on Thu Jun 15 18:39:09 MDT 2017
  **** IP Build 1909766 on Thu Jun 15 19:58:00 MDT 2017
    ** Copyright 1986-2017 Xilinx, Inc. All Rights Reserved.

source system_processing_system7_0_0.tcl -notrace
Starting RTL Elaboration : Time (s): cpu = 00:00:06 ; elapsed = 00:00:07 . Memory (MB): peak = 368.070 ; gain = 87.117
INFO: [Synth 8-638] synthesizing module 'system_processing_system7_0_0' [c:/xup/fpga_flow/TFMV2/TFM_GE/TFM_GE.srcs/sources_1/bd/system/ip/system_processing_system7_0_0/synth/system_processing_system7_0_0.v:60]
INFO: [Synth 8-638] synthesizing module 'processing_system7_v5_5_processing_system7' [c:/xup/fpga_flow/TFMV2/TFM_GE/TFM_GE.srcs/sources_1/bd/system/ip/system_processing_system7_0_0/hdl/verilog/processing_system7_v5_5_processing_system7.v:161]
INFO: [Synth 8-638] synthesizing module 'BUFG' [C:/XILINX/Vivado/2017.2/scripts/rt/data/unisim_comp.v:607]
INFO: [Synth 8-256] done synthesizing module 'BUFG' (1#1) [C:/XILINX/Vivado/2017.2/scripts/rt/data/unisim_comp.v:607]
INFO: [Synth 8-638] synthesizing module 'BIBUF' [C:/XILINX/Vivado/2017.2/scripts/rt/data/unisim_comp.v:268]
INFO: [Synth 8-256] done synthesizing module 'BIBUF' (2#1) [C:/XILINX/Vivado/2017.2/scripts/rt/data/unisim_comp.v:268]
INFO: [Synth 8-638] synthesizing module 'PS7' [C:/XILINX/Vivado/2017.2/scripts/rt/data/unisim_comp.v:33527]
INFO: [Synth 8-256] done synthesizing module 'PS7' (3#1) [C:/XILINX/Vivado/2017.2/scripts/rt/data/unisim_comp.v:33527]
INFO: [Synth 8-256] done synthesizing module 'processing_system7_v5_5_processing_system7' (4#1) [c:/xup/fpga_flow/TFMV2/TFM_GE/TFM_GE.srcs/sources_1/bd/system/ip/system_processing_system7_0_0/hdl/verilog/processing_system7_v5_5_processing_system7.v:161]
INFO: [Synth 8-256] done synthesizing module 'system_processing_system7_0_0' (5#1) [c:/xup/fpga_flow/TFMV2/TFM_GE/TFM_GE.srcs/sources_1/bd/system/ip/system_processing_system7_0_0/synth/system_processing_system7_0_0.v:60]
Finished RTL Elaboration : Time (s): cpu = 00:00:09 ; elapsed = 00:00:11 . Memory (MB): peak = 417.281 ; gain = 136.328
Finished RTL Optimization Phase 1 : Time (s): cpu = 00:00:10 ; elapsed = 00:00:11 . Memory (MB): peak = 417.281 ; gain = 136.328
INFO: [Device 21-403] Loading part xc7z010clg400-1
Constraint Validation Runtime : Time (s): cpu = 00:00:00 ; elapsed = 00:00:00.110 . Memory (MB): peak = 672.172 ; gain = 0.000
Finished Constraint Validation : Time (s): cpu = 00:00:32 ; elapsed = 00:00:41 . Memory (MB): peak = 672.172 ; gain = 391.219
Finished Loading Part and Timing Information : Time (s): cpu = 00:00:32 ; elapsed = 00:00:42 . Memory (MB): peak = 672.172 ; gain = 391.219
Finished applying 'set_property' XDC Constraints : Time (s): cpu = 00:00:33 ; elapsed = 00:00:42 . Memory (MB): peak = 672.172 ; gain = 391.219
Finished RTL Optimization Phase 2 : Time (s): cpu = 00:00:34 ; elapsed = 00:00:44 . Memory (MB): peak = 672.172 ; gain = 391.219
Finished Cross Boundary and Area Optimization : Time (s): cpu = 00:00:35 ; elapsed = 00:00:45 . Memory (MB): peak = 672.172 ; gain = 391.219
Finished Applying XDC Timing Constraints : Time (s): cpu = 00:01:02 ; elapsed = 00:01:13 . Memory (MB): peak = 888.758 ; gain = 607.805
Finished Timing Optimization : Time (s): cpu = 00:01:02 ; elapsed = 00:01:13 . Memory (MB): peak = 909.238 ; gain = 628.285
Finished Technology Mapping : Time (s): cpu = 00:01:04 ; elapsed = 00:01:15 . Memory (MB): peak = 915.930 ; gain = 634.977
Finished IO Insertion : Time (s): cpu = 00:01:07 ; elapsed = 00:01:18 . Memory (MB): peak = 915.930 ; gain = 634.977
Finished Renaming Generated Instances : Time (s): cpu = 00:01:07 ; elapsed = 00:01:18 . Memory (MB): peak = 915.930 ; gain = 634.977
Finished Rebuilding User Hierarchy : Time (s): cpu = 00:01:07 ; elapsed = 00:01:18 . Memory (MB): peak = 915.930 ; gain = 634.977
Finished Renaming Generated Ports : Time (s): cpu = 00:01:07 ; elapsed = 00:01:18 . Memory (MB): peak = 915.930 ; gain = 634.977
Finished Handling Custom Attributes : Time (s): cpu = 00:01:07 ; elapsed = 00:01:18 . Memory (MB): peak = 915.930 ; gain = 634.977
Finished Renaming Generated Nets : Time (s): cpu = 00:01:07 ; elapsed = 00:01:18 . Memory (MB): peak = 915.930 ; gain = 634.977

Report Cell Usage: 
+------+------+------+
|      |Cell  |Count |
+------+------+------+
|1     |BIBUF |   130|
|2     |BUFG  |     2|
|3     |LUT1  |   112|
|4     |PS7   |     1|
+------+------+------+
Finished Writing Synthesis Report : Time (s): cpu = 00:01:07 ; elapsed = 00:01:18 . Memory (MB): peak = 915.930 ; gain = 634.977
synth_design: Time (s): cpu = 00:01:12 ; elapsed = 00:01:23 . Memory (MB): peak = 925.297 ; gain = 647.883
