00:33:39 INFO  : Registering command handlers for SDK TCF services
00:33:39 INFO  : Launching XSCT server: xsct.bat -interactive C:\xup\fpga_flow\2016_2_zynq_labs\lab2emb_v1\lab2emb_v1.sdk\temp_xsdb_launch_script.tcl
00:33:43 INFO  : XSCT server has started successfully.
00:33:52 INFO  : Successfully done setting XSCT server connection channel  
00:33:52 INFO  : Processing command line option -hwspec C:/xup/fpga_flow/2016_2_zynq_labs/lab2emb_v1/lab2emb_v1.sdk/systemv1_wrapper.hdf.
00:33:53 INFO  : Successfully done setting SDK workspace  
00:37:47 INFO  : Connected to target on host '127.0.0.1' and port '3121'.
00:37:48 INFO  : 'targets -set -filter {jtag_cable_name =~ "Digilent Zybo 210279787097A" && level==0} -index 1' command is executed.
00:37:50 INFO  : FPGA configured successfully with bitstream "C:/xup/fpga_flow/2016_2_zynq_labs/lab2emb_v1/lab2emb_v1.sdk/systemv1_wrapper_hw_platform_0/systemv1_wrapper.bit"
00:37:58 INFO  : Connected to target on host '127.0.0.1' and port '3121'.
00:37:58 INFO  : 'targets -set -filter {jtag_cable_name =~ "Digilent Zybo 210279787097A" && level==0} -index 1' command is executed.
00:38:00 INFO  : FPGA configured successfully with bitstream "C:/xup/fpga_flow/2016_2_zynq_labs/lab2emb_v1/lab2emb_v1.sdk/systemv1_wrapper_hw_platform_0/systemv1_wrapper.bit"
00:38:15 INFO  : Processor reset is completed for ps7_cortexa9_0
00:41:04 INFO  : Connected to target on host '127.0.0.1' and port '3121'.
00:41:05 INFO  : 'targets -set -filter {jtag_cable_name =~ "Digilent Zybo 210279787097A" && level==0} -index 1' command is executed.
00:41:06 INFO  : FPGA configured successfully with bitstream "C:/xup/fpga_flow/2016_2_zynq_labs/lab2emb_v1/lab2emb_v1.sdk/systemv1_wrapper_hw_platform_0/systemv1_wrapper.bit"
00:41:37 INFO  : 'targets -set -filter {jtag_cable_name =~ "Digilent Zybo 210279787097A" && level==0} -index 1' command is executed.
00:41:37 INFO  : 'fpga -state' command is executed.
00:41:37 INFO  : Connected to target on host '127.0.0.1' and port '3121'.
00:41:38 INFO  : Jtag cable 'Digilent Zybo 210279787097A' is selected.
00:41:38 INFO  : 'jtag frequency' command is executed.
00:41:38 INFO  : Sourcing of 'C:/xup/fpga_flow/2016_2_zynq_labs/lab2emb_v1/lab2emb_v1.sdk/systemv1_wrapper_hw_platform_0/ps7_init.tcl' is done.
00:41:38 INFO  : Context for 'APU' is selected.
00:41:38 INFO  : Hardware design information is loaded from 'C:/xup/fpga_flow/2016_2_zynq_labs/lab2emb_v1/lab2emb_v1.sdk/systemv1_wrapper_hw_platform_0/system.hdf'.
00:41:38 INFO  : 'configparams force-mem-access 1' command is executed.
00:41:38 INFO  : Context for 'APU' is selected.
00:41:38 INFO  : 'stop' command is executed.
00:41:39 INFO  : 'ps7_init' command is executed.
00:41:39 INFO  : 'ps7_post_config' command is executed.
00:41:39 INFO  : Context for processor 'ps7_cortexa9_0' is selected.
00:41:39 INFO  : Processor reset is completed for 'ps7_cortexa9_0'.
00:41:39 INFO  : Context for processor 'ps7_cortexa9_0' is selected.
00:41:39 INFO  : The application 'C:/xup/fpga_flow/2016_2_zynq_labs/lab2emb_v1/lab2emb_v1.sdk/helloworld/Debug/helloworld.elf' is downloaded to processor 'ps7_cortexa9_0'.
00:41:39 INFO  : 'configparams force-mem-access 0' command is executed.
00:41:39 INFO  : ----------------XSDB Script----------------
connect -url tcp:127.0.0.1:3121
source C:/xup/fpga_flow/2016_2_zynq_labs/lab2emb_v1/lab2emb_v1.sdk/systemv1_wrapper_hw_platform_0/ps7_init.tcl
targets -set -nocase -filter {name =~"APU*" && jtag_cable_name =~ "Digilent Zybo 210279787097A"} -index 0
loadhw -hw C:/xup/fpga_flow/2016_2_zynq_labs/lab2emb_v1/lab2emb_v1.sdk/systemv1_wrapper_hw_platform_0/system.hdf -mem-ranges [list {0x40000000 0xbfffffff}]
configparams force-mem-access 1
targets -set -nocase -filter {name =~"APU*" && jtag_cable_name =~ "Digilent Zybo 210279787097A"} -index 0
stop
ps7_init
ps7_post_config
targets -set -nocase -filter {name =~ "ARM*#0" && jtag_cable_name =~ "Digilent Zybo 210279787097A"} -index 0
rst -processor
targets -set -nocase -filter {name =~ "ARM*#0" && jtag_cable_name =~ "Digilent Zybo 210279787097A"} -index 0
dow C:/xup/fpga_flow/2016_2_zynq_labs/lab2emb_v1/lab2emb_v1.sdk/helloworld/Debug/helloworld.elf
configparams force-mem-access 0
----------------End of Script----------------

00:41:39 INFO  : Memory regions updated for context APU
00:41:40 INFO  : Context for processor 'ps7_cortexa9_0' is selected.
00:41:40 INFO  : 'con' command is executed.
00:41:40 INFO  : ----------------XSDB Script (After Launch)----------------
targets -set -nocase -filter {name =~ "ARM*#0" && jtag_cable_name =~ "Digilent Zybo 210279787097A"} -index 0
con
----------------End of Script----------------

00:41:40 INFO  : Launch script is exported to file 'C:\xup\fpga_flow\2016_2_zynq_labs\lab2emb_v1\lab2emb_v1.sdk\.sdk\launch_scripts\xilinx_c-c++_application_(system_debugger)\system_debugger_using_debug_helloworld.elf_on_local.tcl'
00:41:55 INFO  : Disconnected from the channel tcfchan#1.
00:41:56 INFO  : ps7_init is completed.
00:41:56 INFO  : ps7_post_config is completed.
00:41:56 INFO  : Processor reset is completed for ps7_cortexa9_0
00:46:18 INFO  : Processor reset is completed for ps7_cortexa9_0
00:46:41 INFO  : Processor reset is completed for ps7_cortexa9_0
00:53:23 INFO  : ps7_cortexa9_0 Processor is in use. Please stop existing Run or Debug sessions before launching.
00:53:26 INFO  : Processor reset is completed for ps7_cortexa9_0
00:54:17 INFO  : ps7_cortexa9_0 Processor is in use. Please stop existing Run or Debug sessions before launching.
00:54:19 INFO  : Processor reset is completed for ps7_cortexa9_0
01:01:54 ERROR : Unexpected error while parsing XMD response ?: com.google.gson.JsonSyntaxException: com.google.gson.stream.MalformedJsonException: invalid number or unquoted string near 
