
*** Running vivado
    with args -log system_axi_smc_1.vds -m64 -product Vivado -mode batch -messageDb vivado.pb -notrace -source system_axi_smc_1.tcl


****** Vivado v2017.2 (64-bit)
  **** SW Build 1909853 on Thu Jun 15 18:39:09 MDT 2017
  **** IP Build 1909766 on Thu Jun 15 19:58:00 MDT 2017
    ** Copyright 1986-2017 Xilinx, Inc. All Rights Reserved.

source system_axi_smc_1.tcl -notrace
Starting RTL Elaboration : Time (s): cpu = 00:00:10 ; elapsed = 00:00:10 . Memory (MB): peak = 405.375 ; gain = 100.340
INFO: [Synth 8-638] synthesizing module 'system_axi_smc_1' [c:/xup/fpga_flow/TFMV2/TFM_GE/TFM_GE.srcs/sources_1/bd/system/ip/system_axi_smc_1/synth/system_axi_smc_1.v:57]
INFO: [Synth 8-638] synthesizing module 'bd_8422' [c:/xup/fpga_flow/TFMV2/TFM_GE/TFM_GE.srcs/sources_1/bd/system/ip/system_axi_smc_1/bd_0/hdl/bd_8422.v:13]
INFO: [Synth 8-638] synthesizing module 'clk_map_imp_6WUBGP' [c:/xup/fpga_flow/TFMV2/TFM_GE/TFM_GE.srcs/sources_1/bd/system/ip/system_axi_smc_1/bd_0/hdl/bd_8422.v:3139]
INFO: [Synth 8-638] synthesizing module 'bd_8422_one_1' [c:/xup/fpga_flow/TFMV2/TFM_GE/TFM_GE.srcs/sources_1/bd/system/ip/system_axi_smc_1/bd_0/ip/ip_58/synth/bd_8422_one_1.v:57]
INFO: [Synth 8-638] synthesizing module 'xlconstant_v1_1_3_xlconstant' [c:/xup/fpga_flow/TFMV2/TFM_GE/TFM_GE.srcs/sources_1/bd/system/ipshared/45df/hdl/xlconstant_v1_1_vl_rfs.v:23]
INFO: [Synth 8-256] done synthesizing module 'xlconstant_v1_1_3_xlconstant' (1#1) [c:/xup/fpga_flow/TFMV2/TFM_GE/TFM_GE.srcs/sources_1/bd/system/ipshared/45df/hdl/xlconstant_v1_1_vl_rfs.v:23]
INFO: [Synth 8-256] done synthesizing module 'bd_8422_one_1' (2#1) [c:/xup/fpga_flow/TFMV2/TFM_GE/TFM_GE.srcs/sources_1/bd/system/ip/system_axi_smc_1/bd_0/ip/ip_58/synth/bd_8422_one_1.v:57]
INFO: [Synth 8-638] synthesizing module 'bd_8422_psr_aclk_1' [c:/xup/fpga_flow/TFMV2/TFM_GE/TFM_GE.srcs/sources_1/bd/system/ip/system_axi_smc_1/bd_0/ip/ip_59/synth/bd_8422_psr_aclk_1.vhd:74]
INFO: [Synth 8-638] synthesizing module 'proc_sys_reset' [c:/xup/fpga_flow/TFMV2/TFM_GE/TFM_GE.srcs/sources_1/bd/system/ipshared/5db7/hdl/proc_sys_reset_v5_0_vh_rfs.vhd:1323]
INFO: [Synth 8-638] synthesizing module 'lpf' [c:/xup/fpga_flow/TFMV2/TFM_GE/TFM_GE.srcs/sources_1/bd/system/ipshared/5db7/hdl/proc_sys_reset_v5_0_vh_rfs.vhd:816]
INFO: [Synth 8-638] synthesizing module 'SRL16' [C:/XILINX/Vivado/2017.2/scripts/rt/data/unisim_comp.v:43657]
INFO: [Synth 8-256] done synthesizing module 'SRL16' (3#1) [C:/XILINX/Vivado/2017.2/scripts/rt/data/unisim_comp.v:43657]
INFO: [Synth 8-638] synthesizing module 'cdc_sync' [c:/xup/fpga_flow/TFMV2/TFM_GE/TFM_GE.srcs/sources_1/bd/system/ipshared/52cb/hdl/lib_cdc_v1_0_rfs.vhd:106]
INFO: [Synth 8-256] done synthesizing module 'cdc_sync' (4#1) [c:/xup/fpga_flow/TFMV2/TFM_GE/TFM_GE.srcs/sources_1/bd/system/ipshared/52cb/hdl/lib_cdc_v1_0_rfs.vhd:106]
INFO: [Synth 8-256] done synthesizing module 'lpf' (5#1) [c:/xup/fpga_flow/TFMV2/TFM_GE/TFM_GE.srcs/sources_1/bd/system/ipshared/5db7/hdl/proc_sys_reset_v5_0_vh_rfs.vhd:816]
INFO: [Synth 8-638] synthesizing module 'sequence_psr' [c:/xup/fpga_flow/TFMV2/TFM_GE/TFM_GE.srcs/sources_1/bd/system/ipshared/5db7/hdl/proc_sys_reset_v5_0_vh_rfs.vhd:301]
INFO: [Synth 8-638] synthesizing module 'upcnt_n' [c:/xup/fpga_flow/TFMV2/TFM_GE/TFM_GE.srcs/sources_1/bd/system/ipshared/5db7/hdl/proc_sys_reset_v5_0_vh_rfs.vhd:125]
INFO: [Synth 8-256] done synthesizing module 'upcnt_n' (6#1) [c:/xup/fpga_flow/TFMV2/TFM_GE/TFM_GE.srcs/sources_1/bd/system/ipshared/5db7/hdl/proc_sys_reset_v5_0_vh_rfs.vhd:125]
INFO: [Synth 8-256] done synthesizing module 'sequence_psr' (7#1) [c:/xup/fpga_flow/TFMV2/TFM_GE/TFM_GE.srcs/sources_1/bd/system/ipshared/5db7/hdl/proc_sys_reset_v5_0_vh_rfs.vhd:301]
INFO: [Synth 8-256] done synthesizing module 'proc_sys_reset' (8#1) [c:/xup/fpga_flow/TFMV2/TFM_GE/TFM_GE.srcs/sources_1/bd/system/ipshared/5db7/hdl/proc_sys_reset_v5_0_vh_rfs.vhd:1323]
INFO: [Synth 8-256] done synthesizing module 'bd_8422_psr_aclk_1' (9#1) [c:/xup/fpga_flow/TFMV2/TFM_GE/TFM_GE.srcs/sources_1/bd/system/ip/system_axi_smc_1/bd_0/ip/ip_59/synth/bd_8422_psr_aclk_1.vhd:74]
INFO: [Synth 8-256] done synthesizing module 'clk_map_imp_6WUBGP' (10#1) [c:/xup/fpga_flow/TFMV2/TFM_GE/TFM_GE.srcs/sources_1/bd/system/ip/system_axi_smc_1/bd_0/hdl/bd_8422.v:3139]
INFO: [Synth 8-638] synthesizing module 'm00_exit_pipeline_imp_1Q88AC2' [c:/xup/fpga_flow/TFMV2/TFM_GE/TFM_GE.srcs/sources_1/bd/system/ip/system_axi_smc_1/bd_0/hdl/bd_8422.v:3213]
INFO: [Synth 8-638] synthesizing module 'bd_8422_m00e_1' [c:/xup/fpga_flow/TFMV2/TFM_GE/TFM_GE.srcs/sources_1/bd/system/ip/system_axi_smc_1/bd_0/ip/ip_80/synth/bd_8422_m00e_1.sv:58]
INFO: [Synth 8-256] done synthesizing module 'bd_8422_m00e_1' (25#1) [c:/xup/fpga_flow/TFMV2/TFM_GE/TFM_GE.srcs/sources_1/bd/system/ip/system_axi_smc_1/bd_0/ip/ip_80/synth/bd_8422_m00e_1.sv:58]
INFO: [Synth 8-256] done synthesizing module 'm00_exit_pipeline_imp_1Q88AC2' (26#1) [c:/xup/fpga_flow/TFMV2/TFM_GE/TFM_GE.srcs/sources_1/bd/system/ip/system_axi_smc_1/bd_0/hdl/bd_8422.v:3213]
INFO: [Synth 8-638] synthesizing module 'm00_nodes_imp_1CYJ5A6' [c:/xup/fpga_flow/TFMV2/TFM_GE/TFM_GE.srcs/sources_1/bd/system/ip/system_axi_smc_1/bd_0/hdl/bd_8422.v:3584]
INFO: [Synth 8-638] synthesizing module 'bd_8422_m00arn_1' [c:/xup/fpga_flow/TFMV2/TFM_GE/TFM_GE.srcs/sources_1/bd/system/ip/system_axi_smc_1/bd_0/ip/ip_75/synth/bd_8422_m00arn_1.sv:58]
INFO: [Synth 8-638] synthesizing module 'xpm_memory_base' [C:/XILINX/Vivado/2017.2/data/ip/xpm/xpm_memory/hdl/xpm_memory.sv:58]
INFO: [Synth 8-256] done synthesizing module 'xpm_memory_base' (30#1) [C:/XILINX/Vivado/2017.2/data/ip/xpm/xpm_memory/hdl/xpm_memory.sv:58]
INFO: [Synth 8-638] synthesizing module 'xpm_memory_base__parameterized0' [C:/XILINX/Vivado/2017.2/data/ip/xpm/xpm_memory/hdl/xpm_memory.sv:58]
INFO: [Synth 8-256] done synthesizing module 'xpm_memory_base__parameterized0' (34#1) [C:/XILINX/Vivado/2017.2/data/ip/xpm/xpm_memory/hdl/xpm_memory.sv:58]
INFO: [Synth 8-256] done synthesizing module 'bd_8422_m00arn_1' (40#1) [c:/xup/fpga_flow/TFMV2/TFM_GE/TFM_GE.srcs/sources_1/bd/system/ip/system_axi_smc_1/bd_0/ip/ip_75/synth/bd_8422_m00arn_1.sv:58]
INFO: [Synth 8-638] synthesizing module 'bd_8422_m00awn_1' [c:/xup/fpga_flow/TFMV2/TFM_GE/TFM_GE.srcs/sources_1/bd/system/ip/system_axi_smc_1/bd_0/ip/ip_77/synth/bd_8422_m00awn_1.sv:58]
INFO: [Synth 8-256] done synthesizing module 'bd_8422_m00awn_1' (41#1) [c:/xup/fpga_flow/TFMV2/TFM_GE/TFM_GE.srcs/sources_1/bd/system/ip/system_axi_smc_1/bd_0/ip/ip_77/synth/bd_8422_m00awn_1.sv:58]
INFO: [Synth 8-638] synthesizing module 'bd_8422_m00bn_1' [c:/xup/fpga_flow/TFMV2/TFM_GE/TFM_GE.srcs/sources_1/bd/system/ip/system_axi_smc_1/bd_0/ip/ip_79/synth/bd_8422_m00bn_1.sv:58]
INFO: [Synth 8-638] synthesizing module 'xpm_memory_base__parameterized1' [C:/XILINX/Vivado/2017.2/data/ip/xpm/xpm_memory/hdl/xpm_memory.sv:58]
INFO: [Synth 8-256] done synthesizing module 'xpm_memory_base__parameterized1' (41#1) [C:/XILINX/Vivado/2017.2/data/ip/xpm/xpm_memory/hdl/xpm_memory.sv:58]
INFO: [Synth 8-638] synthesizing module 'xpm_memory_base__parameterized2' [C:/XILINX/Vivado/2017.2/data/ip/xpm/xpm_memory/hdl/xpm_memory.sv:58]
INFO: [Synth 8-256] done synthesizing module 'xpm_memory_base__parameterized2' (41#1) [C:/XILINX/Vivado/2017.2/data/ip/xpm/xpm_memory/hdl/xpm_memory.sv:58]
INFO: [Synth 8-256] done synthesizing module 'bd_8422_m00bn_1' (42#1) [c:/xup/fpga_flow/TFMV2/TFM_GE/TFM_GE.srcs/sources_1/bd/system/ip/system_axi_smc_1/bd_0/ip/ip_79/synth/bd_8422_m00bn_1.sv:58]
INFO: [Synth 8-638] synthesizing module 'bd_8422_m00rn_1' [c:/xup/fpga_flow/TFMV2/TFM_GE/TFM_GE.srcs/sources_1/bd/system/ip/system_axi_smc_1/bd_0/ip/ip_76/synth/bd_8422_m00rn_1.sv:58]
INFO: [Synth 8-638] synthesizing module 'xpm_memory_base__parameterized3' [C:/XILINX/Vivado/2017.2/data/ip/xpm/xpm_memory/hdl/xpm_memory.sv:58]
INFO: [Synth 8-256] done synthesizing module 'xpm_memory_base__parameterized3' (42#1) [C:/XILINX/Vivado/2017.2/data/ip/xpm/xpm_memory/hdl/xpm_memory.sv:58]
INFO: [Synth 8-256] done synthesizing module 'bd_8422_m00rn_1' (43#1) [c:/xup/fpga_flow/TFMV2/TFM_GE/TFM_GE.srcs/sources_1/bd/system/ip/system_axi_smc_1/bd_0/ip/ip_76/synth/bd_8422_m00rn_1.sv:58]
INFO: [Synth 8-638] synthesizing module 'bd_8422_m00wn_1' [c:/xup/fpga_flow/TFMV2/TFM_GE/TFM_GE.srcs/sources_1/bd/system/ip/system_axi_smc_1/bd_0/ip/ip_78/synth/bd_8422_m00wn_1.sv:58]
INFO: [Synth 8-638] synthesizing module 'xpm_memory_base__parameterized4' [C:/XILINX/Vivado/2017.2/data/ip/xpm/xpm_memory/hdl/xpm_memory.sv:58]
INFO: [Synth 8-256] done synthesizing module 'xpm_memory_base__parameterized4' (43#1) [C:/XILINX/Vivado/2017.2/data/ip/xpm/xpm_memory/hdl/xpm_memory.sv:58]
INFO: [Synth 8-256] done synthesizing module 'bd_8422_m00wn_1' (44#1) [c:/xup/fpga_flow/TFMV2/TFM_GE/TFM_GE.srcs/sources_1/bd/system/ip/system_axi_smc_1/bd_0/ip/ip_78/synth/bd_8422_m00wn_1.sv:58]
INFO: [Synth 8-256] done synthesizing module 'm00_nodes_imp_1CYJ5A6' (45#1) [c:/xup/fpga_flow/TFMV2/TFM_GE/TFM_GE.srcs/sources_1/bd/system/ip/system_axi_smc_1/bd_0/hdl/bd_8422.v:3584]
INFO: [Synth 8-638] synthesizing module 'bd_8422_m00s2a_1' [c:/xup/fpga_flow/TFMV2/TFM_GE/TFM_GE.srcs/sources_1/bd/system/ip/system_axi_smc_1/bd_0/ip/ip_74/synth/bd_8422_m00s2a_1.sv:58]
INFO: [Synth 8-256] done synthesizing module 'bd_8422_m00s2a_1' (47#1) [c:/xup/fpga_flow/TFMV2/TFM_GE/TFM_GE.srcs/sources_1/bd/system/ip/system_axi_smc_1/bd_0/ip/ip_74/synth/bd_8422_m00s2a_1.sv:58]
INFO: [Synth 8-638] synthesizing module 'm01_exit_pipeline_imp_1WNJAFM' [c:/xup/fpga_flow/TFMV2/TFM_GE/TFM_GE.srcs/sources_1/bd/system/ip/system_axi_smc_1/bd_0/hdl/bd_8422.v:3880]
INFO: [Synth 8-638] synthesizing module 'bd_8422_m01e_1' [c:/xup/fpga_flow/TFMV2/TFM_GE/TFM_GE.srcs/sources_1/bd/system/ip/system_axi_smc_1/bd_0/ip/ip_87/synth/bd_8422_m01e_1.sv:58]
INFO: [Synth 8-256] done synthesizing module 'bd_8422_m01e_1' (48#1) [c:/xup/fpga_flow/TFMV2/TFM_GE/TFM_GE.srcs/sources_1/bd/system/ip/system_axi_smc_1/bd_0/ip/ip_87/synth/bd_8422_m01e_1.sv:58]
INFO: [Synth 8-256] done synthesizing module 'm01_exit_pipeline_imp_1WNJAFM' (49#1) [c:/xup/fpga_flow/TFMV2/TFM_GE/TFM_GE.srcs/sources_1/bd/system/ip/system_axi_smc_1/bd_0/hdl/bd_8422.v:3880]
INFO: [Synth 8-638] synthesizing module 'm01_nodes_imp_CMC3D4' [c:/xup/fpga_flow/TFMV2/TFM_GE/TFM_GE.srcs/sources_1/bd/system/ip/system_axi_smc_1/bd_0/hdl/bd_8422.v:4251]
INFO: [Synth 8-638] synthesizing module 'bd_8422_m01arn_1' [c:/xup/fpga_flow/TFMV2/TFM_GE/TFM_GE.srcs/sources_1/bd/system/ip/system_axi_smc_1/bd_0/ip/ip_82/synth/bd_8422_m01arn_1.sv:58]
INFO: [Synth 8-256] done synthesizing module 'bd_8422_m01arn_1' (50#1) [c:/xup/fpga_flow/TFMV2/TFM_GE/TFM_GE.srcs/sources_1/bd/system/ip/system_axi_smc_1/bd_0/ip/ip_82/synth/bd_8422_m01arn_1.sv:58]
INFO: [Synth 8-638] synthesizing module 'bd_8422_m01awn_1' [c:/xup/fpga_flow/TFMV2/TFM_GE/TFM_GE.srcs/sources_1/bd/system/ip/system_axi_smc_1/bd_0/ip/ip_84/synth/bd_8422_m01awn_1.sv:58]
INFO: [Synth 8-256] done synthesizing module 'bd_8422_m01awn_1' (51#1) [c:/xup/fpga_flow/TFMV2/TFM_GE/TFM_GE.srcs/sources_1/bd/system/ip/system_axi_smc_1/bd_0/ip/ip_84/synth/bd_8422_m01awn_1.sv:58]
INFO: [Synth 8-638] synthesizing module 'bd_8422_m01bn_1' [c:/xup/fpga_flow/TFMV2/TFM_GE/TFM_GE.srcs/sources_1/bd/system/ip/system_axi_smc_1/bd_0/ip/ip_86/synth/bd_8422_m01bn_1.sv:58]
INFO: [Synth 8-256] done synthesizing module 'bd_8422_m01bn_1' (52#1) [c:/xup/fpga_flow/TFMV2/TFM_GE/TFM_GE.srcs/sources_1/bd/system/ip/system_axi_smc_1/bd_0/ip/ip_86/synth/bd_8422_m01bn_1.sv:58]
INFO: [Synth 8-638] synthesizing module 'bd_8422_m01rn_1' [c:/xup/fpga_flow/TFMV2/TFM_GE/TFM_GE.srcs/sources_1/bd/system/ip/system_axi_smc_1/bd_0/ip/ip_83/synth/bd_8422_m01rn_1.sv:58]
INFO: [Synth 8-256] done synthesizing module 'bd_8422_m01rn_1' (55#1) [c:/xup/fpga_flow/TFMV2/TFM_GE/TFM_GE.srcs/sources_1/bd/system/ip/system_axi_smc_1/bd_0/ip/ip_83/synth/bd_8422_m01rn_1.sv:58]
INFO: [Synth 8-638] synthesizing module 'bd_8422_m01wn_1' [c:/xup/fpga_flow/TFMV2/TFM_GE/TFM_GE.srcs/sources_1/bd/system/ip/system_axi_smc_1/bd_0/ip/ip_85/synth/bd_8422_m01wn_1.sv:58]
INFO: [Synth 8-256] done synthesizing module 'bd_8422_m01wn_1' (57#1) [c:/xup/fpga_flow/TFMV2/TFM_GE/TFM_GE.srcs/sources_1/bd/system/ip/system_axi_smc_1/bd_0/ip/ip_85/synth/bd_8422_m01wn_1.sv:58]
INFO: [Synth 8-256] done synthesizing module 'm01_nodes_imp_CMC3D4' (58#1) [c:/xup/fpga_flow/TFMV2/TFM_GE/TFM_GE.srcs/sources_1/bd/system/ip/system_axi_smc_1/bd_0/hdl/bd_8422.v:4251]
INFO: [Synth 8-638] synthesizing module 'bd_8422_m01s2a_1' [c:/xup/fpga_flow/TFMV2/TFM_GE/TFM_GE.srcs/sources_1/bd/system/ip/system_axi_smc_1/bd_0/ip/ip_81/synth/bd_8422_m01s2a_1.sv:58]
INFO: [Synth 8-256] done synthesizing module 'bd_8422_m01s2a_1' (59#1) [c:/xup/fpga_flow/TFMV2/TFM_GE/TFM_GE.srcs/sources_1/bd/system/ip/system_axi_smc_1/bd_0/ip/ip_81/synth/bd_8422_m01s2a_1.sv:58]
INFO: [Synth 8-638] synthesizing module 'm02_exit_pipeline_imp_1L6JVF6' [c:/xup/fpga_flow/TFMV2/TFM_GE/TFM_GE.srcs/sources_1/bd/system/ip/system_axi_smc_1/bd_0/hdl/bd_8422.v:4547]
INFO: [Synth 8-638] synthesizing module 'bd_8422_m02e_1' [c:/xup/fpga_flow/TFMV2/TFM_GE/TFM_GE.srcs/sources_1/bd/system/ip/system_axi_smc_1/bd_0/ip/ip_94/synth/bd_8422_m02e_1.sv:58]
INFO: [Synth 8-256] done synthesizing module 'bd_8422_m02e_1' (60#1) [c:/xup/fpga_flow/TFMV2/TFM_GE/TFM_GE.srcs/sources_1/bd/system/ip/system_axi_smc_1/bd_0/ip/ip_94/synth/bd_8422_m02e_1.sv:58]
INFO: [Synth 8-256] done synthesizing module 'm02_exit_pipeline_imp_1L6JVF6' (61#1) [c:/xup/fpga_flow/TFMV2/TFM_GE/TFM_GE.srcs/sources_1/bd/system/ip/system_axi_smc_1/bd_0/hdl/bd_8422.v:4547]
INFO: [Synth 8-638] synthesizing module 'm02_nodes_imp_MI7W0J' [c:/xup/fpga_flow/TFMV2/TFM_GE/TFM_GE.srcs/sources_1/bd/system/ip/system_axi_smc_1/bd_0/hdl/bd_8422.v:4918]
INFO: [Synth 8-638] synthesizing module 'bd_8422_m02arn_1' [c:/xup/fpga_flow/TFMV2/TFM_GE/TFM_GE.srcs/sources_1/bd/system/ip/system_axi_smc_1/bd_0/ip/ip_89/synth/bd_8422_m02arn_1.sv:58]
INFO: [Synth 8-256] done synthesizing module 'bd_8422_m02arn_1' (62#1) [c:/xup/fpga_flow/TFMV2/TFM_GE/TFM_GE.srcs/sources_1/bd/system/ip/system_axi_smc_1/bd_0/ip/ip_89/synth/bd_8422_m02arn_1.sv:58]
INFO: [Synth 8-638] synthesizing module 'bd_8422_m02awn_1' [c:/xup/fpga_flow/TFMV2/TFM_GE/TFM_GE.srcs/sources_1/bd/system/ip/system_axi_smc_1/bd_0/ip/ip_91/synth/bd_8422_m02awn_1.sv:58]
INFO: [Synth 8-256] done synthesizing module 'bd_8422_m02awn_1' (63#1) [c:/xup/fpga_flow/TFMV2/TFM_GE/TFM_GE.srcs/sources_1/bd/system/ip/system_axi_smc_1/bd_0/ip/ip_91/synth/bd_8422_m02awn_1.sv:58]
INFO: [Synth 8-638] synthesizing module 'bd_8422_m02bn_1' [c:/xup/fpga_flow/TFMV2/TFM_GE/TFM_GE.srcs/sources_1/bd/system/ip/system_axi_smc_1/bd_0/ip/ip_93/synth/bd_8422_m02bn_1.sv:58]
INFO: [Synth 8-256] done synthesizing module 'bd_8422_m02bn_1' (64#1) [c:/xup/fpga_flow/TFMV2/TFM_GE/TFM_GE.srcs/sources_1/bd/system/ip/system_axi_smc_1/bd_0/ip/ip_93/synth/bd_8422_m02bn_1.sv:58]
INFO: [Synth 8-638] synthesizing module 'bd_8422_m02rn_1' [c:/xup/fpga_flow/TFMV2/TFM_GE/TFM_GE.srcs/sources_1/bd/system/ip/system_axi_smc_1/bd_0/ip/ip_90/synth/bd_8422_m02rn_1.sv:58]
INFO: [Synth 8-256] done synthesizing module 'bd_8422_m02rn_1' (65#1) [c:/xup/fpga_flow/TFMV2/TFM_GE/TFM_GE.srcs/sources_1/bd/system/ip/system_axi_smc_1/bd_0/ip/ip_90/synth/bd_8422_m02rn_1.sv:58]
INFO: [Synth 8-638] synthesizing module 'bd_8422_m02wn_1' [c:/xup/fpga_flow/TFMV2/TFM_GE/TFM_GE.srcs/sources_1/bd/system/ip/system_axi_smc_1/bd_0/ip/ip_92/synth/bd_8422_m02wn_1.sv:58]
INFO: [Synth 8-256] done synthesizing module 'bd_8422_m02wn_1' (66#1) [c:/xup/fpga_flow/TFMV2/TFM_GE/TFM_GE.srcs/sources_1/bd/system/ip/system_axi_smc_1/bd_0/ip/ip_92/synth/bd_8422_m02wn_1.sv:58]
INFO: [Synth 8-256] done synthesizing module 'm02_nodes_imp_MI7W0J' (67#1) [c:/xup/fpga_flow/TFMV2/TFM_GE/TFM_GE.srcs/sources_1/bd/system/ip/system_axi_smc_1/bd_0/hdl/bd_8422.v:4918]
INFO: [Synth 8-638] synthesizing module 'bd_8422_m02s2a_1' [c:/xup/fpga_flow/TFMV2/TFM_GE/TFM_GE.srcs/sources_1/bd/system/ip/system_axi_smc_1/bd_0/ip/ip_88/synth/bd_8422_m02s2a_1.sv:58]
INFO: [Synth 8-256] done synthesizing module 'bd_8422_m02s2a_1' (68#1) [c:/xup/fpga_flow/TFMV2/TFM_GE/TFM_GE.srcs/sources_1/bd/system/ip/system_axi_smc_1/bd_0/ip/ip_88/synth/bd_8422_m02s2a_1.sv:58]
INFO: [Synth 8-638] synthesizing module 'm03_exit_pipeline_imp_1O9Z1G2' [c:/xup/fpga_flow/TFMV2/TFM_GE/TFM_GE.srcs/sources_1/bd/system/ip/system_axi_smc_1/bd_0/hdl/bd_8422.v:5214]
INFO: [Synth 8-638] synthesizing module 'bd_8422_m03e_1' [c:/xup/fpga_flow/TFMV2/TFM_GE/TFM_GE.srcs/sources_1/bd/system/ip/system_axi_smc_1/bd_0/ip/ip_101/synth/bd_8422_m03e_1.sv:58]
INFO: [Synth 8-256] done synthesizing module 'bd_8422_m03e_1' (69#1) [c:/xup/fpga_flow/TFMV2/TFM_GE/TFM_GE.srcs/sources_1/bd/system/ip/system_axi_smc_1/bd_0/ip/ip_101/synth/bd_8422_m03e_1.sv:58]
INFO: [Synth 8-256] done synthesizing module 'm03_exit_pipeline_imp_1O9Z1G2' (70#1) [c:/xup/fpga_flow/TFMV2/TFM_GE/TFM_GE.srcs/sources_1/bd/system/ip/system_axi_smc_1/bd_0/hdl/bd_8422.v:5214]
INFO: [Synth 8-638] synthesizing module 'm03_nodes_imp_1KMFPUT' [c:/xup/fpga_flow/TFMV2/TFM_GE/TFM_GE.srcs/sources_1/bd/system/ip/system_axi_smc_1/bd_0/hdl/bd_8422.v:5585]
INFO: [Synth 8-638] synthesizing module 'bd_8422_m03arn_1' [c:/xup/fpga_flow/TFMV2/TFM_GE/TFM_GE.srcs/sources_1/bd/system/ip/system_axi_smc_1/bd_0/ip/ip_96/synth/bd_8422_m03arn_1.sv:58]
INFO: [Synth 8-256] done synthesizing module 'bd_8422_m03arn_1' (71#1) [c:/xup/fpga_flow/TFMV2/TFM_GE/TFM_GE.srcs/sources_1/bd/system/ip/system_axi_smc_1/bd_0/ip/ip_96/synth/bd_8422_m03arn_1.sv:58]
INFO: [Synth 8-638] synthesizing module 'bd_8422_m03awn_1' [c:/xup/fpga_flow/TFMV2/TFM_GE/TFM_GE.srcs/sources_1/bd/system/ip/system_axi_smc_1/bd_0/ip/ip_98/synth/bd_8422_m03awn_1.sv:58]
INFO: [Synth 8-256] done synthesizing module 'bd_8422_m03awn_1' (72#1) [c:/xup/fpga_flow/TFMV2/TFM_GE/TFM_GE.srcs/sources_1/bd/system/ip/system_axi_smc_1/bd_0/ip/ip_98/synth/bd_8422_m03awn_1.sv:58]
INFO: [Synth 8-638] synthesizing module 'bd_8422_m03bn_1' [c:/xup/fpga_flow/TFMV2/TFM_GE/TFM_GE.srcs/sources_1/bd/system/ip/system_axi_smc_1/bd_0/ip/ip_100/synth/bd_8422_m03bn_1.sv:58]
INFO: [Synth 8-256] done synthesizing module 'bd_8422_m03bn_1' (73#1) [c:/xup/fpga_flow/TFMV2/TFM_GE/TFM_GE.srcs/sources_1/bd/system/ip/system_axi_smc_1/bd_0/ip/ip_100/synth/bd_8422_m03bn_1.sv:58]
INFO: [Synth 8-638] synthesizing module 'bd_8422_m03rn_1' [c:/xup/fpga_flow/TFMV2/TFM_GE/TFM_GE.srcs/sources_1/bd/system/ip/system_axi_smc_1/bd_0/ip/ip_97/synth/bd_8422_m03rn_1.sv:58]
INFO: [Synth 8-256] done synthesizing module 'bd_8422_m03rn_1' (74#1) [c:/xup/fpga_flow/TFMV2/TFM_GE/TFM_GE.srcs/sources_1/bd/system/ip/system_axi_smc_1/bd_0/ip/ip_97/synth/bd_8422_m03rn_1.sv:58]
INFO: [Synth 8-638] synthesizing module 'bd_8422_m03wn_1' [c:/xup/fpga_flow/TFMV2/TFM_GE/TFM_GE.srcs/sources_1/bd/system/ip/system_axi_smc_1/bd_0/ip/ip_99/synth/bd_8422_m03wn_1.sv:58]
INFO: [Synth 8-256] done synthesizing module 'bd_8422_m03wn_1' (75#1) [c:/xup/fpga_flow/TFMV2/TFM_GE/TFM_GE.srcs/sources_1/bd/system/ip/system_axi_smc_1/bd_0/ip/ip_99/synth/bd_8422_m03wn_1.sv:58]
INFO: [Synth 8-256] done synthesizing module 'm03_nodes_imp_1KMFPUT' (76#1) [c:/xup/fpga_flow/TFMV2/TFM_GE/TFM_GE.srcs/sources_1/bd/system/ip/system_axi_smc_1/bd_0/hdl/bd_8422.v:5585]
INFO: [Synth 8-638] synthesizing module 'bd_8422_m03s2a_1' [c:/xup/fpga_flow/TFMV2/TFM_GE/TFM_GE.srcs/sources_1/bd/system/ip/system_axi_smc_1/bd_0/ip/ip_95/synth/bd_8422_m03s2a_1.sv:58]
INFO: [Synth 8-256] done synthesizing module 'bd_8422_m03s2a_1' (77#1) [c:/xup/fpga_flow/TFMV2/TFM_GE/TFM_GE.srcs/sources_1/bd/system/ip/system_axi_smc_1/bd_0/ip/ip_95/synth/bd_8422_m03s2a_1.sv:58]
INFO: [Synth 8-638] synthesizing module 'm04_exit_pipeline_imp_1GEWFO2' [c:/xup/fpga_flow/TFMV2/TFM_GE/TFM_GE.srcs/sources_1/bd/system/ip/system_axi_smc_1/bd_0/hdl/bd_8422.v:5881]
INFO: [Synth 8-638] synthesizing module 'bd_8422_m04e_1' [c:/xup/fpga_flow/TFMV2/TFM_GE/TFM_GE.srcs/sources_1/bd/system/ip/system_axi_smc_1/bd_0/ip/ip_108/synth/bd_8422_m04e_1.sv:58]
INFO: [Synth 8-256] done synthesizing module 'bd_8422_m04e_1' (78#1) [c:/xup/fpga_flow/TFMV2/TFM_GE/TFM_GE.srcs/sources_1/bd/system/ip/system_axi_smc_1/bd_0/ip/ip_108/synth/bd_8422_m04e_1.sv:58]
INFO: [Synth 8-256] done synthesizing module 'm04_exit_pipeline_imp_1GEWFO2' (79#1) [c:/xup/fpga_flow/TFMV2/TFM_GE/TFM_GE.srcs/sources_1/bd/system/ip/system_axi_smc_1/bd_0/hdl/bd_8422.v:5881]
INFO: [Synth 8-638] synthesizing module 'm04_nodes_imp_1B4T1ET' [c:/xup/fpga_flow/TFMV2/TFM_GE/TFM_GE.srcs/sources_1/bd/system/ip/system_axi_smc_1/bd_0/hdl/bd_8422.v:6252]
INFO: [Synth 8-638] synthesizing module 'bd_8422_m04arn_1' [c:/xup/fpga_flow/TFMV2/TFM_GE/TFM_GE.srcs/sources_1/bd/system/ip/system_axi_smc_1/bd_0/ip/ip_103/synth/bd_8422_m04arn_1.sv:58]
INFO: [Synth 8-256] done synthesizing module 'bd_8422_m04arn_1' (80#1) [c:/xup/fpga_flow/TFMV2/TFM_GE/TFM_GE.srcs/sources_1/bd/system/ip/system_axi_smc_1/bd_0/ip/ip_103/synth/bd_8422_m04arn_1.sv:58]
INFO: [Synth 8-638] synthesizing module 'bd_8422_m04awn_1' [c:/xup/fpga_flow/TFMV2/TFM_GE/TFM_GE.srcs/sources_1/bd/system/ip/system_axi_smc_1/bd_0/ip/ip_105/synth/bd_8422_m04awn_1.sv:58]
INFO: [Synth 8-256] done synthesizing module 'bd_8422_m04awn_1' (81#1) [c:/xup/fpga_flow/TFMV2/TFM_GE/TFM_GE.srcs/sources_1/bd/system/ip/system_axi_smc_1/bd_0/ip/ip_105/synth/bd_8422_m04awn_1.sv:58]
INFO: [Synth 8-638] synthesizing module 'bd_8422_m04bn_1' [c:/xup/fpga_flow/TFMV2/TFM_GE/TFM_GE.srcs/sources_1/bd/system/ip/system_axi_smc_1/bd_0/ip/ip_107/synth/bd_8422_m04bn_1.sv:58]
INFO: [Synth 8-256] done synthesizing module 'bd_8422_m04bn_1' (82#1) [c:/xup/fpga_flow/TFMV2/TFM_GE/TFM_GE.srcs/sources_1/bd/system/ip/system_axi_smc_1/bd_0/ip/ip_107/synth/bd_8422_m04bn_1.sv:58]
INFO: [Synth 8-638] synthesizing module 'bd_8422_m04rn_1' [c:/xup/fpga_flow/TFMV2/TFM_GE/TFM_GE.srcs/sources_1/bd/system/ip/system_axi_smc_1/bd_0/ip/ip_104/synth/bd_8422_m04rn_1.sv:58]
INFO: [Synth 8-256] done synthesizing module 'bd_8422_m04rn_1' (83#1) [c:/xup/fpga_flow/TFMV2/TFM_GE/TFM_GE.srcs/sources_1/bd/system/ip/system_axi_smc_1/bd_0/ip/ip_104/synth/bd_8422_m04rn_1.sv:58]
INFO: [Synth 8-638] synthesizing module 'bd_8422_m04wn_1' [c:/xup/fpga_flow/TFMV2/TFM_GE/TFM_GE.srcs/sources_1/bd/system/ip/system_axi_smc_1/bd_0/ip/ip_106/synth/bd_8422_m04wn_1.sv:58]
INFO: [Synth 8-256] done synthesizing module 'bd_8422_m04wn_1' (84#1) [c:/xup/fpga_flow/TFMV2/TFM_GE/TFM_GE.srcs/sources_1/bd/system/ip/system_axi_smc_1/bd_0/ip/ip_106/synth/bd_8422_m04wn_1.sv:58]
INFO: [Synth 8-256] done synthesizing module 'm04_nodes_imp_1B4T1ET' (85#1) [c:/xup/fpga_flow/TFMV2/TFM_GE/TFM_GE.srcs/sources_1/bd/system/ip/system_axi_smc_1/bd_0/hdl/bd_8422.v:6252]
INFO: [Synth 8-638] synthesizing module 'bd_8422_m04s2a_1' [c:/xup/fpga_flow/TFMV2/TFM_GE/TFM_GE.srcs/sources_1/bd/system/ip/system_axi_smc_1/bd_0/ip/ip_102/synth/bd_8422_m04s2a_1.sv:58]
INFO: [Synth 8-256] done synthesizing module 'bd_8422_m04s2a_1' (86#1) [c:/xup/fpga_flow/TFMV2/TFM_GE/TFM_GE.srcs/sources_1/bd/system/ip/system_axi_smc_1/bd_0/ip/ip_102/synth/bd_8422_m04s2a_1.sv:58]
INFO: [Synth 8-638] synthesizing module 'm05_exit_pipeline_imp_1BO5S42' [c:/xup/fpga_flow/TFMV2/TFM_GE/TFM_GE.srcs/sources_1/bd/system/ip/system_axi_smc_1/bd_0/hdl/bd_8422.v:6548]
INFO: [Synth 8-638] synthesizing module 'bd_8422_m05e_1' [c:/xup/fpga_flow/TFMV2/TFM_GE/TFM_GE.srcs/sources_1/bd/system/ip/system_axi_smc_1/bd_0/ip/ip_115/synth/bd_8422_m05e_1.sv:58]
INFO: [Synth 8-256] done synthesizing module 'bd_8422_m05e_1' (87#1) [c:/xup/fpga_flow/TFMV2/TFM_GE/TFM_GE.srcs/sources_1/bd/system/ip/system_axi_smc_1/bd_0/ip/ip_115/synth/bd_8422_m05e_1.sv:58]
INFO: [Synth 8-256] done synthesizing module 'm05_exit_pipeline_imp_1BO5S42' (88#1) [c:/xup/fpga_flow/TFMV2/TFM_GE/TFM_GE.srcs/sources_1/bd/system/ip/system_axi_smc_1/bd_0/hdl/bd_8422.v:6548]
INFO: [Synth 8-638] synthesizing module 'm05_nodes_imp_ENK07N' [c:/xup/fpga_flow/TFMV2/TFM_GE/TFM_GE.srcs/sources_1/bd/system/ip/system_axi_smc_1/bd_0/hdl/bd_8422.v:6919]
INFO: [Synth 8-638] synthesizing module 'bd_8422_m05arn_1' [c:/xup/fpga_flow/TFMV2/TFM_GE/TFM_GE.srcs/sources_1/bd/system/ip/system_axi_smc_1/bd_0/ip/ip_110/synth/bd_8422_m05arn_1.sv:58]
INFO: [Synth 8-256] done synthesizing module 'bd_8422_m05arn_1' (89#1) [c:/xup/fpga_flow/TFMV2/TFM_GE/TFM_GE.srcs/sources_1/bd/system/ip/system_axi_smc_1/bd_0/ip/ip_110/synth/bd_8422_m05arn_1.sv:58]
INFO: [Synth 8-638] synthesizing module 'bd_8422_m05awn_1' [c:/xup/fpga_flow/TFMV2/TFM_GE/TFM_GE.srcs/sources_1/bd/system/ip/system_axi_smc_1/bd_0/ip/ip_112/synth/bd_8422_m05awn_1.sv:58]
INFO: [Synth 8-256] done synthesizing module 'bd_8422_m05awn_1' (90#1) [c:/xup/fpga_flow/TFMV2/TFM_GE/TFM_GE.srcs/sources_1/bd/system/ip/system_axi_smc_1/bd_0/ip/ip_112/synth/bd_8422_m05awn_1.sv:58]
INFO: [Synth 8-638] synthesizing module 'bd_8422_m05bn_1' [c:/xup/fpga_flow/TFMV2/TFM_GE/TFM_GE.srcs/sources_1/bd/system/ip/system_axi_smc_1/bd_0/ip/ip_114/synth/bd_8422_m05bn_1.sv:58]
INFO: [Synth 8-256] done synthesizing module 'bd_8422_m05bn_1' (91#1) [c:/xup/fpga_flow/TFMV2/TFM_GE/TFM_GE.srcs/sources_1/bd/system/ip/system_axi_smc_1/bd_0/ip/ip_114/synth/bd_8422_m05bn_1.sv:58]
INFO: [Synth 8-638] synthesizing module 'bd_8422_m05rn_1' [c:/xup/fpga_flow/TFMV2/TFM_GE/TFM_GE.srcs/sources_1/bd/system/ip/system_axi_smc_1/bd_0/ip/ip_111/synth/bd_8422_m05rn_1.sv:58]
INFO: [Synth 8-256] done synthesizing module 'bd_8422_m05rn_1' (92#1) [c:/xup/fpga_flow/TFMV2/TFM_GE/TFM_GE.srcs/sources_1/bd/system/ip/system_axi_smc_1/bd_0/ip/ip_111/synth/bd_8422_m05rn_1.sv:58]
INFO: [Synth 8-638] synthesizing module 'bd_8422_m05wn_1' [c:/xup/fpga_flow/TFMV2/TFM_GE/TFM_GE.srcs/sources_1/bd/system/ip/system_axi_smc_1/bd_0/ip/ip_113/synth/bd_8422_m05wn_1.sv:58]
INFO: [Synth 8-256] done synthesizing module 'bd_8422_m05wn_1' (93#1) [c:/xup/fpga_flow/TFMV2/TFM_GE/TFM_GE.srcs/sources_1/bd/system/ip/system_axi_smc_1/bd_0/ip/ip_113/synth/bd_8422_m05wn_1.sv:58]
INFO: [Synth 8-256] done synthesizing module 'm05_nodes_imp_ENK07N' (94#1) [c:/xup/fpga_flow/TFMV2/TFM_GE/TFM_GE.srcs/sources_1/bd/system/ip/system_axi_smc_1/bd_0/hdl/bd_8422.v:6919]
INFO: [Synth 8-638] synthesizing module 'bd_8422_m05s2a_1' [c:/xup/fpga_flow/TFMV2/TFM_GE/TFM_GE.srcs/sources_1/bd/system/ip/system_axi_smc_1/bd_0/ip/ip_109/synth/bd_8422_m05s2a_1.sv:58]
INFO: [Synth 8-256] done synthesizing module 'bd_8422_m05s2a_1' (95#1) [c:/xup/fpga_flow/TFMV2/TFM_GE/TFM_GE.srcs/sources_1/bd/system/ip/system_axi_smc_1/bd_0/ip/ip_109/synth/bd_8422_m05s2a_1.sv:58]
INFO: [Synth 8-638] synthesizing module 'bd_8422_s00a2s_1' [c:/xup/fpga_flow/TFMV2/TFM_GE/TFM_GE.srcs/sources_1/bd/system/ip/system_axi_smc_1/bd_0/ip/ip_68/synth/bd_8422_s00a2s_1.sv:58]
INFO: [Synth 8-256] done synthesizing module 'bd_8422_s00a2s_1' (97#1) [c:/xup/fpga_flow/TFMV2/TFM_GE/TFM_GE.srcs/sources_1/bd/system/ip/system_axi_smc_1/bd_0/ip/ip_68/synth/bd_8422_s00a2s_1.sv:58]
INFO: [Synth 8-638] synthesizing module 's00_entry_pipeline_imp_RL83TD' [c:/xup/fpga_flow/TFMV2/TFM_GE/TFM_GE.srcs/sources_1/bd/system/ip/system_axi_smc_1/bd_0/hdl/bd_8422.v:7215]
INFO: [Synth 8-638] synthesizing module 'bd_8422_s00mmu_1' [c:/xup/fpga_flow/TFMV2/TFM_GE/TFM_GE.srcs/sources_1/bd/system/ip/system_axi_smc_1/bd_0/ip/ip_65/synth/bd_8422_s00mmu_1.sv:59]
INFO: [Synth 8-256] done synthesizing module 'bd_8422_s00mmu_1' (101#1) [c:/xup/fpga_flow/TFMV2/TFM_GE/TFM_GE.srcs/sources_1/bd/system/ip/system_axi_smc_1/bd_0/ip/ip_65/synth/bd_8422_s00mmu_1.sv:59]
INFO: [Synth 8-638] synthesizing module 'bd_8422_s00sic_1' [c:/xup/fpga_flow/TFMV2/TFM_GE/TFM_GE.srcs/sources_1/bd/system/ip/system_axi_smc_1/bd_0/ip/ip_67/synth/bd_8422_s00sic_1.sv:59]
INFO: [Synth 8-256] done synthesizing module 'bd_8422_s00sic_1' (104#1) [c:/xup/fpga_flow/TFMV2/TFM_GE/TFM_GE.srcs/sources_1/bd/system/ip/system_axi_smc_1/bd_0/ip/ip_67/synth/bd_8422_s00sic_1.sv:59]
INFO: [Synth 8-638] synthesizing module 'bd_8422_s00tr_1' [c:/xup/fpga_flow/TFMV2/TFM_GE/TFM_GE.srcs/sources_1/bd/system/ip/system_axi_smc_1/bd_0/ip/ip_66/synth/bd_8422_s00tr_1.sv:58]
INFO: [Synth 8-256] done synthesizing module 'bd_8422_s00tr_1' (107#1) [c:/xup/fpga_flow/TFMV2/TFM_GE/TFM_GE.srcs/sources_1/bd/system/ip/system_axi_smc_1/bd_0/ip/ip_66/synth/bd_8422_s00tr_1.sv:58]
INFO: [Synth 8-256] done synthesizing module 's00_entry_pipeline_imp_RL83TD' (108#1) [c:/xup/fpga_flow/TFMV2/TFM_GE/TFM_GE.srcs/sources_1/bd/system/ip/system_axi_smc_1/bd_0/hdl/bd_8422.v:7215]
INFO: [Synth 8-638] synthesizing module 's00_nodes_imp_WZ0QX7' [c:/xup/fpga_flow/TFMV2/TFM_GE/TFM_GE.srcs/sources_1/bd/system/ip/system_axi_smc_1/bd_0/hdl/bd_8422.v:7820]
INFO: [Synth 8-638] synthesizing module 'bd_8422_sarn_1' [c:/xup/fpga_flow/TFMV2/TFM_GE/TFM_GE.srcs/sources_1/bd/system/ip/system_axi_smc_1/bd_0/ip/ip_69/synth/bd_8422_sarn_1.sv:58]
INFO: [Synth 8-638] synthesizing module 'xpm_memory_base__parameterized5' [C:/XILINX/Vivado/2017.2/data/ip/xpm/xpm_memory/hdl/xpm_memory.sv:58]
INFO: [Synth 8-256] done synthesizing module 'xpm_memory_base__parameterized5' (108#1) [C:/XILINX/Vivado/2017.2/data/ip/xpm/xpm_memory/hdl/xpm_memory.sv:58]
INFO: [Synth 8-638] synthesizing module 'xpm_memory_base__parameterized6' [C:/XILINX/Vivado/2017.2/data/ip/xpm/xpm_memory/hdl/xpm_memory.sv:58]
INFO: [Synth 8-256] done synthesizing module 'xpm_memory_base__parameterized6' (108#1) [C:/XILINX/Vivado/2017.2/data/ip/xpm/xpm_memory/hdl/xpm_memory.sv:58]
INFO: [Synth 8-256] done synthesizing module 'bd_8422_sarn_1' (109#1) [c:/xup/fpga_flow/TFMV2/TFM_GE/TFM_GE.srcs/sources_1/bd/system/ip/system_axi_smc_1/bd_0/ip/ip_69/synth/bd_8422_sarn_1.sv:58]
INFO: [Synth 8-638] synthesizing module 'bd_8422_sawn_1' [c:/xup/fpga_flow/TFMV2/TFM_GE/TFM_GE.srcs/sources_1/bd/system/ip/system_axi_smc_1/bd_0/ip/ip_71/synth/bd_8422_sawn_1.sv:58]
INFO: [Synth 8-256] done synthesizing module 'bd_8422_sawn_1' (110#1) [c:/xup/fpga_flow/TFMV2/TFM_GE/TFM_GE.srcs/sources_1/bd/system/ip/system_axi_smc_1/bd_0/ip/ip_71/synth/bd_8422_sawn_1.sv:58]
INFO: [Synth 8-638] synthesizing module 'bd_8422_sbn_1' [c:/xup/fpga_flow/TFMV2/TFM_GE/TFM_GE.srcs/sources_1/bd/system/ip/system_axi_smc_1/bd_0/ip/ip_73/synth/bd_8422_sbn_1.sv:58]
INFO: [Synth 8-638] synthesizing module 'xpm_memory_base__parameterized7' [C:/XILINX/Vivado/2017.2/data/ip/xpm/xpm_memory/hdl/xpm_memory.sv:58]
INFO: [Synth 8-256] done synthesizing module 'xpm_memory_base__parameterized7' (111#1) [C:/XILINX/Vivado/2017.2/data/ip/xpm/xpm_memory/hdl/xpm_memory.sv:58]
INFO: [Synth 8-256] done synthesizing module 'bd_8422_sbn_1' (112#1) [c:/xup/fpga_flow/TFMV2/TFM_GE/TFM_GE.srcs/sources_1/bd/system/ip/system_axi_smc_1/bd_0/ip/ip_73/synth/bd_8422_sbn_1.sv:58]
INFO: [Synth 8-638] synthesizing module 'bd_8422_srn_1' [c:/xup/fpga_flow/TFMV2/TFM_GE/TFM_GE.srcs/sources_1/bd/system/ip/system_axi_smc_1/bd_0/ip/ip_70/synth/bd_8422_srn_1.sv:58]
INFO: [Synth 8-638] synthesizing module 'xpm_memory_base__parameterized8' [C:/XILINX/Vivado/2017.2/data/ip/xpm/xpm_memory/hdl/xpm_memory.sv:58]
INFO: [Synth 8-256] done synthesizing module 'xpm_memory_base__parameterized8' (112#1) [C:/XILINX/Vivado/2017.2/data/ip/xpm/xpm_memory/hdl/xpm_memory.sv:58]
INFO: [Synth 8-256] done synthesizing module 'bd_8422_srn_1' (113#1) [c:/xup/fpga_flow/TFMV2/TFM_GE/TFM_GE.srcs/sources_1/bd/system/ip/system_axi_smc_1/bd_0/ip/ip_70/synth/bd_8422_srn_1.sv:58]
INFO: [Synth 8-638] synthesizing module 'bd_8422_swn_1' [c:/xup/fpga_flow/TFMV2/TFM_GE/TFM_GE.srcs/sources_1/bd/system/ip/system_axi_smc_1/bd_0/ip/ip_72/synth/bd_8422_swn_1.sv:58]
INFO: [Synth 8-638] synthesizing module 'xpm_memory_base__parameterized9' [C:/XILINX/Vivado/2017.2/data/ip/xpm/xpm_memory/hdl/xpm_memory.sv:58]
INFO: [Synth 8-256] done synthesizing module 'xpm_memory_base__parameterized9' (113#1) [C:/XILINX/Vivado/2017.2/data/ip/xpm/xpm_memory/hdl/xpm_memory.sv:58]
INFO: [Synth 8-256] done synthesizing module 'bd_8422_swn_1' (114#1) [c:/xup/fpga_flow/TFMV2/TFM_GE/TFM_GE.srcs/sources_1/bd/system/ip/system_axi_smc_1/bd_0/ip/ip_72/synth/bd_8422_swn_1.sv:58]
INFO: [Synth 8-256] done synthesizing module 's00_nodes_imp_WZ0QX7' (115#1) [c:/xup/fpga_flow/TFMV2/TFM_GE/TFM_GE.srcs/sources_1/bd/system/ip/system_axi_smc_1/bd_0/hdl/bd_8422.v:7820]
INFO: [Synth 8-638] synthesizing module 'switchboards_imp_82ZBDR' [c:/xup/fpga_flow/TFMV2/TFM_GE/TFM_GE.srcs/sources_1/bd/system/ip/system_axi_smc_1/bd_0/hdl/bd_8422.v:8116]
INFO: [Synth 8-638] synthesizing module 'bd_8422_arsw_1' [c:/xup/fpga_flow/TFMV2/TFM_GE/TFM_GE.srcs/sources_1/bd/system/ip/system_axi_smc_1/bd_0/ip/ip_60/synth/bd_8422_arsw_1.sv:57]
INFO: [Synth 8-256] done synthesizing module 'bd_8422_arsw_1' (118#1) [c:/xup/fpga_flow/TFMV2/TFM_GE/TFM_GE.srcs/sources_1/bd/system/ip/system_axi_smc_1/bd_0/ip/ip_60/synth/bd_8422_arsw_1.sv:57]
INFO: [Synth 8-638] synthesizing module 'bd_8422_awsw_1' [c:/xup/fpga_flow/TFMV2/TFM_GE/TFM_GE.srcs/sources_1/bd/system/ip/system_axi_smc_1/bd_0/ip/ip_62/synth/bd_8422_awsw_1.sv:57]
INFO: [Synth 8-256] done synthesizing module 'bd_8422_awsw_1' (119#1) [c:/xup/fpga_flow/TFMV2/TFM_GE/TFM_GE.srcs/sources_1/bd/system/ip/system_axi_smc_1/bd_0/ip/ip_62/synth/bd_8422_awsw_1.sv:57]
INFO: [Synth 8-638] synthesizing module 'bd_8422_bsw_1' [c:/xup/fpga_flow/TFMV2/TFM_GE/TFM_GE.srcs/sources_1/bd/system/ip/system_axi_smc_1/bd_0/ip/ip_64/synth/bd_8422_bsw_1.sv:57]
INFO: [Synth 8-256] done synthesizing module 'bd_8422_bsw_1' (120#1) [c:/xup/fpga_flow/TFMV2/TFM_GE/TFM_GE.srcs/sources_1/bd/system/ip/system_axi_smc_1/bd_0/ip/ip_64/synth/bd_8422_bsw_1.sv:57]
INFO: [Synth 8-638] synthesizing module 'bd_8422_rsw_1' [c:/xup/fpga_flow/TFMV2/TFM_GE/TFM_GE.srcs/sources_1/bd/system/ip/system_axi_smc_1/bd_0/ip/ip_61/synth/bd_8422_rsw_1.sv:57]
INFO: [Synth 8-256] done synthesizing module 'bd_8422_rsw_1' (121#1) [c:/xup/fpga_flow/TFMV2/TFM_GE/TFM_GE.srcs/sources_1/bd/system/ip/system_axi_smc_1/bd_0/ip/ip_61/synth/bd_8422_rsw_1.sv:57]
INFO: [Synth 8-638] synthesizing module 'bd_8422_wsw_1' [c:/xup/fpga_flow/TFMV2/TFM_GE/TFM_GE.srcs/sources_1/bd/system/ip/system_axi_smc_1/bd_0/ip/ip_63/synth/bd_8422_wsw_1.sv:57]
INFO: [Synth 8-256] done synthesizing module 'bd_8422_wsw_1' (122#1) [c:/xup/fpga_flow/TFMV2/TFM_GE/TFM_GE.srcs/sources_1/bd/system/ip/system_axi_smc_1/bd_0/ip/ip_63/synth/bd_8422_wsw_1.sv:57]
INFO: [Synth 8-256] done synthesizing module 'switchboards_imp_82ZBDR' (123#1) [c:/xup/fpga_flow/TFMV2/TFM_GE/TFM_GE.srcs/sources_1/bd/system/ip/system_axi_smc_1/bd_0/hdl/bd_8422.v:8116]
INFO: [Synth 8-256] done synthesizing module 'bd_8422' (124#1) [c:/xup/fpga_flow/TFMV2/TFM_GE/TFM_GE.srcs/sources_1/bd/system/ip/system_axi_smc_1/bd_0/hdl/bd_8422.v:13]
INFO: [Synth 8-256] done synthesizing module 'system_axi_smc_1' (125#1) [c:/xup/fpga_flow/TFMV2/TFM_GE/TFM_GE.srcs/sources_1/bd/system/ip/system_axi_smc_1/synth/system_axi_smc_1.v:57]
Finished RTL Elaboration : Time (s): cpu = 00:00:52 ; elapsed = 00:00:53 . Memory (MB): peak = 617.555 ; gain = 312.520
Finished RTL Optimization Phase 1 : Time (s): cpu = 00:00:54 ; elapsed = 00:00:57 . Memory (MB): peak = 617.555 ; gain = 312.520
INFO: [Device 21-403] Loading part xc7z010clg400-1
Constraint Validation Runtime : Time (s): cpu = 00:00:11 ; elapsed = 00:00:07 . Memory (MB): peak = 1871.738 ; gain = 135.926
Finished Constraint Validation : Time (s): cpu = 00:03:14 ; elapsed = 00:03:12 . Memory (MB): peak = 1871.738 ; gain = 1566.703
Finished Loading Part and Timing Information : Time (s): cpu = 00:03:14 ; elapsed = 00:03:12 . Memory (MB): peak = 1871.738 ; gain = 1566.703
Finished applying 'set_property' XDC Constraints : Time (s): cpu = 00:03:14 ; elapsed = 00:03:12 . Memory (MB): peak = 1871.738 ; gain = 1566.703
Finished RTL Optimization Phase 2 : Time (s): cpu = 00:03:28 ; elapsed = 00:03:27 . Memory (MB): peak = 1871.738 ; gain = 1566.703
Finished Cross Boundary and Area Optimization : Time (s): cpu = 00:05:38 ; elapsed = 00:05:50 . Memory (MB): peak = 1871.738 ; gain = 1566.703
---------------------------------------------------------------------------------
Start ROM, RAM, DSP and Shift Register Reporting
---------------------------------------------------------------------------------

Distributed RAM: Preliminary Mapping  Report (see note below)
+----------------------------------------------------------------------------------------------------------------------------------------------------------------------------+----------------------------------+----------------+----------------------+----------------+
|Module Name                                                                                                                                                                 | RTL Object                       | Inference      | Size (Depth x Width) | Primitives     | 
+----------------------------------------------------------------------------------------------------------------------------------------------------------------------------+----------------------------------+----------------+----------------------+----------------+
|inst/i_0/\s00_nodes/s00_ar_node/inst /\inst_mi_handler/gen_normal_area.gen_fifo_req.inst_fifo_req/gen_xpm_memory_fifo.inst_fifo/gen_mem_rep[0].inst_xpm_memory              | gen_wr_a.gen_word_narrow.mem_reg | User Attribute | 32 x 23              | RAM32M x 4     | 
|inst/i_0/\s00_nodes/s00_ar_node/inst /\inst_mi_handler/gen_normal_area.inst_fifo_node_payld/gen_xpm_memory_fifo.inst_fifo/gen_mem_rep[0].inst_xpm_memory                    | gen_wr_a.gen_word_narrow.mem_reg | User Attribute | 32 x 143             | RAM32M x 24    | 
|inst/i_0/\s00_nodes/s00_aw_node/inst /\inst_mi_handler/gen_normal_area.gen_fifo_req.inst_fifo_req/gen_xpm_memory_fifo.inst_fifo/gen_mem_rep[0].inst_xpm_memory              | gen_wr_a.gen_word_narrow.mem_reg | User Attribute | 32 x 23              | RAM32M x 4     | 
|inst/i_0/\s00_nodes/s00_aw_node/inst /\inst_mi_handler/gen_normal_area.inst_fifo_node_payld/gen_xpm_memory_fifo.inst_fifo/gen_mem_rep[0].inst_xpm_memory                    | gen_wr_a.gen_word_narrow.mem_reg | User Attribute | 32 x 143             | RAM32M x 24    | 
|inst/i_0/\s00_nodes/s00_b_node/inst /\inst_mi_handler/gen_normal_area.gen_node_prog_full.inst_node_prog_full/gen_xpm_memory_fifo.inst_fifo/gen_mem_rep[0].inst_xpm_memory   | gen_wr_a.gen_word_narrow.mem_reg | User Attribute | 32 x 1               | RAM32X1D x 1   | 
|inst/i_0/\s00_nodes/s00_b_node/inst /\inst_mi_handler/gen_normal_area.inst_fifo_node_payld/gen_xpm_memory_fifo.inst_fifo/gen_mem_rep[0].inst_xpm_memory                     | gen_wr_a.gen_word_narrow.mem_reg | User Attribute | 32 x 25              | RAM32M x 5     | 
|inst/i_0/\s00_nodes/s00_r_node/inst /\inst_mi_handler/gen_normal_area.gen_node_prog_full.inst_node_prog_full/gen_xpm_memory_fifo.inst_fifo/gen_mem_rep[0].inst_xpm_memory   | gen_wr_a.gen_word_narrow.mem_reg | User Attribute | 32 x 1               | RAM32X1D x 1   | 
|inst/i_0/\s00_nodes/s00_r_node/inst /\inst_mi_handler/gen_normal_area.inst_fifo_node_payld/gen_xpm_memory_fifo.inst_fifo/gen_mem_rep[0].inst_xpm_memory                     | gen_wr_a.gen_word_narrow.mem_reg | User Attribute | 32 x 103             | RAM32M x 18    | 
|inst/i_0/\s00_nodes/s00_w_node/inst /\inst_mi_handler/gen_normal_area.gen_fifo_req.inst_fifo_req/gen_xpm_memory_fifo.inst_fifo/gen_mem_rep[0].inst_xpm_memory               | gen_wr_a.gen_word_narrow.mem_reg | User Attribute | 32 x 23              | RAM32M x 4     | 
|inst/i_0/\s00_nodes/s00_w_node/inst /\inst_mi_handler/gen_normal_area.inst_fifo_node_payld/gen_xpm_memory_fifo.inst_fifo/gen_mem_rep[0].inst_xpm_memory                     | gen_wr_a.gen_word_narrow.mem_reg | User Attribute | 32 x 93              | RAM32M x 16    | 
|inst/i_0/\m05_nodes/m05_ar_node/inst /\inst_mi_handler/gen_normal_area.gen_node_prog_full.inst_node_prog_full/gen_xpm_memory_fifo.inst_fifo/gen_mem_rep[0].inst_xpm_memory  | gen_wr_a.gen_word_narrow.mem_reg | User Attribute | 32 x 1               | RAM32X1D x 1   | 
|inst/i_0/\m05_nodes/m05_ar_node/inst /\inst_mi_handler/gen_normal_area.inst_fifo_node_payld/gen_xpm_memory_fifo.inst_fifo/gen_mem_rep[0].inst_xpm_memory                    | gen_wr_a.gen_word_narrow.mem_reg | User Attribute | 32 x 161             | RAM32M x 27    | 
|inst/i_0/\m05_nodes/m05_aw_node/inst /\inst_mi_handler/gen_normal_area.gen_node_prog_full.inst_node_prog_full/gen_xpm_memory_fifo.inst_fifo/gen_mem_rep[0].inst_xpm_memory  | gen_wr_a.gen_word_narrow.mem_reg | User Attribute | 32 x 1               | RAM32X1D x 1   | 
|inst/i_0/\m05_nodes/m05_aw_node/inst /\inst_mi_handler/gen_normal_area.inst_fifo_node_payld/gen_xpm_memory_fifo.inst_fifo/gen_mem_rep[0].inst_xpm_memory                    | gen_wr_a.gen_word_narrow.mem_reg | User Attribute | 32 x 161             | RAM32M x 27    | 
|inst/i_0/\m05_nodes/m05_b_node/inst /\inst_mi_handler/gen_normal_area.gen_fifo_req.inst_fifo_req/gen_xpm_memory_fifo.inst_fifo/gen_mem_rep[0].inst_xpm_memory               | gen_wr_a.gen_word_narrow.mem_reg | User Attribute | 32 x 18              | RAM32M x 3     | 
|inst/i_0/\m05_nodes/m05_b_node/inst /\inst_mi_handler/gen_normal_area.inst_fifo_node_payld/gen_xpm_memory_fifo.inst_fifo/gen_mem_rep[0].inst_xpm_memory                     | gen_wr_a.gen_word_narrow.mem_reg | User Attribute | 32 x 5               | RAM32M x 1     | 
|inst/i_0/\m05_nodes/m05_r_node/inst /\inst_mi_handler/gen_normal_area.gen_fifo_req.inst_fifo_req/gen_xpm_memory_fifo.inst_fifo/gen_mem_rep[0].inst_xpm_memory               | gen_wr_a.gen_word_narrow.mem_reg | User Attribute | 32 x 18              | RAM32M x 3     | 
|inst/i_0/\m05_nodes/m05_r_node/inst /\inst_mi_handler/gen_normal_area.inst_fifo_node_payld/gen_xpm_memory_fifo.inst_fifo/gen_mem_rep[0].inst_xpm_memory                     | gen_wr_a.gen_word_narrow.mem_reg | User Attribute | 32 x 83              | RAM32M x 14    | 
|inst/i_0/\m05_nodes/m05_w_node/inst /\inst_mi_handler/gen_normal_area.gen_node_prog_full.inst_node_prog_full/gen_xpm_memory_fifo.inst_fifo/gen_mem_rep[0].inst_xpm_memory   | gen_wr_a.gen_word_narrow.mem_reg | User Attribute | 32 x 1               | RAM32X1D x 1   | 
|inst/i_0/\m05_nodes/m05_w_node/inst /\inst_mi_handler/gen_normal_area.inst_fifo_node_payld/gen_xpm_memory_fifo.inst_fifo/gen_mem_rep[0].inst_xpm_memory                     | gen_wr_a.gen_word_narrow.mem_reg | User Attribute | 32 x 111             | RAM32M x 19    | 
|inst/i_0/\m02_nodes/m02_ar_node/inst /\inst_mi_handler/gen_normal_area.gen_node_prog_full.inst_node_prog_full/gen_xpm_memory_fifo.inst_fifo/gen_mem_rep[0].inst_xpm_memory  | gen_wr_a.gen_word_narrow.mem_reg | User Attribute | 32 x 1               | RAM32X1D x 1   | 
|inst/i_0/\m02_nodes/m02_ar_node/inst /\inst_mi_handler/gen_normal_area.inst_fifo_node_payld/gen_xpm_memory_fifo.inst_fifo/gen_mem_rep[0].inst_xpm_memory                    | gen_wr_a.gen_word_narrow.mem_reg | User Attribute | 32 x 161             | RAM32M x 27    | 
|inst/i_0/\m02_nodes/m02_aw_node/inst /\inst_mi_handler/gen_normal_area.gen_node_prog_full.inst_node_prog_full/gen_xpm_memory_fifo.inst_fifo/gen_mem_rep[0].inst_xpm_memory  | gen_wr_a.gen_word_narrow.mem_reg | User Attribute | 32 x 1               | RAM32X1D x 1   | 
|inst/i_0/\m02_nodes/m02_aw_node/inst /\inst_mi_handler/gen_normal_area.inst_fifo_node_payld/gen_xpm_memory_fifo.inst_fifo/gen_mem_rep[0].inst_xpm_memory                    | gen_wr_a.gen_word_narrow.mem_reg | User Attribute | 32 x 161             | RAM32M x 27    | 
|inst/i_0/\m02_nodes/m02_b_node/inst /\inst_mi_handler/gen_normal_area.gen_fifo_req.inst_fifo_req/gen_xpm_memory_fifo.inst_fifo/gen_mem_rep[0].inst_xpm_memory               | gen_wr_a.gen_word_narrow.mem_reg | User Attribute | 32 x 18              | RAM32M x 3     | 
|inst/i_0/\m02_nodes/m02_b_node/inst /\inst_mi_handler/gen_normal_area.inst_fifo_node_payld/gen_xpm_memory_fifo.inst_fifo/gen_mem_rep[0].inst_xpm_memory                     | gen_wr_a.gen_word_narrow.mem_reg | User Attribute | 32 x 5               | RAM32M x 1     | 
|inst/i_0/\m02_nodes/m02_r_node/inst /\inst_mi_handler/gen_normal_area.gen_fifo_req.inst_fifo_req/gen_xpm_memory_fifo.inst_fifo/gen_mem_rep[0].inst_xpm_memory               | gen_wr_a.gen_word_narrow.mem_reg | User Attribute | 32 x 18              | RAM32M x 3     | 
|inst/i_0/\m02_nodes/m02_r_node/inst /\inst_mi_handler/gen_normal_area.inst_fifo_node_payld/gen_xpm_memory_fifo.inst_fifo/gen_mem_rep[0].inst_xpm_memory                     | gen_wr_a.gen_word_narrow.mem_reg | User Attribute | 32 x 83              | RAM32M x 14    | 
|inst/i_0/\m02_nodes/m02_w_node/inst /\inst_mi_handler/gen_normal_area.gen_node_prog_full.inst_node_prog_full/gen_xpm_memory_fifo.inst_fifo/gen_mem_rep[0].inst_xpm_memory   | gen_wr_a.gen_word_narrow.mem_reg | User Attribute | 32 x 1               | RAM32X1D x 1   | 
|inst/i_0/\m02_nodes/m02_w_node/inst /\inst_mi_handler/gen_normal_area.inst_fifo_node_payld/gen_xpm_memory_fifo.inst_fifo/gen_mem_rep[0].inst_xpm_memory                     | gen_wr_a.gen_word_narrow.mem_reg | User Attribute | 32 x 111             | RAM32M x 19    | 
|inst/i_0/\m03_nodes/m03_ar_node/inst /\inst_mi_handler/gen_normal_area.gen_node_prog_full.inst_node_prog_full/gen_xpm_memory_fifo.inst_fifo/gen_mem_rep[0].inst_xpm_memory  | gen_wr_a.gen_word_narrow.mem_reg | User Attribute | 32 x 1               | RAM32X1D x 1   | 
|inst/i_0/\m03_nodes/m03_ar_node/inst /\inst_mi_handler/gen_normal_area.inst_fifo_node_payld/gen_xpm_memory_fifo.inst_fifo/gen_mem_rep[0].inst_xpm_memory                    | gen_wr_a.gen_word_narrow.mem_reg | User Attribute | 32 x 161             | RAM32M x 27    | 
|inst/i_0/\m03_nodes/m03_aw_node/inst /\inst_mi_handler/gen_normal_area.gen_node_prog_full.inst_node_prog_full/gen_xpm_memory_fifo.inst_fifo/gen_mem_rep[0].inst_xpm_memory  | gen_wr_a.gen_word_narrow.mem_reg | User Attribute | 32 x 1               | RAM32X1D x 1   | 
|inst/i_0/\m03_nodes/m03_aw_node/inst /\inst_mi_handler/gen_normal_area.inst_fifo_node_payld/gen_xpm_memory_fifo.inst_fifo/gen_mem_rep[0].inst_xpm_memory                    | gen_wr_a.gen_word_narrow.mem_reg | User Attribute | 32 x 161             | RAM32M x 27    | 
|inst/i_0/\m03_nodes/m03_b_node/inst /\inst_mi_handler/gen_normal_area.gen_fifo_req.inst_fifo_req/gen_xpm_memory_fifo.inst_fifo/gen_mem_rep[0].inst_xpm_memory               | gen_wr_a.gen_word_narrow.mem_reg | User Attribute | 32 x 18              | RAM32M x 3     | 
|inst/i_0/\m03_nodes/m03_b_node/inst /\inst_mi_handler/gen_normal_area.inst_fifo_node_payld/gen_xpm_memory_fifo.inst_fifo/gen_mem_rep[0].inst_xpm_memory                     | gen_wr_a.gen_word_narrow.mem_reg | User Attribute | 32 x 5               | RAM32M x 1     | 
|inst/i_0/\m03_nodes/m03_r_node/inst /\inst_mi_handler/gen_normal_area.gen_fifo_req.inst_fifo_req/gen_xpm_memory_fifo.inst_fifo/gen_mem_rep[0].inst_xpm_memory               | gen_wr_a.gen_word_narrow.mem_reg | User Attribute | 32 x 18              | RAM32M x 3     | 
|inst/i_0/\m03_nodes/m03_r_node/inst /\inst_mi_handler/gen_normal_area.inst_fifo_node_payld/gen_xpm_memory_fifo.inst_fifo/gen_mem_rep[0].inst_xpm_memory                     | gen_wr_a.gen_word_narrow.mem_reg | User Attribute | 32 x 83              | RAM32M x 14    | 
|inst/i_0/\m03_nodes/m03_w_node/inst /\inst_mi_handler/gen_normal_area.gen_node_prog_full.inst_node_prog_full/gen_xpm_memory_fifo.inst_fifo/gen_mem_rep[0].inst_xpm_memory   | gen_wr_a.gen_word_narrow.mem_reg | User Attribute | 32 x 1               | RAM32X1D x 1   | 
|inst/i_0/\m03_nodes/m03_w_node/inst /\inst_mi_handler/gen_normal_area.inst_fifo_node_payld/gen_xpm_memory_fifo.inst_fifo/gen_mem_rep[0].inst_xpm_memory                     | gen_wr_a.gen_word_narrow.mem_reg | User Attribute | 32 x 111             | RAM32M x 19    | 
|inst/i_0/\m04_nodes/m04_ar_node/inst /\inst_mi_handler/gen_normal_area.gen_node_prog_full.inst_node_prog_full/gen_xpm_memory_fifo.inst_fifo/gen_mem_rep[0].inst_xpm_memory  | gen_wr_a.gen_word_narrow.mem_reg | User Attribute | 32 x 1               | RAM32X1D x 1   | 
|inst/i_0/\m04_nodes/m04_ar_node/inst /\inst_mi_handler/gen_normal_area.inst_fifo_node_payld/gen_xpm_memory_fifo.inst_fifo/gen_mem_rep[0].inst_xpm_memory                    | gen_wr_a.gen_word_narrow.mem_reg | User Attribute | 32 x 161             | RAM32M x 27    | 
|inst/i_0/\m04_nodes/m04_aw_node/inst /\inst_mi_handler/gen_normal_area.gen_node_prog_full.inst_node_prog_full/gen_xpm_memory_fifo.inst_fifo/gen_mem_rep[0].inst_xpm_memory  | gen_wr_a.gen_word_narrow.mem_reg | User Attribute | 32 x 1               | RAM32X1D x 1   | 
|inst/i_0/\m04_nodes/m04_aw_node/inst /\inst_mi_handler/gen_normal_area.inst_fifo_node_payld/gen_xpm_memory_fifo.inst_fifo/gen_mem_rep[0].inst_xpm_memory                    | gen_wr_a.gen_word_narrow.mem_reg | User Attribute | 32 x 161             | RAM32M x 27    | 
|inst/i_0/\m04_nodes/m04_b_node/inst /\inst_mi_handler/gen_normal_area.gen_fifo_req.inst_fifo_req/gen_xpm_memory_fifo.inst_fifo/gen_mem_rep[0].inst_xpm_memory               | gen_wr_a.gen_word_narrow.mem_reg | User Attribute | 32 x 18              | RAM32M x 3     | 
|inst/i_0/\m04_nodes/m04_b_node/inst /\inst_mi_handler/gen_normal_area.inst_fifo_node_payld/gen_xpm_memory_fifo.inst_fifo/gen_mem_rep[0].inst_xpm_memory                     | gen_wr_a.gen_word_narrow.mem_reg | User Attribute | 32 x 5               | RAM32M x 1     | 
|inst/i_0/\m04_nodes/m04_r_node/inst /\inst_mi_handler/gen_normal_area.gen_fifo_req.inst_fifo_req/gen_xpm_memory_fifo.inst_fifo/gen_mem_rep[0].inst_xpm_memory               | gen_wr_a.gen_word_narrow.mem_reg | User Attribute | 32 x 18              | RAM32M x 3     | 
|inst/i_0/\m04_nodes/m04_r_node/inst /\inst_mi_handler/gen_normal_area.inst_fifo_node_payld/gen_xpm_memory_fifo.inst_fifo/gen_mem_rep[0].inst_xpm_memory                     | gen_wr_a.gen_word_narrow.mem_reg | User Attribute | 32 x 83              | RAM32M x 14    | 
|inst/i_0/\m04_nodes/m04_w_node/inst /\inst_mi_handler/gen_normal_area.gen_node_prog_full.inst_node_prog_full/gen_xpm_memory_fifo.inst_fifo/gen_mem_rep[0].inst_xpm_memory   | gen_wr_a.gen_word_narrow.mem_reg | User Attribute | 32 x 1               | RAM32X1D x 1   | 
|inst/i_0/\m04_nodes/m04_w_node/inst /\inst_mi_handler/gen_normal_area.inst_fifo_node_payld/gen_xpm_memory_fifo.inst_fifo/gen_mem_rep[0].inst_xpm_memory                     | gen_wr_a.gen_word_narrow.mem_reg | User Attribute | 32 x 111             | RAM32M x 19    | 
|inst/i_1/\m01_nodes/m01_ar_node/inst /\inst_mi_handler/gen_normal_area.gen_node_prog_full.inst_node_prog_full/gen_xpm_memory_fifo.inst_fifo/gen_mem_rep[0].inst_xpm_memory  | gen_wr_a.gen_word_narrow.mem_reg | User Attribute | 32 x 1               | RAM32X1D x 1   | 
|inst/i_1/\m01_nodes/m01_ar_node/inst /\inst_mi_handler/gen_normal_area.inst_fifo_node_payld/gen_xpm_memory_fifo.inst_fifo/gen_mem_rep[0].inst_xpm_memory                    | gen_wr_a.gen_word_narrow.mem_reg | User Attribute | 32 x 161             | RAM32M x 27    | 
|inst/i_1/\m01_nodes/m01_aw_node/inst /\inst_mi_handler/gen_normal_area.gen_node_prog_full.inst_node_prog_full/gen_xpm_memory_fifo.inst_fifo/gen_mem_rep[0].inst_xpm_memory  | gen_wr_a.gen_word_narrow.mem_reg | User Attribute | 32 x 1               | RAM32X1D x 1   | 
|inst/i_1/\m01_nodes/m01_aw_node/inst /\inst_mi_handler/gen_normal_area.inst_fifo_node_payld/gen_xpm_memory_fifo.inst_fifo/gen_mem_rep[0].inst_xpm_memory                    | gen_wr_a.gen_word_narrow.mem_reg | User Attribute | 32 x 161             | RAM32M x 27    | 
|inst/i_1/\m01_nodes/m01_b_node/inst /\inst_mi_handler/gen_normal_area.gen_fifo_req.inst_fifo_req/gen_xpm_memory_fifo.inst_fifo/gen_mem_rep[0].inst_xpm_memory               | gen_wr_a.gen_word_narrow.mem_reg | User Attribute | 32 x 18              | RAM32M x 3     | 
|inst/i_1/\m01_nodes/m01_b_node/inst /\inst_mi_handler/gen_normal_area.inst_fifo_node_payld/gen_xpm_memory_fifo.inst_fifo/gen_mem_rep[0].inst_xpm_memory                     | gen_wr_a.gen_word_narrow.mem_reg | User Attribute | 32 x 5               | RAM32M x 1     | 
|inst/i_1/\m01_nodes/m01_r_node/inst /\inst_mi_handler/gen_normal_area.gen_fifo_req.inst_fifo_req/gen_xpm_memory_fifo.inst_fifo/gen_mem_rep[0].inst_xpm_memory               | gen_wr_a.gen_word_narrow.mem_reg | User Attribute | 32 x 18              | RAM32M x 3     | 
|inst/i_1/\m01_nodes/m01_r_node/inst /\inst_mi_handler/gen_normal_area.inst_fifo_node_payld/gen_xpm_memory_fifo.inst_fifo/gen_mem_rep[0].inst_xpm_memory                     | gen_wr_a.gen_word_narrow.mem_reg | User Attribute | 32 x 83              | RAM32M x 14    | 
|inst/i_1/\m01_nodes/m01_w_node/inst /\inst_mi_handler/gen_normal_area.gen_node_prog_full.inst_node_prog_full/gen_xpm_memory_fifo.inst_fifo/gen_mem_rep[0].inst_xpm_memory   | gen_wr_a.gen_word_narrow.mem_reg | User Attribute | 32 x 1               | RAM32X1D x 1   | 
|inst/i_1/\m01_nodes/m01_w_node/inst /\inst_mi_handler/gen_normal_area.inst_fifo_node_payld/gen_xpm_memory_fifo.inst_fifo/gen_mem_rep[0].inst_xpm_memory                     | gen_wr_a.gen_word_narrow.mem_reg | User Attribute | 32 x 111             | RAM32M x 19    | 
|inst/i_1/\m00_nodes/m00_ar_node/inst /\inst_mi_handler/gen_normal_area.gen_node_prog_full.inst_node_prog_full/gen_xpm_memory_fifo.inst_fifo/gen_mem_rep[0].inst_xpm_memory  | gen_wr_a.gen_word_narrow.mem_reg | User Attribute | 32 x 1               | RAM32X1D x 1   | 
|inst/i_1/\m00_nodes/m00_ar_node/inst /\inst_mi_handler/gen_normal_area.inst_fifo_node_payld/gen_xpm_memory_fifo.inst_fifo/gen_mem_rep[0].inst_xpm_memory                    | gen_wr_a.gen_word_narrow.mem_reg | User Attribute | 32 x 161             | RAM32M x 27    | 
|inst/i_1/\m00_nodes/m00_aw_node/inst /\inst_mi_handler/gen_normal_area.gen_node_prog_full.inst_node_prog_full/gen_xpm_memory_fifo.inst_fifo/gen_mem_rep[0].inst_xpm_memory  | gen_wr_a.gen_word_narrow.mem_reg | User Attribute | 32 x 1               | RAM32X1D x 1   | 
|inst/i_1/\m00_nodes/m00_aw_node/inst /\inst_mi_handler/gen_normal_area.inst_fifo_node_payld/gen_xpm_memory_fifo.inst_fifo/gen_mem_rep[0].inst_xpm_memory                    | gen_wr_a.gen_word_narrow.mem_reg | User Attribute | 32 x 161             | RAM32M x 27    | 
|inst/i_1/\m00_nodes/m00_b_node/inst /\inst_mi_handler/gen_normal_area.gen_fifo_req.inst_fifo_req/gen_xpm_memory_fifo.inst_fifo/gen_mem_rep[0].inst_xpm_memory               | gen_wr_a.gen_word_narrow.mem_reg | User Attribute | 32 x 18              | RAM32M x 3     | 
|inst/i_1/\m00_nodes/m00_b_node/inst /\inst_mi_handler/gen_normal_area.inst_fifo_node_payld/gen_xpm_memory_fifo.inst_fifo/gen_mem_rep[0].inst_xpm_memory                     | gen_wr_a.gen_word_narrow.mem_reg | User Attribute | 32 x 5               | RAM32M x 1     | 
|inst/i_1/\m00_nodes/m00_r_node/inst /\inst_mi_handler/gen_normal_area.gen_fifo_req.inst_fifo_req/gen_xpm_memory_fifo.inst_fifo/gen_mem_rep[0].inst_xpm_memory               | gen_wr_a.gen_word_narrow.mem_reg | User Attribute | 32 x 18              | RAM32M x 3     | 
|inst/i_1/\m00_nodes/m00_r_node/inst /\inst_mi_handler/gen_normal_area.inst_fifo_node_payld/gen_xpm_memory_fifo.inst_fifo/gen_mem_rep[0].inst_xpm_memory                     | gen_wr_a.gen_word_narrow.mem_reg | User Attribute | 32 x 83              | RAM32M x 14    | 
|inst/i_1/\m00_nodes/m00_w_node/inst /\inst_mi_handler/gen_normal_area.gen_node_prog_full.inst_node_prog_full/gen_xpm_memory_fifo.inst_fifo/gen_mem_rep[0].inst_xpm_memory   | gen_wr_a.gen_word_narrow.mem_reg | User Attribute | 32 x 1               | RAM32X1D x 1   | 
|inst/i_1/\m00_nodes/m00_w_node/inst /\inst_mi_handler/gen_normal_area.inst_fifo_node_payld/gen_xpm_memory_fifo.inst_fifo/gen_mem_rep[0].inst_xpm_memory                     | gen_wr_a.gen_word_narrow.mem_reg | User Attribute | 32 x 111             | RAM32M x 19    | 
+----------------------------------------------------------------------------------------------------------------------------------------------------------------------------+----------------------------------+----------------+----------------------+----------------+

Note: The table above is a preliminary report that shows the Distributed RAMs at the current stage of the synthesis flow. Some Distributed RAMs may be reimplemented as non Distributed RAM primitives later in the synthesis flow. Multiple instantiated RAMs are reported only once.
---------------------------------------------------------------------------------
Finished ROM, RAM, DSP and Shift Register Reporting
---------------------------------------------------------------------------------
Finished Applying XDC Timing Constraints : Time (s): cpu = 00:06:03 ; elapsed = 00:06:14 . Memory (MB): peak = 1871.738 ; gain = 1566.703
Finished Timing Optimization : Time (s): cpu = 00:06:11 ; elapsed = 00:06:23 . Memory (MB): peak = 1871.738 ; gain = 1566.703
Finished Technology Mapping : Time (s): cpu = 00:06:37 ; elapsed = 00:06:51 . Memory (MB): peak = 1871.738 ; gain = 1566.703
Finished IO Insertion : Time (s): cpu = 00:06:41 ; elapsed = 00:06:55 . Memory (MB): peak = 1871.738 ; gain = 1566.703
Finished Renaming Generated Instances : Time (s): cpu = 00:06:41 ; elapsed = 00:06:55 . Memory (MB): peak = 1871.738 ; gain = 1566.703
Finished Rebuilding User Hierarchy : Time (s): cpu = 00:06:47 ; elapsed = 00:07:01 . Memory (MB): peak = 1871.738 ; gain = 1566.703
Finished Renaming Generated Ports : Time (s): cpu = 00:06:48 ; elapsed = 00:07:01 . Memory (MB): peak = 1871.738 ; gain = 1566.703
Finished Handling Custom Attributes : Time (s): cpu = 00:06:49 ; elapsed = 00:07:03 . Memory (MB): peak = 1871.738 ; gain = 1566.703
Finished Renaming Generated Nets : Time (s): cpu = 00:06:49 ; elapsed = 00:07:03 . Memory (MB): peak = 1871.738 ; gain = 1566.703

Report Cell Usage: 
+------+---------+------+
|      |Cell     |Count |
+------+---------+------+
|1     |CARRY4   |    20|
|2     |LUT1     |   397|
|3     |LUT2     |  2711|
|4     |LUT3     |   622|
|5     |LUT4     |  2292|
|6     |LUT5     |   871|
|7     |LUT6     |  2107|
|8     |MUXF7    |    86|
|9     |RAM32M   |   663|
|10    |RAM32X1D |    20|
|11    |SRL16    |     1|
|12    |SRLC32E  |   126|
|13    |FDR      |     4|
|14    |FDRE     |  7815|
|15    |FDSE     |   275|
+------+---------+------+
Finished Writing Synthesis Report : Time (s): cpu = 00:06:49 ; elapsed = 00:07:03 . Memory (MB): peak = 1871.738 ; gain = 1566.703
synth_design: Time (s): cpu = 00:07:11 ; elapsed = 00:07:25 . Memory (MB): peak = 1871.738 ; gain = 1574.359
write_checkpoint: Time (s): cpu = 00:00:12 ; elapsed = 00:00:09 . Memory (MB): peak = 1871.738 ; gain = 0.000
write_verilog: Time (s): cpu = 00:00:04 ; elapsed = 00:00:05 . Memory (MB): peak = 1871.738 ; gain = 0.000
write_vhdl: Time (s): cpu = 00:00:07 ; elapsed = 00:00:07 . Memory (MB): peak = 1871.738 ; gain = 0.000
