
*** Running vivado
    with args -log system_axi_smc_1.vds -m64 -product Vivado -mode batch -messageDb vivado.pb -notrace -source system_axi_smc_1.tcl


****** Vivado v2017.2 (64-bit)
  **** SW Build 1909853 on Thu Jun 15 18:39:09 MDT 2017
  **** IP Build 1909766 on Thu Jun 15 19:58:00 MDT 2017
    ** Copyright 1986-2017 Xilinx, Inc. All Rights Reserved.

source system_axi_smc_1.tcl -notrace
Starting RTL Elaboration : Time (s): cpu = 00:00:11 ; elapsed = 00:00:13 . Memory (MB): peak = 394.234 ; gain = 98.082
INFO: [Synth 8-638] synthesizing module 'system_axi_smc_1' [c:/xup/fpga_flow/TFMV2/TFM_GE/TFM_GE.srcs/sources_1/bd/system/ip/system_axi_smc_1/synth/system_axi_smc_1.v:57]
INFO: [Synth 8-638] synthesizing module 'bd_8422' [c:/xup/fpga_flow/TFMV2/TFM_GE/TFM_GE.srcs/sources_1/bd/system/ip/system_axi_smc_1/bd_0/hdl/bd_8422.v:13]
INFO: [Synth 8-638] synthesizing module 'clk_map_imp_6WUBGP' [c:/xup/fpga_flow/TFMV2/TFM_GE/TFM_GE.srcs/sources_1/bd/system/ip/system_axi_smc_1/bd_0/hdl/bd_8422.v:1810]
INFO: [Synth 8-638] synthesizing module 'bd_8422_one_2' [c:/xup/fpga_flow/TFMV2/TFM_GE/TFM_GE.srcs/sources_1/bd/system/ip/system_axi_smc_1/bd_0/ip/ip_74/synth/bd_8422_one_2.v:57]
INFO: [Synth 8-638] synthesizing module 'xlconstant_v1_1_3_xlconstant' [c:/xup/fpga_flow/TFMV2/TFM_GE/TFM_GE.srcs/sources_1/bd/system/ipshared/45df/hdl/xlconstant_v1_1_vl_rfs.v:23]
INFO: [Synth 8-256] done synthesizing module 'xlconstant_v1_1_3_xlconstant' (1#1) [c:/xup/fpga_flow/TFMV2/TFM_GE/TFM_GE.srcs/sources_1/bd/system/ipshared/45df/hdl/xlconstant_v1_1_vl_rfs.v:23]
INFO: [Synth 8-256] done synthesizing module 'bd_8422_one_2' (2#1) [c:/xup/fpga_flow/TFMV2/TFM_GE/TFM_GE.srcs/sources_1/bd/system/ip/system_axi_smc_1/bd_0/ip/ip_74/synth/bd_8422_one_2.v:57]
INFO: [Synth 8-638] synthesizing module 'bd_8422_psr_aclk_2' [c:/xup/fpga_flow/TFMV2/TFM_GE/TFM_GE.srcs/sources_1/bd/system/ip/system_axi_smc_1/bd_0/ip/ip_75/synth/bd_8422_psr_aclk_2.vhd:74]
INFO: [Synth 8-638] synthesizing module 'proc_sys_reset' [c:/xup/fpga_flow/TFMV2/TFM_GE/TFM_GE.srcs/sources_1/bd/system/ipshared/5db7/hdl/proc_sys_reset_v5_0_vh_rfs.vhd:1323]
INFO: [Synth 8-638] synthesizing module 'lpf' [c:/xup/fpga_flow/TFMV2/TFM_GE/TFM_GE.srcs/sources_1/bd/system/ipshared/5db7/hdl/proc_sys_reset_v5_0_vh_rfs.vhd:816]
INFO: [Synth 8-638] synthesizing module 'SRL16' [C:/XILINX/Vivado/2017.2/scripts/rt/data/unisim_comp.v:43657]
INFO: [Synth 8-256] done synthesizing module 'SRL16' (3#1) [C:/XILINX/Vivado/2017.2/scripts/rt/data/unisim_comp.v:43657]
INFO: [Synth 8-638] synthesizing module 'cdc_sync' [c:/xup/fpga_flow/TFMV2/TFM_GE/TFM_GE.srcs/sources_1/bd/system/ipshared/52cb/hdl/lib_cdc_v1_0_rfs.vhd:106]
INFO: [Synth 8-256] done synthesizing module 'cdc_sync' (4#1) [c:/xup/fpga_flow/TFMV2/TFM_GE/TFM_GE.srcs/sources_1/bd/system/ipshared/52cb/hdl/lib_cdc_v1_0_rfs.vhd:106]
INFO: [Synth 8-256] done synthesizing module 'lpf' (5#1) [c:/xup/fpga_flow/TFMV2/TFM_GE/TFM_GE.srcs/sources_1/bd/system/ipshared/5db7/hdl/proc_sys_reset_v5_0_vh_rfs.vhd:816]
INFO: [Synth 8-638] synthesizing module 'sequence_psr' [c:/xup/fpga_flow/TFMV2/TFM_GE/TFM_GE.srcs/sources_1/bd/system/ipshared/5db7/hdl/proc_sys_reset_v5_0_vh_rfs.vhd:301]
INFO: [Synth 8-638] synthesizing module 'upcnt_n' [c:/xup/fpga_flow/TFMV2/TFM_GE/TFM_GE.srcs/sources_1/bd/system/ipshared/5db7/hdl/proc_sys_reset_v5_0_vh_rfs.vhd:125]
INFO: [Synth 8-256] done synthesizing module 'upcnt_n' (6#1) [c:/xup/fpga_flow/TFMV2/TFM_GE/TFM_GE.srcs/sources_1/bd/system/ipshared/5db7/hdl/proc_sys_reset_v5_0_vh_rfs.vhd:125]
INFO: [Synth 8-256] done synthesizing module 'sequence_psr' (7#1) [c:/xup/fpga_flow/TFMV2/TFM_GE/TFM_GE.srcs/sources_1/bd/system/ipshared/5db7/hdl/proc_sys_reset_v5_0_vh_rfs.vhd:301]
INFO: [Synth 8-256] done synthesizing module 'proc_sys_reset' (8#1) [c:/xup/fpga_flow/TFMV2/TFM_GE/TFM_GE.srcs/sources_1/bd/system/ipshared/5db7/hdl/proc_sys_reset_v5_0_vh_rfs.vhd:1323]
INFO: [Synth 8-256] done synthesizing module 'bd_8422_psr_aclk_2' (9#1) [c:/xup/fpga_flow/TFMV2/TFM_GE/TFM_GE.srcs/sources_1/bd/system/ip/system_axi_smc_1/bd_0/ip/ip_75/synth/bd_8422_psr_aclk_2.vhd:74]
INFO: [Synth 8-256] done synthesizing module 'clk_map_imp_6WUBGP' (10#1) [c:/xup/fpga_flow/TFMV2/TFM_GE/TFM_GE.srcs/sources_1/bd/system/ip/system_axi_smc_1/bd_0/hdl/bd_8422.v:1810]
INFO: [Synth 8-638] synthesizing module 'm00_exit_pipeline_imp_1Q88AC2' [c:/xup/fpga_flow/TFMV2/TFM_GE/TFM_GE.srcs/sources_1/bd/system/ip/system_axi_smc_1/bd_0/hdl/bd_8422.v:1866]
INFO: [Synth 8-638] synthesizing module 'bd_8422_m00e_2' [c:/xup/fpga_flow/TFMV2/TFM_GE/TFM_GE.srcs/sources_1/bd/system/ip/system_axi_smc_1/bd_0/ip/ip_96/synth/bd_8422_m00e_2.sv:58]
INFO: [Synth 8-256] done synthesizing module 'bd_8422_m00e_2' (25#1) [c:/xup/fpga_flow/TFMV2/TFM_GE/TFM_GE.srcs/sources_1/bd/system/ip/system_axi_smc_1/bd_0/ip/ip_96/synth/bd_8422_m00e_2.sv:58]
INFO: [Synth 8-256] done synthesizing module 'm00_exit_pipeline_imp_1Q88AC2' (26#1) [c:/xup/fpga_flow/TFMV2/TFM_GE/TFM_GE.srcs/sources_1/bd/system/ip/system_axi_smc_1/bd_0/hdl/bd_8422.v:1866]
INFO: [Synth 8-638] synthesizing module 'm00_nodes_imp_1CYJ5A6' [c:/xup/fpga_flow/TFMV2/TFM_GE/TFM_GE.srcs/sources_1/bd/system/ip/system_axi_smc_1/bd_0/hdl/bd_8422.v:2237]
INFO: [Synth 8-638] synthesizing module 'bd_8422_m00arn_2' [c:/xup/fpga_flow/TFMV2/TFM_GE/TFM_GE.srcs/sources_1/bd/system/ip/system_axi_smc_1/bd_0/ip/ip_91/synth/bd_8422_m00arn_2.sv:58]
INFO: [Synth 8-638] synthesizing module 'xpm_memory_base' [C:/XILINX/Vivado/2017.2/data/ip/xpm/xpm_memory/hdl/xpm_memory.sv:58]
INFO: [Synth 8-256] done synthesizing module 'xpm_memory_base' (30#1) [C:/XILINX/Vivado/2017.2/data/ip/xpm/xpm_memory/hdl/xpm_memory.sv:58]
INFO: [Synth 8-638] synthesizing module 'xpm_memory_base__parameterized0' [C:/XILINX/Vivado/2017.2/data/ip/xpm/xpm_memory/hdl/xpm_memory.sv:58]
INFO: [Synth 8-256] done synthesizing module 'xpm_memory_base__parameterized0' (34#1) [C:/XILINX/Vivado/2017.2/data/ip/xpm/xpm_memory/hdl/xpm_memory.sv:58]
INFO: [Synth 8-256] done synthesizing module 'bd_8422_m00arn_2' (40#1) [c:/xup/fpga_flow/TFMV2/TFM_GE/TFM_GE.srcs/sources_1/bd/system/ip/system_axi_smc_1/bd_0/ip/ip_91/synth/bd_8422_m00arn_2.sv:58]
INFO: [Synth 8-638] synthesizing module 'bd_8422_m00awn_2' [c:/xup/fpga_flow/TFMV2/TFM_GE/TFM_GE.srcs/sources_1/bd/system/ip/system_axi_smc_1/bd_0/ip/ip_93/synth/bd_8422_m00awn_2.sv:58]
INFO: [Synth 8-256] done synthesizing module 'bd_8422_m00awn_2' (41#1) [c:/xup/fpga_flow/TFMV2/TFM_GE/TFM_GE.srcs/sources_1/bd/system/ip/system_axi_smc_1/bd_0/ip/ip_93/synth/bd_8422_m00awn_2.sv:58]
INFO: [Synth 8-638] synthesizing module 'bd_8422_m00bn_2' [c:/xup/fpga_flow/TFMV2/TFM_GE/TFM_GE.srcs/sources_1/bd/system/ip/system_axi_smc_1/bd_0/ip/ip_95/synth/bd_8422_m00bn_2.sv:58]
INFO: [Synth 8-638] synthesizing module 'xpm_memory_base__parameterized1' [C:/XILINX/Vivado/2017.2/data/ip/xpm/xpm_memory/hdl/xpm_memory.sv:58]
INFO: [Synth 8-256] done synthesizing module 'xpm_memory_base__parameterized1' (41#1) [C:/XILINX/Vivado/2017.2/data/ip/xpm/xpm_memory/hdl/xpm_memory.sv:58]
INFO: [Synth 8-638] synthesizing module 'xpm_memory_base__parameterized2' [C:/XILINX/Vivado/2017.2/data/ip/xpm/xpm_memory/hdl/xpm_memory.sv:58]
INFO: [Synth 8-256] done synthesizing module 'xpm_memory_base__parameterized2' (41#1) [C:/XILINX/Vivado/2017.2/data/ip/xpm/xpm_memory/hdl/xpm_memory.sv:58]
INFO: [Synth 8-256] done synthesizing module 'bd_8422_m00bn_2' (42#1) [c:/xup/fpga_flow/TFMV2/TFM_GE/TFM_GE.srcs/sources_1/bd/system/ip/system_axi_smc_1/bd_0/ip/ip_95/synth/bd_8422_m00bn_2.sv:58]
INFO: [Synth 8-638] synthesizing module 'bd_8422_m00rn_2' [c:/xup/fpga_flow/TFMV2/TFM_GE/TFM_GE.srcs/sources_1/bd/system/ip/system_axi_smc_1/bd_0/ip/ip_92/synth/bd_8422_m00rn_2.sv:58]
INFO: [Synth 8-638] synthesizing module 'xpm_memory_base__parameterized3' [C:/XILINX/Vivado/2017.2/data/ip/xpm/xpm_memory/hdl/xpm_memory.sv:58]
INFO: [Synth 8-256] done synthesizing module 'xpm_memory_base__parameterized3' (42#1) [C:/XILINX/Vivado/2017.2/data/ip/xpm/xpm_memory/hdl/xpm_memory.sv:58]
INFO: [Synth 8-256] done synthesizing module 'bd_8422_m00rn_2' (43#1) [c:/xup/fpga_flow/TFMV2/TFM_GE/TFM_GE.srcs/sources_1/bd/system/ip/system_axi_smc_1/bd_0/ip/ip_92/synth/bd_8422_m00rn_2.sv:58]
INFO: [Synth 8-638] synthesizing module 'bd_8422_m00wn_2' [c:/xup/fpga_flow/TFMV2/TFM_GE/TFM_GE.srcs/sources_1/bd/system/ip/system_axi_smc_1/bd_0/ip/ip_94/synth/bd_8422_m00wn_2.sv:58]
INFO: [Synth 8-638] synthesizing module 'xpm_memory_base__parameterized4' [C:/XILINX/Vivado/2017.2/data/ip/xpm/xpm_memory/hdl/xpm_memory.sv:58]
INFO: [Synth 8-256] done synthesizing module 'xpm_memory_base__parameterized4' (43#1) [C:/XILINX/Vivado/2017.2/data/ip/xpm/xpm_memory/hdl/xpm_memory.sv:58]
INFO: [Synth 8-256] done synthesizing module 'bd_8422_m00wn_2' (44#1) [c:/xup/fpga_flow/TFMV2/TFM_GE/TFM_GE.srcs/sources_1/bd/system/ip/system_axi_smc_1/bd_0/ip/ip_94/synth/bd_8422_m00wn_2.sv:58]
INFO: [Synth 8-256] done synthesizing module 'm00_nodes_imp_1CYJ5A6' (45#1) [c:/xup/fpga_flow/TFMV2/TFM_GE/TFM_GE.srcs/sources_1/bd/system/ip/system_axi_smc_1/bd_0/hdl/bd_8422.v:2237]
INFO: [Synth 8-638] synthesizing module 'bd_8422_m00s2a_2' [c:/xup/fpga_flow/TFMV2/TFM_GE/TFM_GE.srcs/sources_1/bd/system/ip/system_axi_smc_1/bd_0/ip/ip_90/synth/bd_8422_m00s2a_2.sv:58]
INFO: [Synth 8-256] done synthesizing module 'bd_8422_m00s2a_2' (47#1) [c:/xup/fpga_flow/TFMV2/TFM_GE/TFM_GE.srcs/sources_1/bd/system/ip/system_axi_smc_1/bd_0/ip/ip_90/synth/bd_8422_m00s2a_2.sv:58]
INFO: [Synth 8-638] synthesizing module 'm01_exit_pipeline_imp_1WNJAFM' [c:/xup/fpga_flow/TFMV2/TFM_GE/TFM_GE.srcs/sources_1/bd/system/ip/system_axi_smc_1/bd_0/hdl/bd_8422.v:2533]
INFO: [Synth 8-638] synthesizing module 'bd_8422_m01e_2' [c:/xup/fpga_flow/TFMV2/TFM_GE/TFM_GE.srcs/sources_1/bd/system/ip/system_axi_smc_1/bd_0/ip/ip_103/synth/bd_8422_m01e_2.sv:58]
INFO: [Synth 8-256] done synthesizing module 'bd_8422_m01e_2' (48#1) [c:/xup/fpga_flow/TFMV2/TFM_GE/TFM_GE.srcs/sources_1/bd/system/ip/system_axi_smc_1/bd_0/ip/ip_103/synth/bd_8422_m01e_2.sv:58]
INFO: [Synth 8-256] done synthesizing module 'm01_exit_pipeline_imp_1WNJAFM' (49#1) [c:/xup/fpga_flow/TFMV2/TFM_GE/TFM_GE.srcs/sources_1/bd/system/ip/system_axi_smc_1/bd_0/hdl/bd_8422.v:2533]
INFO: [Synth 8-638] synthesizing module 'm01_nodes_imp_CMC3D4' [c:/xup/fpga_flow/TFMV2/TFM_GE/TFM_GE.srcs/sources_1/bd/system/ip/system_axi_smc_1/bd_0/hdl/bd_8422.v:2904]
INFO: [Synth 8-638] synthesizing module 'bd_8422_m01arn_2' [c:/xup/fpga_flow/TFMV2/TFM_GE/TFM_GE.srcs/sources_1/bd/system/ip/system_axi_smc_1/bd_0/ip/ip_98/synth/bd_8422_m01arn_2.sv:58]
INFO: [Synth 8-256] done synthesizing module 'bd_8422_m01arn_2' (50#1) [c:/xup/fpga_flow/TFMV2/TFM_GE/TFM_GE.srcs/sources_1/bd/system/ip/system_axi_smc_1/bd_0/ip/ip_98/synth/bd_8422_m01arn_2.sv:58]
INFO: [Synth 8-638] synthesizing module 'bd_8422_m01awn_2' [c:/xup/fpga_flow/TFMV2/TFM_GE/TFM_GE.srcs/sources_1/bd/system/ip/system_axi_smc_1/bd_0/ip/ip_100/synth/bd_8422_m01awn_2.sv:58]
INFO: [Synth 8-256] done synthesizing module 'bd_8422_m01awn_2' (51#1) [c:/xup/fpga_flow/TFMV2/TFM_GE/TFM_GE.srcs/sources_1/bd/system/ip/system_axi_smc_1/bd_0/ip/ip_100/synth/bd_8422_m01awn_2.sv:58]
INFO: [Synth 8-638] synthesizing module 'bd_8422_m01bn_2' [c:/xup/fpga_flow/TFMV2/TFM_GE/TFM_GE.srcs/sources_1/bd/system/ip/system_axi_smc_1/bd_0/ip/ip_102/synth/bd_8422_m01bn_2.sv:58]
INFO: [Synth 8-256] done synthesizing module 'bd_8422_m01bn_2' (52#1) [c:/xup/fpga_flow/TFMV2/TFM_GE/TFM_GE.srcs/sources_1/bd/system/ip/system_axi_smc_1/bd_0/ip/ip_102/synth/bd_8422_m01bn_2.sv:58]
INFO: [Synth 8-638] synthesizing module 'bd_8422_m01rn_2' [c:/xup/fpga_flow/TFMV2/TFM_GE/TFM_GE.srcs/sources_1/bd/system/ip/system_axi_smc_1/bd_0/ip/ip_99/synth/bd_8422_m01rn_2.sv:58]
INFO: [Synth 8-256] done synthesizing module 'bd_8422_m01rn_2' (55#1) [c:/xup/fpga_flow/TFMV2/TFM_GE/TFM_GE.srcs/sources_1/bd/system/ip/system_axi_smc_1/bd_0/ip/ip_99/synth/bd_8422_m01rn_2.sv:58]
INFO: [Synth 8-638] synthesizing module 'bd_8422_m01wn_2' [c:/xup/fpga_flow/TFMV2/TFM_GE/TFM_GE.srcs/sources_1/bd/system/ip/system_axi_smc_1/bd_0/ip/ip_101/synth/bd_8422_m01wn_2.sv:58]
INFO: [Synth 8-256] done synthesizing module 'bd_8422_m01wn_2' (57#1) [c:/xup/fpga_flow/TFMV2/TFM_GE/TFM_GE.srcs/sources_1/bd/system/ip/system_axi_smc_1/bd_0/ip/ip_101/synth/bd_8422_m01wn_2.sv:58]
INFO: [Synth 8-256] done synthesizing module 'm01_nodes_imp_CMC3D4' (58#1) [c:/xup/fpga_flow/TFMV2/TFM_GE/TFM_GE.srcs/sources_1/bd/system/ip/system_axi_smc_1/bd_0/hdl/bd_8422.v:2904]
INFO: [Synth 8-638] synthesizing module 'bd_8422_m01s2a_2' [c:/xup/fpga_flow/TFMV2/TFM_GE/TFM_GE.srcs/sources_1/bd/system/ip/system_axi_smc_1/bd_0/ip/ip_97/synth/bd_8422_m01s2a_2.sv:58]
INFO: [Synth 8-256] done synthesizing module 'bd_8422_m01s2a_2' (59#1) [c:/xup/fpga_flow/TFMV2/TFM_GE/TFM_GE.srcs/sources_1/bd/system/ip/system_axi_smc_1/bd_0/ip/ip_97/synth/bd_8422_m01s2a_2.sv:58]
INFO: [Synth 8-638] synthesizing module 'm02_exit_pipeline_imp_1L6JVF6' [c:/xup/fpga_flow/TFMV2/TFM_GE/TFM_GE.srcs/sources_1/bd/system/ip/system_axi_smc_1/bd_0/hdl/bd_8422.v:3200]
INFO: [Synth 8-638] synthesizing module 'bd_8422_m02e_2' [c:/xup/fpga_flow/TFMV2/TFM_GE/TFM_GE.srcs/sources_1/bd/system/ip/system_axi_smc_1/bd_0/ip/ip_110/synth/bd_8422_m02e_2.sv:58]
INFO: [Synth 8-256] done synthesizing module 'bd_8422_m02e_2' (60#1) [c:/xup/fpga_flow/TFMV2/TFM_GE/TFM_GE.srcs/sources_1/bd/system/ip/system_axi_smc_1/bd_0/ip/ip_110/synth/bd_8422_m02e_2.sv:58]
INFO: [Synth 8-256] done synthesizing module 'm02_exit_pipeline_imp_1L6JVF6' (61#1) [c:/xup/fpga_flow/TFMV2/TFM_GE/TFM_GE.srcs/sources_1/bd/system/ip/system_axi_smc_1/bd_0/hdl/bd_8422.v:3200]
INFO: [Synth 8-638] synthesizing module 'm02_nodes_imp_MI7W0J' [c:/xup/fpga_flow/TFMV2/TFM_GE/TFM_GE.srcs/sources_1/bd/system/ip/system_axi_smc_1/bd_0/hdl/bd_8422.v:3571]
INFO: [Synth 8-638] synthesizing module 'bd_8422_m02arn_2' [c:/xup/fpga_flow/TFMV2/TFM_GE/TFM_GE.srcs/sources_1/bd/system/ip/system_axi_smc_1/bd_0/ip/ip_105/synth/bd_8422_m02arn_2.sv:58]
INFO: [Synth 8-256] done synthesizing module 'bd_8422_m02arn_2' (62#1) [c:/xup/fpga_flow/TFMV2/TFM_GE/TFM_GE.srcs/sources_1/bd/system/ip/system_axi_smc_1/bd_0/ip/ip_105/synth/bd_8422_m02arn_2.sv:58]
INFO: [Synth 8-638] synthesizing module 'bd_8422_m02awn_2' [c:/xup/fpga_flow/TFMV2/TFM_GE/TFM_GE.srcs/sources_1/bd/system/ip/system_axi_smc_1/bd_0/ip/ip_107/synth/bd_8422_m02awn_2.sv:58]
INFO: [Synth 8-256] done synthesizing module 'bd_8422_m02awn_2' (63#1) [c:/xup/fpga_flow/TFMV2/TFM_GE/TFM_GE.srcs/sources_1/bd/system/ip/system_axi_smc_1/bd_0/ip/ip_107/synth/bd_8422_m02awn_2.sv:58]
INFO: [Synth 8-638] synthesizing module 'bd_8422_m02bn_2' [c:/xup/fpga_flow/TFMV2/TFM_GE/TFM_GE.srcs/sources_1/bd/system/ip/system_axi_smc_1/bd_0/ip/ip_109/synth/bd_8422_m02bn_2.sv:58]
INFO: [Synth 8-256] done synthesizing module 'bd_8422_m02bn_2' (64#1) [c:/xup/fpga_flow/TFMV2/TFM_GE/TFM_GE.srcs/sources_1/bd/system/ip/system_axi_smc_1/bd_0/ip/ip_109/synth/bd_8422_m02bn_2.sv:58]
INFO: [Synth 8-638] synthesizing module 'bd_8422_m02rn_2' [c:/xup/fpga_flow/TFMV2/TFM_GE/TFM_GE.srcs/sources_1/bd/system/ip/system_axi_smc_1/bd_0/ip/ip_106/synth/bd_8422_m02rn_2.sv:58]
INFO: [Synth 8-256] done synthesizing module 'bd_8422_m02rn_2' (65#1) [c:/xup/fpga_flow/TFMV2/TFM_GE/TFM_GE.srcs/sources_1/bd/system/ip/system_axi_smc_1/bd_0/ip/ip_106/synth/bd_8422_m02rn_2.sv:58]
INFO: [Synth 8-638] synthesizing module 'bd_8422_m02wn_2' [c:/xup/fpga_flow/TFMV2/TFM_GE/TFM_GE.srcs/sources_1/bd/system/ip/system_axi_smc_1/bd_0/ip/ip_108/synth/bd_8422_m02wn_2.sv:58]
INFO: [Synth 8-256] done synthesizing module 'bd_8422_m02wn_2' (66#1) [c:/xup/fpga_flow/TFMV2/TFM_GE/TFM_GE.srcs/sources_1/bd/system/ip/system_axi_smc_1/bd_0/ip/ip_108/synth/bd_8422_m02wn_2.sv:58]
INFO: [Synth 8-256] done synthesizing module 'm02_nodes_imp_MI7W0J' (67#1) [c:/xup/fpga_flow/TFMV2/TFM_GE/TFM_GE.srcs/sources_1/bd/system/ip/system_axi_smc_1/bd_0/hdl/bd_8422.v:3571]
INFO: [Synth 8-638] synthesizing module 'bd_8422_m02s2a_2' [c:/xup/fpga_flow/TFMV2/TFM_GE/TFM_GE.srcs/sources_1/bd/system/ip/system_axi_smc_1/bd_0/ip/ip_104/synth/bd_8422_m02s2a_2.sv:58]
INFO: [Synth 8-256] done synthesizing module 'bd_8422_m02s2a_2' (68#1) [c:/xup/fpga_flow/TFMV2/TFM_GE/TFM_GE.srcs/sources_1/bd/system/ip/system_axi_smc_1/bd_0/ip/ip_104/synth/bd_8422_m02s2a_2.sv:58]
INFO: [Synth 8-638] synthesizing module 'bd_8422_s00a2s_2' [c:/xup/fpga_flow/TFMV2/TFM_GE/TFM_GE.srcs/sources_1/bd/system/ip/system_axi_smc_1/bd_0/ip/ip_84/synth/bd_8422_s00a2s_2.sv:58]
INFO: [Synth 8-256] done synthesizing module 'bd_8422_s00a2s_2' (70#1) [c:/xup/fpga_flow/TFMV2/TFM_GE/TFM_GE.srcs/sources_1/bd/system/ip/system_axi_smc_1/bd_0/ip/ip_84/synth/bd_8422_s00a2s_2.sv:58]
INFO: [Synth 8-638] synthesizing module 's00_entry_pipeline_imp_RL83TD' [c:/xup/fpga_flow/TFMV2/TFM_GE/TFM_GE.srcs/sources_1/bd/system/ip/system_axi_smc_1/bd_0/hdl/bd_8422.v:3867]
INFO: [Synth 8-638] synthesizing module 'bd_8422_s00mmu_2' [c:/xup/fpga_flow/TFMV2/TFM_GE/TFM_GE.srcs/sources_1/bd/system/ip/system_axi_smc_1/bd_0/ip/ip_81/synth/bd_8422_s00mmu_2.sv:58]
INFO: [Synth 8-256] done synthesizing module 'bd_8422_s00mmu_2' (74#1) [c:/xup/fpga_flow/TFMV2/TFM_GE/TFM_GE.srcs/sources_1/bd/system/ip/system_axi_smc_1/bd_0/ip/ip_81/synth/bd_8422_s00mmu_2.sv:58]
INFO: [Synth 8-638] synthesizing module 'bd_8422_s00sic_2' [c:/xup/fpga_flow/TFMV2/TFM_GE/TFM_GE.srcs/sources_1/bd/system/ip/system_axi_smc_1/bd_0/ip/ip_83/synth/bd_8422_s00sic_2.sv:58]
INFO: [Synth 8-256] done synthesizing module 'bd_8422_s00sic_2' (77#1) [c:/xup/fpga_flow/TFMV2/TFM_GE/TFM_GE.srcs/sources_1/bd/system/ip/system_axi_smc_1/bd_0/ip/ip_83/synth/bd_8422_s00sic_2.sv:58]
INFO: [Synth 8-638] synthesizing module 'bd_8422_s00tr_2' [c:/xup/fpga_flow/TFMV2/TFM_GE/TFM_GE.srcs/sources_1/bd/system/ip/system_axi_smc_1/bd_0/ip/ip_82/synth/bd_8422_s00tr_2.sv:58]
INFO: [Synth 8-256] done synthesizing module 'bd_8422_s00tr_2' (80#1) [c:/xup/fpga_flow/TFMV2/TFM_GE/TFM_GE.srcs/sources_1/bd/system/ip/system_axi_smc_1/bd_0/ip/ip_82/synth/bd_8422_s00tr_2.sv:58]
INFO: [Synth 8-256] done synthesizing module 's00_entry_pipeline_imp_RL83TD' (81#1) [c:/xup/fpga_flow/TFMV2/TFM_GE/TFM_GE.srcs/sources_1/bd/system/ip/system_axi_smc_1/bd_0/hdl/bd_8422.v:3867]
INFO: [Synth 8-638] synthesizing module 's00_nodes_imp_WZ0QX7' [c:/xup/fpga_flow/TFMV2/TFM_GE/TFM_GE.srcs/sources_1/bd/system/ip/system_axi_smc_1/bd_0/hdl/bd_8422.v:4472]
INFO: [Synth 8-638] synthesizing module 'bd_8422_sarn_2' [c:/xup/fpga_flow/TFMV2/TFM_GE/TFM_GE.srcs/sources_1/bd/system/ip/system_axi_smc_1/bd_0/ip/ip_85/synth/bd_8422_sarn_2.sv:58]
INFO: [Synth 8-638] synthesizing module 'xpm_memory_base__parameterized5' [C:/XILINX/Vivado/2017.2/data/ip/xpm/xpm_memory/hdl/xpm_memory.sv:58]
INFO: [Synth 8-256] done synthesizing module 'xpm_memory_base__parameterized5' (81#1) [C:/XILINX/Vivado/2017.2/data/ip/xpm/xpm_memory/hdl/xpm_memory.sv:58]
INFO: [Synth 8-638] synthesizing module 'xpm_memory_base__parameterized6' [C:/XILINX/Vivado/2017.2/data/ip/xpm/xpm_memory/hdl/xpm_memory.sv:58]
INFO: [Synth 8-256] done synthesizing module 'xpm_memory_base__parameterized6' (81#1) [C:/XILINX/Vivado/2017.2/data/ip/xpm/xpm_memory/hdl/xpm_memory.sv:58]
INFO: [Synth 8-256] done synthesizing module 'bd_8422_sarn_2' (82#1) [c:/xup/fpga_flow/TFMV2/TFM_GE/TFM_GE.srcs/sources_1/bd/system/ip/system_axi_smc_1/bd_0/ip/ip_85/synth/bd_8422_sarn_2.sv:58]
INFO: [Synth 8-638] synthesizing module 'bd_8422_sawn_2' [c:/xup/fpga_flow/TFMV2/TFM_GE/TFM_GE.srcs/sources_1/bd/system/ip/system_axi_smc_1/bd_0/ip/ip_87/synth/bd_8422_sawn_2.sv:58]
INFO: [Synth 8-256] done synthesizing module 'bd_8422_sawn_2' (83#1) [c:/xup/fpga_flow/TFMV2/TFM_GE/TFM_GE.srcs/sources_1/bd/system/ip/system_axi_smc_1/bd_0/ip/ip_87/synth/bd_8422_sawn_2.sv:58]
INFO: [Synth 8-638] synthesizing module 'bd_8422_sbn_2' [c:/xup/fpga_flow/TFMV2/TFM_GE/TFM_GE.srcs/sources_1/bd/system/ip/system_axi_smc_1/bd_0/ip/ip_89/synth/bd_8422_sbn_2.sv:58]
INFO: [Synth 8-638] synthesizing module 'xpm_memory_base__parameterized7' [C:/XILINX/Vivado/2017.2/data/ip/xpm/xpm_memory/hdl/xpm_memory.sv:58]
INFO: [Synth 8-256] done synthesizing module 'xpm_memory_base__parameterized7' (84#1) [C:/XILINX/Vivado/2017.2/data/ip/xpm/xpm_memory/hdl/xpm_memory.sv:58]
INFO: [Synth 8-256] done synthesizing module 'bd_8422_sbn_2' (85#1) [c:/xup/fpga_flow/TFMV2/TFM_GE/TFM_GE.srcs/sources_1/bd/system/ip/system_axi_smc_1/bd_0/ip/ip_89/synth/bd_8422_sbn_2.sv:58]
INFO: [Synth 8-638] synthesizing module 'bd_8422_srn_2' [c:/xup/fpga_flow/TFMV2/TFM_GE/TFM_GE.srcs/sources_1/bd/system/ip/system_axi_smc_1/bd_0/ip/ip_86/synth/bd_8422_srn_2.sv:58]
INFO: [Synth 8-638] synthesizing module 'xpm_memory_base__parameterized8' [C:/XILINX/Vivado/2017.2/data/ip/xpm/xpm_memory/hdl/xpm_memory.sv:58]
INFO: [Synth 8-256] done synthesizing module 'xpm_memory_base__parameterized8' (85#1) [C:/XILINX/Vivado/2017.2/data/ip/xpm/xpm_memory/hdl/xpm_memory.sv:58]
INFO: [Synth 8-256] done synthesizing module 'bd_8422_srn_2' (86#1) [c:/xup/fpga_flow/TFMV2/TFM_GE/TFM_GE.srcs/sources_1/bd/system/ip/system_axi_smc_1/bd_0/ip/ip_86/synth/bd_8422_srn_2.sv:58]
INFO: [Synth 8-638] synthesizing module 'bd_8422_swn_2' [c:/xup/fpga_flow/TFMV2/TFM_GE/TFM_GE.srcs/sources_1/bd/system/ip/system_axi_smc_1/bd_0/ip/ip_88/synth/bd_8422_swn_2.sv:58]
INFO: [Synth 8-638] synthesizing module 'xpm_memory_base__parameterized9' [C:/XILINX/Vivado/2017.2/data/ip/xpm/xpm_memory/hdl/xpm_memory.sv:58]
INFO: [Synth 8-256] done synthesizing module 'xpm_memory_base__parameterized9' (86#1) [C:/XILINX/Vivado/2017.2/data/ip/xpm/xpm_memory/hdl/xpm_memory.sv:58]
INFO: [Synth 8-256] done synthesizing module 'bd_8422_swn_2' (87#1) [c:/xup/fpga_flow/TFMV2/TFM_GE/TFM_GE.srcs/sources_1/bd/system/ip/system_axi_smc_1/bd_0/ip/ip_88/synth/bd_8422_swn_2.sv:58]
INFO: [Synth 8-256] done synthesizing module 's00_nodes_imp_WZ0QX7' (88#1) [c:/xup/fpga_flow/TFMV2/TFM_GE/TFM_GE.srcs/sources_1/bd/system/ip/system_axi_smc_1/bd_0/hdl/bd_8422.v:4472]
INFO: [Synth 8-638] synthesizing module 'switchboards_imp_82ZBDR' [c:/xup/fpga_flow/TFMV2/TFM_GE/TFM_GE.srcs/sources_1/bd/system/ip/system_axi_smc_1/bd_0/hdl/bd_8422.v:4768]
INFO: [Synth 8-638] synthesizing module 'bd_8422_arsw_2' [c:/xup/fpga_flow/TFMV2/TFM_GE/TFM_GE.srcs/sources_1/bd/system/ip/system_axi_smc_1/bd_0/ip/ip_76/synth/bd_8422_arsw_2.sv:57]
INFO: [Synth 8-256] done synthesizing module 'bd_8422_arsw_2' (91#1) [c:/xup/fpga_flow/TFMV2/TFM_GE/TFM_GE.srcs/sources_1/bd/system/ip/system_axi_smc_1/bd_0/ip/ip_76/synth/bd_8422_arsw_2.sv:57]
INFO: [Synth 8-638] synthesizing module 'bd_8422_awsw_2' [c:/xup/fpga_flow/TFMV2/TFM_GE/TFM_GE.srcs/sources_1/bd/system/ip/system_axi_smc_1/bd_0/ip/ip_78/synth/bd_8422_awsw_2.sv:57]
INFO: [Synth 8-256] done synthesizing module 'bd_8422_awsw_2' (92#1) [c:/xup/fpga_flow/TFMV2/TFM_GE/TFM_GE.srcs/sources_1/bd/system/ip/system_axi_smc_1/bd_0/ip/ip_78/synth/bd_8422_awsw_2.sv:57]
INFO: [Synth 8-638] synthesizing module 'bd_8422_bsw_2' [c:/xup/fpga_flow/TFMV2/TFM_GE/TFM_GE.srcs/sources_1/bd/system/ip/system_axi_smc_1/bd_0/ip/ip_80/synth/bd_8422_bsw_2.sv:57]
INFO: [Synth 8-256] done synthesizing module 'bd_8422_bsw_2' (93#1) [c:/xup/fpga_flow/TFMV2/TFM_GE/TFM_GE.srcs/sources_1/bd/system/ip/system_axi_smc_1/bd_0/ip/ip_80/synth/bd_8422_bsw_2.sv:57]
INFO: [Synth 8-638] synthesizing module 'bd_8422_rsw_2' [c:/xup/fpga_flow/TFMV2/TFM_GE/TFM_GE.srcs/sources_1/bd/system/ip/system_axi_smc_1/bd_0/ip/ip_77/synth/bd_8422_rsw_2.sv:57]
INFO: [Synth 8-256] done synthesizing module 'bd_8422_rsw_2' (94#1) [c:/xup/fpga_flow/TFMV2/TFM_GE/TFM_GE.srcs/sources_1/bd/system/ip/system_axi_smc_1/bd_0/ip/ip_77/synth/bd_8422_rsw_2.sv:57]
INFO: [Synth 8-638] synthesizing module 'bd_8422_wsw_2' [c:/xup/fpga_flow/TFMV2/TFM_GE/TFM_GE.srcs/sources_1/bd/system/ip/system_axi_smc_1/bd_0/ip/ip_79/synth/bd_8422_wsw_2.sv:57]
INFO: [Synth 8-256] done synthesizing module 'bd_8422_wsw_2' (95#1) [c:/xup/fpga_flow/TFMV2/TFM_GE/TFM_GE.srcs/sources_1/bd/system/ip/system_axi_smc_1/bd_0/ip/ip_79/synth/bd_8422_wsw_2.sv:57]
INFO: [Synth 8-256] done synthesizing module 'switchboards_imp_82ZBDR' (96#1) [c:/xup/fpga_flow/TFMV2/TFM_GE/TFM_GE.srcs/sources_1/bd/system/ip/system_axi_smc_1/bd_0/hdl/bd_8422.v:4768]
INFO: [Synth 8-256] done synthesizing module 'bd_8422' (97#1) [c:/xup/fpga_flow/TFMV2/TFM_GE/TFM_GE.srcs/sources_1/bd/system/ip/system_axi_smc_1/bd_0/hdl/bd_8422.v:13]
INFO: [Synth 8-256] done synthesizing module 'system_axi_smc_1' (98#1) [c:/xup/fpga_flow/TFMV2/TFM_GE/TFM_GE.srcs/sources_1/bd/system/ip/system_axi_smc_1/synth/system_axi_smc_1.v:57]
Finished RTL Elaboration : Time (s): cpu = 00:00:57 ; elapsed = 00:01:03 . Memory (MB): peak = 591.059 ; gain = 294.906
Finished RTL Optimization Phase 1 : Time (s): cpu = 00:01:00 ; elapsed = 00:01:08 . Memory (MB): peak = 591.059 ; gain = 294.906
INFO: [Device 21-403] Loading part xc7z010clg400-1
Constraint Validation Runtime : Time (s): cpu = 00:00:07 ; elapsed = 00:00:04 . Memory (MB): peak = 1487.938 ; gain = 78.996
Finished Constraint Validation : Time (s): cpu = 00:02:44 ; elapsed = 00:02:53 . Memory (MB): peak = 1487.938 ; gain = 1191.785
Finished Loading Part and Timing Information : Time (s): cpu = 00:02:44 ; elapsed = 00:02:53 . Memory (MB): peak = 1487.938 ; gain = 1191.785
Finished applying 'set_property' XDC Constraints : Time (s): cpu = 00:02:44 ; elapsed = 00:02:53 . Memory (MB): peak = 1487.938 ; gain = 1191.785
Finished RTL Optimization Phase 2 : Time (s): cpu = 00:02:54 ; elapsed = 00:03:04 . Memory (MB): peak = 1487.938 ; gain = 1191.785
Finished Cross Boundary and Area Optimization : Time (s): cpu = 00:04:05 ; elapsed = 00:04:23 . Memory (MB): peak = 1487.938 ; gain = 1191.785
---------------------------------------------------------------------------------
Start ROM, RAM, DSP and Shift Register Reporting
---------------------------------------------------------------------------------

Distributed RAM: Preliminary Mapping  Report (see note below)
+----------------------------------------------------------------------------------------------------------------------------------------------------------------------------+----------------------------------+----------------+----------------------+----------------+
|Module Name                                                                                                                                                                 | RTL Object                       | Inference      | Size (Depth x Width) | Primitives     | 
+----------------------------------------------------------------------------------------------------------------------------------------------------------------------------+----------------------------------+----------------+----------------------+----------------+
|inst/i_0/\m00_nodes/m00_ar_node/inst /\inst_mi_handler/gen_normal_area.gen_node_prog_full.inst_node_prog_full/gen_xpm_memory_fifo.inst_fifo/gen_mem_rep[0].inst_xpm_memory  | gen_wr_a.gen_word_narrow.mem_reg | User Attribute | 32 x 1               | RAM32X1D x 1   | 
|inst/i_0/\m00_nodes/m00_ar_node/inst /\inst_mi_handler/gen_normal_area.inst_fifo_node_payld/gen_xpm_memory_fifo.inst_fifo/gen_mem_rep[0].inst_xpm_memory                    | gen_wr_a.gen_word_narrow.mem_reg | User Attribute | 32 x 158             | RAM32M x 27    | 
|inst/i_0/\m00_nodes/m00_aw_node/inst /\inst_mi_handler/gen_normal_area.gen_node_prog_full.inst_node_prog_full/gen_xpm_memory_fifo.inst_fifo/gen_mem_rep[0].inst_xpm_memory  | gen_wr_a.gen_word_narrow.mem_reg | User Attribute | 32 x 1               | RAM32X1D x 1   | 
|inst/i_0/\m00_nodes/m00_aw_node/inst /\inst_mi_handler/gen_normal_area.inst_fifo_node_payld/gen_xpm_memory_fifo.inst_fifo/gen_mem_rep[0].inst_xpm_memory                    | gen_wr_a.gen_word_narrow.mem_reg | User Attribute | 32 x 158             | RAM32M x 27    | 
|inst/i_0/\m00_nodes/m00_b_node/inst /\inst_mi_handler/gen_normal_area.gen_fifo_req.inst_fifo_req/gen_xpm_memory_fifo.inst_fifo/gen_mem_rep[0].inst_xpm_memory               | gen_wr_a.gen_word_narrow.mem_reg | User Attribute | 32 x 18              | RAM32M x 3     | 
|inst/i_0/\m00_nodes/m00_b_node/inst /\inst_mi_handler/gen_normal_area.inst_fifo_node_payld/gen_xpm_memory_fifo.inst_fifo/gen_mem_rep[0].inst_xpm_memory                     | gen_wr_a.gen_word_narrow.mem_reg | User Attribute | 32 x 5               | RAM32M x 1     | 
|inst/i_0/\m00_nodes/m00_r_node/inst /\inst_mi_handler/gen_normal_area.gen_fifo_req.inst_fifo_req/gen_xpm_memory_fifo.inst_fifo/gen_mem_rep[0].inst_xpm_memory               | gen_wr_a.gen_word_narrow.mem_reg | User Attribute | 32 x 18              | RAM32M x 3     | 
|inst/i_0/\m00_nodes/m00_r_node/inst /\inst_mi_handler/gen_normal_area.inst_fifo_node_payld/gen_xpm_memory_fifo.inst_fifo/gen_mem_rep[0].inst_xpm_memory                     | gen_wr_a.gen_word_narrow.mem_reg | User Attribute | 32 x 83              | RAM32M x 14    | 
|inst/i_0/\m00_nodes/m00_w_node/inst /\inst_mi_handler/gen_normal_area.gen_node_prog_full.inst_node_prog_full/gen_xpm_memory_fifo.inst_fifo/gen_mem_rep[0].inst_xpm_memory   | gen_wr_a.gen_word_narrow.mem_reg | User Attribute | 32 x 1               | RAM32X1D x 1   | 
|inst/i_0/\m00_nodes/m00_w_node/inst /\inst_mi_handler/gen_normal_area.inst_fifo_node_payld/gen_xpm_memory_fifo.inst_fifo/gen_mem_rep[0].inst_xpm_memory                     | gen_wr_a.gen_word_narrow.mem_reg | User Attribute | 32 x 108             | RAM32M x 18    | 
|inst/i_0/\m01_nodes/m01_ar_node/inst /\inst_mi_handler/gen_normal_area.gen_node_prog_full.inst_node_prog_full/gen_xpm_memory_fifo.inst_fifo/gen_mem_rep[0].inst_xpm_memory  | gen_wr_a.gen_word_narrow.mem_reg | User Attribute | 32 x 1               | RAM32X1D x 1   | 
|inst/i_0/\m01_nodes/m01_ar_node/inst /\inst_mi_handler/gen_normal_area.inst_fifo_node_payld/gen_xpm_memory_fifo.inst_fifo/gen_mem_rep[0].inst_xpm_memory                    | gen_wr_a.gen_word_narrow.mem_reg | User Attribute | 32 x 158             | RAM32M x 27    | 
|inst/i_0/\m01_nodes/m01_aw_node/inst /\inst_mi_handler/gen_normal_area.gen_node_prog_full.inst_node_prog_full/gen_xpm_memory_fifo.inst_fifo/gen_mem_rep[0].inst_xpm_memory  | gen_wr_a.gen_word_narrow.mem_reg | User Attribute | 32 x 1               | RAM32X1D x 1   | 
|inst/i_0/\m01_nodes/m01_aw_node/inst /\inst_mi_handler/gen_normal_area.inst_fifo_node_payld/gen_xpm_memory_fifo.inst_fifo/gen_mem_rep[0].inst_xpm_memory                    | gen_wr_a.gen_word_narrow.mem_reg | User Attribute | 32 x 158             | RAM32M x 27    | 
|inst/i_0/\m01_nodes/m01_b_node/inst /\inst_mi_handler/gen_normal_area.gen_fifo_req.inst_fifo_req/gen_xpm_memory_fifo.inst_fifo/gen_mem_rep[0].inst_xpm_memory               | gen_wr_a.gen_word_narrow.mem_reg | User Attribute | 32 x 18              | RAM32M x 3     | 
|inst/i_0/\m01_nodes/m01_b_node/inst /\inst_mi_handler/gen_normal_area.inst_fifo_node_payld/gen_xpm_memory_fifo.inst_fifo/gen_mem_rep[0].inst_xpm_memory                     | gen_wr_a.gen_word_narrow.mem_reg | User Attribute | 32 x 5               | RAM32M x 1     | 
|inst/i_0/\m01_nodes/m01_r_node/inst /\inst_mi_handler/gen_normal_area.gen_fifo_req.inst_fifo_req/gen_xpm_memory_fifo.inst_fifo/gen_mem_rep[0].inst_xpm_memory               | gen_wr_a.gen_word_narrow.mem_reg | User Attribute | 32 x 18              | RAM32M x 3     | 
|inst/i_0/\m01_nodes/m01_r_node/inst /\inst_mi_handler/gen_normal_area.inst_fifo_node_payld/gen_xpm_memory_fifo.inst_fifo/gen_mem_rep[0].inst_xpm_memory                     | gen_wr_a.gen_word_narrow.mem_reg | User Attribute | 32 x 83              | RAM32M x 14    | 
|inst/i_0/\m01_nodes/m01_w_node/inst /\inst_mi_handler/gen_normal_area.gen_node_prog_full.inst_node_prog_full/gen_xpm_memory_fifo.inst_fifo/gen_mem_rep[0].inst_xpm_memory   | gen_wr_a.gen_word_narrow.mem_reg | User Attribute | 32 x 1               | RAM32X1D x 1   | 
|inst/i_0/\m01_nodes/m01_w_node/inst /\inst_mi_handler/gen_normal_area.inst_fifo_node_payld/gen_xpm_memory_fifo.inst_fifo/gen_mem_rep[0].inst_xpm_memory                     | gen_wr_a.gen_word_narrow.mem_reg | User Attribute | 32 x 108             | RAM32M x 18    | 
|inst/i_0/\m02_nodes/m02_ar_node/inst /\inst_mi_handler/gen_normal_area.gen_node_prog_full.inst_node_prog_full/gen_xpm_memory_fifo.inst_fifo/gen_mem_rep[0].inst_xpm_memory  | gen_wr_a.gen_word_narrow.mem_reg | User Attribute | 32 x 1               | RAM32X1D x 1   | 
|inst/i_0/\m02_nodes/m02_ar_node/inst /\inst_mi_handler/gen_normal_area.inst_fifo_node_payld/gen_xpm_memory_fifo.inst_fifo/gen_mem_rep[0].inst_xpm_memory                    | gen_wr_a.gen_word_narrow.mem_reg | User Attribute | 32 x 158             | RAM32M x 27    | 
|inst/i_0/\m02_nodes/m02_aw_node/inst /\inst_mi_handler/gen_normal_area.gen_node_prog_full.inst_node_prog_full/gen_xpm_memory_fifo.inst_fifo/gen_mem_rep[0].inst_xpm_memory  | gen_wr_a.gen_word_narrow.mem_reg | User Attribute | 32 x 1               | RAM32X1D x 1   | 
|inst/i_0/\m02_nodes/m02_aw_node/inst /\inst_mi_handler/gen_normal_area.inst_fifo_node_payld/gen_xpm_memory_fifo.inst_fifo/gen_mem_rep[0].inst_xpm_memory                    | gen_wr_a.gen_word_narrow.mem_reg | User Attribute | 32 x 158             | RAM32M x 27    | 
|inst/i_0/\m02_nodes/m02_b_node/inst /\inst_mi_handler/gen_normal_area.gen_fifo_req.inst_fifo_req/gen_xpm_memory_fifo.inst_fifo/gen_mem_rep[0].inst_xpm_memory               | gen_wr_a.gen_word_narrow.mem_reg | User Attribute | 32 x 18              | RAM32M x 3     | 
|inst/i_0/\m02_nodes/m02_b_node/inst /\inst_mi_handler/gen_normal_area.inst_fifo_node_payld/gen_xpm_memory_fifo.inst_fifo/gen_mem_rep[0].inst_xpm_memory                     | gen_wr_a.gen_word_narrow.mem_reg | User Attribute | 32 x 5               | RAM32M x 1     | 
|inst/i_0/\m02_nodes/m02_r_node/inst /\inst_mi_handler/gen_normal_area.gen_fifo_req.inst_fifo_req/gen_xpm_memory_fifo.inst_fifo/gen_mem_rep[0].inst_xpm_memory               | gen_wr_a.gen_word_narrow.mem_reg | User Attribute | 32 x 18              | RAM32M x 3     | 
|inst/i_0/\m02_nodes/m02_r_node/inst /\inst_mi_handler/gen_normal_area.inst_fifo_node_payld/gen_xpm_memory_fifo.inst_fifo/gen_mem_rep[0].inst_xpm_memory                     | gen_wr_a.gen_word_narrow.mem_reg | User Attribute | 32 x 83              | RAM32M x 14    | 
|inst/i_0/\m02_nodes/m02_w_node/inst /\inst_mi_handler/gen_normal_area.gen_node_prog_full.inst_node_prog_full/gen_xpm_memory_fifo.inst_fifo/gen_mem_rep[0].inst_xpm_memory   | gen_wr_a.gen_word_narrow.mem_reg | User Attribute | 32 x 1               | RAM32X1D x 1   | 
|inst/i_0/\m02_nodes/m02_w_node/inst /\inst_mi_handler/gen_normal_area.inst_fifo_node_payld/gen_xpm_memory_fifo.inst_fifo/gen_mem_rep[0].inst_xpm_memory                     | gen_wr_a.gen_word_narrow.mem_reg | User Attribute | 32 x 108             | RAM32M x 18    | 
|inst/i_0/\s00_nodes/s00_ar_node/inst /\inst_mi_handler/gen_normal_area.gen_fifo_req.inst_fifo_req/gen_xpm_memory_fifo.inst_fifo/gen_mem_rep[0].inst_xpm_memory              | gen_wr_a.gen_word_narrow.mem_reg | User Attribute | 32 x 20              | RAM32M x 4     | 
|inst/i_0/\s00_nodes/s00_ar_node/inst /\inst_mi_handler/gen_normal_area.inst_fifo_node_payld/gen_xpm_memory_fifo.inst_fifo/gen_mem_rep[0].inst_xpm_memory                    | gen_wr_a.gen_word_narrow.mem_reg | User Attribute | 32 x 140             | RAM32M x 24    | 
|inst/i_0/\s00_nodes/s00_aw_node/inst /\inst_mi_handler/gen_normal_area.gen_fifo_req.inst_fifo_req/gen_xpm_memory_fifo.inst_fifo/gen_mem_rep[0].inst_xpm_memory              | gen_wr_a.gen_word_narrow.mem_reg | User Attribute | 32 x 20              | RAM32M x 4     | 
|inst/i_0/\s00_nodes/s00_aw_node/inst /\inst_mi_handler/gen_normal_area.inst_fifo_node_payld/gen_xpm_memory_fifo.inst_fifo/gen_mem_rep[0].inst_xpm_memory                    | gen_wr_a.gen_word_narrow.mem_reg | User Attribute | 32 x 140             | RAM32M x 24    | 
|inst/i_0/\s00_nodes/s00_b_node/inst /\inst_mi_handler/gen_normal_area.gen_node_prog_full.inst_node_prog_full/gen_xpm_memory_fifo.inst_fifo/gen_mem_rep[0].inst_xpm_memory   | gen_wr_a.gen_word_narrow.mem_reg | User Attribute | 32 x 1               | RAM32X1D x 1   | 
|inst/i_0/\s00_nodes/s00_b_node/inst /\inst_mi_handler/gen_normal_area.inst_fifo_node_payld/gen_xpm_memory_fifo.inst_fifo/gen_mem_rep[0].inst_xpm_memory                     | gen_wr_a.gen_word_narrow.mem_reg | User Attribute | 32 x 24              | RAM32M x 4     | 
|inst/i_0/\s00_nodes/s00_r_node/inst /\inst_mi_handler/gen_normal_area.gen_node_prog_full.inst_node_prog_full/gen_xpm_memory_fifo.inst_fifo/gen_mem_rep[0].inst_xpm_memory   | gen_wr_a.gen_word_narrow.mem_reg | User Attribute | 32 x 1               | RAM32X1D x 1   | 
|inst/i_0/\s00_nodes/s00_r_node/inst /\inst_mi_handler/gen_normal_area.inst_fifo_node_payld/gen_xpm_memory_fifo.inst_fifo/gen_mem_rep[0].inst_xpm_memory                     | gen_wr_a.gen_word_narrow.mem_reg | User Attribute | 32 x 102             | RAM32M x 17    | 
|inst/i_0/\s00_nodes/s00_w_node/inst /\inst_mi_handler/gen_normal_area.gen_fifo_req.inst_fifo_req/gen_xpm_memory_fifo.inst_fifo/gen_mem_rep[0].inst_xpm_memory               | gen_wr_a.gen_word_narrow.mem_reg | User Attribute | 32 x 20              | RAM32M x 4     | 
|inst/i_0/\s00_nodes/s00_w_node/inst /\inst_mi_handler/gen_normal_area.inst_fifo_node_payld/gen_xpm_memory_fifo.inst_fifo/gen_mem_rep[0].inst_xpm_memory                     | gen_wr_a.gen_word_narrow.mem_reg | User Attribute | 32 x 90              | RAM32M x 15    | 
+----------------------------------------------------------------------------------------------------------------------------------------------------------------------------+----------------------------------+----------------+----------------------+----------------+

Note: The table above is a preliminary report that shows the Distributed RAMs at the current stage of the synthesis flow. Some Distributed RAMs may be reimplemented as non Distributed RAM primitives later in the synthesis flow. Multiple instantiated RAMs are reported only once.
---------------------------------------------------------------------------------
Finished ROM, RAM, DSP and Shift Register Reporting
---------------------------------------------------------------------------------
Finished Applying XDC Timing Constraints : Time (s): cpu = 00:04:21 ; elapsed = 00:04:40 . Memory (MB): peak = 1487.938 ; gain = 1191.785
Finished Timing Optimization : Time (s): cpu = 00:04:27 ; elapsed = 00:04:46 . Memory (MB): peak = 1487.938 ; gain = 1191.785
Finished Technology Mapping : Time (s): cpu = 00:04:40 ; elapsed = 00:05:00 . Memory (MB): peak = 1487.938 ; gain = 1191.785
Finished IO Insertion : Time (s): cpu = 00:04:42 ; elapsed = 00:05:01 . Memory (MB): peak = 1487.938 ; gain = 1191.785
Finished Renaming Generated Instances : Time (s): cpu = 00:04:42 ; elapsed = 00:05:01 . Memory (MB): peak = 1487.938 ; gain = 1191.785
Finished Rebuilding User Hierarchy : Time (s): cpu = 00:04:44 ; elapsed = 00:05:04 . Memory (MB): peak = 1487.938 ; gain = 1191.785
Finished Renaming Generated Ports : Time (s): cpu = 00:04:44 ; elapsed = 00:05:04 . Memory (MB): peak = 1487.938 ; gain = 1191.785
Finished Handling Custom Attributes : Time (s): cpu = 00:04:45 ; elapsed = 00:05:04 . Memory (MB): peak = 1487.938 ; gain = 1191.785
Finished Renaming Generated Nets : Time (s): cpu = 00:04:45 ; elapsed = 00:05:05 . Memory (MB): peak = 1487.938 ; gain = 1191.785

Report Cell Usage: 
+------+---------+------+
|      |Cell     |Count |
+------+---------+------+
|1     |CARRY4   |    20|
|2     |LUT1     |   231|
|3     |LUT2     |  1390|
|4     |LUT3     |   309|
|5     |LUT4     |  1384|
|6     |LUT5     |   648|
|7     |LUT6     |  1221|
|8     |RAM32M   |   375|
|9     |RAM32X1D |    11|
|10    |SRL16    |     1|
|11    |SRLC32E  |    75|
|12    |FDR      |     4|
|13    |FDRE     |  4682|
|14    |FDSE     |   175|
+------+---------+------+
Finished Writing Synthesis Report : Time (s): cpu = 00:04:45 ; elapsed = 00:05:05 . Memory (MB): peak = 1487.938 ; gain = 1191.785
synth_design: Time (s): cpu = 00:04:56 ; elapsed = 00:05:17 . Memory (MB): peak = 1487.938 ; gain = 1199.367
write_checkpoint: Time (s): cpu = 00:00:08 ; elapsed = 00:00:06 . Memory (MB): peak = 1487.938 ; gain = 0.000
