
*** Running vivado
    with args -log system_processing_system7_0_0.vds -m64 -product Vivado -mode batch -messageDb vivado.pb -notrace -source system_processing_system7_0_0.tcl


****** Vivado v2017.2 (64-bit)
  **** SW Build 1909853 on Thu Jun 15 18:39:09 MDT 2017
  **** IP Build 1909766 on Thu Jun 15 19:58:00 MDT 2017
    ** Copyright 1986-2017 Xilinx, Inc. All Rights Reserved.

source system_processing_system7_0_0.tcl -notrace
Starting RTL Elaboration : Time (s): cpu = 00:00:05 ; elapsed = 00:00:06 . Memory (MB): peak = 327.766 ; gain = 79.281
INFO: [Synth 8-638] synthesizing module 'system_processing_system7_0_0' [c:/xup/fpga_flow/2016_2_zynq_labs/lab4/lab4.srcs/sources_1/bd/system/ip/system_processing_system7_0_0/synth/system_processing_system7_0_0.v:60]
INFO: [Synth 8-638] synthesizing module 'processing_system7_v5_5_processing_system7' [c:/xup/fpga_flow/2016_2_zynq_labs/lab4/lab4.srcs/sources_1/bd/system/ip/system_processing_system7_0_0/hdl/verilog/processing_system7_v5_5_processing_system7.v:161]
INFO: [Synth 8-638] synthesizing module 'BIBUF' [C:/XilinxVivado/Vivado/2017.2/scripts/rt/data/unisim_comp.v:268]
INFO: [Synth 8-256] done synthesizing module 'BIBUF' (1#1) [C:/XilinxVivado/Vivado/2017.2/scripts/rt/data/unisim_comp.v:268]
INFO: [Synth 8-638] synthesizing module 'PS7' [C:/XilinxVivado/Vivado/2017.2/scripts/rt/data/unisim_comp.v:33527]
INFO: [Synth 8-256] done synthesizing module 'PS7' (2#1) [C:/XilinxVivado/Vivado/2017.2/scripts/rt/data/unisim_comp.v:33527]
INFO: [Synth 8-256] done synthesizing module 'processing_system7_v5_5_processing_system7' (3#1) [c:/xup/fpga_flow/2016_2_zynq_labs/lab4/lab4.srcs/sources_1/bd/system/ip/system_processing_system7_0_0/hdl/verilog/processing_system7_v5_5_processing_system7.v:161]
INFO: [Synth 8-256] done synthesizing module 'system_processing_system7_0_0' (4#1) [c:/xup/fpga_flow/2016_2_zynq_labs/lab4/lab4.srcs/sources_1/bd/system/ip/system_processing_system7_0_0/synth/system_processing_system7_0_0.v:60]
Finished RTL Elaboration : Time (s): cpu = 00:00:07 ; elapsed = 00:00:07 . Memory (MB): peak = 368.094 ; gain = 119.609
Finished RTL Optimization Phase 1 : Time (s): cpu = 00:00:07 ; elapsed = 00:00:08 . Memory (MB): peak = 368.094 ; gain = 119.609
INFO: [Device 21-403] Loading part xc7z010clg400-1
Constraint Validation Runtime : Time (s): cpu = 00:00:00 ; elapsed = 00:00:00.354 . Memory (MB): peak = 588.090 ; gain = 0.000
Finished Constraint Validation : Time (s): cpu = 00:00:20 ; elapsed = 00:00:22 . Memory (MB): peak = 588.090 ; gain = 339.605
Finished Loading Part and Timing Information : Time (s): cpu = 00:00:20 ; elapsed = 00:00:22 . Memory (MB): peak = 588.090 ; gain = 339.605
Finished applying 'set_property' XDC Constraints : Time (s): cpu = 00:00:20 ; elapsed = 00:00:23 . Memory (MB): peak = 588.090 ; gain = 339.605
Finished RTL Optimization Phase 2 : Time (s): cpu = 00:00:21 ; elapsed = 00:00:23 . Memory (MB): peak = 588.090 ; gain = 339.605
Finished Cross Boundary and Area Optimization : Time (s): cpu = 00:00:21 ; elapsed = 00:00:24 . Memory (MB): peak = 588.090 ; gain = 339.605
Finished Applying XDC Timing Constraints : Time (s): cpu = 00:00:37 ; elapsed = 00:00:40 . Memory (MB): peak = 805.961 ; gain = 557.477
Finished Timing Optimization : Time (s): cpu = 00:00:37 ; elapsed = 00:00:40 . Memory (MB): peak = 805.961 ; gain = 557.477
Finished Technology Mapping : Time (s): cpu = 00:00:38 ; elapsed = 00:00:41 . Memory (MB): peak = 817.105 ; gain = 568.621
Finished IO Insertion : Time (s): cpu = 00:00:40 ; elapsed = 00:00:43 . Memory (MB): peak = 817.105 ; gain = 568.621
Finished Renaming Generated Instances : Time (s): cpu = 00:00:40 ; elapsed = 00:00:43 . Memory (MB): peak = 817.105 ; gain = 568.621
Finished Rebuilding User Hierarchy : Time (s): cpu = 00:00:40 ; elapsed = 00:00:43 . Memory (MB): peak = 817.105 ; gain = 568.621
Finished Renaming Generated Ports : Time (s): cpu = 00:00:40 ; elapsed = 00:00:44 . Memory (MB): peak = 817.105 ; gain = 568.621
Finished Handling Custom Attributes : Time (s): cpu = 00:00:40 ; elapsed = 00:00:44 . Memory (MB): peak = 817.105 ; gain = 568.621
Finished Renaming Generated Nets : Time (s): cpu = 00:00:40 ; elapsed = 00:00:44 . Memory (MB): peak = 817.105 ; gain = 568.621

Report Cell Usage: 
+------+------+------+
|      |Cell  |Count |
+------+------+------+
|1     |BIBUF |   130|
|2     |LUT1  |    50|
|3     |PS7   |     1|
+------+------+------+
Finished Writing Synthesis Report : Time (s): cpu = 00:00:40 ; elapsed = 00:00:44 . Memory (MB): peak = 817.105 ; gain = 568.621
synth_design: Time (s): cpu = 00:00:43 ; elapsed = 00:00:47 . Memory (MB): peak = 829.531 ; gain = 585.742
