
*** Running vivado
    with args -log system_axi_bram_ctrl_0_bram_0.vds -m64 -product Vivado -mode batch -messageDb vivado.pb -notrace -source system_axi_bram_ctrl_0_bram_0.tcl


****** Vivado v2017.2 (64-bit)
  **** SW Build 1909853 on Thu Jun 15 18:39:09 MDT 2017
  **** IP Build 1909766 on Thu Jun 15 19:58:00 MDT 2017
    ** Copyright 1986-2017 Xilinx, Inc. All Rights Reserved.

source system_axi_bram_ctrl_0_bram_0.tcl -notrace
Starting RTL Elaboration : Time (s): cpu = 00:00:10 ; elapsed = 00:00:11 . Memory (MB): peak = 387.520 ; gain = 80.984
INFO: [Synth 8-638] synthesizing module 'system_axi_bram_ctrl_0_bram_0' [c:/xup/fpga_flow/2016_2_zynq_labs/lab4aes/lab4aes.srcs/sources_1/bd/system/ip/system_axi_bram_ctrl_0_bram_0/synth/system_axi_bram_ctrl_0_bram_0.vhd:78]
INFO: [Synth 8-256] done synthesizing module 'system_axi_bram_ctrl_0_bram_0' (11#1) [c:/xup/fpga_flow/2016_2_zynq_labs/lab4aes/lab4aes.srcs/sources_1/bd/system/ip/system_axi_bram_ctrl_0_bram_0/synth/system_axi_bram_ctrl_0_bram_0.vhd:78]
Finished RTL Elaboration : Time (s): cpu = 00:01:47 ; elapsed = 00:01:49 . Memory (MB): peak = 594.395 ; gain = 287.859
Finished RTL Optimization Phase 1 : Time (s): cpu = 00:01:48 ; elapsed = 00:01:49 . Memory (MB): peak = 594.395 ; gain = 287.859
INFO: [Device 21-403] Loading part xc7z010clg400-1
Constraint Validation Runtime : Time (s): cpu = 00:00:00 ; elapsed = 00:00:00.125 . Memory (MB): peak = 714.344 ; gain = 0.000
Finished Constraint Validation : Time (s): cpu = 00:02:15 ; elapsed = 00:02:20 . Memory (MB): peak = 714.344 ; gain = 407.809
Finished Loading Part and Timing Information : Time (s): cpu = 00:02:15 ; elapsed = 00:02:20 . Memory (MB): peak = 714.344 ; gain = 407.809
Finished applying 'set_property' XDC Constraints : Time (s): cpu = 00:02:15 ; elapsed = 00:02:20 . Memory (MB): peak = 714.344 ; gain = 407.809
Finished RTL Optimization Phase 2 : Time (s): cpu = 00:02:16 ; elapsed = 00:02:21 . Memory (MB): peak = 714.344 ; gain = 407.809
Finished Cross Boundary and Area Optimization : Time (s): cpu = 00:02:17 ; elapsed = 00:02:23 . Memory (MB): peak = 714.344 ; gain = 407.809
Finished Applying XDC Timing Constraints : Time (s): cpu = 00:02:48 ; elapsed = 00:02:55 . Memory (MB): peak = 714.344 ; gain = 407.809
Finished Timing Optimization : Time (s): cpu = 00:02:48 ; elapsed = 00:02:55 . Memory (MB): peak = 714.344 ; gain = 407.809
Finished Technology Mapping : Time (s): cpu = 00:02:49 ; elapsed = 00:02:55 . Memory (MB): peak = 714.344 ; gain = 407.809
Finished IO Insertion : Time (s): cpu = 00:02:50 ; elapsed = 00:02:57 . Memory (MB): peak = 714.344 ; gain = 407.809
Finished Renaming Generated Instances : Time (s): cpu = 00:02:50 ; elapsed = 00:02:57 . Memory (MB): peak = 714.344 ; gain = 407.809
Finished Rebuilding User Hierarchy : Time (s): cpu = 00:02:50 ; elapsed = 00:02:57 . Memory (MB): peak = 714.344 ; gain = 407.809
Finished Renaming Generated Ports : Time (s): cpu = 00:02:50 ; elapsed = 00:02:57 . Memory (MB): peak = 714.344 ; gain = 407.809
Finished Handling Custom Attributes : Time (s): cpu = 00:02:50 ; elapsed = 00:02:57 . Memory (MB): peak = 714.344 ; gain = 407.809
Finished Renaming Generated Nets : Time (s): cpu = 00:02:50 ; elapsed = 00:02:57 . Memory (MB): peak = 714.344 ; gain = 407.809

Report Cell Usage: 
+------+---------+------+
|      |Cell     |Count |
+------+---------+------+
|1     |RAMB36E1 |    16|
+------+---------+------+
Finished Writing Synthesis Report : Time (s): cpu = 00:02:50 ; elapsed = 00:02:57 . Memory (MB): peak = 714.344 ; gain = 407.809
synth_design: Time (s): cpu = 00:02:53 ; elapsed = 00:03:01 . Memory (MB): peak = 724.500 ; gain = 419.586
