
*** Running vivado
    with args -log system_rst_ps7_0_100M_0.vds -m64 -product Vivado -mode batch -messageDb vivado.pb -notrace -source system_rst_ps7_0_100M_0.tcl


****** Vivado v2017.2 (64-bit)
  **** SW Build 1909853 on Thu Jun 15 18:39:09 MDT 2017
  **** IP Build 1909766 on Thu Jun 15 19:58:00 MDT 2017
    ** Copyright 1986-2017 Xilinx, Inc. All Rights Reserved.

source system_rst_ps7_0_100M_0.tcl -notrace
Starting RTL Elaboration : Time (s): cpu = 00:00:06 ; elapsed = 00:00:07 . Memory (MB): peak = 387.516 ; gain = 80.859
INFO: [Synth 8-638] synthesizing module 'system_rst_ps7_0_100M_0' [c:/xup/fpga_flow/2016_2_zynq_labs/sol_v1/sol_v1.srcs/sources_1/bd/system/ip/system_rst_ps7_0_100M_0/synth/system_rst_ps7_0_100M_0.vhd:74]
INFO: [Synth 8-638] synthesizing module 'proc_sys_reset' [c:/xup/fpga_flow/2016_2_zynq_labs/sol_v1/sol_v1.srcs/sources_1/bd/system/ipshared/5db7/hdl/proc_sys_reset_v5_0_vh_rfs.vhd:1323]
INFO: [Synth 8-638] synthesizing module 'lpf' [c:/xup/fpga_flow/2016_2_zynq_labs/sol_v1/sol_v1.srcs/sources_1/bd/system/ipshared/5db7/hdl/proc_sys_reset_v5_0_vh_rfs.vhd:816]
INFO: [Synth 8-638] synthesizing module 'SRL16' [C:/XilinxVivado/Vivado/2017.2/scripts/rt/data/unisim_comp.v:43657]
INFO: [Synth 8-256] done synthesizing module 'SRL16' (1#1) [C:/XilinxVivado/Vivado/2017.2/scripts/rt/data/unisim_comp.v:43657]
INFO: [Synth 8-638] synthesizing module 'cdc_sync' [c:/xup/fpga_flow/2016_2_zynq_labs/sol_v1/sol_v1.srcs/sources_1/bd/system/ipshared/52cb/hdl/lib_cdc_v1_0_rfs.vhd:106]
INFO: [Synth 8-256] done synthesizing module 'cdc_sync' (2#1) [c:/xup/fpga_flow/2016_2_zynq_labs/sol_v1/sol_v1.srcs/sources_1/bd/system/ipshared/52cb/hdl/lib_cdc_v1_0_rfs.vhd:106]
INFO: [Synth 8-256] done synthesizing module 'lpf' (3#1) [c:/xup/fpga_flow/2016_2_zynq_labs/sol_v1/sol_v1.srcs/sources_1/bd/system/ipshared/5db7/hdl/proc_sys_reset_v5_0_vh_rfs.vhd:816]
INFO: [Synth 8-638] synthesizing module 'sequence_psr' [c:/xup/fpga_flow/2016_2_zynq_labs/sol_v1/sol_v1.srcs/sources_1/bd/system/ipshared/5db7/hdl/proc_sys_reset_v5_0_vh_rfs.vhd:301]
INFO: [Synth 8-638] synthesizing module 'upcnt_n' [c:/xup/fpga_flow/2016_2_zynq_labs/sol_v1/sol_v1.srcs/sources_1/bd/system/ipshared/5db7/hdl/proc_sys_reset_v5_0_vh_rfs.vhd:125]
INFO: [Synth 8-256] done synthesizing module 'upcnt_n' (4#1) [c:/xup/fpga_flow/2016_2_zynq_labs/sol_v1/sol_v1.srcs/sources_1/bd/system/ipshared/5db7/hdl/proc_sys_reset_v5_0_vh_rfs.vhd:125]
INFO: [Synth 8-256] done synthesizing module 'sequence_psr' (5#1) [c:/xup/fpga_flow/2016_2_zynq_labs/sol_v1/sol_v1.srcs/sources_1/bd/system/ipshared/5db7/hdl/proc_sys_reset_v5_0_vh_rfs.vhd:301]
INFO: [Synth 8-256] done synthesizing module 'proc_sys_reset' (6#1) [c:/xup/fpga_flow/2016_2_zynq_labs/sol_v1/sol_v1.srcs/sources_1/bd/system/ipshared/5db7/hdl/proc_sys_reset_v5_0_vh_rfs.vhd:1323]
INFO: [Synth 8-256] done synthesizing module 'system_rst_ps7_0_100M_0' (7#1) [c:/xup/fpga_flow/2016_2_zynq_labs/sol_v1/sol_v1.srcs/sources_1/bd/system/ip/system_rst_ps7_0_100M_0/synth/system_rst_ps7_0_100M_0.vhd:74]
Finished RTL Elaboration : Time (s): cpu = 00:00:08 ; elapsed = 00:00:09 . Memory (MB): peak = 427.594 ; gain = 120.938
Finished RTL Optimization Phase 1 : Time (s): cpu = 00:00:08 ; elapsed = 00:00:09 . Memory (MB): peak = 427.594 ; gain = 120.938
INFO: [Device 21-403] Loading part xc7z010clg400-1
Constraint Validation Runtime : Time (s): cpu = 00:00:00 ; elapsed = 00:00:00.090 . Memory (MB): peak = 729.957 ; gain = 0.000
Finished Constraint Validation : Time (s): cpu = 00:00:27 ; elapsed = 00:00:28 . Memory (MB): peak = 729.957 ; gain = 423.301
Finished Loading Part and Timing Information : Time (s): cpu = 00:00:27 ; elapsed = 00:00:28 . Memory (MB): peak = 729.957 ; gain = 423.301
Finished applying 'set_property' XDC Constraints : Time (s): cpu = 00:00:27 ; elapsed = 00:00:28 . Memory (MB): peak = 729.957 ; gain = 423.301
Finished RTL Optimization Phase 2 : Time (s): cpu = 00:00:27 ; elapsed = 00:00:29 . Memory (MB): peak = 729.957 ; gain = 423.301
Finished Cross Boundary and Area Optimization : Time (s): cpu = 00:00:28 ; elapsed = 00:00:30 . Memory (MB): peak = 729.957 ; gain = 423.301
Finished Applying XDC Timing Constraints : Time (s): cpu = 00:00:56 ; elapsed = 00:01:00 . Memory (MB): peak = 729.957 ; gain = 423.301
Finished Timing Optimization : Time (s): cpu = 00:00:56 ; elapsed = 00:01:00 . Memory (MB): peak = 729.957 ; gain = 423.301
Finished Technology Mapping : Time (s): cpu = 00:00:56 ; elapsed = 00:01:00 . Memory (MB): peak = 729.957 ; gain = 423.301
Finished IO Insertion : Time (s): cpu = 00:00:57 ; elapsed = 00:01:02 . Memory (MB): peak = 729.957 ; gain = 423.301
Finished Renaming Generated Instances : Time (s): cpu = 00:00:57 ; elapsed = 00:01:02 . Memory (MB): peak = 729.957 ; gain = 423.301
Finished Rebuilding User Hierarchy : Time (s): cpu = 00:00:57 ; elapsed = 00:01:02 . Memory (MB): peak = 729.957 ; gain = 423.301
Finished Renaming Generated Ports : Time (s): cpu = 00:00:57 ; elapsed = 00:01:02 . Memory (MB): peak = 729.957 ; gain = 423.301
Finished Handling Custom Attributes : Time (s): cpu = 00:00:57 ; elapsed = 00:01:02 . Memory (MB): peak = 729.957 ; gain = 423.301
Finished Renaming Generated Nets : Time (s): cpu = 00:00:57 ; elapsed = 00:01:02 . Memory (MB): peak = 729.957 ; gain = 423.301

Report Cell Usage: 
+------+------+------+
|      |Cell  |Count |
+------+------+------+
|1     |LUT1  |     5|
|2     |LUT2  |     9|
|3     |LUT3  |     1|
|4     |LUT4  |     6|
|5     |LUT5  |     3|
|6     |LUT6  |     1|
|7     |SRL16 |     1|
|8     |FDR   |     8|
|9     |FDRE  |    28|
|10    |FDSE  |     4|
+------+------+------+
Finished Writing Synthesis Report : Time (s): cpu = 00:00:57 ; elapsed = 00:01:02 . Memory (MB): peak = 729.957 ; gain = 423.301
synth_design: Time (s): cpu = 00:01:01 ; elapsed = 00:01:06 . Memory (MB): peak = 729.957 ; gain = 424.926
