Copyright 1986-2017 Xilinx, Inc. All Rights Reserved.
------------------------------------------------------------------------------------
| Tool Version : Vivado v.2017.2 (win64) Build 1909853 Thu Jun 15 18:39:09 MDT 2017
| Date         : Mon Nov 20 22:35:46 2017
| Host         : Berna running 64-bit major release  (build 9200)
| Command      : report_control_sets -verbose -file Main_control_sets_placed.rpt
| Design       : Main
| Device       : xc7z010
------------------------------------------------------------------------------------

Control Set Information

Table of Contents
-----------------
1. Summary
2. Flip-Flop Distribution
3. Detailed Control Set Information

1. Summary
----------

+----------------------------------------------------------+-------+
|                          Status                          | Count |
+----------------------------------------------------------+-------+
| Number of unique control sets                            |    14 |
| Unused register locations in slices containing registers |    30 |
+----------------------------------------------------------+-------+


2. Flip-Flop Distribution
-------------------------

+--------------+-----------------------+------------------------+-----------------+--------------+
| Clock Enable | Synchronous Set/Reset | Asynchronous Set/Reset | Total Registers | Total Slices |
+--------------+-----------------------+------------------------+-----------------+--------------+
| No           | No                    | No                     |              68 |           22 |
| No           | No                    | Yes                    |               0 |            0 |
| No           | Yes                   | No                     |              18 |            9 |
| Yes          | No                    | No                     |              54 |           14 |
| Yes          | No                    | Yes                    |               0 |            0 |
| Yes          | Yes                   | No                     |              14 |            5 |
+--------------+-----------------------+------------------------+-----------------+--------------+


3. Detailed Control Set Information
-----------------------------------

+----------------+---------------------------+------------------------------------------------------------------------------------------------------------------------------------------------+------------------+----------------+
|  Clock Signal  |       Enable Signal       |                                                                Set/Reset Signal                                                                | Slice Load Count | Bel Load Count |
+----------------+---------------------------+------------------------------------------------------------------------------------------------------------------------------------------------+------------------+----------------+
|  clk_IBUF_BUFG | proccesor/flag_enable     | proccesor/I1                                                                                                                                   |                2 |              2 |
|  clk_IBUF_BUFG |                           | proccesor/active_interrupt                                                                                                                     |                2 |              4 |
|  clk_IBUF_BUFG | proccesor/led3_reg        |                                                                                                                                                |                1 |              4 |
|  clk_IBUF_BUFG |                           | proccesor/I1                                                                                                                                   |                3 |              6 |
|  clk_IBUF_BUFG | wea[3]                    |                                                                                                                                                |                3 |              6 |
|  clk_IBUF_BUFG |                           | program_rom1/U0/inst_blk_mem_gen/gnbram.gnative_mem_map_bmg.native_mem_map_blk_mem_gen/valid.cstr/ramloop[0].ram.r/prim_noinit.ram/doutb[7][7] |                4 |              8 |
|  clk_IBUF_BUFG | proccesor/spm_enable      |                                                                                                                                                |                2 |              8 |
|  address00     |                           |                                                                                                                                                |                4 |             12 |
|  clk_IBUF_BUFG | proccesor/t_state_0       | proccesor/I1                                                                                                                                   |                3 |             12 |
|  clk_IBUF_BUFG | Reg_address               |                                                                                                                                                |                2 |             12 |
|  clk_IBUF_BUFG | proccesor/register_enable |                                                                                                                                                |                2 |             16 |
|  clk_IBUF_BUFG | proccesor/t_state_0       |                                                                                                                                                |                2 |             16 |
|  clk_IBUF_BUFG | kcpsm6_reset1             |                                                                                                                                                |                8 |             32 |
|  clk_IBUF_BUFG |                           |                                                                                                                                                |               18 |             56 |
+----------------+---------------------------+------------------------------------------------------------------------------------------------------------------------------------------------+------------------+----------------+


+--------+-----------------------+
| Fanout | Number of ControlSets |
+--------+-----------------------+
| 2      |                     1 |
| 4      |                     2 |
| 6      |                     2 |
| 8      |                     2 |
| 12     |                     3 |
| 16+    |                     4 |
+--------+-----------------------+


