Exception at PC 0x00007FFD3A86BB93
Printing stacktrace...

[0]  [0x00007FFD3A86BB93]
[1]  [0x00007FFD3A86BB93]
[2]  [0x00007FFD3A86B4A1]
[3]  [0x00007FFD3A86B3EF]
[4]  [0x00007FFD3A8519FE]
[5]  [0x00007FFD3A850ED1]
[6]  [0x00007FFD3A850D76]
[7]  [0x00007FFD3A7F79F6]
[8]  [0x00007FFD3A7E7AFB]
[9]  [0x00007FFD3A90E90A]
[10]  [0x00007FFD3A929F87]
[11]  [0x00007FFD3A92A05F]
[12] (BaseThreadInitThunk+0x14) [0x00007FFDAB3D1FE4]
[13] (RtlUserThreadStart+0x21) [0x00007FFDAB70EF91]
Done
Exception at PC 0x00007FFD3A571A52
Attemped to write at address 0x00007FFD7B6AABA4
Printing stacktrace...

[0]  [0x00007FFD3A571A52]
[1]  [0x00007FFD3A571A52]
[2]  [0x00007FFD3A571AD4]
[3]  [0x00007FFD3A6B3FF7]
[4]  [0x00007FFD3A599128]
[5]  [0x00007FFD3A84DFB9]
[6]  [0x00007FFD3AA1EF23]
[7]  [0x00007FFD3A92B06B]
[8]  [0x00007FFD3A9208AF]
[9]  [0x00007FFD3A920A32]
[10] (RtlDeactivateActivationContextUnsafeFast+0x1b3) [0x00007FFDAB6B1473]
[11] (LdrShutdownProcess+0x125) [0x00007FFDAB6E0695]
[12] (RtlExitUserProcess+0xb4) [0x00007FFDAB6E0554]
[13] (ExitProcess+0xa) [0x00007FFDAB3CF06A]
[14] (exit+0x75) [0x00007FFDAAD29B25]
[15] (initterm_e+0x21d) [0x00007FFDAAD2A16D]
[16]  [0x00000000004014CD]
[17]  [0x000000000040151B]
[18] (BaseThreadInitThunk+0x14) [0x00007FFDAB3D1FE4]
[19] (RtlUserThreadStart+0x21) [0x00007FFDAB70EF91]
Done
