03:04:19 INFO  : Registering command handlers for SDK TCF services
03:04:26 INFO  : Launching XSCT server: xsct.bat -interactive C:\xup\fpga_flow\2016_2_zynq_labs\lab1emb\lab1emb.sdk\temp_xsdb_launch_script.tcl
03:04:37 INFO  : XSCT server has started successfully.
03:05:34 INFO  : Successfully done setting XSCT server connection channel  
03:05:34 INFO  : Successfully done setting SDK workspace  
03:05:34 INFO  : Processing command line option -hwspec C:/xup/fpga_flow/2016_2_zynq_labs/lab1emb/lab1emb.sdk/system_wrapper.hdf.
03:20:50 INFO  : ps7_init is completed.
03:20:50 INFO  : Processor reset is completed for ps7_cortexa9_0
03:21:36 ERROR : Unexpected error while parsing XMD response ?: com.google.gson.JsonSyntaxException: com.google.gson.stream.MalformedJsonException: invalid number or unquoted string near 
22:01:02 INFO  : Registering command handlers for SDK TCF services
22:01:03 INFO  : Launching XSCT server: xsct.bat -interactive C:\xup\fpga_flow\2016_2_zynq_labs\lab1emb\lab1emb.sdk\temp_xsdb_launch_script.tcl
22:01:07 INFO  : XSCT server has started successfully.
22:01:07 INFO  : Successfully done setting XSCT server connection channel  
22:01:17 INFO  : Processing command line option -hwspec C:/xup/fpga_flow/2016_2_zynq_labs/lab1emb/lab1emb.sdk/system_wrapper.hdf.
22:01:17 INFO  : Successfully done setting SDK workspace  
22:01:20 INFO  : Checking for hwspec changes in the project system_wrapper_hw_platform_0.
22:02:51 INFO  : Processor reset is completed for ps7_cortexa9_0
22:04:22 INFO  : Processor reset is completed for ps7_cortexa9_0
22:06:16 INFO  : Processor reset is completed for ps7_cortexa9_0
22:06:33 INFO  : Connected to target on host '127.0.0.1' and port '3121'.
22:06:35 INFO  : Jtag cable 'Digilent Zybo 210279787097A' is selected.
22:06:35 INFO  : 'jtag frequency' command is executed.
22:06:35 INFO  : Sourcing of 'C:/xup/fpga_flow/2016_2_zynq_labs/lab1emb/lab1emb.sdk/system_wrapper_hw_platform_0/ps7_init.tcl' is done.
22:06:35 INFO  : Context for 'APU' is selected.
22:06:35 INFO  : Hardware design information is loaded from 'C:/xup/fpga_flow/2016_2_zynq_labs/lab1emb/lab1emb.sdk/system_wrapper_hw_platform_0/system.hdf'.
22:06:36 INFO  : 'configparams force-mem-access 1' command is executed.
22:06:36 INFO  : Context for 'APU' is selected.
22:06:36 INFO  : 'stop' command is executed.
22:06:37 INFO  : 'ps7_init' command is executed.
22:06:37 INFO  : 'ps7_post_config' command is executed.
22:06:38 INFO  : Context for processor 'ps7_cortexa9_0' is selected.
22:06:38 INFO  : Processor reset is completed for 'ps7_cortexa9_0'.
22:06:38 INFO  : Context for processor 'ps7_cortexa9_0' is selected.
22:06:39 INFO  : The application 'C:/xup/fpga_flow/2016_2_zynq_labs/lab1emb/lab1emb.sdk/mem_test/Debug/mem_test.elf' is downloaded to processor 'ps7_cortexa9_0'.
22:06:39 INFO  : 'configparams force-mem-access 0' command is executed.
22:06:39 INFO  : ----------------XSDB Script----------------
connect -url tcp:127.0.0.1:3121
source C:/xup/fpga_flow/2016_2_zynq_labs/lab1emb/lab1emb.sdk/system_wrapper_hw_platform_0/ps7_init.tcl
targets -set -nocase -filter {name =~"APU*" && jtag_cable_name =~ "Digilent Zybo 210279787097A"} -index 0
loadhw -hw C:/xup/fpga_flow/2016_2_zynq_labs/lab1emb/lab1emb.sdk/system_wrapper_hw_platform_0/system.hdf -mem-ranges [list {0x40000000 0xbfffffff}]
configparams force-mem-access 1
targets -set -nocase -filter {name =~"APU*" && jtag_cable_name =~ "Digilent Zybo 210279787097A"} -index 0
stop
ps7_init
ps7_post_config
targets -set -nocase -filter {name =~ "ARM*#0" && jtag_cable_name =~ "Digilent Zybo 210279787097A"} -index 0
rst -processor
targets -set -nocase -filter {name =~ "ARM*#0" && jtag_cable_name =~ "Digilent Zybo 210279787097A"} -index 0
dow C:/xup/fpga_flow/2016_2_zynq_labs/lab1emb/lab1emb.sdk/mem_test/Debug/mem_test.elf
configparams force-mem-access 0
----------------End of Script----------------

22:06:39 INFO  : Context for processor 'ps7_cortexa9_0' is selected.
22:06:40 INFO  : 'con' command is executed.
22:06:40 INFO  : ----------------XSDB Script (After Launch)----------------
targets -set -nocase -filter {name =~ "ARM*#0" && jtag_cable_name =~ "Digilent Zybo 210279787097A"} -index 0
con
----------------End of Script----------------

22:06:40 INFO  : Launch script is exported to file 'C:\xup\fpga_flow\2016_2_zynq_labs\lab1emb\lab1emb.sdk\.sdk\launch_scripts\xilinx_c-c++_application_(system_debugger)\system_debugger_using_debug_mem_test.elf_on_local.tcl'
22:07:47 INFO  : Disconnected from the channel tcfchan#1.
22:07:48 INFO  : ps7_init is completed.
22:07:48 INFO  : Processor reset is completed for ps7_cortexa9_0
22:09:04 INFO  : ps7_init is completed.
22:09:04 INFO  : Processor reset is completed for ps7_cortexa9_0
22:09:36 INFO  : Processor reset is completed for ps7_cortexa9_0
22:10:05 INFO  : Processor reset is completed for ps7_cortexa9_0
22:10:25 INFO  : Processor reset is completed for ps7_cortexa9_0
22:10:44 INFO  : Processor reset is completed for ps7_cortexa9_0
22:11:04 INFO  : ps7_init is completed.
22:11:04 INFO  : Processor reset is completed for ps7_cortexa9_0
22:11:25 INFO  : Processor reset is completed for ps7_cortexa9_0
22:11:47 INFO  : Processor reset is completed for ps7_cortexa9_0
22:12:10 INFO  : ps7_init is completed.
22:12:10 INFO  : Processor reset is completed for ps7_cortexa9_0
22:13:30 INFO  : ps7_init is completed.
22:13:30 INFO  : Processor reset is completed for ps7_cortexa9_0
22:14:48 INFO  : Processor reset is completed for ps7_cortexa9_0
22:14:58 INFO  : Processor reset is completed for ps7_cortexa9_0
22:18:40 ERROR : Unexpected error while parsing XMD response ?: com.google.gson.JsonSyntaxException: com.google.gson.stream.MalformedJsonException: invalid number or unquoted string near 
