
*** Running vivado
    with args -log system_pb_rdy_0_1.vds -m64 -product Vivado -mode batch -messageDb vivado.pb -notrace -source system_pb_rdy_0_1.tcl


****** Vivado v2017.2 (64-bit)
  **** SW Build 1909853 on Thu Jun 15 18:39:09 MDT 2017
  **** IP Build 1909766 on Thu Jun 15 19:58:00 MDT 2017
    ** Copyright 1986-2017 Xilinx, Inc. All Rights Reserved.

source system_pb_rdy_0_1.tcl -notrace
create_project: Time (s): cpu = 00:00:01 ; elapsed = 00:00:10 . Memory (MB): peak = 252.656 ; gain = 44.195
Command: synth_design -top system_pb_rdy_0_1 -part xc7z010clg400-1 -mode out_of_context
Starting synth_design
Attempting to get a license for feature 'Synthesis' and/or device 'xc7z010-clg400'
INFO: [Common 17-349] Got license for feature 'Synthesis' and/or device 'xc7z010-clg400'
INFO: Launching helper process for spawning children vivado processes
INFO: Helper process launched with PID 13500 
---------------------------------------------------------------------------------
Starting RTL Elaboration : Time (s): cpu = 00:00:09 ; elapsed = 00:00:15 . Memory (MB): peak = 354.773 ; gain = 87.086
---------------------------------------------------------------------------------
INFO: [Synth 8-638] synthesizing module 'system_pb_rdy_0_1' [c:/xup/fpga_flow/TFMV2/TFM_GE/TFM_GE.srcs/sources_1/bd/system/ip/system_pb_rdy_0_1/synth/system_pb_rdy_0_1.vhd:64]
	Parameter CORES_WIDTH bound to: 1 - type: integer 
INFO: [Synth 8-3491] module 'pb_rdy' declared at 'c:/xup/fpga_flow/TFMV2/TFM_GE/TFM_GE.srcs/sources_1/bd/system/ipshared/ae66/pb_rdy.vhd:34' bound to instance 'U0' of component 'pb_rdy' [c:/xup/fpga_flow/TFMV2/TFM_GE/TFM_GE.srcs/sources_1/bd/system/ip/system_pb_rdy_0_1/synth/system_pb_rdy_0_1.vhd:86]
INFO: [Synth 8-638] synthesizing module 'pb_rdy' [c:/xup/fpga_flow/TFMV2/TFM_GE/TFM_GE.srcs/sources_1/bd/system/ipshared/ae66/pb_rdy.vhd:45]
	Parameter CORES_WIDTH bound to: 1 - type: integer 
INFO: [Synth 8-256] done synthesizing module 'pb_rdy' (1#1) [c:/xup/fpga_flow/TFMV2/TFM_GE/TFM_GE.srcs/sources_1/bd/system/ipshared/ae66/pb_rdy.vhd:45]
INFO: [Synth 8-256] done synthesizing module 'system_pb_rdy_0_1' (2#1) [c:/xup/fpga_flow/TFMV2/TFM_GE/TFM_GE.srcs/sources_1/bd/system/ip/system_pb_rdy_0_1/synth/system_pb_rdy_0_1.vhd:64]
---------------------------------------------------------------------------------
Finished RTL Elaboration : Time (s): cpu = 00:00:12 ; elapsed = 00:00:19 . Memory (MB): peak = 404.949 ; gain = 137.262
---------------------------------------------------------------------------------

Report Check Netlist: 
+------+------------------+-------+---------+-------+------------------+
|      |Item              |Errors |Warnings |Status |Description       |
+------+------------------+-------+---------+-------+------------------+
|1     |multi_driven_nets |      0|        0|Passed |Multi driven nets |
+------+------------------+-------+---------+-------+------------------+
---------------------------------------------------------------------------------
Finished RTL Optimization Phase 1 : Time (s): cpu = 00:00:12 ; elapsed = 00:00:20 . Memory (MB): peak = 404.949 ; gain = 137.262
---------------------------------------------------------------------------------
INFO: [Device 21-403] Loading part xc7z010clg400-1
INFO: [Project 1-570] Preparing netlist for logic optimization

Processing XDC Constraints
Initializing timing engine
Completed Processing XDC Constraints

INFO: [Project 1-111] Unisim Transformation Summary:
No Unisim elements were transformed.

Constraint Validation Runtime : Time (s): cpu = 00:00:00 ; elapsed = 00:00:00.674 . Memory (MB): peak = 654.820 ; gain = 0.375
---------------------------------------------------------------------------------
Finished Constraint Validation : Time (s): cpu = 00:00:40 ; elapsed = 00:00:53 . Memory (MB): peak = 654.820 ; gain = 387.133
---------------------------------------------------------------------------------
---------------------------------------------------------------------------------
Start Loading Part and Timing Information
---------------------------------------------------------------------------------
Loading part: xc7z010clg400-1
---------------------------------------------------------------------------------
Finished Loading Part and Timing Information : Time (s): cpu = 00:00:40 ; elapsed = 00:00:53 . Memory (MB): peak = 654.820 ; gain = 387.133
---------------------------------------------------------------------------------
---------------------------------------------------------------------------------
Start Applying 'set_property' XDC Constraints
---------------------------------------------------------------------------------
---------------------------------------------------------------------------------
Finished applying 'set_property' XDC Constraints : Time (s): cpu = 00:00:40 ; elapsed = 00:00:53 . Memory (MB): peak = 654.820 ; gain = 387.133
---------------------------------------------------------------------------------
---------------------------------------------------------------------------------
Finished RTL Optimization Phase 2 : Time (s): cpu = 00:00:40 ; elapsed = 00:00:54 . Memory (MB): peak = 654.820 ; gain = 387.133
---------------------------------------------------------------------------------

Report RTL Partitions: 
+-+--------------+------------+----------+
| |RTL Partition |Replication |Instances |
+-+--------------+------------+----------+
+-+--------------+------------+----------+
---------------------------------------------------------------------------------
Start RTL Component Statistics 
---------------------------------------------------------------------------------
Detailed RTL Component Info : 
+---Registers : 
	                1 Bit    Registers := 2     
---------------------------------------------------------------------------------
Finished RTL Component Statistics 
---------------------------------------------------------------------------------
---------------------------------------------------------------------------------
Start RTL Hierarchical Component Statistics 
---------------------------------------------------------------------------------
Hierarchical RTL Component report 
Module pb_rdy 
Detailed RTL Component Info : 
+---Registers : 
	                1 Bit    Registers := 2     
---------------------------------------------------------------------------------
Finished RTL Hierarchical Component Statistics
---------------------------------------------------------------------------------
---------------------------------------------------------------------------------
Start Part Resource Summary
---------------------------------------------------------------------------------
Part Resources:
DSPs: 80 (col length:40)
BRAMs: 120 (col length: RAMB18 40 RAMB36 20)
---------------------------------------------------------------------------------
Finished Part Resource Summary
---------------------------------------------------------------------------------
---------------------------------------------------------------------------------
Start Cross Boundary and Area Optimization
---------------------------------------------------------------------------------
---------------------------------------------------------------------------------
Finished Cross Boundary and Area Optimization : Time (s): cpu = 00:00:41 ; elapsed = 00:00:55 . Memory (MB): peak = 654.820 ; gain = 387.133
---------------------------------------------------------------------------------

Report RTL Partitions: 
+-+--------------+------------+----------+
| |RTL Partition |Replication |Instances |
+-+--------------+------------+----------+
+-+--------------+------------+----------+
---------------------------------------------------------------------------------
Start Applying XDC Timing Constraints
---------------------------------------------------------------------------------
---------------------------------------------------------------------------------
Finished Applying XDC Timing Constraints : Time (s): cpu = 00:01:15 ; elapsed = 00:01:30 . Memory (MB): peak = 715.316 ; gain = 447.629
---------------------------------------------------------------------------------
---------------------------------------------------------------------------------
Start Timing Optimization
---------------------------------------------------------------------------------
---------------------------------------------------------------------------------
Finished Timing Optimization : Time (s): cpu = 00:01:15 ; elapsed = 00:01:30 . Memory (MB): peak = 715.316 ; gain = 447.629
---------------------------------------------------------------------------------

Report RTL Partitions: 
+-+--------------+------------+----------+
| |RTL Partition |Replication |Instances |
+-+--------------+------------+----------+
+-+--------------+------------+----------+
---------------------------------------------------------------------------------
Start Technology Mapping
---------------------------------------------------------------------------------
---------------------------------------------------------------------------------
Finished Technology Mapping : Time (s): cpu = 00:01:15 ; elapsed = 00:01:30 . Memory (MB): peak = 734.379 ; gain = 466.691
---------------------------------------------------------------------------------

Report RTL Partitions: 
+-+--------------+------------+----------+
| |RTL Partition |Replication |Instances |
+-+--------------+------------+----------+
+-+--------------+------------+----------+
---------------------------------------------------------------------------------
Start IO Insertion
---------------------------------------------------------------------------------
---------------------------------------------------------------------------------
Start Flattening Before IO Insertion
---------------------------------------------------------------------------------
---------------------------------------------------------------------------------
Finished Flattening Before IO Insertion
---------------------------------------------------------------------------------
---------------------------------------------------------------------------------
Start Final Netlist Cleanup
---------------------------------------------------------------------------------
---------------------------------------------------------------------------------
Finished Final Netlist Cleanup
---------------------------------------------------------------------------------
---------------------------------------------------------------------------------
Finished IO Insertion : Time (s): cpu = 00:01:17 ; elapsed = 00:01:33 . Memory (MB): peak = 734.379 ; gain = 466.691
---------------------------------------------------------------------------------

Report Check Netlist: 
+------+------------------+-------+---------+-------+------------------+
|      |Item              |Errors |Warnings |Status |Description       |
+------+------------------+-------+---------+-------+------------------+
|1     |multi_driven_nets |      0|        0|Passed |Multi driven nets |
+------+------------------+-------+---------+-------+------------------+
---------------------------------------------------------------------------------
Start Renaming Generated Instances
---------------------------------------------------------------------------------
---------------------------------------------------------------------------------
Finished Renaming Generated Instances : Time (s): cpu = 00:01:17 ; elapsed = 00:01:33 . Memory (MB): peak = 734.379 ; gain = 466.691
---------------------------------------------------------------------------------

Report RTL Partitions: 
+-+--------------+------------+----------+
| |RTL Partition |Replication |Instances |
+-+--------------+------------+----------+
+-+--------------+------------+----------+
---------------------------------------------------------------------------------
Start Rebuilding User Hierarchy
---------------------------------------------------------------------------------
---------------------------------------------------------------------------------
Finished Rebuilding User Hierarchy : Time (s): cpu = 00:01:17 ; elapsed = 00:01:33 . Memory (MB): peak = 734.379 ; gain = 466.691
---------------------------------------------------------------------------------
---------------------------------------------------------------------------------
Start Renaming Generated Ports
---------------------------------------------------------------------------------
---------------------------------------------------------------------------------
Finished Renaming Generated Ports : Time (s): cpu = 00:01:17 ; elapsed = 00:01:33 . Memory (MB): peak = 734.379 ; gain = 466.691
---------------------------------------------------------------------------------
---------------------------------------------------------------------------------
Start Handling Custom Attributes
---------------------------------------------------------------------------------
---------------------------------------------------------------------------------
Finished Handling Custom Attributes : Time (s): cpu = 00:01:17 ; elapsed = 00:01:33 . Memory (MB): peak = 734.379 ; gain = 466.691
---------------------------------------------------------------------------------
---------------------------------------------------------------------------------
Start Renaming Generated Nets
---------------------------------------------------------------------------------
---------------------------------------------------------------------------------
Finished Renaming Generated Nets : Time (s): cpu = 00:01:17 ; elapsed = 00:01:33 . Memory (MB): peak = 734.379 ; gain = 466.691
---------------------------------------------------------------------------------
---------------------------------------------------------------------------------
Start Writing Synthesis Report
---------------------------------------------------------------------------------

Report BlackBoxes: 
+-+--------------+----------+
| |BlackBox name |Instances |
+-+--------------+----------+
+-+--------------+----------+

Report Cell Usage: 
+------+-----+------+
|      |Cell |Count |
+------+-----+------+
|1     |LUT3 |     1|
|2     |FDRE |     2|
+------+-----+------+

Report Instance Areas: 
+------+---------+-------+------+
|      |Instance |Module |Cells |
+------+---------+-------+------+
|1     |top      |       |     3|
|2     |  U0     |pb_rdy |     3|
+------+---------+-------+------+
---------------------------------------------------------------------------------
Finished Writing Synthesis Report : Time (s): cpu = 00:01:17 ; elapsed = 00:01:33 . Memory (MB): peak = 734.379 ; gain = 466.691
---------------------------------------------------------------------------------
Synthesis finished with 0 errors, 0 critical warnings and 0 warnings.
Synthesis Optimization Runtime : Time (s): cpu = 00:00:47 ; elapsed = 00:01:12 . Memory (MB): peak = 734.379 ; gain = 216.820
Synthesis Optimization Complete : Time (s): cpu = 00:01:17 ; elapsed = 00:01:33 . Memory (MB): peak = 734.379 ; gain = 466.691
INFO: [Project 1-571] Translating synthesized netlist
INFO: [Project 1-570] Preparing netlist for logic optimization
INFO: [Opt 31-138] Pushed 0 inverter(s) to 0 load pin(s).
INFO: [Project 1-111] Unisim Transformation Summary:
No Unisim elements were transformed.

13 Infos, 0 Warnings, 0 Critical Warnings and 0 Errors encountered.
synth_design completed successfully
synth_design: Time (s): cpu = 00:01:21 ; elapsed = 00:01:37 . Memory (MB): peak = 740.648 ; gain = 473.996
INFO: [Common 17-1381] The checkpoint 'C:/xup/fpga_flow/TFMV2/TFM_GE/TFM_GE.runs/system_pb_rdy_0_1_synth_1/system_pb_rdy_0_1.dcp' has been generated.
