Vivado Simulator 2017.2
Copyright 1986-1999, 2001-2016 Xilinx, Inc. All Rights Reserved.
Running: C:/XilinxVivado/Vivado/2017.2/bin/unwrapped/win64.o/xelab.exe -wto f6abc5547cbb42f1a6a095b3b5f655f6 --debug typical --relax --mt 2 -L xil_defaultlib -L secureip -L xpm --snapshot Main_behav xil_defaultlib.Main -log elaborate.log 
Using 2 slave threads.
Starting static elaboration
Completed static elaboration
Starting simulation data flow analysis
Completed simulation data flow analysis
Time Resolution for simulation is 1ps
Compiling package std.standard
Compiling package std.textio
Compiling package ieee.std_logic_1164
Compiling package ieee.std_logic_arith
Compiling package ieee.std_logic_unsigned
Compiling package unisim.vcomponents
Compiling package ieee.vital_timing
Compiling package ieee.vital_primitives
Compiling package unisim.vpkg
Compiling package ieee.numeric_std
Compiling package ieee.std_logic_signed
Compiling package ieee.std_logic_textio
Compiling architecture lut6_2_v of entity unisim.LUT6_2 [\LUT6_2(init="111111110000000011...]
Compiling architecture lut6_v of entity unisim.LUT6 [\LUT6(init="00000000101010100000...]
Compiling architecture lut6_v of entity unisim.LUT6 [\LUT6(init="00000000101010100000...]
Compiling architecture lut6_v of entity unisim.LUT6 [\LUT6(init="00000000101010100000...]
Compiling architecture lut6_2_v of entity unisim.LUT6_2 [\LUT6_2(init="000000000001010100...]
Compiling architecture lut6_2_v of entity unisim.LUT6_2 [\LUT6_2(init="000000000010101000...]
Compiling architecture fdse_v of entity unisim.FDSE [fdse_default]
Compiling architecture fds_v of entity unisim.FDS [fds_default]
Compiling architecture lut6_v of entity unisim.LUT6 [\LUT6(init="10111111101111001000...]
Compiling architecture ram64m_v of entity unisim.RAM64M [ram64m_default]
Compiling architecture lut6_2_v of entity unisim.LUT6_2 [\LUT6_2(init="011010010110100101...]
Compiling architecture lut6_v of entity unisim.LUT6 [\LUT6(init="11111111000000001111...]
Compiling architecture lut6_2_v of entity unisim.LUT6_2 [\LUT6_2(init="111111111111111111...]
Compiling architecture fdre_v of entity unisim.FDRE [fdre_default]
Compiling architecture fd_v of entity unisim.FD [fd_default]
Compiling architecture lut6_2_v of entity unisim.LUT6_2 [\LUT6_2(init="000000001000001100...]
Compiling architecture lut6_2_v of entity unisim.LUT6_2 [\LUT6_2(init="000000000001000000...]
Compiling architecture lut6_v of entity unisim.LUT6 [\LUT6(init="00000000000000000000...]
Compiling architecture lut6_2_v of entity unisim.LUT6_2 [\LUT6_2(init="110011000011001111...]
Compiling architecture lut6_v of entity unisim.LUT6 [\LUT6(init="01011010001111001111...]
Compiling architecture lut6_2_v of entity unisim.LUT6_2 [\LUT6_2(init="011101110111011100...]
Compiling architecture lut6_2_v of entity unisim.LUT6_2 [\LUT6_2(init="000000000000000011...]
Compiling architecture lut6_v of entity unisim.LUT6 [\LUT6(init="11111111111111111111...]
Compiling architecture lut6_2_v of entity unisim.LUT6_2 [\LUT6_2(init="111111111111111100...]
Compiling architecture lut6_2_v of entity unisim.LUT6_2 [\LUT6_2(init="000000111100101000...]
Compiling architecture lut6_2_v of entity unisim.LUT6_2 [\LUT6_2(init="011101110000100000...]
Compiling architecture lut6_2_v of entity unisim.LUT6_2 [\LUT6_2(init="110100000000000000...]
Compiling architecture lut6_2_v of entity unisim.LUT6_2 [\LUT6_2(init="000000000000000100...]
Compiling architecture lut6_2_v of entity unisim.LUT6_2 [\LUT6_2(init="110000001100110000...]
Compiling architecture fdr_v of entity unisim.FDR [fdr_default]
Compiling architecture lut6_2_v of entity unisim.LUT6_2 [\LUT6_2(init="100000000000000000...]
Compiling architecture lut6_2_v of entity unisim.LUT6_2 [\LUT6_2(init="010000000000000000...]
Compiling architecture lut6_v of entity unisim.LUT6 [\LUT6(init="00000000100000000000...]
Compiling architecture lut6_v of entity unisim.LUT6 [\LUT6(init="10101100101011001111...]
Compiling architecture xorcy_v of entity unisim.XORCY [xorcy_default]
Compiling architecture lut6_2_v of entity unisim.LUT6_2 [\LUT6_2(init="000000000000000000...]
Compiling architecture muxcy_v of entity unisim.MUXCY [muxcy_default]
Compiling architecture lut6_v of entity unisim.LUT6 [\LUT6(init="01101001100101101001...]
Compiling architecture lut6_v of entity unisim.LUT6 [\LUT6(init="11111111111111111010...]
Compiling architecture lut6_2_v of entity unisim.LUT6_2 [\LUT6_2(init="001100110011001110...]
Compiling architecture lut6_2_v of entity unisim.LUT6_2 [\LUT6_2(init="101000101000000000...]
Compiling architecture lut6_2_v of entity unisim.LUT6_2 [\LUT6_2(init="000000000000000000...]
Compiling architecture lut6_2_v of entity unisim.LUT6_2 [\LUT6_2(init="000000000000000000...]
Compiling architecture lut6_v of entity unisim.LUT6 [\LUT6(init="11111011111111110000...]
Compiling architecture ram32m_v of entity unisim.RAM32M [ram32m_default]
Compiling architecture low_level_definition of entity xil_defaultlib.kcpsm6 [\kcpsm6(hwbuild="01000001",inter...]
Compiling architecture automatic of entity xil_defaultlib.rom_program [rom_program_default]
Compiling architecture gnd_v of entity unisim.GND [gnd_default]
Compiling architecture lut6_v of entity unisim.LUT6 [\LUT6(init="10101111101000001100...]
Compiling architecture structure of entity xil_defaultlib.blk_mem_gen_0_blk_mem_gen_mux [blk_mem_gen_0_blk_mem_gen_mux_de...]
Compiling architecture lut3_v of entity unisim.LUT3 [\LUT3(init="10111000")(0,7)\]
Compiling architecture structure of entity xil_defaultlib.\blk_mem_gen_0_blk_mem_gen_mux__parameterized0\ [\blk_mem_gen_0_blk_mem_gen_mux__...]
Compiling architecture rb36_internal_vhdl_v of entity unisim.RB36_INTERNAL_VHDL [\RB36_INTERNAL_VHDL(init_a="0000...]
Compiling architecture ramb36e1_v of entity unisim.RAMB36E1 [\RAMB36E1(read_width_a=9,read_wi...]
Compiling architecture structure of entity xil_defaultlib.blk_mem_gen_0_blk_mem_gen_prim_wrapper [blk_mem_gen_0_blk_mem_gen_prim_w...]
Compiling architecture structure of entity xil_defaultlib.blk_mem_gen_0_blk_mem_gen_prim_width [blk_mem_gen_0_blk_mem_gen_prim_w...]
Compiling architecture lut2_v of entity unisim.LUT2 [\LUT2(init="0100")(0,3)\]
Compiling architecture lut3_v of entity unisim.LUT3 [\LUT3(init="00001000")(0,7)\]
Compiling architecture structure of entity xil_defaultlib.\blk_mem_gen_0_blk_mem_gen_prim_wrapper__parameterized9\ [\blk_mem_gen_0_blk_mem_gen_prim_...]
Compiling architecture structure of entity xil_defaultlib.\blk_mem_gen_0_blk_mem_gen_prim_width__parameterized9\ [\blk_mem_gen_0_blk_mem_gen_prim_...]
Compiling architecture structure of entity xil_defaultlib.\blk_mem_gen_0_blk_mem_gen_prim_wrapper__parameterized10\ [\blk_mem_gen_0_blk_mem_gen_prim_...]
Compiling architecture structure of entity xil_defaultlib.\blk_mem_gen_0_blk_mem_gen_prim_width__parameterized10\ [\blk_mem_gen_0_blk_mem_gen_prim_...]
Compiling architecture structure of entity xil_defaultlib.\blk_mem_gen_0_blk_mem_gen_prim_wrapper__parameterized11\ [\blk_mem_gen_0_blk_mem_gen_prim_...]
Compiling architecture structure of entity xil_defaultlib.\blk_mem_gen_0_blk_mem_gen_prim_width__parameterized11\ [\blk_mem_gen_0_blk_mem_gen_prim_...]
Compiling architecture structure of entity xil_defaultlib.\blk_mem_gen_0_blk_mem_gen_prim_wrapper__parameterized12\ [\blk_mem_gen_0_blk_mem_gen_prim_...]
Compiling architecture structure of entity xil_defaultlib.\blk_mem_gen_0_blk_mem_gen_prim_width__parameterized12\ [\blk_mem_gen_0_blk_mem_gen_prim_...]
Compiling architecture structure of entity xil_defaultlib.\blk_mem_gen_0_blk_mem_gen_prim_wrapper__parameterized13\ [\blk_mem_gen_0_blk_mem_gen_prim_...]
Compiling architecture structure of entity xil_defaultlib.\blk_mem_gen_0_blk_mem_gen_prim_width__parameterized13\ [\blk_mem_gen_0_blk_mem_gen_prim_...]
Compiling architecture lut2_v of entity unisim.LUT2 [\LUT2(init="1000")(0,3)\]
Compiling architecture lut3_v of entity unisim.LUT3 [\LUT3(init="10000000")(0,7)\]
Compiling architecture structure of entity xil_defaultlib.\blk_mem_gen_0_blk_mem_gen_prim_wrapper__parameterized14\ [\blk_mem_gen_0_blk_mem_gen_prim_...]
Compiling architecture structure of entity xil_defaultlib.\blk_mem_gen_0_blk_mem_gen_prim_width__parameterized14\ [\blk_mem_gen_0_blk_mem_gen_prim_...]
Compiling architecture structure of entity xil_defaultlib.\blk_mem_gen_0_blk_mem_gen_prim_wrapper__parameterized0\ [\blk_mem_gen_0_blk_mem_gen_prim_...]
Compiling architecture structure of entity xil_defaultlib.\blk_mem_gen_0_blk_mem_gen_prim_width__parameterized0\ [\blk_mem_gen_0_blk_mem_gen_prim_...]
Compiling architecture structure of entity xil_defaultlib.\blk_mem_gen_0_blk_mem_gen_prim_wrapper__parameterized1\ [\blk_mem_gen_0_blk_mem_gen_prim_...]
Compiling architecture structure of entity xil_defaultlib.\blk_mem_gen_0_blk_mem_gen_prim_width__parameterized1\ [\blk_mem_gen_0_blk_mem_gen_prim_...]
Compiling architecture structure of entity xil_defaultlib.\blk_mem_gen_0_blk_mem_gen_prim_wrapper__parameterized2\ [\blk_mem_gen_0_blk_mem_gen_prim_...]
Compiling architecture structure of entity xil_defaultlib.\blk_mem_gen_0_blk_mem_gen_prim_width__parameterized2\ [\blk_mem_gen_0_blk_mem_gen_prim_...]
Compiling architecture structure of entity xil_defaultlib.\blk_mem_gen_0_blk_mem_gen_prim_wrapper__parameterized3\ [\blk_mem_gen_0_blk_mem_gen_prim_...]
Compiling architecture structure of entity xil_defaultlib.\blk_mem_gen_0_blk_mem_gen_prim_width__parameterized3\ [\blk_mem_gen_0_blk_mem_gen_prim_...]
Compiling architecture structure of entity xil_defaultlib.\blk_mem_gen_0_blk_mem_gen_prim_wrapper__parameterized4\ [\blk_mem_gen_0_blk_mem_gen_prim_...]
Compiling architecture structure of entity xil_defaultlib.\blk_mem_gen_0_blk_mem_gen_prim_width__parameterized4\ [\blk_mem_gen_0_blk_mem_gen_prim_...]
Compiling architecture structure of entity xil_defaultlib.\blk_mem_gen_0_blk_mem_gen_prim_wrapper__parameterized5\ [\blk_mem_gen_0_blk_mem_gen_prim_...]
Compiling architecture structure of entity xil_defaultlib.\blk_mem_gen_0_blk_mem_gen_prim_width__parameterized5\ [\blk_mem_gen_0_blk_mem_gen_prim_...]
Compiling architecture structure of entity xil_defaultlib.\blk_mem_gen_0_blk_mem_gen_prim_wrapper__parameterized6\ [\blk_mem_gen_0_blk_mem_gen_prim_...]
Compiling architecture structure of entity xil_defaultlib.\blk_mem_gen_0_blk_mem_gen_prim_width__parameterized6\ [\blk_mem_gen_0_blk_mem_gen_prim_...]
Compiling architecture lut2_v of entity unisim.LUT2 [\LUT2(init="0001")(0,3)\]
Compiling architecture lut3_v of entity unisim.LUT3 [\LUT3(init="00000010")(0,7)\]
Compiling architecture structure of entity xil_defaultlib.\blk_mem_gen_0_blk_mem_gen_prim_wrapper__parameterized7\ [\blk_mem_gen_0_blk_mem_gen_prim_...]
Compiling architecture structure of entity xil_defaultlib.\blk_mem_gen_0_blk_mem_gen_prim_width__parameterized7\ [\blk_mem_gen_0_blk_mem_gen_prim_...]
Compiling architecture structure of entity xil_defaultlib.\blk_mem_gen_0_blk_mem_gen_prim_wrapper__parameterized8\ [\blk_mem_gen_0_blk_mem_gen_prim_...]
Compiling architecture structure of entity xil_defaultlib.\blk_mem_gen_0_blk_mem_gen_prim_width__parameterized8\ [\blk_mem_gen_0_blk_mem_gen_prim_...]
Compiling architecture structure of entity xil_defaultlib.blk_mem_gen_0_blk_mem_gen_generic_cstr [blk_mem_gen_0_blk_mem_gen_generi...]
Compiling architecture structure of entity xil_defaultlib.blk_mem_gen_0_blk_mem_gen_top [blk_mem_gen_0_blk_mem_gen_top_de...]
Compiling architecture structure of entity xil_defaultlib.blk_mem_gen_0_blk_mem_gen_v8_3_6_synth [blk_mem_gen_0_blk_mem_gen_v8_3_6...]
Compiling architecture structure of entity xil_defaultlib.blk_mem_gen_0_blk_mem_gen_v8_3_6 [blk_mem_gen_0_blk_mem_gen_v8_3_6...]
Compiling architecture structure of entity xil_defaultlib.blk_mem_gen_0 [blk_mem_gen_0_default]
Compiling architecture behavioral of entity xil_defaultlib.main
Built simulation snapshot Main_behav
