
*** Running vivado
    with args -log system_processing_system7_0_0.vds -m64 -product Vivado -mode batch -messageDb vivado.pb -notrace -source system_processing_system7_0_0.tcl


****** Vivado v2017.2 (64-bit)
  **** SW Build 1909853 on Thu Jun 15 18:39:09 MDT 2017
  **** IP Build 1909766 on Thu Jun 15 19:58:00 MDT 2017
    ** Copyright 1986-2017 Xilinx, Inc. All Rights Reserved.

source system_processing_system7_0_0.tcl -notrace
Starting RTL Elaboration : Time (s): cpu = 00:00:07 ; elapsed = 00:00:09 . Memory (MB): peak = 422.336 ; gain = 81.668
INFO: [Synth 8-638] synthesizing module 'system_processing_system7_0_0' [c:/xup/fpga_flow/2016_2_zynq_labs/sol_v1/sol_v1.srcs/sources_1/bd/system/ip/system_processing_system7_0_0/synth/system_processing_system7_0_0.v:60]
INFO: [Synth 8-638] synthesizing module 'processing_system7_v5_5_processing_system7' [c:/xup/fpga_flow/2016_2_zynq_labs/sol_v1/sol_v1.srcs/sources_1/bd/system/ip/system_processing_system7_0_0/hdl/verilog/processing_system7_v5_5_processing_system7.v:161]
INFO: [Synth 8-638] synthesizing module 'BUFG' [C:/XilinxVivado/Vivado/2017.2/scripts/rt/data/unisim_comp.v:607]
INFO: [Synth 8-256] done synthesizing module 'BUFG' (1#1) [C:/XilinxVivado/Vivado/2017.2/scripts/rt/data/unisim_comp.v:607]
INFO: [Synth 8-638] synthesizing module 'BIBUF' [C:/XilinxVivado/Vivado/2017.2/scripts/rt/data/unisim_comp.v:268]
INFO: [Synth 8-256] done synthesizing module 'BIBUF' (2#1) [C:/XilinxVivado/Vivado/2017.2/scripts/rt/data/unisim_comp.v:268]
INFO: [Synth 8-638] synthesizing module 'PS7' [C:/XilinxVivado/Vivado/2017.2/scripts/rt/data/unisim_comp.v:33527]
INFO: [Synth 8-256] done synthesizing module 'PS7' (3#1) [C:/XilinxVivado/Vivado/2017.2/scripts/rt/data/unisim_comp.v:33527]
INFO: [Synth 8-256] done synthesizing module 'processing_system7_v5_5_processing_system7' (4#1) [c:/xup/fpga_flow/2016_2_zynq_labs/sol_v1/sol_v1.srcs/sources_1/bd/system/ip/system_processing_system7_0_0/hdl/verilog/processing_system7_v5_5_processing_system7.v:161]
INFO: [Synth 8-256] done synthesizing module 'system_processing_system7_0_0' (5#1) [c:/xup/fpga_flow/2016_2_zynq_labs/sol_v1/sol_v1.srcs/sources_1/bd/system/ip/system_processing_system7_0_0/synth/system_processing_system7_0_0.v:60]
Finished RTL Elaboration : Time (s): cpu = 00:00:10 ; elapsed = 00:00:13 . Memory (MB): peak = 462.414 ; gain = 121.746
Finished RTL Optimization Phase 1 : Time (s): cpu = 00:00:11 ; elapsed = 00:00:14 . Memory (MB): peak = 462.414 ; gain = 121.746
INFO: [Device 21-403] Loading part xc7z010clg400-1
Constraint Validation Runtime : Time (s): cpu = 00:00:00 ; elapsed = 00:00:00.222 . Memory (MB): peak = 686.820 ; gain = 0.000
Finished Constraint Validation : Time (s): cpu = 00:00:33 ; elapsed = 00:00:43 . Memory (MB): peak = 686.820 ; gain = 346.152
Finished Loading Part and Timing Information : Time (s): cpu = 00:00:33 ; elapsed = 00:00:43 . Memory (MB): peak = 686.820 ; gain = 346.152
Finished applying 'set_property' XDC Constraints : Time (s): cpu = 00:00:34 ; elapsed = 00:00:44 . Memory (MB): peak = 686.820 ; gain = 346.152
Finished RTL Optimization Phase 2 : Time (s): cpu = 00:00:36 ; elapsed = 00:00:46 . Memory (MB): peak = 686.820 ; gain = 346.152
Finished Cross Boundary and Area Optimization : Time (s): cpu = 00:00:37 ; elapsed = 00:00:47 . Memory (MB): peak = 686.820 ; gain = 346.152
Finished Applying XDC Timing Constraints : Time (s): cpu = 00:01:04 ; elapsed = 00:01:18 . Memory (MB): peak = 895.680 ; gain = 555.012
Finished Timing Optimization : Time (s): cpu = 00:01:05 ; elapsed = 00:01:18 . Memory (MB): peak = 911.773 ; gain = 571.105
Finished Technology Mapping : Time (s): cpu = 00:01:07 ; elapsed = 00:01:20 . Memory (MB): peak = 915.840 ; gain = 575.172
Finished IO Insertion : Time (s): cpu = 00:01:10 ; elapsed = 00:01:24 . Memory (MB): peak = 915.840 ; gain = 575.172
Finished Renaming Generated Instances : Time (s): cpu = 00:01:10 ; elapsed = 00:01:24 . Memory (MB): peak = 915.840 ; gain = 575.172
Finished Rebuilding User Hierarchy : Time (s): cpu = 00:01:10 ; elapsed = 00:01:24 . Memory (MB): peak = 915.840 ; gain = 575.172
Finished Renaming Generated Ports : Time (s): cpu = 00:01:10 ; elapsed = 00:01:24 . Memory (MB): peak = 915.840 ; gain = 575.172
Finished Handling Custom Attributes : Time (s): cpu = 00:01:10 ; elapsed = 00:01:24 . Memory (MB): peak = 915.840 ; gain = 575.172
Finished Renaming Generated Nets : Time (s): cpu = 00:01:10 ; elapsed = 00:01:24 . Memory (MB): peak = 915.840 ; gain = 575.172

Report Cell Usage: 
+------+------+------+
|      |Cell  |Count |
+------+------+------+
|1     |BIBUF |   130|
|2     |BUFG  |     1|
|3     |LUT1  |    49|
|4     |PS7   |     1|
+------+------+------+
Finished Writing Synthesis Report : Time (s): cpu = 00:01:10 ; elapsed = 00:01:24 . Memory (MB): peak = 915.840 ; gain = 575.172
synth_design: Time (s): cpu = 00:01:14 ; elapsed = 00:01:30 . Memory (MB): peak = 929.367 ; gain = 592.395
