
*** Running vivado
    with args -log system_rst_ps7_0_100M_1.vds -m64 -product Vivado -mode batch -messageDb vivado.pb -notrace -source system_rst_ps7_0_100M_1.tcl


****** Vivado v2017.2 (64-bit)
  **** SW Build 1909853 on Thu Jun 15 18:39:09 MDT 2017
  **** IP Build 1909766 on Thu Jun 15 19:58:00 MDT 2017
    ** Copyright 1986-2017 Xilinx, Inc. All Rights Reserved.

source system_rst_ps7_0_100M_1.tcl -notrace
Starting RTL Elaboration : Time (s): cpu = 00:00:07 ; elapsed = 00:00:10 . Memory (MB): peak = 354.609 ; gain = 86.145
INFO: [Synth 8-638] synthesizing module 'system_rst_ps7_0_100M_1' [c:/xup/fpga_flow/TFMV2/TFM_GE/TFM_GE.srcs/sources_1/bd/system/ip/system_rst_ps7_0_100M_1/synth/system_rst_ps7_0_100M_1.vhd:74]
INFO: [Synth 8-638] synthesizing module 'proc_sys_reset' [c:/xup/fpga_flow/TFMV2/TFM_GE/TFM_GE.srcs/sources_1/bd/system/ipshared/5db7/hdl/proc_sys_reset_v5_0_vh_rfs.vhd:1323]
INFO: [Synth 8-638] synthesizing module 'lpf' [c:/xup/fpga_flow/TFMV2/TFM_GE/TFM_GE.srcs/sources_1/bd/system/ipshared/5db7/hdl/proc_sys_reset_v5_0_vh_rfs.vhd:816]
INFO: [Synth 8-638] synthesizing module 'SRL16' [C:/XILINX/Vivado/2017.2/scripts/rt/data/unisim_comp.v:43657]
INFO: [Synth 8-256] done synthesizing module 'SRL16' (1#1) [C:/XILINX/Vivado/2017.2/scripts/rt/data/unisim_comp.v:43657]
INFO: [Synth 8-638] synthesizing module 'cdc_sync' [c:/xup/fpga_flow/TFMV2/TFM_GE/TFM_GE.srcs/sources_1/bd/system/ipshared/52cb/hdl/lib_cdc_v1_0_rfs.vhd:106]
INFO: [Synth 8-256] done synthesizing module 'cdc_sync' (2#1) [c:/xup/fpga_flow/TFMV2/TFM_GE/TFM_GE.srcs/sources_1/bd/system/ipshared/52cb/hdl/lib_cdc_v1_0_rfs.vhd:106]
INFO: [Synth 8-256] done synthesizing module 'lpf' (3#1) [c:/xup/fpga_flow/TFMV2/TFM_GE/TFM_GE.srcs/sources_1/bd/system/ipshared/5db7/hdl/proc_sys_reset_v5_0_vh_rfs.vhd:816]
INFO: [Synth 8-638] synthesizing module 'sequence_psr' [c:/xup/fpga_flow/TFMV2/TFM_GE/TFM_GE.srcs/sources_1/bd/system/ipshared/5db7/hdl/proc_sys_reset_v5_0_vh_rfs.vhd:301]
INFO: [Synth 8-638] synthesizing module 'upcnt_n' [c:/xup/fpga_flow/TFMV2/TFM_GE/TFM_GE.srcs/sources_1/bd/system/ipshared/5db7/hdl/proc_sys_reset_v5_0_vh_rfs.vhd:125]
INFO: [Synth 8-256] done synthesizing module 'upcnt_n' (4#1) [c:/xup/fpga_flow/TFMV2/TFM_GE/TFM_GE.srcs/sources_1/bd/system/ipshared/5db7/hdl/proc_sys_reset_v5_0_vh_rfs.vhd:125]
INFO: [Synth 8-256] done synthesizing module 'sequence_psr' (5#1) [c:/xup/fpga_flow/TFMV2/TFM_GE/TFM_GE.srcs/sources_1/bd/system/ipshared/5db7/hdl/proc_sys_reset_v5_0_vh_rfs.vhd:301]
INFO: [Synth 8-256] done synthesizing module 'proc_sys_reset' (6#1) [c:/xup/fpga_flow/TFMV2/TFM_GE/TFM_GE.srcs/sources_1/bd/system/ipshared/5db7/hdl/proc_sys_reset_v5_0_vh_rfs.vhd:1323]
INFO: [Synth 8-256] done synthesizing module 'system_rst_ps7_0_100M_1' (7#1) [c:/xup/fpga_flow/TFMV2/TFM_GE/TFM_GE.srcs/sources_1/bd/system/ip/system_rst_ps7_0_100M_1/synth/system_rst_ps7_0_100M_1.vhd:74]
Finished RTL Elaboration : Time (s): cpu = 00:00:09 ; elapsed = 00:00:12 . Memory (MB): peak = 405.613 ; gain = 137.148
Finished RTL Optimization Phase 1 : Time (s): cpu = 00:00:10 ; elapsed = 00:00:13 . Memory (MB): peak = 405.613 ; gain = 137.148
INFO: [Device 21-403] Loading part xc7z010clg400-1
Constraint Validation Runtime : Time (s): cpu = 00:00:00 ; elapsed = 00:00:00.817 . Memory (MB): peak = 728.703 ; gain = 1.504
Finished Constraint Validation : Time (s): cpu = 00:00:31 ; elapsed = 00:00:44 . Memory (MB): peak = 728.703 ; gain = 460.238
Finished Loading Part and Timing Information : Time (s): cpu = 00:00:31 ; elapsed = 00:00:44 . Memory (MB): peak = 728.703 ; gain = 460.238
Finished applying 'set_property' XDC Constraints : Time (s): cpu = 00:00:31 ; elapsed = 00:00:44 . Memory (MB): peak = 728.703 ; gain = 460.238
Finished RTL Optimization Phase 2 : Time (s): cpu = 00:00:32 ; elapsed = 00:00:45 . Memory (MB): peak = 728.703 ; gain = 460.238
Finished Cross Boundary and Area Optimization : Time (s): cpu = 00:00:33 ; elapsed = 00:00:47 . Memory (MB): peak = 728.703 ; gain = 460.238
Finished Applying XDC Timing Constraints : Time (s): cpu = 00:00:58 ; elapsed = 00:01:14 . Memory (MB): peak = 728.703 ; gain = 460.238
Finished Timing Optimization : Time (s): cpu = 00:00:58 ; elapsed = 00:01:14 . Memory (MB): peak = 728.703 ; gain = 460.238
Finished Technology Mapping : Time (s): cpu = 00:00:58 ; elapsed = 00:01:14 . Memory (MB): peak = 739.133 ; gain = 470.668
Finished IO Insertion : Time (s): cpu = 00:01:00 ; elapsed = 00:01:16 . Memory (MB): peak = 739.133 ; gain = 470.668
Finished Renaming Generated Instances : Time (s): cpu = 00:01:00 ; elapsed = 00:01:16 . Memory (MB): peak = 739.133 ; gain = 470.668
Finished Rebuilding User Hierarchy : Time (s): cpu = 00:01:00 ; elapsed = 00:01:16 . Memory (MB): peak = 739.133 ; gain = 470.668
Finished Renaming Generated Ports : Time (s): cpu = 00:01:00 ; elapsed = 00:01:16 . Memory (MB): peak = 739.133 ; gain = 470.668
Finished Handling Custom Attributes : Time (s): cpu = 00:01:00 ; elapsed = 00:01:16 . Memory (MB): peak = 739.133 ; gain = 470.668
Finished Renaming Generated Nets : Time (s): cpu = 00:01:00 ; elapsed = 00:01:16 . Memory (MB): peak = 739.133 ; gain = 470.668

Report Cell Usage: 
+------+------+------+
|      |Cell  |Count |
+------+------+------+
|1     |LUT1  |     5|
|2     |LUT2  |     9|
|3     |LUT3  |     1|
|4     |LUT4  |     6|
|5     |LUT5  |     3|
|6     |LUT6  |     1|
|7     |SRL16 |     1|
|8     |FDR   |     8|
|9     |FDRE  |    28|
|10    |FDSE  |     4|
+------+------+------+
Finished Writing Synthesis Report : Time (s): cpu = 00:01:00 ; elapsed = 00:01:16 . Memory (MB): peak = 739.133 ; gain = 470.668
synth_design: Time (s): cpu = 00:01:03 ; elapsed = 00:01:22 . Memory (MB): peak = 740.867 ; gain = 473.176
