
*** Halting run - EA reset detected ***


*** Running vivado
    with args -log systemv1_xbar_0.vds -m64 -product Vivado -mode batch -messageDb vivado.pb -notrace -source systemv1_xbar_0.tcl


****** Vivado v2017.2 (64-bit)
  **** SW Build 1909853 on Thu Jun 15 18:39:09 MDT 2017
  **** IP Build 1909766 on Thu Jun 15 19:58:00 MDT 2017
    ** Copyright 1986-2017 Xilinx, Inc. All Rights Reserved.

source systemv1_xbar_0.tcl -notrace
Starting RTL Elaboration : Time (s): cpu = 00:00:14 ; elapsed = 00:00:15 . Memory (MB): peak = 399.957 ; gain = 81.109
INFO: [Synth 8-638] synthesizing module 'systemv1_xbar_0' [c:/xup/fpga_flow/2016_2_zynq_labs/lab2emb_v1/lab2emb_v1.srcs/sources_1/bd/systemv1/ip/systemv1_xbar_0/synth/systemv1_xbar_0.v:59]
INFO: [Synth 8-638] synthesizing module 'axi_crossbar_v2_1_14_axi_crossbar' [c:/xup/fpga_flow/2016_2_zynq_labs/lab2emb_v1/lab2emb_v1.srcs/sources_1/bd/systemv1/ipshared/f582/hdl/axi_crossbar_v2_1_vl_rfs.v:4882]
INFO: [Synth 8-638] synthesizing module 'axi_crossbar_v2_1_14_crossbar_sasd' [c:/xup/fpga_flow/2016_2_zynq_labs/lab2emb_v1/lab2emb_v1.srcs/sources_1/bd/systemv1/ipshared/f582/hdl/axi_crossbar_v2_1_vl_rfs.v:1240]
INFO: [Synth 8-638] synthesizing module 'axi_crossbar_v2_1_14_addr_decoder' [c:/xup/fpga_flow/2016_2_zynq_labs/lab2emb_v1/lab2emb_v1.srcs/sources_1/bd/systemv1/ipshared/f582/hdl/axi_crossbar_v2_1_vl_rfs.v:794]
INFO: [Synth 8-638] synthesizing module 'generic_baseblocks_v2_1_0_comparator_static' [c:/xup/fpga_flow/2016_2_zynq_labs/lab2emb_v1/lab2emb_v1.srcs/sources_1/bd/systemv1/ipshared/f9c1/hdl/generic_baseblocks_v2_1_vl_rfs.v:2133]
INFO: [Synth 8-638] synthesizing module 'generic_baseblocks_v2_1_0_carry_and' [c:/xup/fpga_flow/2016_2_zynq_labs/lab2emb_v1/lab2emb_v1.srcs/sources_1/bd/systemv1/ipshared/f9c1/hdl/generic_baseblocks_v2_1_vl_rfs.v:62]
INFO: [Synth 8-256] done synthesizing module 'generic_baseblocks_v2_1_0_carry_and' (1#1) [c:/xup/fpga_flow/2016_2_zynq_labs/lab2emb_v1/lab2emb_v1.srcs/sources_1/bd/systemv1/ipshared/f9c1/hdl/generic_baseblocks_v2_1_vl_rfs.v:62]
INFO: [Synth 8-256] done synthesizing module 'generic_baseblocks_v2_1_0_comparator_static' (2#1) [c:/xup/fpga_flow/2016_2_zynq_labs/lab2emb_v1/lab2emb_v1.srcs/sources_1/bd/systemv1/ipshared/f9c1/hdl/generic_baseblocks_v2_1_vl_rfs.v:2133]
INFO: [Synth 8-638] synthesizing module 'generic_baseblocks_v2_1_0_comparator_static__parameterized0' [c:/xup/fpga_flow/2016_2_zynq_labs/lab2emb_v1/lab2emb_v1.srcs/sources_1/bd/systemv1/ipshared/f9c1/hdl/generic_baseblocks_v2_1_vl_rfs.v:2133]
INFO: [Synth 8-256] done synthesizing module 'generic_baseblocks_v2_1_0_comparator_static__parameterized0' (2#1) [c:/xup/fpga_flow/2016_2_zynq_labs/lab2emb_v1/lab2emb_v1.srcs/sources_1/bd/systemv1/ipshared/f9c1/hdl/generic_baseblocks_v2_1_vl_rfs.v:2133]
INFO: [Synth 8-638] synthesizing module 'generic_baseblocks_v2_1_0_comparator_static__parameterized1' [c:/xup/fpga_flow/2016_2_zynq_labs/lab2emb_v1/lab2emb_v1.srcs/sources_1/bd/systemv1/ipshared/f9c1/hdl/generic_baseblocks_v2_1_vl_rfs.v:2133]
INFO: [Synth 8-256] done synthesizing module 'generic_baseblocks_v2_1_0_comparator_static__parameterized1' (2#1) [c:/xup/fpga_flow/2016_2_zynq_labs/lab2emb_v1/lab2emb_v1.srcs/sources_1/bd/systemv1/ipshared/f9c1/hdl/generic_baseblocks_v2_1_vl_rfs.v:2133]
INFO: [Synth 8-256] done synthesizing module 'axi_crossbar_v2_1_14_addr_decoder' (3#1) [c:/xup/fpga_flow/2016_2_zynq_labs/lab2emb_v1/lab2emb_v1.srcs/sources_1/bd/systemv1/ipshared/f582/hdl/axi_crossbar_v2_1_vl_rfs.v:794]
INFO: [Synth 8-638] synthesizing module 'axi_crossbar_v2_1_14_decerr_slave' [c:/xup/fpga_flow/2016_2_zynq_labs/lab2emb_v1/lab2emb_v1.srcs/sources_1/bd/systemv1/ipshared/f582/hdl/axi_crossbar_v2_1_vl_rfs.v:3500]
INFO: [Synth 8-256] done synthesizing module 'axi_crossbar_v2_1_14_decerr_slave' (4#1) [c:/xup/fpga_flow/2016_2_zynq_labs/lab2emb_v1/lab2emb_v1.srcs/sources_1/bd/systemv1/ipshared/f582/hdl/axi_crossbar_v2_1_vl_rfs.v:3500]
INFO: [Synth 8-638] synthesizing module 'axi_crossbar_v2_1_14_addr_arbiter_sasd' [c:/xup/fpga_flow/2016_2_zynq_labs/lab2emb_v1/lab2emb_v1.srcs/sources_1/bd/systemv1/ipshared/f582/hdl/axi_crossbar_v2_1_vl_rfs.v:65]
INFO: [Synth 8-256] done synthesizing module 'axi_crossbar_v2_1_14_addr_arbiter_sasd' (5#1) [c:/xup/fpga_flow/2016_2_zynq_labs/lab2emb_v1/lab2emb_v1.srcs/sources_1/bd/systemv1/ipshared/f582/hdl/axi_crossbar_v2_1_vl_rfs.v:65]
INFO: [Synth 8-638] synthesizing module 'axi_crossbar_v2_1_14_splitter' [c:/xup/fpga_flow/2016_2_zynq_labs/lab2emb_v1/lab2emb_v1.srcs/sources_1/bd/systemv1/ipshared/f582/hdl/axi_crossbar_v2_1_vl_rfs.v:4459]
INFO: [Synth 8-256] done synthesizing module 'axi_crossbar_v2_1_14_splitter' (6#1) [c:/xup/fpga_flow/2016_2_zynq_labs/lab2emb_v1/lab2emb_v1.srcs/sources_1/bd/systemv1/ipshared/f582/hdl/axi_crossbar_v2_1_vl_rfs.v:4459]
INFO: [Synth 8-638] synthesizing module 'axi_crossbar_v2_1_14_splitter__parameterized0' [c:/xup/fpga_flow/2016_2_zynq_labs/lab2emb_v1/lab2emb_v1.srcs/sources_1/bd/systemv1/ipshared/f582/hdl/axi_crossbar_v2_1_vl_rfs.v:4459]
INFO: [Synth 8-256] done synthesizing module 'axi_crossbar_v2_1_14_splitter__parameterized0' (6#1) [c:/xup/fpga_flow/2016_2_zynq_labs/lab2emb_v1/lab2emb_v1.srcs/sources_1/bd/systemv1/ipshared/f582/hdl/axi_crossbar_v2_1_vl_rfs.v:4459]
INFO: [Synth 8-638] synthesizing module 'generic_baseblocks_v2_1_0_mux_enc' [c:/xup/fpga_flow/2016_2_zynq_labs/lab2emb_v1/lab2emb_v1.srcs/sources_1/bd/systemv1/ipshared/f9c1/hdl/generic_baseblocks_v2_1_vl_rfs.v:2452]
INFO: [Synth 8-256] done synthesizing module 'generic_baseblocks_v2_1_0_mux_enc' (7#1) [c:/xup/fpga_flow/2016_2_zynq_labs/lab2emb_v1/lab2emb_v1.srcs/sources_1/bd/systemv1/ipshared/f9c1/hdl/generic_baseblocks_v2_1_vl_rfs.v:2452]
INFO: [Synth 8-638] synthesizing module 'generic_baseblocks_v2_1_0_mux_enc__parameterized0' [c:/xup/fpga_flow/2016_2_zynq_labs/lab2emb_v1/lab2emb_v1.srcs/sources_1/bd/systemv1/ipshared/f9c1/hdl/generic_baseblocks_v2_1_vl_rfs.v:2452]
INFO: [Synth 8-256] done synthesizing module 'generic_baseblocks_v2_1_0_mux_enc__parameterized0' (7#1) [c:/xup/fpga_flow/2016_2_zynq_labs/lab2emb_v1/lab2emb_v1.srcs/sources_1/bd/systemv1/ipshared/f9c1/hdl/generic_baseblocks_v2_1_vl_rfs.v:2452]
INFO: [Synth 8-638] synthesizing module 'generic_baseblocks_v2_1_0_mux_enc__parameterized1' [c:/xup/fpga_flow/2016_2_zynq_labs/lab2emb_v1/lab2emb_v1.srcs/sources_1/bd/systemv1/ipshared/f9c1/hdl/generic_baseblocks_v2_1_vl_rfs.v:2452]
INFO: [Synth 8-256] done synthesizing module 'generic_baseblocks_v2_1_0_mux_enc__parameterized1' (7#1) [c:/xup/fpga_flow/2016_2_zynq_labs/lab2emb_v1/lab2emb_v1.srcs/sources_1/bd/systemv1/ipshared/f9c1/hdl/generic_baseblocks_v2_1_vl_rfs.v:2452]
INFO: [Synth 8-638] synthesizing module 'axi_register_slice_v2_1_13_axic_register_slice' [c:/xup/fpga_flow/2016_2_zynq_labs/lab2emb_v1/lab2emb_v1.srcs/sources_1/bd/systemv1/ipshared/55c0/hdl/axi_register_slice_v2_1_vl_rfs.v:85]
INFO: [Synth 8-256] done synthesizing module 'axi_register_slice_v2_1_13_axic_register_slice' (8#1) [c:/xup/fpga_flow/2016_2_zynq_labs/lab2emb_v1/lab2emb_v1.srcs/sources_1/bd/systemv1/ipshared/55c0/hdl/axi_register_slice_v2_1_vl_rfs.v:85]
INFO: [Synth 8-638] synthesizing module 'generic_baseblocks_v2_1_0_mux_enc__parameterized2' [c:/xup/fpga_flow/2016_2_zynq_labs/lab2emb_v1/lab2emb_v1.srcs/sources_1/bd/systemv1/ipshared/f9c1/hdl/generic_baseblocks_v2_1_vl_rfs.v:2452]
INFO: [Synth 8-256] done synthesizing module 'generic_baseblocks_v2_1_0_mux_enc__parameterized2' (8#1) [c:/xup/fpga_flow/2016_2_zynq_labs/lab2emb_v1/lab2emb_v1.srcs/sources_1/bd/systemv1/ipshared/f9c1/hdl/generic_baseblocks_v2_1_vl_rfs.v:2452]
INFO: [Synth 8-256] done synthesizing module 'axi_crossbar_v2_1_14_crossbar_sasd' (9#1) [c:/xup/fpga_flow/2016_2_zynq_labs/lab2emb_v1/lab2emb_v1.srcs/sources_1/bd/systemv1/ipshared/f582/hdl/axi_crossbar_v2_1_vl_rfs.v:1240]
INFO: [Synth 8-256] done synthesizing module 'axi_crossbar_v2_1_14_axi_crossbar' (10#1) [c:/xup/fpga_flow/2016_2_zynq_labs/lab2emb_v1/lab2emb_v1.srcs/sources_1/bd/systemv1/ipshared/f582/hdl/axi_crossbar_v2_1_vl_rfs.v:4882]
INFO: [Synth 8-256] done synthesizing module 'systemv1_xbar_0' (11#1) [c:/xup/fpga_flow/2016_2_zynq_labs/lab2emb_v1/lab2emb_v1.srcs/sources_1/bd/systemv1/ip/systemv1_xbar_0/synth/systemv1_xbar_0.v:59]
Finished RTL Elaboration : Time (s): cpu = 00:00:29 ; elapsed = 00:00:31 . Memory (MB): peak = 519.801 ; gain = 200.953
Finished RTL Optimization Phase 1 : Time (s): cpu = 00:00:29 ; elapsed = 00:00:32 . Memory (MB): peak = 519.801 ; gain = 200.953
INFO: [Device 21-403] Loading part xc7z010clg400-1
Constraint Validation Runtime : Time (s): cpu = 00:00:00 ; elapsed = 00:00:00.102 . Memory (MB): peak = 746.613 ; gain = 0.000
Finished Constraint Validation : Time (s): cpu = 00:00:53 ; elapsed = 00:00:57 . Memory (MB): peak = 746.613 ; gain = 427.766
Finished Loading Part and Timing Information : Time (s): cpu = 00:00:53 ; elapsed = 00:00:57 . Memory (MB): peak = 746.613 ; gain = 427.766
Finished applying 'set_property' XDC Constraints : Time (s): cpu = 00:00:53 ; elapsed = 00:00:57 . Memory (MB): peak = 746.613 ; gain = 427.766
Finished RTL Optimization Phase 2 : Time (s): cpu = 00:00:54 ; elapsed = 00:00:58 . Memory (MB): peak = 746.613 ; gain = 427.766
Finished Cross Boundary and Area Optimization : Time (s): cpu = 00:00:56 ; elapsed = 00:01:00 . Memory (MB): peak = 746.613 ; gain = 427.766
Finished Applying XDC Timing Constraints : Time (s): cpu = 00:01:24 ; elapsed = 00:01:28 . Memory (MB): peak = 746.613 ; gain = 427.766
Finished Timing Optimization : Time (s): cpu = 00:01:25 ; elapsed = 00:01:29 . Memory (MB): peak = 746.613 ; gain = 427.766
Finished Technology Mapping : Time (s): cpu = 00:01:25 ; elapsed = 00:01:30 . Memory (MB): peak = 746.613 ; gain = 427.766
Finished IO Insertion : Time (s): cpu = 00:01:27 ; elapsed = 00:01:31 . Memory (MB): peak = 746.613 ; gain = 427.766
Finished Renaming Generated Instances : Time (s): cpu = 00:01:27 ; elapsed = 00:01:31 . Memory (MB): peak = 746.613 ; gain = 427.766
Finished Rebuilding User Hierarchy : Time (s): cpu = 00:01:27 ; elapsed = 00:01:31 . Memory (MB): peak = 746.613 ; gain = 427.766
Finished Renaming Generated Ports : Time (s): cpu = 00:01:27 ; elapsed = 00:01:31 . Memory (MB): peak = 746.613 ; gain = 427.766
Finished Handling Custom Attributes : Time (s): cpu = 00:01:27 ; elapsed = 00:01:31 . Memory (MB): peak = 746.613 ; gain = 427.766
Finished Renaming Generated Nets : Time (s): cpu = 00:01:27 ; elapsed = 00:01:31 . Memory (MB): peak = 746.613 ; gain = 427.766

Report Cell Usage: 
+------+-----+------+
|      |Cell |Count |
+------+-----+------+
|1     |LUT1 |     2|
|2     |LUT2 |    10|
|3     |LUT3 |    38|
|4     |LUT4 |    51|
|5     |LUT5 |    50|
|6     |LUT6 |    22|
|7     |FDRE |   131|
+------+-----+------+
Finished Writing Synthesis Report : Time (s): cpu = 00:01:27 ; elapsed = 00:01:31 . Memory (MB): peak = 746.613 ; gain = 427.766
synth_design: Time (s): cpu = 00:01:30 ; elapsed = 00:01:35 . Memory (MB): peak = 746.613 ; gain = 432.395
