22:16:17 INFO  : Registering command handlers for SDK TCF services
22:16:18 INFO  : Launching XSCT server: xsct.bat -interactive C:\xup\fpga_flow\2016_2_zynq_labs\interruption_Arm\interruption_Arm.sdk\temp_xsdb_launch_script.tcl
22:16:36 INFO  : XSCT server has started successfully.
22:16:36 INFO  : Successfully done setting XSCT server connection channel  
22:17:21 INFO  : Successfully done setting SDK workspace  
22:17:21 INFO  : Processing command line option -hwspec C:/xup/fpga_flow/2016_2_zynq_labs/interruption_Arm/interruption_Arm.sdk/system_wrapper.hdf.
22:19:55 INFO  : Connected to target on host '127.0.0.1' and port '3121'.
22:19:57 INFO  : 'targets -set -filter {jtag_cable_name =~ "Digilent Zybo 210279787097A" && level==0} -index 1' command is executed.
22:19:58 INFO  : FPGA configured successfully with bitstream "C:/xup/fpga_flow/2016_2_zynq_labs/interruption_Arm/interruption_Arm.sdk/system_wrapper_hw_platform_0/system_wrapper.bit"
22:21:14 INFO  : ps7_init is completed.
22:21:14 INFO  : ps7_post_config is completed.
22:21:14 INFO  : Processor reset is completed for ps7_cortexa9_0
22:27:12 INFO  : Processor reset is completed for ps7_cortexa9_0
22:29:04 INFO  : ps7_cortexa9_0 Processor is in use. Please stop existing Run or Debug sessions before launching.
22:29:06 INFO  : Processor reset is completed for ps7_cortexa9_0
22:31:11 INFO  : ps7_cortexa9_0 Processor is in use. Please stop existing Run or Debug sessions before launching.
22:31:14 INFO  : Processor reset is completed for ps7_cortexa9_0
22:32:12 INFO  : ps7_cortexa9_0 Processor is in use. Please stop existing Run or Debug sessions before launching.
22:32:15 INFO  : Processor reset is completed for ps7_cortexa9_0
22:39:57 INFO  : ps7_cortexa9_0 Processor is in use. Please stop existing Run or Debug sessions before launching.
22:40:00 INFO  : Processor reset is completed for ps7_cortexa9_0
23:10:19 INFO  : Connected to target on host '127.0.0.1' and port '3121'.
23:10:19 INFO  : 'targets -set -filter {jtag_cable_name =~ "Digilent Zybo 210279787097A" && level==0} -index 1' command is executed.
23:10:20 INFO  : FPGA configured successfully with bitstream "C:/xup/fpga_flow/2016_2_zynq_labs/interruption_Arm/interruption_Arm.sdk/system_wrapper_hw_platform_0/system_wrapper.bit"
23:10:25 INFO  : ps7_cortexa9_0 Processor is in use. Please stop existing Run or Debug sessions before launching.
23:10:27 INFO  : Processor reset is completed for ps7_cortexa9_0
23:11:01 ERROR : Unexpected error while parsing XMD response ?: com.google.gson.JsonSyntaxException: com.google.gson.stream.MalformedJsonException: invalid number or unquoted string near 
