#-----------------------------------------------------------
# Webtalk v2017.2 (64-bit)
# SW Build 1909853 on Thu Jun 15 18:39:09 MDT 2017
# 
# Start of session at: Fri Nov 24 21:05:18 2017
# Process ID: 8332
# Current directory: C:/xup/fpga_flow/2016_2_zynq_labs/sol_v1/sol_v1.sdk/webtalk
# Command line: wbtcv.exe -mode batch -source sdk_webtalk.tcl
# Log file: C:/xup/fpga_flow/2016_2_zynq_labs/sol_v1/sol_v1.sdk/webtalk/webtalk.log
# Journal file: C:/xup/fpga_flow/2016_2_zynq_labs/sol_v1/sol_v1.sdk/webtalk\webtalk.jou
#-----------------------------------------------------------
source sdk_webtalk.tcl
# webtalk_init -webtalk_dir C:\\xup\\fpga_flow\\2016_2_zynq_labs\\sol_v1\\sol_v1.sdk\\webtalk
# webtalk_register_client -client project
# webtalk_add_data -client project -key date_generated -value "2017-11-24 21:05:11" -context "software_version_and_target_device"
# webtalk_add_data -client project -key product_version -value "SDK v2017.2" -context "software_version_and_target_device"
# webtalk_add_data -client project -key build_version -value "2017.2" -context "software_version_and_target_device"
# webtalk_add_data -client project -key os_platform -value "amd64" -context "software_version_and_target_device"
# webtalk_add_data -client project -key registration_id -value "211406233_0_0_964" -context "software_version_and_target_device"
# webtalk_add_data -client project -key tool_flow -value "SDK" -context "software_version_and_target_device"
# webtalk_add_data -client project -key beta -value "false" -context "software_version_and_target_device"
# webtalk_add_data -client project -key route_design -value "NA" -context "software_version_and_target_device"
# webtalk_add_data -client project -key target_family -value "NA" -context "software_version_and_target_device"
# webtalk_add_data -client project -key target_device -value "NA" -context "software_version_and_target_device"
# webtalk_add_data -client project -key target_package -value "NA" -context "software_version_and_target_device"
# webtalk_add_data -client project -key target_speed -value "NA" -context "software_version_and_target_device"
# webtalk_add_data -client project -key random_id -value "2jf5v5gma3ilt48suti2ag7stb" -context "software_version_and_target_device"
# webtalk_add_data -client project -key project_id -value "2017.2_35" -context "software_version_and_target_device"
# webtalk_add_data -client project -key project_iteration -value "35" -context "software_version_and_target_device"
# webtalk_add_data -client project -key os_name -value "Microsoft Windows 8 or later , 64-bit" -context "user_environment"
# webtalk_add_data -client project -key os_release -value "major release  (build 9200)" -context "user_environment"
# webtalk_add_data -client project -key cpu_name -value "Intel(R) Core(TM) i5-4200U CPU @ 1.60GHz" -context "user_environment"
# webtalk_add_data -client project -key cpu_speed -value "2295 MHz" -context "user_environment"
# webtalk_add_data -client project -key total_processors -value "1" -context "user_environment"
# webtalk_add_data -client project -key system_ram -value "8.000 GB" -context "user_environment"
# webtalk_register_client -client sdk
# webtalk_add_data -client sdk -key uid -value "1511497344028" -context "sdk\\\\bsp/1511497344028"
# webtalk_add_data -client sdk -key hwid -value "1511487955694" -context "sdk\\\\bsp/1511497344028"
# webtalk_add_data -client sdk -key os -value "standalone" -context "sdk\\\\bsp/1511497344028"
# webtalk_add_data -client sdk -key apptemplate -value "empty_application" -context "sdk\\\\bsp/1511497344028"
# webtalk_add_data -client sdk -key RecordType -value "BSPCreation" -context "sdk\\\\bsp/1511497344028"
# webtalk_add_data -client sdk -key uid -value "1511497350387" -context "sdk\\\\application/1511497350387"
# webtalk_add_data -client sdk -key hwid -value "1511487955694" -context "sdk\\\\application/1511497350387"
# webtalk_add_data -client sdk -key bspid -value "1511497344028" -context "sdk\\\\application/1511497350387"
# webtalk_add_data -client sdk -key newbsp -value "true" -context "sdk\\\\application/1511497350387"
# webtalk_add_data -client sdk -key os -value "standalone" -context "sdk\\\\application/1511497350387"
# webtalk_add_data -client sdk -key apptemplate -value "empty_application" -context "sdk\\\\application/1511497350387"
# webtalk_add_data -client sdk -key RecordType -value "APPCreation" -context "sdk\\\\application/1511497350387"
# webtalk_add_data -client sdk -key LangUsed -value "C" -context "sdk\\\\application/1511497350387"
# webtalk_add_data -client sdk -key Procused -value "ps7_cortexa9" -context "sdk\\\\application/1511497350387"
# webtalk_add_data -client sdk -key projSize -value "227.40234375" -context "sdk\\\\application/1511497350387"
# webtalk_add_data -client sdk -key uid -value "NA" -context "sdk\\\\bsp/1511553911129"
# webtalk_add_data -client sdk -key RecordType -value "ToolUsage" -context "sdk\\\\bsp/1511553911129"
# webtalk_add_data -client sdk -key BootgenCount -value "0" -context "sdk\\\\bsp/1511553911129"
# webtalk_add_data -client sdk -key DebugCount -value "12" -context "sdk\\\\bsp/1511553911129"
# webtalk_add_data -client sdk -key PerfCount -value "0" -context "sdk\\\\bsp/1511553911129"
# webtalk_add_data -client sdk -key FlashCount -value "0" -context "sdk\\\\bsp/1511553911129"
# webtalk_add_data -client sdk -key CrossTriggCount -value "0" -context "sdk\\\\bsp/1511553911129"
# webtalk_add_data -client sdk -key QemuDebugCount -value "0" -context "sdk\\\\bsp/1511553911129"
# webtalk_transmit -clientid 432199041 -regid "211406233_0_0_964" -xml C:\\xup\\fpga_flow\\2016_2_zynq_labs\\sol_v1\\sol_v1.sdk\\webtalk\\usage_statistics_ext_sdk.xml -html C:\\xup\\fpga_flow\\2016_2_zynq_labs\\sol_v1\\sol_v1.sdk\\webtalk\\usage_statistics_ext_sdk.html -wdm C:\\xup\\fpga_flow\\2016_2_zynq_labs\\sol_v1\\sol_v1.sdk\\webtalk\\sdk_webtalk.wdm -intro "<H3>SDK Usage Report</H3><BR>"
INFO: [Common 17-186] 'C:\xup\fpga_flow\2016_2_zynq_labs\sol_v1\sol_v1.sdk\webtalk\usage_statistics_ext_sdk.xml' has been successfully sent to Xilinx on Fri Nov 24 21:05:30 2017. For additional details about this file, please refer to the WebTalk help file at C:/XilinxVivado/SDK/2017.2/doc/webtalk_introduction.html.
# webtalk_terminate
INFO: [Common 17-206] Exiting Webtalk at Fri Nov 24 21:05:30 2017...
