
*** Running vivado
    with args -log system_axi_bram_ctrl_0_bram_0.vds -m64 -product Vivado -mode batch -messageDb vivado.pb -notrace -source system_axi_bram_ctrl_0_bram_0.tcl


****** Vivado v2017.2 (64-bit)
  **** SW Build 1909853 on Thu Jun 15 18:39:09 MDT 2017
  **** IP Build 1909766 on Thu Jun 15 19:58:00 MDT 2017
    ** Copyright 1986-2017 Xilinx, Inc. All Rights Reserved.

source system_axi_bram_ctrl_0_bram_0.tcl -notrace
Starting RTL Elaboration : Time (s): cpu = 00:00:07 ; elapsed = 00:00:08 . Memory (MB): peak = 402.547 ; gain = 80.574
INFO: [Synth 8-638] synthesizing module 'system_axi_bram_ctrl_0_bram_0' [c:/xup/fpga_flow/2016_2_zynq_labs/sol_v1/sol_v1.srcs/sources_1/bd/system/ip/system_axi_bram_ctrl_0_bram_0/synth/system_axi_bram_ctrl_0_bram_0.vhd:74]
INFO: [Synth 8-256] done synthesizing module 'system_axi_bram_ctrl_0_bram_0' (11#1) [c:/xup/fpga_flow/2016_2_zynq_labs/sol_v1/sol_v1.srcs/sources_1/bd/system/ip/system_axi_bram_ctrl_0_bram_0/synth/system_axi_bram_ctrl_0_bram_0.vhd:74]
Finished RTL Elaboration : Time (s): cpu = 00:01:24 ; elapsed = 00:01:25 . Memory (MB): peak = 608.414 ; gain = 286.441
Finished RTL Optimization Phase 1 : Time (s): cpu = 00:01:24 ; elapsed = 00:01:25 . Memory (MB): peak = 608.414 ; gain = 286.441
INFO: [Device 21-403] Loading part xc7z010clg400-1
Constraint Validation Runtime : Time (s): cpu = 00:00:00 ; elapsed = 00:00:00.062 . Memory (MB): peak = 728.723 ; gain = 0.000
Finished Constraint Validation : Time (s): cpu = 00:01:38 ; elapsed = 00:01:40 . Memory (MB): peak = 728.723 ; gain = 406.750
Finished Loading Part and Timing Information : Time (s): cpu = 00:01:38 ; elapsed = 00:01:40 . Memory (MB): peak = 728.723 ; gain = 406.750
Finished applying 'set_property' XDC Constraints : Time (s): cpu = 00:01:38 ; elapsed = 00:01:40 . Memory (MB): peak = 728.723 ; gain = 406.750
Finished RTL Optimization Phase 2 : Time (s): cpu = 00:01:39 ; elapsed = 00:01:41 . Memory (MB): peak = 728.723 ; gain = 406.750
Finished Cross Boundary and Area Optimization : Time (s): cpu = 00:01:40 ; elapsed = 00:01:42 . Memory (MB): peak = 728.723 ; gain = 406.750
Finished Applying XDC Timing Constraints : Time (s): cpu = 00:01:54 ; elapsed = 00:01:57 . Memory (MB): peak = 728.723 ; gain = 406.750
Finished Timing Optimization : Time (s): cpu = 00:01:54 ; elapsed = 00:01:57 . Memory (MB): peak = 728.723 ; gain = 406.750
Finished Technology Mapping : Time (s): cpu = 00:01:54 ; elapsed = 00:01:57 . Memory (MB): peak = 734.422 ; gain = 412.449
Finished IO Insertion : Time (s): cpu = 00:01:55 ; elapsed = 00:01:58 . Memory (MB): peak = 734.422 ; gain = 412.449
Finished Renaming Generated Instances : Time (s): cpu = 00:01:55 ; elapsed = 00:01:58 . Memory (MB): peak = 734.422 ; gain = 412.449
Finished Rebuilding User Hierarchy : Time (s): cpu = 00:01:55 ; elapsed = 00:01:58 . Memory (MB): peak = 734.422 ; gain = 412.449
Finished Renaming Generated Ports : Time (s): cpu = 00:01:55 ; elapsed = 00:01:58 . Memory (MB): peak = 734.422 ; gain = 412.449
Finished Handling Custom Attributes : Time (s): cpu = 00:01:55 ; elapsed = 00:01:58 . Memory (MB): peak = 734.422 ; gain = 412.449
Finished Renaming Generated Nets : Time (s): cpu = 00:01:55 ; elapsed = 00:01:58 . Memory (MB): peak = 734.422 ; gain = 412.449

Report Cell Usage: 
+------+---------+------+
|      |Cell     |Count |
+------+---------+------+
|1     |LUT3     |    10|
|2     |LUT6     |    32|
|3     |RAMB36E1 |    16|
|4     |FDRE     |     2|
+------+---------+------+
Finished Writing Synthesis Report : Time (s): cpu = 00:01:55 ; elapsed = 00:01:58 . Memory (MB): peak = 734.422 ; gain = 412.449
synth_design: Time (s): cpu = 00:01:58 ; elapsed = 00:02:00 . Memory (MB): peak = 737.836 ; gain = 423.625
