
*** Running vivado
    with args -log system_xlconcat_0_1.vds -m64 -product Vivado -mode batch -messageDb vivado.pb -notrace -source system_xlconcat_0_1.tcl


****** Vivado v2017.2 (64-bit)
  **** SW Build 1909853 on Thu Jun 15 18:39:09 MDT 2017
  **** IP Build 1909766 on Thu Jun 15 19:58:00 MDT 2017
    ** Copyright 1986-2017 Xilinx, Inc. All Rights Reserved.

source system_xlconcat_0_1.tcl -notrace
Starting RTL Elaboration : Time (s): cpu = 00:00:07 ; elapsed = 00:00:07 . Memory (MB): peak = 360.109 ; gain = 87.438
INFO: [Synth 8-638] synthesizing module 'system_xlconcat_0_1' [c:/xup/fpga_flow/TFMV2/TFM_GE/TFM_GE.srcs/sources_1/bd/system/ip/system_xlconcat_0_1/synth/system_xlconcat_0_1.v:58]
INFO: [Synth 8-638] synthesizing module 'xlconcat_v2_1_1_xlconcat' [c:/xup/fpga_flow/TFMV2/TFM_GE/TFM_GE.srcs/sources_1/bd/system/ipshared/73b7/hdl/xlconcat_v2_1_vl_rfs.v:14]
INFO: [Synth 8-256] done synthesizing module 'xlconcat_v2_1_1_xlconcat' (1#1) [c:/xup/fpga_flow/TFMV2/TFM_GE/TFM_GE.srcs/sources_1/bd/system/ipshared/73b7/hdl/xlconcat_v2_1_vl_rfs.v:14]
INFO: [Synth 8-256] done synthesizing module 'system_xlconcat_0_1' (2#1) [c:/xup/fpga_flow/TFMV2/TFM_GE/TFM_GE.srcs/sources_1/bd/system/ip/system_xlconcat_0_1/synth/system_xlconcat_0_1.v:58]
Finished RTL Elaboration : Time (s): cpu = 00:00:08 ; elapsed = 00:00:09 . Memory (MB): peak = 409.266 ; gain = 136.594
Finished RTL Optimization Phase 1 : Time (s): cpu = 00:00:09 ; elapsed = 00:00:09 . Memory (MB): peak = 409.266 ; gain = 136.594
INFO: [Device 21-403] Loading part xc7z010clg400-1
Constraint Validation Runtime : Time (s): cpu = 00:00:00 ; elapsed = 00:00:00.032 . Memory (MB): peak = 634.730 ; gain = 0.188
Finished Constraint Validation : Time (s): cpu = 00:00:27 ; elapsed = 00:00:28 . Memory (MB): peak = 634.730 ; gain = 362.059
Finished Loading Part and Timing Information : Time (s): cpu = 00:00:27 ; elapsed = 00:00:28 . Memory (MB): peak = 634.730 ; gain = 362.059
Finished applying 'set_property' XDC Constraints : Time (s): cpu = 00:00:27 ; elapsed = 00:00:28 . Memory (MB): peak = 634.730 ; gain = 362.059
Finished RTL Optimization Phase 2 : Time (s): cpu = 00:00:27 ; elapsed = 00:00:28 . Memory (MB): peak = 634.730 ; gain = 362.059
Finished Cross Boundary and Area Optimization : Time (s): cpu = 00:00:28 ; elapsed = 00:00:29 . Memory (MB): peak = 634.730 ; gain = 362.059
Finished Applying XDC Timing Constraints : Time (s): cpu = 00:00:51 ; elapsed = 00:00:53 . Memory (MB): peak = 699.516 ; gain = 426.844
Finished Timing Optimization : Time (s): cpu = 00:00:51 ; elapsed = 00:00:53 . Memory (MB): peak = 699.516 ; gain = 426.844
Finished Technology Mapping : Time (s): cpu = 00:00:51 ; elapsed = 00:00:53 . Memory (MB): peak = 709.051 ; gain = 436.379
Finished IO Insertion : Time (s): cpu = 00:00:52 ; elapsed = 00:00:54 . Memory (MB): peak = 709.051 ; gain = 436.379
Finished Renaming Generated Instances : Time (s): cpu = 00:00:52 ; elapsed = 00:00:54 . Memory (MB): peak = 709.051 ; gain = 436.379
Finished Rebuilding User Hierarchy : Time (s): cpu = 00:00:52 ; elapsed = 00:00:54 . Memory (MB): peak = 709.051 ; gain = 436.379
Finished Renaming Generated Ports : Time (s): cpu = 00:00:52 ; elapsed = 00:00:54 . Memory (MB): peak = 709.051 ; gain = 436.379
Finished Handling Custom Attributes : Time (s): cpu = 00:00:52 ; elapsed = 00:00:54 . Memory (MB): peak = 709.051 ; gain = 436.379
Finished Renaming Generated Nets : Time (s): cpu = 00:00:52 ; elapsed = 00:00:54 . Memory (MB): peak = 709.051 ; gain = 436.379

Report Cell Usage: 
+-+-----+------+
| |Cell |Count |
+-+-----+------+
+-+-----+------+
Finished Writing Synthesis Report : Time (s): cpu = 00:00:52 ; elapsed = 00:00:54 . Memory (MB): peak = 709.051 ; gain = 436.379
synth_design: Time (s): cpu = 00:00:55 ; elapsed = 00:00:58 . Memory (MB): peak = 722.188 ; gain = 454.602
