#-----------------------------------------------------------
# Webtalk v2017.2 (64-bit)
# SW Build 1909853 on Thu Jun 15 18:39:10 MDT 2017
# 
# Start of session at: Mon Jan  8 10:05:39 2018
# Process ID: 31052
# Current directory: /home/petalinux/emblnx/labs/TFM/pl/TFM_GE/TFM_GE.sdk/webtalk
# Command line: wbtcv -mode batch -source sdk_webtalk.tcl
# Log file: /home/petalinux/emblnx/labs/TFM/pl/TFM_GE/TFM_GE.sdk/webtalk/webtalk.log
# Journal file: /home/petalinux/emblnx/labs/TFM/pl/TFM_GE/TFM_GE.sdk/webtalk/webtalk.jou
#-----------------------------------------------------------
source sdk_webtalk.tcl
# webtalk_init -webtalk_dir /home/petalinux/emblnx/labs/TFM/pl/TFM_GE/TFM_GE.sdk/webtalk
# webtalk_register_client -client project
# webtalk_add_data -client project -key date_generated -value "2018-01-08 10:05:33" -context "software_version_and_target_device"
# webtalk_add_data -client project -key product_version -value "SDK v2017.2" -context "software_version_and_target_device"
# webtalk_add_data -client project -key build_version -value "2017.2" -context "software_version_and_target_device"
# webtalk_add_data -client project -key os_platform -value "amd64" -context "software_version_and_target_device"
# webtalk_add_data -client project -key registration_id -value "211406233_0_0_524" -context "software_version_and_target_device"
# webtalk_add_data -client project -key tool_flow -value "SDK" -context "software_version_and_target_device"
# webtalk_add_data -client project -key beta -value "false" -context "software_version_and_target_device"
# webtalk_add_data -client project -key route_design -value "NA" -context "software_version_and_target_device"
# webtalk_add_data -client project -key target_family -value "NA" -context "software_version_and_target_device"
# webtalk_add_data -client project -key target_device -value "NA" -context "software_version_and_target_device"
# webtalk_add_data -client project -key target_package -value "NA" -context "software_version_and_target_device"
# webtalk_add_data -client project -key target_speed -value "NA" -context "software_version_and_target_device"
# webtalk_add_data -client project -key random_id -value "j8cfi6vtm138s3ha8t51u62r6u" -context "software_version_and_target_device"
# webtalk_add_data -client project -key project_id -value "2017.2_9" -context "software_version_and_target_device"
# webtalk_add_data -client project -key project_iteration -value "9" -context "software_version_and_target_device"
# webtalk_add_data -client project -key os_name -value "Ubuntu" -context "user_environment"
# webtalk_add_data -client project -key os_release -value "Ubuntu 16.04.3 LTS" -context "user_environment"
# webtalk_add_data -client project -key cpu_name -value "Intel(R) Core(TM) i5-4200U CPU @ 1.60GHz" -context "user_environment"
# webtalk_add_data -client project -key cpu_speed -value "2294.684 MHz" -context "user_environment"
# webtalk_add_data -client project -key total_processors -value "1" -context "user_environment"
# webtalk_add_data -client project -key system_ram -value "5,000 GB" -context "user_environment"
# webtalk_register_client -client sdk
# webtalk_add_data -client sdk -key uid -value "1515400995000" -context "sdk\\\\hardware/1515400995000"
# webtalk_add_data -client sdk -key isZynq -value "true" -context "sdk\\\\hardware/1515400995000"
# webtalk_add_data -client sdk -key isZynqMP -value "false" -context "sdk\\\\hardware/1515400995000"
# webtalk_add_data -client sdk -key Processors -value "2" -context "sdk\\\\hardware/1515400995000"
# webtalk_add_data -client sdk -key VivadoVersion -value "2017.2" -context "sdk\\\\hardware/1515400995000"
# webtalk_add_data -client sdk -key Arch -value "zynq" -context "sdk\\\\hardware/1515400995000"
# webtalk_add_data -client sdk -key Device -value "7z010" -context "sdk\\\\hardware/1515400995000"
# webtalk_add_data -client sdk -key IsHandoff -value "true" -context "sdk\\\\hardware/1515400995000"
# webtalk_add_data -client sdk -key os -value "NA" -context "sdk\\\\hardware/1515400995000"
# webtalk_add_data -client sdk -key apptemplate -value "NA" -context "sdk\\\\hardware/1515400995000"
# webtalk_add_data -client sdk -key RecordType -value "HWCreation" -context "sdk\\\\hardware/1515400995000"
# webtalk_add_data -client sdk -key uid -value "1515401038000" -context "sdk\\\\bsp/1515401038000"
# webtalk_add_data -client sdk -key hwid -value "1515400995000" -context "sdk\\\\bsp/1515401038000"
# webtalk_add_data -client sdk -key os -value "standalone" -context "sdk\\\\bsp/1515401038000"
# webtalk_add_data -client sdk -key apptemplate -value "empty_application" -context "sdk\\\\bsp/1515401038000"
# webtalk_add_data -client sdk -key RecordType -value "BSPCreation" -context "sdk\\\\bsp/1515401038000"
# webtalk_add_data -client sdk -key uid -value "1515401045000" -context "sdk\\\\application/1515401045000"
# webtalk_add_data -client sdk -key hwid -value "1515400995000" -context "sdk\\\\application/1515401045000"
# webtalk_add_data -client sdk -key bspid -value "1515401038000" -context "sdk\\\\application/1515401045000"
# webtalk_add_data -client sdk -key newbsp -value "true" -context "sdk\\\\application/1515401045000"
# webtalk_add_data -client sdk -key os -value "standalone" -context "sdk\\\\application/1515401045000"
# webtalk_add_data -client sdk -key apptemplate -value "empty_application" -context "sdk\\\\application/1515401045000"
# webtalk_add_data -client sdk -key RecordType -value "APPCreation" -context "sdk\\\\application/1515401045000"
# webtalk_add_data -client sdk -key LangUsed -value "C" -context "sdk\\\\application/1515401045000"
# webtalk_add_data -client sdk -key Procused -value "ps7_cortexa9" -context "sdk\\\\application/1515401045000"
# webtalk_add_data -client sdk -key uid -value "NA" -context "sdk\\\\bsp/1515402333600"
# webtalk_add_data -client sdk -key RecordType -value "ToolUsage" -context "sdk\\\\bsp/1515402333600"
# webtalk_add_data -client sdk -key BootgenCount -value "0" -context "sdk\\\\bsp/1515402333600"
# webtalk_add_data -client sdk -key DebugCount -value "5" -context "sdk\\\\bsp/1515402333600"
# webtalk_add_data -client sdk -key PerfCount -value "0" -context "sdk\\\\bsp/1515402333600"
# webtalk_add_data -client sdk -key FlashCount -value "0" -context "sdk\\\\bsp/1515402333600"
# webtalk_add_data -client sdk -key CrossTriggCount -value "0" -context "sdk\\\\bsp/1515402333600"
# webtalk_add_data -client sdk -key QemuDebugCount -value "0" -context "sdk\\\\bsp/1515402333600"
# webtalk_transmit -clientid 1809588592 -regid "211406233_0_0_524" -xml /home/petalinux/emblnx/labs/TFM/pl/TFM_GE/TFM_GE.sdk/webtalk/usage_statistics_ext_sdk.xml -html /home/petalinux/emblnx/labs/TFM/pl/TFM_GE/TFM_GE.sdk/webtalk/usage_statistics_ext_sdk.html -wdm /home/petalinux/emblnx/labs/TFM/pl/TFM_GE/TFM_GE.sdk/webtalk/sdk_webtalk.wdm -intro "<H3>SDK Usage Report</H3><BR>"
# webtalk_terminate
INFO: [Common 17-206] Exiting Webtalk at Mon Jan  8 10:05:39 2018...
