
*** Running vivado
    with args -log system_pBlaze_0_1.vds -m64 -product Vivado -mode batch -messageDb vivado.pb -notrace -source system_pBlaze_0_1.tcl


****** Vivado v2017.2 (64-bit)
  **** SW Build 1909853 on Thu Jun 15 18:39:09 MDT 2017
  **** IP Build 1909766 on Thu Jun 15 19:58:00 MDT 2017
    ** Copyright 1986-2017 Xilinx, Inc. All Rights Reserved.

source system_pBlaze_0_1.tcl -notrace
create_project: Time (s): cpu = 00:00:03 ; elapsed = 00:00:09 . Memory (MB): peak = 252.789 ; gain = 44.313
Command: synth_design -top system_pBlaze_0_1 -part xc7z010clg400-1 -mode out_of_context
Starting synth_design
Attempting to get a license for feature 'Synthesis' and/or device 'xc7z010-clg400'
INFO: [Common 17-349] Got license for feature 'Synthesis' and/or device 'xc7z010-clg400'
INFO: Launching helper process for spawning children vivado processes
INFO: Helper process launched with PID 5912 
---------------------------------------------------------------------------------
Starting RTL Elaboration : Time (s): cpu = 00:00:14 ; elapsed = 00:00:18 . Memory (MB): peak = 357.195 ; gain = 87.082
---------------------------------------------------------------------------------
INFO: [Synth 8-638] synthesizing module 'system_pBlaze_0_1' [c:/xup/fpga_flow/TFMV2/TFM_GE/TFM_GE.srcs/sources_1/bd/system/ip/system_pBlaze_0_1/synth/system_pBlaze_0_1.vhd:87]
INFO: [Synth 8-3491] module 'pBlaze_v1_0' declared at 'c:/xup/fpga_flow/TFMV2/TFM_GE/TFM_GE.srcs/sources_1/bd/system/ipshared/62af/hdl/pBlaze_v1_0.vhd:5' bound to instance 'U0' of component 'pBlaze_v1_0' [c:/xup/fpga_flow/TFMV2/TFM_GE/TFM_GE.srcs/sources_1/bd/system/ip/system_pBlaze_0_1/synth/system_pBlaze_0_1.vhd:157]
INFO: [Synth 8-638] synthesizing module 'pBlaze_v1_0' [c:/xup/fpga_flow/TFMV2/TFM_GE/TFM_GE.srcs/sources_1/bd/system/ipshared/62af/hdl/pBlaze_v1_0.vhd:57]
INFO: [Synth 8-3491] module 'pBlaze_v1_0_S_AXI' declared at 'c:/xup/fpga_flow/TFMV2/TFM_GE/TFM_GE.srcs/sources_1/bd/system/ipshared/62af/hdl/pBlaze_v1_0_S_AXI.vhd:5' bound to instance 'pBlaze_v1_0_S_AXI_inst' of component 'pBlaze_v1_0_S_AXI' [c:/xup/fpga_flow/TFMV2/TFM_GE/TFM_GE.srcs/sources_1/bd/system/ipshared/62af/hdl/pBlaze_v1_0.vhd:100]
INFO: [Synth 8-638] synthesizing module 'pBlaze_v1_0_S_AXI' [c:/xup/fpga_flow/TFMV2/TFM_GE/TFM_GE.srcs/sources_1/bd/system/ipshared/62af/hdl/pBlaze_v1_0_S_AXI.vhd:91]
INFO: [Synth 8-226] default block is never used [c:/xup/fpga_flow/TFMV2/TFM_GE/TFM_GE.srcs/sources_1/bd/system/ipshared/62af/hdl/pBlaze_v1_0_S_AXI.vhd:246]
INFO: [Synth 8-3491] module 'Processor' declared at 'c:/xup/fpga_flow/TFMV2/TFM_GE/TFM_GE.srcs/sources_1/bd/system/ipshared/62af/src/Proccessor.vhd:35' bound to instance 'Proccesor_v1' of component 'Processor' [c:/xup/fpga_flow/TFMV2/TFM_GE/TFM_GE.srcs/sources_1/bd/system/ipshared/62af/hdl/pBlaze_v1_0_S_AXI.vhd:426]
INFO: [Synth 8-638] synthesizing module 'Processor' [c:/xup/fpga_flow/TFMV2/TFM_GE/TFM_GE.srcs/sources_1/bd/system/ipshared/62af/src/Proccessor.vhd:53]
INFO: [Synth 8-3491] module 'kcpsm6' declared at 'c:/xup/fpga_flow/TFMV2/TFM_GE/TFM_GE.srcs/sources_1/bd/system/ipshared/62af/src/kcpsm6.vhd:87' bound to instance 'kcpsm6_v1' of component 'kcpsm6' [c:/xup/fpga_flow/TFMV2/TFM_GE/TFM_GE.srcs/sources_1/bd/system/ipshared/62af/src/Proccessor.vhd:122]
INFO: [Synth 8-638] synthesizing module 'kcpsm6' [c:/xup/fpga_flow/TFMV2/TFM_GE/TFM_GE.srcs/sources_1/bd/system/ipshared/62af/src/kcpsm6.vhd:111]
INFO: [Synth 8-113] binding component instance 'reset_lut' to cell 'LUT6_2' [c:/xup/fpga_flow/TFMV2/TFM_GE/TFM_GE.srcs/sources_1/bd/system/ipshared/62af/src/kcpsm6.vhd:685]
INFO: [Synth 8-113] binding component instance 'run_flop' to cell 'FD' [c:/xup/fpga_flow/TFMV2/TFM_GE/TFM_GE.srcs/sources_1/bd/system/ipshared/62af/src/kcpsm6.vhd:696]
INFO: [Synth 8-113] binding component instance 'internal_reset_flop' to cell 'FD' [c:/xup/fpga_flow/TFMV2/TFM_GE/TFM_GE.srcs/sources_1/bd/system/ipshared/62af/src/kcpsm6.vhd:701]
INFO: [Synth 8-113] binding component instance 'sync_sleep_flop' to cell 'FD' [c:/xup/fpga_flow/TFMV2/TFM_GE/TFM_GE.srcs/sources_1/bd/system/ipshared/62af/src/kcpsm6.vhd:706]
INFO: [Synth 8-113] binding component instance 't_state_lut' to cell 'LUT6_2' [c:/xup/fpga_flow/TFMV2/TFM_GE/TFM_GE.srcs/sources_1/bd/system/ipshared/62af/src/kcpsm6.vhd:711]
INFO: [Synth 8-113] binding component instance 't_state1_flop' to cell 'FD' [c:/xup/fpga_flow/TFMV2/TFM_GE/TFM_GE.srcs/sources_1/bd/system/ipshared/62af/src/kcpsm6.vhd:722]
INFO: [Synth 8-113] binding component instance 't_state2_flop' to cell 'FD' [c:/xup/fpga_flow/TFMV2/TFM_GE/TFM_GE.srcs/sources_1/bd/system/ipshared/62af/src/kcpsm6.vhd:727]
INFO: [Synth 8-113] binding component instance 'int_enable_type_lut' to cell 'LUT6_2' [c:/xup/fpga_flow/TFMV2/TFM_GE/TFM_GE.srcs/sources_1/bd/system/ipshared/62af/src/kcpsm6.vhd:733]
INFO: [Synth 8-113] binding component instance 'interrupt_enable_lut' to cell 'LUT6' [c:/xup/fpga_flow/TFMV2/TFM_GE/TFM_GE.srcs/sources_1/bd/system/ipshared/62af/src/kcpsm6.vhd:744]
INFO: [Synth 8-113] binding component instance 'interrupt_enable_flop' to cell 'FD' [c:/xup/fpga_flow/TFMV2/TFM_GE/TFM_GE.srcs/sources_1/bd/system/ipshared/62af/src/kcpsm6.vhd:754]
INFO: [Synth 8-113] binding component instance 'sync_interrupt_flop' to cell 'FD' [c:/xup/fpga_flow/TFMV2/TFM_GE/TFM_GE.srcs/sources_1/bd/system/ipshared/62af/src/kcpsm6.vhd:759]
INFO: [Synth 8-113] binding component instance 'active_interrupt_lut' to cell 'LUT6_2' [c:/xup/fpga_flow/TFMV2/TFM_GE/TFM_GE.srcs/sources_1/bd/system/ipshared/62af/src/kcpsm6.vhd:764]
INFO: [Synth 8-113] binding component instance 'active_interrupt_flop' to cell 'FD' [c:/xup/fpga_flow/TFMV2/TFM_GE/TFM_GE.srcs/sources_1/bd/system/ipshared/62af/src/kcpsm6.vhd:775]
INFO: [Synth 8-113] binding component instance 'interrupt_ack_flop' to cell 'FD' [c:/xup/fpga_flow/TFMV2/TFM_GE/TFM_GE.srcs/sources_1/bd/system/ipshared/62af/src/kcpsm6.vhd:780]
INFO: [Synth 8-113] binding component instance 'pc_move_is_valid_lut' to cell 'LUT6' [c:/xup/fpga_flow/TFMV2/TFM_GE/TFM_GE.srcs/sources_1/bd/system/ipshared/62af/src/kcpsm6.vhd:804]
INFO: [Synth 8-113] binding component instance 'move_type_lut' to cell 'LUT6_2' [c:/xup/fpga_flow/TFMV2/TFM_GE/TFM_GE.srcs/sources_1/bd/system/ipshared/62af/src/kcpsm6.vhd:814]
INFO: [Synth 8-113] binding component instance 'pc_mode1_lut' to cell 'LUT6_2' [c:/xup/fpga_flow/TFMV2/TFM_GE/TFM_GE.srcs/sources_1/bd/system/ipshared/62af/src/kcpsm6.vhd:825]
INFO: [Synth 8-113] binding component instance 'pc_mode2_lut' to cell 'LUT6' [c:/xup/fpga_flow/TFMV2/TFM_GE/TFM_GE.srcs/sources_1/bd/system/ipshared/62af/src/kcpsm6.vhd:836]
INFO: [Synth 8-113] binding component instance 'push_pop_lut' to cell 'LUT6_2' [c:/xup/fpga_flow/TFMV2/TFM_GE/TFM_GE.srcs/sources_1/bd/system/ipshared/62af/src/kcpsm6.vhd:846]
INFO: [Synth 8-113] binding component instance 'alu_decode0_lut' to cell 'LUT6_2' [c:/xup/fpga_flow/TFMV2/TFM_GE/TFM_GE.srcs/sources_1/bd/system/ipshared/62af/src/kcpsm6.vhd:861]
INFO: [Synth 8-113] binding component instance 'alu_mux_sel0_flop' to cell 'FD' [c:/xup/fpga_flow/TFMV2/TFM_GE/TFM_GE.srcs/sources_1/bd/system/ipshared/62af/src/kcpsm6.vhd:872]
INFO: [Synth 8-113] binding component instance 'alu_decode1_lut' to cell 'LUT6_2' [c:/xup/fpga_flow/TFMV2/TFM_GE/TFM_GE.srcs/sources_1/bd/system/ipshared/62af/src/kcpsm6.vhd:877]
INFO: [Synth 8-113] binding component instance 'alu_mux_sel1_flop' to cell 'FD' [c:/xup/fpga_flow/TFMV2/TFM_GE/TFM_GE.srcs/sources_1/bd/system/ipshared/62af/src/kcpsm6.vhd:888]
INFO: [Synth 8-113] binding component instance 'alu_decode2_lut' to cell 'LUT6_2' [c:/xup/fpga_flow/TFMV2/TFM_GE/TFM_GE.srcs/sources_1/bd/system/ipshared/62af/src/kcpsm6.vhd:894]
INFO: [Synth 8-113] binding component instance 'register_enable_type_lut' to cell 'LUT6_2' [c:/xup/fpga_flow/TFMV2/TFM_GE/TFM_GE.srcs/sources_1/bd/system/ipshared/62af/src/kcpsm6.vhd:909]
INFO: [Synth 8-113] binding component instance 'register_enable_lut' to cell 'LUT6_2' [c:/xup/fpga_flow/TFMV2/TFM_GE/TFM_GE.srcs/sources_1/bd/system/ipshared/62af/src/kcpsm6.vhd:920]
INFO: [Synth 8-113] binding component instance 'flag_enable_flop' to cell 'FDR' [c:/xup/fpga_flow/TFMV2/TFM_GE/TFM_GE.srcs/sources_1/bd/system/ipshared/62af/src/kcpsm6.vhd:931]
INFO: [Synth 8-113] binding component instance 'register_enable_flop' to cell 'FDR' [c:/xup/fpga_flow/TFMV2/TFM_GE/TFM_GE.srcs/sources_1/bd/system/ipshared/62af/src/kcpsm6.vhd:937]
INFO: [Synth 8-113] binding component instance 'spm_enable_lut' to cell 'LUT6_2' [c:/xup/fpga_flow/TFMV2/TFM_GE/TFM_GE.srcs/sources_1/bd/system/ipshared/62af/src/kcpsm6.vhd:943]
INFO: [Synth 8-113] binding component instance 'k_write_strobe_flop' to cell 'FDR' [c:/xup/fpga_flow/TFMV2/TFM_GE/TFM_GE.srcs/sources_1/bd/system/ipshared/62af/src/kcpsm6.vhd:954]
INFO: [Synth 8-113] binding component instance 'spm_enable_flop' to cell 'FDR' [c:/xup/fpga_flow/TFMV2/TFM_GE/TFM_GE.srcs/sources_1/bd/system/ipshared/62af/src/kcpsm6.vhd:960]
INFO: [Synth 8-113] binding component instance 'read_strobe_lut' to cell 'LUT6_2' [c:/xup/fpga_flow/TFMV2/TFM_GE/TFM_GE.srcs/sources_1/bd/system/ipshared/62af/src/kcpsm6.vhd:966]
INFO: [Synth 8-113] binding component instance 'write_strobe_flop' to cell 'FDR' [c:/xup/fpga_flow/TFMV2/TFM_GE/TFM_GE.srcs/sources_1/bd/system/ipshared/62af/src/kcpsm6.vhd:977]
INFO: [Synth 8-113] binding component instance 'read_strobe_flop' to cell 'FDR' [c:/xup/fpga_flow/TFMV2/TFM_GE/TFM_GE.srcs/sources_1/bd/system/ipshared/62af/src/kcpsm6.vhd:983]
INFO: [Synth 8-113] binding component instance 'regbank_type_lut' to cell 'LUT6' [c:/xup/fpga_flow/TFMV2/TFM_GE/TFM_GE.srcs/sources_1/bd/system/ipshared/62af/src/kcpsm6.vhd:1001]
INFO: [Synth 8-113] binding component instance 'bank_lut' to cell 'LUT6' [c:/xup/fpga_flow/TFMV2/TFM_GE/TFM_GE.srcs/sources_1/bd/system/ipshared/62af/src/kcpsm6.vhd:1011]
INFO: [Synth 8-113] binding component instance 'bank_flop' to cell 'FDR' [c:/xup/fpga_flow/TFMV2/TFM_GE/TFM_GE.srcs/sources_1/bd/system/ipshared/62af/src/kcpsm6.vhd:1021]
INFO: [Synth 8-113] binding component instance 'sx_addr4_flop' to cell 'FD' [c:/xup/fpga_flow/TFMV2/TFM_GE/TFM_GE.srcs/sources_1/bd/system/ipshared/62af/src/kcpsm6.vhd:1027]
INFO: [Synth 8-113] binding component instance 'arith_carry_xorcy' to cell 'XORCY' [c:/xup/fpga_flow/TFMV2/TFM_GE/TFM_GE.srcs/sources_1/bd/system/ipshared/62af/src/kcpsm6.vhd:1051]
INFO: [Synth 8-113] binding component instance 'arith_carry_flop' to cell 'FD' [c:/xup/fpga_flow/TFMV2/TFM_GE/TFM_GE.srcs/sources_1/bd/system/ipshared/62af/src/kcpsm6.vhd:1056]
INFO: [Synth 8-113] binding component instance 'lower_parity_lut' to cell 'LUT6_2' [c:/xup/fpga_flow/TFMV2/TFM_GE/TFM_GE.srcs/sources_1/bd/system/ipshared/62af/src/kcpsm6.vhd:1061]
INFO: [Synth 8-113] binding component instance 'parity_muxcy' to cell 'MUXCY' [c:/xup/fpga_flow/TFMV2/TFM_GE/TFM_GE.srcs/sources_1/bd/system/ipshared/62af/src/kcpsm6.vhd:1072]
INFO: [Synth 8-113] binding component instance 'upper_parity_lut' to cell 'LUT6' [c:/xup/fpga_flow/TFMV2/TFM_GE/TFM_GE.srcs/sources_1/bd/system/ipshared/62af/src/kcpsm6.vhd:1078]
INFO: [Synth 8-113] binding component instance 'parity_xorcy' to cell 'XORCY' [c:/xup/fpga_flow/TFMV2/TFM_GE/TFM_GE.srcs/sources_1/bd/system/ipshared/62af/src/kcpsm6.vhd:1088]
INFO: [Synth 8-113] binding component instance 'shift_carry_lut' to cell 'LUT6' [c:/xup/fpga_flow/TFMV2/TFM_GE/TFM_GE.srcs/sources_1/bd/system/ipshared/62af/src/kcpsm6.vhd:1093]
INFO: [Synth 8-113] binding component instance 'shift_carry_flop' to cell 'FD' [c:/xup/fpga_flow/TFMV2/TFM_GE/TFM_GE.srcs/sources_1/bd/system/ipshared/62af/src/kcpsm6.vhd:1103]
INFO: [Synth 8-113] binding component instance 'carry_flag_lut' to cell 'LUT6_2' [c:/xup/fpga_flow/TFMV2/TFM_GE/TFM_GE.srcs/sources_1/bd/system/ipshared/62af/src/kcpsm6.vhd:1108]
INFO: [Synth 8-113] binding component instance 'carry_flag_flop' to cell 'FDRE' [c:/xup/fpga_flow/TFMV2/TFM_GE/TFM_GE.srcs/sources_1/bd/system/ipshared/62af/src/kcpsm6.vhd:1119]
INFO: [Synth 8-113] binding component instance 'init_zero_muxcy' to cell 'MUXCY' [c:/xup/fpga_flow/TFMV2/TFM_GE/TFM_GE.srcs/sources_1/bd/system/ipshared/62af/src/kcpsm6.vhd:1126]
INFO: [Synth 8-113] binding component instance 'use_zero_flag_lut' to cell 'LUT6_2' [c:/xup/fpga_flow/TFMV2/TFM_GE/TFM_GE.srcs/sources_1/bd/system/ipshared/62af/src/kcpsm6.vhd:1132]
INFO: [Synth 8-113] binding component instance 'use_zero_flag_flop' to cell 'FD' [c:/xup/fpga_flow/TFMV2/TFM_GE/TFM_GE.srcs/sources_1/bd/system/ipshared/62af/src/kcpsm6.vhd:1143]
INFO: [Synth 8-113] binding component instance 'lower_zero_lut' to cell 'LUT6_2' [c:/xup/fpga_flow/TFMV2/TFM_GE/TFM_GE.srcs/sources_1/bd/system/ipshared/62af/src/kcpsm6.vhd:1148]
INFO: [Synth 8-113] binding component instance 'lower_zero_muxcy' to cell 'MUXCY' [c:/xup/fpga_flow/TFMV2/TFM_GE/TFM_GE.srcs/sources_1/bd/system/ipshared/62af/src/kcpsm6.vhd:1159]
INFO: [Synth 8-113] binding component instance 'middle_zero_lut' to cell 'LUT6_2' [c:/xup/fpga_flow/TFMV2/TFM_GE/TFM_GE.srcs/sources_1/bd/system/ipshared/62af/src/kcpsm6.vhd:1165]
INFO: [Synth 8-113] binding component instance 'middle_zero_muxcy' to cell 'MUXCY' [c:/xup/fpga_flow/TFMV2/TFM_GE/TFM_GE.srcs/sources_1/bd/system/ipshared/62af/src/kcpsm6.vhd:1176]
INFO: [Synth 8-113] binding component instance 'upper_zero_lut' to cell 'LUT6' [c:/xup/fpga_flow/TFMV2/TFM_GE/TFM_GE.srcs/sources_1/bd/system/ipshared/62af/src/kcpsm6.vhd:1182]
INFO: [Synth 8-113] binding component instance 'upper_zero_muxcy' to cell 'MUXCY' [c:/xup/fpga_flow/TFMV2/TFM_GE/TFM_GE.srcs/sources_1/bd/system/ipshared/62af/src/kcpsm6.vhd:1192]
INFO: [Synth 8-113] binding component instance 'zero_flag_flop' to cell 'FDRE' [c:/xup/fpga_flow/TFMV2/TFM_GE/TFM_GE.srcs/sources_1/bd/system/ipshared/62af/src/kcpsm6.vhd:1198]
INFO: [Synth 8-113] binding component instance 'return_vector_flop' to cell 'FD' [c:/xup/fpga_flow/TFMV2/TFM_GE/TFM_GE.srcs/sources_1/bd/system/ipshared/62af/src/kcpsm6.vhd:1249]
INFO: [Synth 8-113] binding component instance 'pc_vector_mux_lut' to cell 'LUT6_2' [c:/xup/fpga_flow/TFMV2/TFM_GE/TFM_GE.srcs/sources_1/bd/system/ipshared/62af/src/kcpsm6.vhd:1264]
INFO: [Synth 8-113] binding component instance 'pc_flop' to cell 'FDRE' [c:/xup/fpga_flow/TFMV2/TFM_GE/TFM_GE.srcs/sources_1/bd/system/ipshared/62af/src/kcpsm6.vhd:1309]
INFO: [Synth 8-113] binding component instance 'pc_lut' to cell 'LUT6' [c:/xup/fpga_flow/TFMV2/TFM_GE/TFM_GE.srcs/sources_1/bd/system/ipshared/62af/src/kcpsm6.vhd:1350]
INFO: [Synth 8-113] binding component instance 'pc_xorcy' to cell 'XORCY' [c:/xup/fpga_flow/TFMV2/TFM_GE/TFM_GE.srcs/sources_1/bd/system/ipshared/62af/src/kcpsm6.vhd:1366]
INFO: [Synth 8-113] binding component instance 'pc_muxcy' to cell 'MUXCY' [c:/xup/fpga_flow/TFMV2/TFM_GE/TFM_GE.srcs/sources_1/bd/system/ipshared/62af/src/kcpsm6.vhd:1371]
INFO: [Synth 8-113] binding component instance 'return_vector_flop' to cell 'FD' [c:/xup/fpga_flow/TFMV2/TFM_GE/TFM_GE.srcs/sources_1/bd/system/ipshared/62af/src/kcpsm6.vhd:1249]
INFO: [Synth 8-113] binding component instance 'pc_flop' to cell 'FDRE' [c:/xup/fpga_flow/TFMV2/TFM_GE/TFM_GE.srcs/sources_1/bd/system/ipshared/62af/src/kcpsm6.vhd:1309]
INFO: [Synth 8-113] binding component instance 'pc_lut' to cell 'LUT6' [c:/xup/fpga_flow/TFMV2/TFM_GE/TFM_GE.srcs/sources_1/bd/system/ipshared/62af/src/kcpsm6.vhd:1411]
INFO: [Synth 8-113] binding component instance 'pc_xorcy' to cell 'XORCY' [c:/xup/fpga_flow/TFMV2/TFM_GE/TFM_GE.srcs/sources_1/bd/system/ipshared/62af/src/kcpsm6.vhd:1426]
INFO: [Synth 8-113] binding component instance 'pc_muxcy' to cell 'MUXCY' [c:/xup/fpga_flow/TFMV2/TFM_GE/TFM_GE.srcs/sources_1/bd/system/ipshared/62af/src/kcpsm6.vhd:1440]
INFO: [Synth 8-113] binding component instance 'return_vector_flop' to cell 'FD' [c:/xup/fpga_flow/TFMV2/TFM_GE/TFM_GE.srcs/sources_1/bd/system/ipshared/62af/src/kcpsm6.vhd:1249]
INFO: [Synth 8-113] binding component instance 'pc_vector_mux_lut' to cell 'LUT6_2' [c:/xup/fpga_flow/TFMV2/TFM_GE/TFM_GE.srcs/sources_1/bd/system/ipshared/62af/src/kcpsm6.vhd:1264]
INFO: [Synth 8-113] binding component instance 'pc_flop' to cell 'FDRE' [c:/xup/fpga_flow/TFMV2/TFM_GE/TFM_GE.srcs/sources_1/bd/system/ipshared/62af/src/kcpsm6.vhd:1309]
INFO: [Synth 8-113] binding component instance 'pc_lut' to cell 'LUT6' [c:/xup/fpga_flow/TFMV2/TFM_GE/TFM_GE.srcs/sources_1/bd/system/ipshared/62af/src/kcpsm6.vhd:1411]
INFO: [Synth 8-113] binding component instance 'pc_xorcy' to cell 'XORCY' [c:/xup/fpga_flow/TFMV2/TFM_GE/TFM_GE.srcs/sources_1/bd/system/ipshared/62af/src/kcpsm6.vhd:1426]
INFO: [Synth 8-113] binding component instance 'pc_muxcy' to cell 'MUXCY' [c:/xup/fpga_flow/TFMV2/TFM_GE/TFM_GE.srcs/sources_1/bd/system/ipshared/62af/src/kcpsm6.vhd:1440]
INFO: [Synth 8-113] binding component instance 'return_vector_flop' to cell 'FD' [c:/xup/fpga_flow/TFMV2/TFM_GE/TFM_GE.srcs/sources_1/bd/system/ipshared/62af/src/kcpsm6.vhd:1249]
INFO: [Synth 8-113] binding component instance 'pc_flop' to cell 'FDRE' [c:/xup/fpga_flow/TFMV2/TFM_GE/TFM_GE.srcs/sources_1/bd/system/ipshared/62af/src/kcpsm6.vhd:1309]
INFO: [Synth 8-113] binding component instance 'pc_lut' to cell 'LUT6' [c:/xup/fpga_flow/TFMV2/TFM_GE/TFM_GE.srcs/sources_1/bd/system/ipshared/62af/src/kcpsm6.vhd:1411]
INFO: [Synth 8-113] binding component instance 'pc_xorcy' to cell 'XORCY' [c:/xup/fpga_flow/TFMV2/TFM_GE/TFM_GE.srcs/sources_1/bd/system/ipshared/62af/src/kcpsm6.vhd:1426]
INFO: [Synth 8-113] binding component instance 'pc_muxcy' to cell 'MUXCY' [c:/xup/fpga_flow/TFMV2/TFM_GE/TFM_GE.srcs/sources_1/bd/system/ipshared/62af/src/kcpsm6.vhd:1440]
INFO: [Synth 8-113] binding component instance 'return_vector_flop' to cell 'FD' [c:/xup/fpga_flow/TFMV2/TFM_GE/TFM_GE.srcs/sources_1/bd/system/ipshared/62af/src/kcpsm6.vhd:1249]
INFO: [Synth 8-113] binding component instance 'pc_vector_mux_lut' to cell 'LUT6_2' [c:/xup/fpga_flow/TFMV2/TFM_GE/TFM_GE.srcs/sources_1/bd/system/ipshared/62af/src/kcpsm6.vhd:1264]
INFO: [Synth 8-113] binding component instance 'pc_flop' to cell 'FDRE' [c:/xup/fpga_flow/TFMV2/TFM_GE/TFM_GE.srcs/sources_1/bd/system/ipshared/62af/src/kcpsm6.vhd:1309]
INFO: [Synth 8-113] binding component instance 'pc_lut' to cell 'LUT6' [c:/xup/fpga_flow/TFMV2/TFM_GE/TFM_GE.srcs/sources_1/bd/system/ipshared/62af/src/kcpsm6.vhd:1411]
INFO: [Synth 8-113] binding component instance 'pc_xorcy' to cell 'XORCY' [c:/xup/fpga_flow/TFMV2/TFM_GE/TFM_GE.srcs/sources_1/bd/system/ipshared/62af/src/kcpsm6.vhd:1426]
INFO: [Synth 8-113] binding component instance 'pc_muxcy' to cell 'MUXCY' [c:/xup/fpga_flow/TFMV2/TFM_GE/TFM_GE.srcs/sources_1/bd/system/ipshared/62af/src/kcpsm6.vhd:1440]
INFO: [Synth 8-113] binding component instance 'return_vector_flop' to cell 'FD' [c:/xup/fpga_flow/TFMV2/TFM_GE/TFM_GE.srcs/sources_1/bd/system/ipshared/62af/src/kcpsm6.vhd:1249]
INFO: [Synth 8-113] binding component instance 'pc_flop' to cell 'FDRE' [c:/xup/fpga_flow/TFMV2/TFM_GE/TFM_GE.srcs/sources_1/bd/system/ipshared/62af/src/kcpsm6.vhd:1309]
INFO: [Synth 8-113] binding component instance 'pc_lut' to cell 'LUT6' [c:/xup/fpga_flow/TFMV2/TFM_GE/TFM_GE.srcs/sources_1/bd/system/ipshared/62af/src/kcpsm6.vhd:1411]
INFO: [Synth 8-113] binding component instance 'pc_xorcy' to cell 'XORCY' [c:/xup/fpga_flow/TFMV2/TFM_GE/TFM_GE.srcs/sources_1/bd/system/ipshared/62af/src/kcpsm6.vhd:1426]
INFO: [Synth 8-113] binding component instance 'pc_muxcy' to cell 'MUXCY' [c:/xup/fpga_flow/TFMV2/TFM_GE/TFM_GE.srcs/sources_1/bd/system/ipshared/62af/src/kcpsm6.vhd:1440]
INFO: [Synth 8-113] binding component instance 'return_vector_flop' to cell 'FD' [c:/xup/fpga_flow/TFMV2/TFM_GE/TFM_GE.srcs/sources_1/bd/system/ipshared/62af/src/kcpsm6.vhd:1249]
INFO: [Synth 8-113] binding component instance 'pc_vector_mux_lut' to cell 'LUT6_2' [c:/xup/fpga_flow/TFMV2/TFM_GE/TFM_GE.srcs/sources_1/bd/system/ipshared/62af/src/kcpsm6.vhd:1264]
INFO: [Synth 8-113] binding component instance 'pc_flop' to cell 'FDRE' [c:/xup/fpga_flow/TFMV2/TFM_GE/TFM_GE.srcs/sources_1/bd/system/ipshared/62af/src/kcpsm6.vhd:1309]
INFO: [Synth 8-113] binding component instance 'pc_lut' to cell 'LUT6' [c:/xup/fpga_flow/TFMV2/TFM_GE/TFM_GE.srcs/sources_1/bd/system/ipshared/62af/src/kcpsm6.vhd:1411]
INFO: [Synth 8-113] binding component instance 'pc_xorcy' to cell 'XORCY' [c:/xup/fpga_flow/TFMV2/TFM_GE/TFM_GE.srcs/sources_1/bd/system/ipshared/62af/src/kcpsm6.vhd:1426]
INFO: [Synth 8-113] binding component instance 'pc_muxcy' to cell 'MUXCY' [c:/xup/fpga_flow/TFMV2/TFM_GE/TFM_GE.srcs/sources_1/bd/system/ipshared/62af/src/kcpsm6.vhd:1440]
INFO: [Synth 8-113] binding component instance 'return_vector_flop' to cell 'FD' [c:/xup/fpga_flow/TFMV2/TFM_GE/TFM_GE.srcs/sources_1/bd/system/ipshared/62af/src/kcpsm6.vhd:1249]
INFO: [Synth 8-113] binding component instance 'pc_flop' to cell 'FDRE' [c:/xup/fpga_flow/TFMV2/TFM_GE/TFM_GE.srcs/sources_1/bd/system/ipshared/62af/src/kcpsm6.vhd:1309]
INFO: [Synth 8-113] binding component instance 'pc_lut' to cell 'LUT6' [c:/xup/fpga_flow/TFMV2/TFM_GE/TFM_GE.srcs/sources_1/bd/system/ipshared/62af/src/kcpsm6.vhd:1411]
INFO: [Common 17-14] Message 'Synth 8-113' appears 100 times and further instances of the messages will be disabled. Use the Tcl command set_msg_config to change the current settings.
INFO: [Synth 8-256] done synthesizing module 'kcpsm6' (1#1) [c:/xup/fpga_flow/TFMV2/TFM_GE/TFM_GE.srcs/sources_1/bd/system/ipshared/62af/src/kcpsm6.vhd:111]
INFO: [Synth 8-3491] module 'cordic' declared at 'c:/xup/fpga_flow/TFMV2/TFM_GE/TFM_GE.srcs/sources_1/bd/system/ipshared/62af/hdl/Cordic.vhd:34' bound to instance 'cordic_v1' of component 'cordic' [c:/xup/fpga_flow/TFMV2/TFM_GE/TFM_GE.srcs/sources_1/bd/system/ipshared/62af/src/Proccessor.vhd:140]
INFO: [Synth 8-638] synthesizing module 'cordic' [c:/xup/fpga_flow/TFMV2/TFM_GE/TFM_GE.srcs/sources_1/bd/system/ipshared/62af/hdl/Cordic.vhd:45]
INFO: [Synth 8-3491] module 'mult_gen_0' declared at 'c:/xup/fpga_flow/TFMV2/TFM_GE/TFM_GE.srcs/sources_1/bd/system/ip/system_pBlaze_0_1/src/mult_gen_0_1/synth/mult_gen_0.vhd:59' bound to instance 'mult_gen' of component 'mult_gen_0' [c:/xup/fpga_flow/TFMV2/TFM_GE/TFM_GE.srcs/sources_1/bd/system/ipshared/62af/hdl/Cordic.vhd:70]
INFO: [Synth 8-638] synthesizing module 'mult_gen_0' [c:/xup/fpga_flow/TFMV2/TFM_GE/TFM_GE.srcs/sources_1/bd/system/ip/system_pBlaze_0_1/src/mult_gen_0_1/synth/mult_gen_0.vhd:67]
WARNING: [Synth 8-5640] Port 'zero_detect' is missing in component declaration [c:/xup/fpga_flow/TFMV2/TFM_GE/TFM_GE.srcs/sources_1/bd/system/ip/system_pBlaze_0_1/src/mult_gen_0_1/synth/mult_gen_0.vhd:70]
WARNING: [Synth 8-5640] Port 'pcasc' is missing in component declaration [c:/xup/fpga_flow/TFMV2/TFM_GE/TFM_GE.srcs/sources_1/bd/system/ip/system_pBlaze_0_1/src/mult_gen_0_1/synth/mult_gen_0.vhd:70]
INFO: [Synth 8-3491] module 'mult_gen_v12_0_12' declared at 'c:/xup/fpga_flow/TFMV2/TFM_GE/TFM_GE.srcs/sources_1/bd/system/ip/system_pBlaze_0_1/src/mult_gen_0_1/hdl/mult_gen_v12_0_vh_rfs.vhd:21013' bound to instance 'U0' of component 'mult_gen_v12_0_12' [c:/xup/fpga_flow/TFMV2/TFM_GE/TFM_GE.srcs/sources_1/bd/system/ip/system_pBlaze_0_1/src/mult_gen_0_1/synth/mult_gen_0.vhd:113]
INFO: [Synth 8-256] done synthesizing module 'mult_gen_0' (7#1) [c:/xup/fpga_flow/TFMV2/TFM_GE/TFM_GE.srcs/sources_1/bd/system/ip/system_pBlaze_0_1/src/mult_gen_0_1/synth/mult_gen_0.vhd:67]
WARNING: [Synth 8-6014] Unused sequential element res_tmp_reg was removed.  [c:/xup/fpga_flow/TFMV2/TFM_GE/TFM_GE.srcs/sources_1/bd/system/ipshared/62af/hdl/Cordic.vhd:194]
INFO: [Synth 8-256] done synthesizing module 'cordic' (8#1) [c:/xup/fpga_flow/TFMV2/TFM_GE/TFM_GE.srcs/sources_1/bd/system/ipshared/62af/hdl/Cordic.vhd:45]
INFO: [Synth 8-256] done synthesizing module 'Processor' (9#1) [c:/xup/fpga_flow/TFMV2/TFM_GE/TFM_GE.srcs/sources_1/bd/system/ipshared/62af/src/Proccessor.vhd:53]
WARNING: [Synth 8-6014] Unused sequential element axi_awaddr_reg was removed.  [c:/xup/fpga_flow/TFMV2/TFM_GE/TFM_GE.srcs/sources_1/bd/system/ipshared/62af/hdl/pBlaze_v1_0_S_AXI.vhd:191]
WARNING: [Synth 8-6014] Unused sequential element slv_reg0_reg was removed.  [c:/xup/fpga_flow/TFMV2/TFM_GE/TFM_GE.srcs/sources_1/bd/system/ipshared/62af/hdl/pBlaze_v1_0_S_AXI.vhd:239]
WARNING: [Synth 8-6014] Unused sequential element slv_reg1_reg was removed.  [c:/xup/fpga_flow/TFMV2/TFM_GE/TFM_GE.srcs/sources_1/bd/system/ipshared/62af/hdl/pBlaze_v1_0_S_AXI.vhd:240]
WARNING: [Synth 8-6014] Unused sequential element slv_reg2_reg was removed.  [c:/xup/fpga_flow/TFMV2/TFM_GE/TFM_GE.srcs/sources_1/bd/system/ipshared/62af/hdl/pBlaze_v1_0_S_AXI.vhd:241]
WARNING: [Synth 8-6014] Unused sequential element slv_reg3_reg was removed.  [c:/xup/fpga_flow/TFMV2/TFM_GE/TFM_GE.srcs/sources_1/bd/system/ipshared/62af/hdl/pBlaze_v1_0_S_AXI.vhd:242]
WARNING: [Synth 8-6014] Unused sequential element loc_addr_reg was removed.  [c:/xup/fpga_flow/TFMV2/TFM_GE/TFM_GE.srcs/sources_1/bd/system/ipshared/62af/hdl/pBlaze_v1_0_S_AXI.vhd:244]
WARNING: [Synth 8-6014] Unused sequential element loc_addr_reg was removed.  [c:/xup/fpga_flow/TFMV2/TFM_GE/TFM_GE.srcs/sources_1/bd/system/ipshared/62af/hdl/pBlaze_v1_0_S_AXI.vhd:398]
INFO: [Synth 8-256] done synthesizing module 'pBlaze_v1_0_S_AXI' (10#1) [c:/xup/fpga_flow/TFMV2/TFM_GE/TFM_GE.srcs/sources_1/bd/system/ipshared/62af/hdl/pBlaze_v1_0_S_AXI.vhd:91]
INFO: [Synth 8-256] done synthesizing module 'pBlaze_v1_0' (11#1) [c:/xup/fpga_flow/TFMV2/TFM_GE/TFM_GE.srcs/sources_1/bd/system/ipshared/62af/hdl/pBlaze_v1_0.vhd:57]
INFO: [Synth 8-256] done synthesizing module 'system_pBlaze_0_1' (12#1) [c:/xup/fpga_flow/TFMV2/TFM_GE/TFM_GE.srcs/sources_1/bd/system/ip/system_pBlaze_0_1/synth/system_pBlaze_0_1.vhd:87]
WARNING: [Synth 8-3331] design delay_line__parameterized3 has unconnected port CLK
WARNING: [Synth 8-3331] design delay_line__parameterized3 has unconnected port CE
WARNING: [Synth 8-3331] design delay_line__parameterized3 has unconnected port SCLR
WARNING: [Synth 8-3331] design delay_line__parameterized2 has unconnected port CLK
WARNING: [Synth 8-3331] design delay_line__parameterized2 has unconnected port CE
WARNING: [Synth 8-3331] design delay_line__parameterized2 has unconnected port SCLR
WARNING: [Synth 8-3331] design delay_line__parameterized1 has unconnected port CLK
WARNING: [Synth 8-3331] design delay_line__parameterized1 has unconnected port CE
WARNING: [Synth 8-3331] design delay_line__parameterized1 has unconnected port SCLR
WARNING: [Synth 8-3331] design delay_line__parameterized0 has unconnected port CLK
WARNING: [Synth 8-3331] design delay_line__parameterized0 has unconnected port CE
WARNING: [Synth 8-3331] design delay_line__parameterized0 has unconnected port SCLR
WARNING: [Synth 8-3331] design delay_line has unconnected port CLK
WARNING: [Synth 8-3331] design delay_line has unconnected port CE
WARNING: [Synth 8-3331] design delay_line has unconnected port SCLR
WARNING: [Synth 8-3331] design dsp has unconnected port D_PORT[24]
WARNING: [Synth 8-3331] design dsp has unconnected port D_PORT[23]
WARNING: [Synth 8-3331] design dsp has unconnected port D_PORT[22]
WARNING: [Synth 8-3331] design dsp has unconnected port D_PORT[21]
WARNING: [Synth 8-3331] design dsp has unconnected port D_PORT[20]
WARNING: [Synth 8-3331] design dsp has unconnected port D_PORT[19]
WARNING: [Synth 8-3331] design dsp has unconnected port D_PORT[18]
WARNING: [Synth 8-3331] design dsp has unconnected port D_PORT[17]
WARNING: [Synth 8-3331] design dsp has unconnected port D_PORT[16]
WARNING: [Synth 8-3331] design dsp has unconnected port D_PORT[15]
WARNING: [Synth 8-3331] design dsp has unconnected port D_PORT[14]
WARNING: [Synth 8-3331] design dsp has unconnected port D_PORT[13]
WARNING: [Synth 8-3331] design dsp has unconnected port D_PORT[12]
WARNING: [Synth 8-3331] design dsp has unconnected port D_PORT[11]
WARNING: [Synth 8-3331] design dsp has unconnected port D_PORT[10]
WARNING: [Synth 8-3331] design dsp has unconnected port D_PORT[9]
WARNING: [Synth 8-3331] design dsp has unconnected port D_PORT[8]
WARNING: [Synth 8-3331] design dsp has unconnected port D_PORT[7]
WARNING: [Synth 8-3331] design dsp has unconnected port D_PORT[6]
WARNING: [Synth 8-3331] design dsp has unconnected port D_PORT[5]
WARNING: [Synth 8-3331] design dsp has unconnected port D_PORT[4]
WARNING: [Synth 8-3331] design dsp has unconnected port D_PORT[3]
WARNING: [Synth 8-3331] design dsp has unconnected port D_PORT[2]
WARNING: [Synth 8-3331] design dsp has unconnected port D_PORT[1]
WARNING: [Synth 8-3331] design dsp has unconnected port D_PORT[0]
WARNING: [Synth 8-3331] design dsp has unconnected port CARRY_IN
WARNING: [Synth 8-3331] design mult_gen_v12_0_12_viv has unconnected port CE
WARNING: [Synth 8-3331] design mult_gen_v12_0_12_viv has unconnected port SCLR
WARNING: [Synth 8-3331] design pBlaze_v1_0_S_AXI has unconnected port S_AXI_AWADDR[1]
WARNING: [Synth 8-3331] design pBlaze_v1_0_S_AXI has unconnected port S_AXI_AWADDR[0]
WARNING: [Synth 8-3331] design pBlaze_v1_0_S_AXI has unconnected port S_AXI_AWPROT[2]
WARNING: [Synth 8-3331] design pBlaze_v1_0_S_AXI has unconnected port S_AXI_AWPROT[1]
WARNING: [Synth 8-3331] design pBlaze_v1_0_S_AXI has unconnected port S_AXI_AWPROT[0]
WARNING: [Synth 8-3331] design pBlaze_v1_0_S_AXI has unconnected port S_AXI_WSTRB[3]
WARNING: [Synth 8-3331] design pBlaze_v1_0_S_AXI has unconnected port S_AXI_WSTRB[2]
WARNING: [Synth 8-3331] design pBlaze_v1_0_S_AXI has unconnected port S_AXI_WSTRB[1]
WARNING: [Synth 8-3331] design pBlaze_v1_0_S_AXI has unconnected port S_AXI_WSTRB[0]
WARNING: [Synth 8-3331] design pBlaze_v1_0_S_AXI has unconnected port S_AXI_ARPROT[2]
WARNING: [Synth 8-3331] design pBlaze_v1_0_S_AXI has unconnected port S_AXI_ARPROT[1]
WARNING: [Synth 8-3331] design pBlaze_v1_0_S_AXI has unconnected port S_AXI_ARPROT[0]
---------------------------------------------------------------------------------
Finished RTL Elaboration : Time (s): cpu = 00:00:28 ; elapsed = 00:00:33 . Memory (MB): peak = 428.777 ; gain = 158.664
---------------------------------------------------------------------------------

Report Check Netlist: 
+------+------------------+-------+---------+-------+------------------+
|      |Item              |Errors |Warnings |Status |Description       |
+------+------------------+-------+---------+-------+------------------+
|1     |multi_driven_nets |      0|        0|Passed |Multi driven nets |
+------+------------------+-------+---------+-------+------------------+
---------------------------------------------------------------------------------
Finished RTL Optimization Phase 1 : Time (s): cpu = 00:00:29 ; elapsed = 00:00:34 . Memory (MB): peak = 428.777 ; gain = 158.664
---------------------------------------------------------------------------------
INFO: [Netlist 29-17] Analyzing 184 Unisim elements for replacement
INFO: [Netlist 29-28] Unisim Transformation completed in 0 CPU seconds
INFO: [Device 21-403] Loading part xc7z010clg400-1
INFO: [Project 1-570] Preparing netlist for logic optimization

Processing XDC Constraints
Initializing timing engine
Parsing XDC File [C:/xup/fpga_flow/TFMV2/TFM_GE/TFM_GE.runs/system_pBlaze_0_1_synth_1/dont_touch.xdc]
Finished Parsing XDC File [C:/xup/fpga_flow/TFMV2/TFM_GE/TFM_GE.runs/system_pBlaze_0_1_synth_1/dont_touch.xdc]
Completed Processing XDC Constraints

INFO: [Project 1-111] Unisim Transformation Summary:
  A total of 124 instances were transformed.
  FD => FDRE: 48 instances
  FDR => FDRE: 18 instances
  FDS => FDSE: 2 instances
  LUT6_2 => LUT6_2 (LUT6, LUT5): 50 instances
  RAM32M => RAM32M (RAMS32, RAMS32, RAMD32, RAMD32, RAMD32, RAMD32, RAMD32, RAMD32): 4 instances
  RAM64M => RAM64M (RAMD64E, RAMD64E, RAMD64E, RAMD64E): 2 instances

Constraint Validation Runtime : Time (s): cpu = 00:00:00 ; elapsed = 00:00:00.696 . Memory (MB): peak = 674.816 ; gain = 0.379
---------------------------------------------------------------------------------
Finished Constraint Validation : Time (s): cpu = 00:00:59 ; elapsed = 00:01:09 . Memory (MB): peak = 674.816 ; gain = 404.703
---------------------------------------------------------------------------------
---------------------------------------------------------------------------------
Start Loading Part and Timing Information
---------------------------------------------------------------------------------
Loading part: xc7z010clg400-1
---------------------------------------------------------------------------------
Finished Loading Part and Timing Information : Time (s): cpu = 00:00:59 ; elapsed = 00:01:09 . Memory (MB): peak = 674.816 ; gain = 404.703
---------------------------------------------------------------------------------
---------------------------------------------------------------------------------
Start Applying 'set_property' XDC Constraints
---------------------------------------------------------------------------------
Applied set_property DONT_TOUCH = true for U0/pBlaze_v1_0_S_AXI_inst/Proccesor_v1/cordic_v1/mult_gen. (constraint file  auto generated constraint, line ).
---------------------------------------------------------------------------------
Finished applying 'set_property' XDC Constraints : Time (s): cpu = 00:00:59 ; elapsed = 00:01:09 . Memory (MB): peak = 674.816 ; gain = 404.703
---------------------------------------------------------------------------------
INFO: [Synth 8-5818] HDL ADVISOR - The operator resource <adder> is shared. To prevent sharing consider applying a KEEP on the output of the operator [c:/xup/fpga_flow/TFMV2/TFM_GE/TFM_GE.srcs/sources_1/bd/system/ipshared/62af/hdl/Cordic.vhd:235]
INFO: [Synth 8-5818] HDL ADVISOR - The operator resource <adder> is shared. To prevent sharing consider applying a KEEP on the output of the operator [c:/xup/fpga_flow/TFMV2/TFM_GE/TFM_GE.srcs/sources_1/bd/system/ipshared/62af/hdl/Cordic.vhd:227]
INFO: [Synth 8-5818] HDL ADVISOR - The operator resource <adder> is shared. To prevent sharing consider applying a KEEP on the output of the operator [c:/xup/fpga_flow/TFMV2/TFM_GE/TFM_GE.srcs/sources_1/bd/system/ipshared/62af/hdl/Cordic.vhd:174]
INFO: [Synth 8-5818] HDL ADVISOR - The operator resource <adder> is shared. To prevent sharing consider applying a KEEP on the output of the operator [c:/xup/fpga_flow/TFMV2/TFM_GE/TFM_GE.srcs/sources_1/bd/system/ipshared/62af/hdl/Cordic.vhd:174]
INFO: [Synth 8-5818] HDL ADVISOR - The operator resource <adder> is shared. To prevent sharing consider applying a KEEP on the output of the operator [c:/xup/fpga_flow/TFMV2/TFM_GE/TFM_GE.srcs/sources_1/bd/system/ipshared/62af/hdl/Cordic.vhd:192]
INFO: [Synth 8-5818] HDL ADVISOR - The operator resource <adder> is shared. To prevent sharing consider applying a KEEP on the output of the operator [c:/xup/fpga_flow/TFMV2/TFM_GE/TFM_GE.srcs/sources_1/bd/system/ipshared/62af/hdl/Cordic.vhd:174]
INFO: [Synth 8-5546] ROM "mult2" won't be mapped to RAM because it is too sparse
INFO: [Synth 8-5546] ROM "mult2" won't be mapped to RAM because it is too sparse
WARNING: [Synth 8-6014] Unused sequential element count_reg was removed.  [c:/xup/fpga_flow/TFMV2/TFM_GE/TFM_GE.srcs/sources_1/bd/system/ipshared/62af/hdl/Cordic.vhd:94]
WARNING: [Synth 8-6014] Unused sequential element count_int_tmp_reg was removed.  [c:/xup/fpga_flow/TFMV2/TFM_GE/TFM_GE.srcs/sources_1/bd/system/ipshared/62af/hdl/Cordic.vhd:95]
INFO: [Synth 8-5546] ROM "in_port" won't be mapped to RAM because it is too sparse
INFO: [Synth 8-5546] ROM "rdy_tmp2" won't be mapped to RAM because it is too sparse
INFO: [Synth 8-5546] ROM "out_Areg" won't be mapped to RAM because it is too sparse
INFO: [Synth 8-5546] ROM "out_Breg" won't be mapped to RAM because it is too sparse
WARNING: [Synth 8-327] inferring latch for variable 's_axi_rdata_reg' [c:/xup/fpga_flow/TFMV2/TFM_GE/TFM_GE.srcs/sources_1/bd/system/ipshared/62af/src/Proccessor.vhd:229]
WARNING: [Synth 8-327] inferring latch for variable 'in_port_reg' [c:/xup/fpga_flow/TFMV2/TFM_GE/TFM_GE.srcs/sources_1/bd/system/ipshared/62af/src/Proccessor.vhd:135]
WARNING: [Synth 8-327] inferring latch for variable 'in_Creg_reg' [c:/xup/fpga_flow/TFMV2/TFM_GE/TFM_GE.srcs/sources_1/bd/system/ipshared/62af/src/Proccessor.vhd:152]
WARNING: [Synth 8-327] inferring latch for variable 'in_Areg_reg' [c:/xup/fpga_flow/TFMV2/TFM_GE/TFM_GE.srcs/sources_1/bd/system/ipshared/62af/src/Proccessor.vhd:150]
WARNING: [Synth 8-327] inferring latch for variable 'in_Breg_reg' [c:/xup/fpga_flow/TFMV2/TFM_GE/TFM_GE.srcs/sources_1/bd/system/ipshared/62af/src/Proccessor.vhd:151]
WARNING: [Synth 8-327] inferring latch for variable 'in_Dreg_reg' [c:/xup/fpga_flow/TFMV2/TFM_GE/TFM_GE.srcs/sources_1/bd/system/ipshared/62af/src/Proccessor.vhd:153]
WARNING: [Synth 8-327] inferring latch for variable 'rdy_tmp2_reg' [c:/xup/fpga_flow/TFMV2/TFM_GE/TFM_GE.srcs/sources_1/bd/system/ipshared/62af/src/Proccessor.vhd:160]
---------------------------------------------------------------------------------
Finished RTL Optimization Phase 2 : Time (s): cpu = 00:01:03 ; elapsed = 00:01:14 . Memory (MB): peak = 674.816 ; gain = 404.703
---------------------------------------------------------------------------------

Report RTL Partitions: 
+-+--------------+------------+----------+
| |RTL Partition |Replication |Instances |
+-+--------------+------------+----------+
+-+--------------+------------+----------+
---------------------------------------------------------------------------------
Start RTL Component Statistics 
---------------------------------------------------------------------------------
---------------------------------------------------------------------------------
Finished RTL Component Statistics 
---------------------------------------------------------------------------------
---------------------------------------------------------------------------------
Start RTL Hierarchical Component Statistics 
---------------------------------------------------------------------------------
---------------------------------------------------------------------------------
Finished RTL Hierarchical Component Statistics
---------------------------------------------------------------------------------
---------------------------------------------------------------------------------
Start Part Resource Summary
---------------------------------------------------------------------------------
Part Resources:
DSPs: 80 (col length:40)
BRAMs: 120 (col length: RAMB18 40 RAMB36 20)
---------------------------------------------------------------------------------
Finished Part Resource Summary
---------------------------------------------------------------------------------
---------------------------------------------------------------------------------
Start Cross Boundary and Area Optimization
---------------------------------------------------------------------------------
WARNING: [Synth 8-6014] Unused sequential element count_int_tmp_reg was removed.  [c:/xup/fpga_flow/TFMV2/TFM_GE/TFM_GE.srcs/sources_1/bd/system/ipshared/62af/hdl/Cordic.vhd:95]
WARNING: [Synth 8-6014] Unused sequential element count_reg was removed.  [c:/xup/fpga_flow/TFMV2/TFM_GE/TFM_GE.srcs/sources_1/bd/system/ipshared/62af/hdl/Cordic.vhd:94]
INFO: [Synth 8-3917] design system_pBlaze_0_1 has port address[15] driven by constant 0
INFO: [Synth 8-3917] design system_pBlaze_0_1 has port address[14] driven by constant 0
INFO: [Synth 8-3917] design system_pBlaze_0_1 has port address[1] driven by constant 0
INFO: [Synth 8-3917] design system_pBlaze_0_1 has port address[0] driven by constant 0
INFO: [Synth 8-3917] design system_pBlaze_0_1 has port rst driven by constant 0
WARNING: [Synth 8-3331] design mult_gen_v12_0_12_viv has unconnected port CE
WARNING: [Synth 8-3331] design mult_gen_v12_0_12_viv has unconnected port SCLR
WARNING: [Synth 8-3331] design system_pBlaze_0_1 has unconnected port s_axi_awaddr[1]
WARNING: [Synth 8-3331] design system_pBlaze_0_1 has unconnected port s_axi_awaddr[0]
WARNING: [Synth 8-3331] design system_pBlaze_0_1 has unconnected port s_axi_awprot[2]
WARNING: [Synth 8-3331] design system_pBlaze_0_1 has unconnected port s_axi_awprot[1]
WARNING: [Synth 8-3331] design system_pBlaze_0_1 has unconnected port s_axi_awprot[0]
WARNING: [Synth 8-3331] design system_pBlaze_0_1 has unconnected port s_axi_wstrb[3]
WARNING: [Synth 8-3331] design system_pBlaze_0_1 has unconnected port s_axi_wstrb[2]
WARNING: [Synth 8-3331] design system_pBlaze_0_1 has unconnected port s_axi_wstrb[1]
WARNING: [Synth 8-3331] design system_pBlaze_0_1 has unconnected port s_axi_wstrb[0]
WARNING: [Synth 8-3331] design system_pBlaze_0_1 has unconnected port s_axi_arprot[2]
WARNING: [Synth 8-3331] design system_pBlaze_0_1 has unconnected port s_axi_arprot[1]
WARNING: [Synth 8-3331] design system_pBlaze_0_1 has unconnected port s_axi_arprot[0]
INFO: [Synth 8-3333] propagating constant 0 across sequential element (\U0/pBlaze_v1_0_S_AXI_inst/Proccesor_v1/sel_op_cord_reg[3] )
INFO: [Synth 8-3886] merging instance 'U0/pBlaze_v1_0_S_AXI_inst/Proccesor_v1/rdy_tmp2_reg[2]' (LDC) to 'U0/pBlaze_v1_0_S_AXI_inst/Proccesor_v1/rdy_tmp2_reg[3]'
INFO: [Synth 8-3886] merging instance 'U0/pBlaze_v1_0_S_AXI_inst/Proccesor_v1/rdy_tmp2_reg[1]' (LDC) to 'U0/pBlaze_v1_0_S_AXI_inst/Proccesor_v1/rdy_tmp2_reg[3]'
INFO: [Synth 8-3886] merging instance 'U0/pBlaze_v1_0_S_AXI_inst/Proccesor_v1/rdy_tmp2_reg[0]' (LDC) to 'U0/pBlaze_v1_0_S_AXI_inst/Proccesor_v1/rdy_tmp2_reg[3]'
INFO: [Synth 8-3333] propagating constant 1 across sequential element (\U0/pBlaze_v1_0_S_AXI_inst/aw_en_reg )
INFO: [Synth 8-3886] merging instance 'U0/pBlaze_v1_0_S_AXI_inst/axi_rresp_reg[0]' (FDRE) to 'U0/pBlaze_v1_0_S_AXI_inst/axi_rresp_reg[1]'
INFO: [Synth 8-3333] propagating constant 0 across sequential element (\U0/pBlaze_v1_0_S_AXI_inst/axi_rresp_reg[1] )
INFO: [Synth 8-3886] merging instance 'U0/pBlaze_v1_0_S_AXI_inst/axi_bresp_reg[0]' (FDRE) to 'U0/pBlaze_v1_0_S_AXI_inst/axi_bresp_reg[1]'
INFO: [Synth 8-3333] propagating constant 0 across sequential element (\U0/pBlaze_v1_0_S_AXI_inst/axi_bresp_reg[1] )
INFO: [Synth 8-3333] propagating constant 0 across sequential element (\U0/pBlaze_v1_0_S_AXI_inst/Proccesor_v1/cordic_v1 /\sel_reg[3] )
INFO: [Synth 8-3332] Sequential element (U0/pBlaze_v1_0_S_AXI_inst/Proccesor_v1/kcpsm6_v1/interrupt_ack_flop) is unused and will be removed from module system_pBlaze_0_1.
WARNING: [Synth 8-3332] Sequential element (sel_reg[3]) is unused and will be removed from module cordic.
INFO: [Synth 8-3332] Sequential element (U0/pBlaze_v1_0_S_AXI_inst/Proccesor_v1/sel_op_cord_reg[3]) is unused and will be removed from module system_pBlaze_0_1.
INFO: [Synth 8-3332] Sequential element (U0/pBlaze_v1_0_S_AXI_inst/aw_en_reg) is unused and will be removed from module system_pBlaze_0_1.
INFO: [Synth 8-3332] Sequential element (U0/pBlaze_v1_0_S_AXI_inst/axi_bresp_reg[1]) is unused and will be removed from module system_pBlaze_0_1.
INFO: [Synth 8-3332] Sequential element (U0/pBlaze_v1_0_S_AXI_inst/axi_araddr_reg[2]) is unused and will be removed from module system_pBlaze_0_1.
INFO: [Synth 8-3332] Sequential element (U0/pBlaze_v1_0_S_AXI_inst/axi_araddr_reg[1]) is unused and will be removed from module system_pBlaze_0_1.
INFO: [Synth 8-3332] Sequential element (U0/pBlaze_v1_0_S_AXI_inst/axi_araddr_reg[0]) is unused and will be removed from module system_pBlaze_0_1.
INFO: [Synth 8-3332] Sequential element (U0/pBlaze_v1_0_S_AXI_inst/axi_rresp_reg[1]) is unused and will be removed from module system_pBlaze_0_1.
---------------------------------------------------------------------------------
Finished Cross Boundary and Area Optimization : Time (s): cpu = 00:01:38 ; elapsed = 00:01:51 . Memory (MB): peak = 714.523 ; gain = 444.410
---------------------------------------------------------------------------------

Report RTL Partitions: 
+-+--------------+------------+----------+
| |RTL Partition |Replication |Instances |
+-+--------------+------------+----------+
+-+--------------+------------+----------+
---------------------------------------------------------------------------------
Start Applying XDC Timing Constraints
---------------------------------------------------------------------------------
---------------------------------------------------------------------------------
Finished Applying XDC Timing Constraints : Time (s): cpu = 00:02:35 ; elapsed = 00:02:51 . Memory (MB): peak = 831.883 ; gain = 561.770
---------------------------------------------------------------------------------
---------------------------------------------------------------------------------
Start Timing Optimization
---------------------------------------------------------------------------------
---------------------------------------------------------------------------------
Finished Timing Optimization : Time (s): cpu = 00:02:37 ; elapsed = 00:02:52 . Memory (MB): peak = 834.172 ; gain = 564.059
---------------------------------------------------------------------------------

Report RTL Partitions: 
+-+--------------+------------+----------+
| |RTL Partition |Replication |Instances |
+-+--------------+------------+----------+
+-+--------------+------------+----------+
---------------------------------------------------------------------------------
Start Technology Mapping
---------------------------------------------------------------------------------
---------------------------------------------------------------------------------
Finished Technology Mapping : Time (s): cpu = 00:02:40 ; elapsed = 00:02:56 . Memory (MB): peak = 886.609 ; gain = 616.496
---------------------------------------------------------------------------------

Report RTL Partitions: 
+-+--------------+------------+----------+
| |RTL Partition |Replication |Instances |
+-+--------------+------------+----------+
+-+--------------+------------+----------+
---------------------------------------------------------------------------------
Start IO Insertion
---------------------------------------------------------------------------------
---------------------------------------------------------------------------------
Start Flattening Before IO Insertion
---------------------------------------------------------------------------------
---------------------------------------------------------------------------------
Finished Flattening Before IO Insertion
---------------------------------------------------------------------------------
---------------------------------------------------------------------------------
Start Final Netlist Cleanup
---------------------------------------------------------------------------------
---------------------------------------------------------------------------------
Finished Final Netlist Cleanup
---------------------------------------------------------------------------------
---------------------------------------------------------------------------------
Finished IO Insertion : Time (s): cpu = 00:02:44 ; elapsed = 00:02:59 . Memory (MB): peak = 886.609 ; gain = 616.496
---------------------------------------------------------------------------------

Report Check Netlist: 
+------+------------------+-------+---------+-------+------------------+
|      |Item              |Errors |Warnings |Status |Description       |
+------+------------------+-------+---------+-------+------------------+
|1     |multi_driven_nets |      0|        0|Passed |Multi driven nets |
+------+------------------+-------+---------+-------+------------------+
---------------------------------------------------------------------------------
Start Renaming Generated Instances
---------------------------------------------------------------------------------
---------------------------------------------------------------------------------
Finished Renaming Generated Instances : Time (s): cpu = 00:02:44 ; elapsed = 00:02:59 . Memory (MB): peak = 886.609 ; gain = 616.496
---------------------------------------------------------------------------------

Report RTL Partitions: 
+-+--------------+------------+----------+
| |RTL Partition |Replication |Instances |
+-+--------------+------------+----------+
+-+--------------+------------+----------+
---------------------------------------------------------------------------------
Start Rebuilding User Hierarchy
---------------------------------------------------------------------------------
---------------------------------------------------------------------------------
Finished Rebuilding User Hierarchy : Time (s): cpu = 00:02:44 ; elapsed = 00:03:00 . Memory (MB): peak = 886.609 ; gain = 616.496
---------------------------------------------------------------------------------
---------------------------------------------------------------------------------
Start Renaming Generated Ports
---------------------------------------------------------------------------------
---------------------------------------------------------------------------------
Finished Renaming Generated Ports : Time (s): cpu = 00:02:44 ; elapsed = 00:03:00 . Memory (MB): peak = 886.609 ; gain = 616.496
---------------------------------------------------------------------------------
---------------------------------------------------------------------------------
Start Handling Custom Attributes
---------------------------------------------------------------------------------
---------------------------------------------------------------------------------
Finished Handling Custom Attributes : Time (s): cpu = 00:02:45 ; elapsed = 00:03:01 . Memory (MB): peak = 886.609 ; gain = 616.496
---------------------------------------------------------------------------------
---------------------------------------------------------------------------------
Start Renaming Generated Nets
---------------------------------------------------------------------------------
---------------------------------------------------------------------------------
Finished Renaming Generated Nets : Time (s): cpu = 00:02:45 ; elapsed = 00:03:01 . Memory (MB): peak = 886.609 ; gain = 616.496
---------------------------------------------------------------------------------
---------------------------------------------------------------------------------
Start Writing Synthesis Report
---------------------------------------------------------------------------------

Report BlackBoxes: 
+-+--------------+----------+
| |BlackBox name |Instances |
+-+--------------+----------+
+-+--------------+----------+

Report Cell Usage: 
+------+----------+------+
|      |Cell      |Count |
+------+----------+------+
|1     |CARRY4    |   190|
|2     |DSP48E1   |     2|
|3     |DSP48E1_1 |     2|
|4     |LUT1      |   104|
|5     |LUT2      |   320|
|6     |LUT3      |   150|
|7     |LUT4      |   174|
|8     |LUT5      |   627|
|9     |LUT6      |  1080|
|10    |LUT6_2    |    50|
|11    |MUXCY     |    29|
|12    |MUXF7     |    66|
|13    |RAM32M    |     4|
|14    |RAM64M    |     2|
|15    |XORCY     |    27|
|16    |FD        |    47|
|17    |FDR       |    18|
|18    |FDRE      |   457|
|19    |FDS       |     2|
|20    |FDSE      |    19|
|21    |LD        |   168|
|22    |LDC       |     1|
+------+----------+------+
---------------------------------------------------------------------------------
Finished Writing Synthesis Report : Time (s): cpu = 00:02:45 ; elapsed = 00:03:01 . Memory (MB): peak = 886.609 ; gain = 616.496
---------------------------------------------------------------------------------
Synthesis finished with 0 errors, 0 critical warnings and 26 warnings.
Synthesis Optimization Runtime : Time (s): cpu = 00:01:57 ; elapsed = 00:02:37 . Memory (MB): peak = 886.609 ; gain = 370.457
Synthesis Optimization Complete : Time (s): cpu = 00:02:46 ; elapsed = 00:03:01 . Memory (MB): peak = 886.609 ; gain = 616.496
INFO: [Project 1-571] Translating synthesized netlist
INFO: [Netlist 29-17] Analyzing 542 Unisim elements for replacement
INFO: [Netlist 29-28] Unisim Transformation completed in 1 CPU seconds
INFO: [Project 1-570] Preparing netlist for logic optimization
INFO: [Opt 31-138] Pushed 0 inverter(s) to 0 load pin(s).
INFO: [Project 1-111] Unisim Transformation Summary:
  A total of 302 instances were transformed.
  (MUXCY,XORCY) => CARRY4: 10 instances
  FD => FDRE: 47 instances
  FDR => FDRE: 18 instances
  FDS => FDSE: 2 instances
  LD => LDCE: 168 instances
  LDC => LDCE: 1 instances
  LUT6_2 => LUT6_2 (LUT5, LUT6): 50 instances
  RAM32M => RAM32M (RAMD32, RAMD32, RAMD32, RAMD32, RAMD32, RAMD32, RAMS32, RAMS32): 4 instances
  RAM64M => RAM64M (RAMD64E, RAMD64E, RAMD64E, RAMD64E): 2 instances

170 Infos, 91 Warnings, 0 Critical Warnings and 0 Errors encountered.
synth_design completed successfully
synth_design: Time (s): cpu = 00:02:53 ; elapsed = 00:03:11 . Memory (MB): peak = 886.609 ; gain = 619.484
INFO: [Common 17-1381] The checkpoint 'C:/xup/fpga_flow/TFMV2/TFM_GE/TFM_GE.runs/system_pBlaze_0_1_synth_1/system_pBlaze_0_1.dcp' has been generated.
