
*** Running vivado
    with args -log system_axi_smc_1_0.vds -m64 -product Vivado -mode batch -messageDb vivado.pb -notrace -source system_axi_smc_1_0.tcl


****** Vivado v2017.2 (64-bit)
  **** SW Build 1909853 on Thu Jun 15 18:39:09 MDT 2017
  **** IP Build 1909766 on Thu Jun 15 19:58:00 MDT 2017
    ** Copyright 1986-2017 Xilinx, Inc. All Rights Reserved.

source system_axi_smc_1_0.tcl -notrace
Starting RTL Elaboration : Time (s): cpu = 00:00:10 ; elapsed = 00:00:10 . Memory (MB): peak = 418.285 ; gain = 87.063
INFO: [Synth 8-638] synthesizing module 'system_axi_smc_1_0' [c:/xup/fpga_flow/2016_2_zynq_labs/lab4aes/lab4aes.srcs/sources_1/bd/system/ip/system_axi_smc_1_0/synth/system_axi_smc_1_0.v:57]
INFO: [Synth 8-638] synthesizing module 'bd_2721' [c:/xup/fpga_flow/2016_2_zynq_labs/lab4aes/lab4aes.srcs/sources_1/bd/system/ip/system_axi_smc_1_0/bd_0/hdl/bd_2721.v:13]
INFO: [Synth 8-638] synthesizing module 'clk_map_imp_1TIETCE' [c:/xup/fpga_flow/2016_2_zynq_labs/lab4aes/lab4aes.srcs/sources_1/bd/system/ip/system_axi_smc_1_0/bd_0/hdl/bd_2721.v:1367]
INFO: [Synth 8-638] synthesizing module 'bd_2721_one_1' [c:/xup/fpga_flow/2016_2_zynq_labs/lab4aes/lab4aes.srcs/sources_1/bd/system/ip/system_axi_smc_1_0/bd_0/ip/ip_30/synth/bd_2721_one_1.v:57]
INFO: [Synth 8-638] synthesizing module 'xlconstant_v1_1_3_xlconstant' [c:/xup/fpga_flow/2016_2_zynq_labs/lab4aes/lab4aes.srcs/sources_1/bd/system/ipshared/45df/hdl/xlconstant_v1_1_vl_rfs.v:23]
INFO: [Synth 8-256] done synthesizing module 'xlconstant_v1_1_3_xlconstant' (1#1) [c:/xup/fpga_flow/2016_2_zynq_labs/lab4aes/lab4aes.srcs/sources_1/bd/system/ipshared/45df/hdl/xlconstant_v1_1_vl_rfs.v:23]
INFO: [Synth 8-256] done synthesizing module 'bd_2721_one_1' (2#1) [c:/xup/fpga_flow/2016_2_zynq_labs/lab4aes/lab4aes.srcs/sources_1/bd/system/ip/system_axi_smc_1_0/bd_0/ip/ip_30/synth/bd_2721_one_1.v:57]
INFO: [Synth 8-638] synthesizing module 'bd_2721_psr_aclk_1' [c:/xup/fpga_flow/2016_2_zynq_labs/lab4aes/lab4aes.srcs/sources_1/bd/system/ip/system_axi_smc_1_0/bd_0/ip/ip_31/synth/bd_2721_psr_aclk_1.vhd:74]
INFO: [Synth 8-638] synthesizing module 'proc_sys_reset' [c:/xup/fpga_flow/2016_2_zynq_labs/lab4aes/lab4aes.srcs/sources_1/bd/system/ipshared/5db7/hdl/proc_sys_reset_v5_0_vh_rfs.vhd:1323]
INFO: [Synth 8-638] synthesizing module 'lpf' [c:/xup/fpga_flow/2016_2_zynq_labs/lab4aes/lab4aes.srcs/sources_1/bd/system/ipshared/5db7/hdl/proc_sys_reset_v5_0_vh_rfs.vhd:816]
INFO: [Synth 8-638] synthesizing module 'SRL16' [C:/XilinxVivado/Vivado/2017.2/scripts/rt/data/unisim_comp.v:43657]
INFO: [Synth 8-256] done synthesizing module 'SRL16' (3#1) [C:/XilinxVivado/Vivado/2017.2/scripts/rt/data/unisim_comp.v:43657]
INFO: [Synth 8-638] synthesizing module 'cdc_sync' [c:/xup/fpga_flow/2016_2_zynq_labs/lab4aes/lab4aes.srcs/sources_1/bd/system/ipshared/52cb/hdl/lib_cdc_v1_0_rfs.vhd:106]
INFO: [Synth 8-256] done synthesizing module 'cdc_sync' (4#1) [c:/xup/fpga_flow/2016_2_zynq_labs/lab4aes/lab4aes.srcs/sources_1/bd/system/ipshared/52cb/hdl/lib_cdc_v1_0_rfs.vhd:106]
INFO: [Synth 8-256] done synthesizing module 'lpf' (5#1) [c:/xup/fpga_flow/2016_2_zynq_labs/lab4aes/lab4aes.srcs/sources_1/bd/system/ipshared/5db7/hdl/proc_sys_reset_v5_0_vh_rfs.vhd:816]
INFO: [Synth 8-638] synthesizing module 'sequence_psr' [c:/xup/fpga_flow/2016_2_zynq_labs/lab4aes/lab4aes.srcs/sources_1/bd/system/ipshared/5db7/hdl/proc_sys_reset_v5_0_vh_rfs.vhd:301]
INFO: [Synth 8-638] synthesizing module 'upcnt_n' [c:/xup/fpga_flow/2016_2_zynq_labs/lab4aes/lab4aes.srcs/sources_1/bd/system/ipshared/5db7/hdl/proc_sys_reset_v5_0_vh_rfs.vhd:125]
INFO: [Synth 8-256] done synthesizing module 'upcnt_n' (6#1) [c:/xup/fpga_flow/2016_2_zynq_labs/lab4aes/lab4aes.srcs/sources_1/bd/system/ipshared/5db7/hdl/proc_sys_reset_v5_0_vh_rfs.vhd:125]
INFO: [Synth 8-256] done synthesizing module 'sequence_psr' (7#1) [c:/xup/fpga_flow/2016_2_zynq_labs/lab4aes/lab4aes.srcs/sources_1/bd/system/ipshared/5db7/hdl/proc_sys_reset_v5_0_vh_rfs.vhd:301]
INFO: [Synth 8-256] done synthesizing module 'proc_sys_reset' (8#1) [c:/xup/fpga_flow/2016_2_zynq_labs/lab4aes/lab4aes.srcs/sources_1/bd/system/ipshared/5db7/hdl/proc_sys_reset_v5_0_vh_rfs.vhd:1323]
INFO: [Synth 8-256] done synthesizing module 'bd_2721_psr_aclk_1' (9#1) [c:/xup/fpga_flow/2016_2_zynq_labs/lab4aes/lab4aes.srcs/sources_1/bd/system/ip/system_axi_smc_1_0/bd_0/ip/ip_31/synth/bd_2721_psr_aclk_1.vhd:74]
INFO: [Synth 8-256] done synthesizing module 'clk_map_imp_1TIETCE' (10#1) [c:/xup/fpga_flow/2016_2_zynq_labs/lab4aes/lab4aes.srcs/sources_1/bd/system/ip/system_axi_smc_1_0/bd_0/hdl/bd_2721.v:1367]
INFO: [Synth 8-638] synthesizing module 'm00_exit_pipeline_imp_5QTNF9' [c:/xup/fpga_flow/2016_2_zynq_labs/lab4aes/lab4aes.srcs/sources_1/bd/system/ip/system_axi_smc_1_0/bd_0/hdl/bd_2721.v:1417]
INFO: [Synth 8-638] synthesizing module 'bd_2721_m00e_1' [c:/xup/fpga_flow/2016_2_zynq_labs/lab4aes/lab4aes.srcs/sources_1/bd/system/ip/system_axi_smc_1_0/bd_0/ip/ip_52/synth/bd_2721_m00e_1.sv:58]
INFO: [Synth 8-256] done synthesizing module 'bd_2721_m00e_1' (25#1) [c:/xup/fpga_flow/2016_2_zynq_labs/lab4aes/lab4aes.srcs/sources_1/bd/system/ip/system_axi_smc_1_0/bd_0/ip/ip_52/synth/bd_2721_m00e_1.sv:58]
INFO: [Synth 8-256] done synthesizing module 'm00_exit_pipeline_imp_5QTNF9' (26#1) [c:/xup/fpga_flow/2016_2_zynq_labs/lab4aes/lab4aes.srcs/sources_1/bd/system/ip/system_axi_smc_1_0/bd_0/hdl/bd_2721.v:1417]
INFO: [Synth 8-638] synthesizing module 'm00_nodes_imp_J0APRT' [c:/xup/fpga_flow/2016_2_zynq_labs/lab4aes/lab4aes.srcs/sources_1/bd/system/ip/system_axi_smc_1_0/bd_0/hdl/bd_2721.v:1788]
INFO: [Synth 8-638] synthesizing module 'bd_2721_m00arn_1' [c:/xup/fpga_flow/2016_2_zynq_labs/lab4aes/lab4aes.srcs/sources_1/bd/system/ip/system_axi_smc_1_0/bd_0/ip/ip_47/synth/bd_2721_m00arn_1.sv:58]
INFO: [Synth 8-638] synthesizing module 'xpm_memory_base' [C:/XilinxVivado/Vivado/2017.2/data/ip/xpm/xpm_memory/hdl/xpm_memory.sv:58]
INFO: [Synth 8-256] done synthesizing module 'xpm_memory_base' (30#1) [C:/XilinxVivado/Vivado/2017.2/data/ip/xpm/xpm_memory/hdl/xpm_memory.sv:58]
INFO: [Synth 8-638] synthesizing module 'xpm_memory_base__parameterized0' [C:/XilinxVivado/Vivado/2017.2/data/ip/xpm/xpm_memory/hdl/xpm_memory.sv:58]
INFO: [Synth 8-256] done synthesizing module 'xpm_memory_base__parameterized0' (34#1) [C:/XilinxVivado/Vivado/2017.2/data/ip/xpm/xpm_memory/hdl/xpm_memory.sv:58]
INFO: [Synth 8-256] done synthesizing module 'bd_2721_m00arn_1' (40#1) [c:/xup/fpga_flow/2016_2_zynq_labs/lab4aes/lab4aes.srcs/sources_1/bd/system/ip/system_axi_smc_1_0/bd_0/ip/ip_47/synth/bd_2721_m00arn_1.sv:58]
INFO: [Synth 8-638] synthesizing module 'bd_2721_m00awn_1' [c:/xup/fpga_flow/2016_2_zynq_labs/lab4aes/lab4aes.srcs/sources_1/bd/system/ip/system_axi_smc_1_0/bd_0/ip/ip_49/synth/bd_2721_m00awn_1.sv:58]
INFO: [Synth 8-256] done synthesizing module 'bd_2721_m00awn_1' (41#1) [c:/xup/fpga_flow/2016_2_zynq_labs/lab4aes/lab4aes.srcs/sources_1/bd/system/ip/system_axi_smc_1_0/bd_0/ip/ip_49/synth/bd_2721_m00awn_1.sv:58]
INFO: [Synth 8-638] synthesizing module 'bd_2721_m00bn_1' [c:/xup/fpga_flow/2016_2_zynq_labs/lab4aes/lab4aes.srcs/sources_1/bd/system/ip/system_axi_smc_1_0/bd_0/ip/ip_51/synth/bd_2721_m00bn_1.sv:58]
INFO: [Synth 8-638] synthesizing module 'xpm_memory_base__parameterized1' [C:/XilinxVivado/Vivado/2017.2/data/ip/xpm/xpm_memory/hdl/xpm_memory.sv:58]
INFO: [Synth 8-256] done synthesizing module 'xpm_memory_base__parameterized1' (41#1) [C:/XilinxVivado/Vivado/2017.2/data/ip/xpm/xpm_memory/hdl/xpm_memory.sv:58]
INFO: [Synth 8-638] synthesizing module 'xpm_memory_base__parameterized2' [C:/XilinxVivado/Vivado/2017.2/data/ip/xpm/xpm_memory/hdl/xpm_memory.sv:58]
INFO: [Synth 8-256] done synthesizing module 'xpm_memory_base__parameterized2' (41#1) [C:/XilinxVivado/Vivado/2017.2/data/ip/xpm/xpm_memory/hdl/xpm_memory.sv:58]
INFO: [Synth 8-256] done synthesizing module 'bd_2721_m00bn_1' (42#1) [c:/xup/fpga_flow/2016_2_zynq_labs/lab4aes/lab4aes.srcs/sources_1/bd/system/ip/system_axi_smc_1_0/bd_0/ip/ip_51/synth/bd_2721_m00bn_1.sv:58]
INFO: [Synth 8-638] synthesizing module 'bd_2721_m00rn_1' [c:/xup/fpga_flow/2016_2_zynq_labs/lab4aes/lab4aes.srcs/sources_1/bd/system/ip/system_axi_smc_1_0/bd_0/ip/ip_48/synth/bd_2721_m00rn_1.sv:58]
INFO: [Synth 8-638] synthesizing module 'xpm_memory_base__parameterized3' [C:/XilinxVivado/Vivado/2017.2/data/ip/xpm/xpm_memory/hdl/xpm_memory.sv:58]
INFO: [Synth 8-256] done synthesizing module 'xpm_memory_base__parameterized3' (42#1) [C:/XilinxVivado/Vivado/2017.2/data/ip/xpm/xpm_memory/hdl/xpm_memory.sv:58]
INFO: [Synth 8-256] done synthesizing module 'bd_2721_m00rn_1' (43#1) [c:/xup/fpga_flow/2016_2_zynq_labs/lab4aes/lab4aes.srcs/sources_1/bd/system/ip/system_axi_smc_1_0/bd_0/ip/ip_48/synth/bd_2721_m00rn_1.sv:58]
INFO: [Synth 8-638] synthesizing module 'bd_2721_m00wn_1' [c:/xup/fpga_flow/2016_2_zynq_labs/lab4aes/lab4aes.srcs/sources_1/bd/system/ip/system_axi_smc_1_0/bd_0/ip/ip_50/synth/bd_2721_m00wn_1.sv:58]
INFO: [Synth 8-638] synthesizing module 'xpm_memory_base__parameterized4' [C:/XilinxVivado/Vivado/2017.2/data/ip/xpm/xpm_memory/hdl/xpm_memory.sv:58]
INFO: [Synth 8-256] done synthesizing module 'xpm_memory_base__parameterized4' (43#1) [C:/XilinxVivado/Vivado/2017.2/data/ip/xpm/xpm_memory/hdl/xpm_memory.sv:58]
INFO: [Synth 8-256] done synthesizing module 'bd_2721_m00wn_1' (44#1) [c:/xup/fpga_flow/2016_2_zynq_labs/lab4aes/lab4aes.srcs/sources_1/bd/system/ip/system_axi_smc_1_0/bd_0/ip/ip_50/synth/bd_2721_m00wn_1.sv:58]
INFO: [Synth 8-256] done synthesizing module 'm00_nodes_imp_J0APRT' (45#1) [c:/xup/fpga_flow/2016_2_zynq_labs/lab4aes/lab4aes.srcs/sources_1/bd/system/ip/system_axi_smc_1_0/bd_0/hdl/bd_2721.v:1788]
INFO: [Synth 8-638] synthesizing module 'bd_2721_m00s2a_1' [c:/xup/fpga_flow/2016_2_zynq_labs/lab4aes/lab4aes.srcs/sources_1/bd/system/ip/system_axi_smc_1_0/bd_0/ip/ip_46/synth/bd_2721_m00s2a_1.sv:58]
INFO: [Synth 8-256] done synthesizing module 'bd_2721_m00s2a_1' (47#1) [c:/xup/fpga_flow/2016_2_zynq_labs/lab4aes/lab4aes.srcs/sources_1/bd/system/ip/system_axi_smc_1_0/bd_0/ip/ip_46/synth/bd_2721_m00s2a_1.sv:58]
INFO: [Synth 8-638] synthesizing module 'm01_exit_pipeline_imp_103191' [c:/xup/fpga_flow/2016_2_zynq_labs/lab4aes/lab4aes.srcs/sources_1/bd/system/ip/system_axi_smc_1_0/bd_0/hdl/bd_2721.v:2084]
INFO: [Synth 8-638] synthesizing module 'bd_2721_m01e_1' [c:/xup/fpga_flow/2016_2_zynq_labs/lab4aes/lab4aes.srcs/sources_1/bd/system/ip/system_axi_smc_1_0/bd_0/ip/ip_59/synth/bd_2721_m01e_1.sv:58]
INFO: [Synth 8-256] done synthesizing module 'bd_2721_m01e_1' (48#1) [c:/xup/fpga_flow/2016_2_zynq_labs/lab4aes/lab4aes.srcs/sources_1/bd/system/ip/system_axi_smc_1_0/bd_0/ip/ip_59/synth/bd_2721_m01e_1.sv:58]
INFO: [Synth 8-256] done synthesizing module 'm01_exit_pipeline_imp_103191' (49#1) [c:/xup/fpga_flow/2016_2_zynq_labs/lab4aes/lab4aes.srcs/sources_1/bd/system/ip/system_axi_smc_1_0/bd_0/hdl/bd_2721.v:2084]
INFO: [Synth 8-638] synthesizing module 'm01_nodes_imp_1OD3LOV' [c:/xup/fpga_flow/2016_2_zynq_labs/lab4aes/lab4aes.srcs/sources_1/bd/system/ip/system_axi_smc_1_0/bd_0/hdl/bd_2721.v:2455]
INFO: [Synth 8-638] synthesizing module 'bd_2721_m01arn_1' [c:/xup/fpga_flow/2016_2_zynq_labs/lab4aes/lab4aes.srcs/sources_1/bd/system/ip/system_axi_smc_1_0/bd_0/ip/ip_54/synth/bd_2721_m01arn_1.sv:58]
INFO: [Synth 8-256] done synthesizing module 'bd_2721_m01arn_1' (50#1) [c:/xup/fpga_flow/2016_2_zynq_labs/lab4aes/lab4aes.srcs/sources_1/bd/system/ip/system_axi_smc_1_0/bd_0/ip/ip_54/synth/bd_2721_m01arn_1.sv:58]
INFO: [Synth 8-638] synthesizing module 'bd_2721_m01awn_1' [c:/xup/fpga_flow/2016_2_zynq_labs/lab4aes/lab4aes.srcs/sources_1/bd/system/ip/system_axi_smc_1_0/bd_0/ip/ip_56/synth/bd_2721_m01awn_1.sv:58]
INFO: [Synth 8-256] done synthesizing module 'bd_2721_m01awn_1' (51#1) [c:/xup/fpga_flow/2016_2_zynq_labs/lab4aes/lab4aes.srcs/sources_1/bd/system/ip/system_axi_smc_1_0/bd_0/ip/ip_56/synth/bd_2721_m01awn_1.sv:58]
INFO: [Synth 8-638] synthesizing module 'bd_2721_m01bn_1' [c:/xup/fpga_flow/2016_2_zynq_labs/lab4aes/lab4aes.srcs/sources_1/bd/system/ip/system_axi_smc_1_0/bd_0/ip/ip_58/synth/bd_2721_m01bn_1.sv:58]
INFO: [Synth 8-256] done synthesizing module 'bd_2721_m01bn_1' (52#1) [c:/xup/fpga_flow/2016_2_zynq_labs/lab4aes/lab4aes.srcs/sources_1/bd/system/ip/system_axi_smc_1_0/bd_0/ip/ip_58/synth/bd_2721_m01bn_1.sv:58]
INFO: [Synth 8-638] synthesizing module 'bd_2721_m01rn_1' [c:/xup/fpga_flow/2016_2_zynq_labs/lab4aes/lab4aes.srcs/sources_1/bd/system/ip/system_axi_smc_1_0/bd_0/ip/ip_55/synth/bd_2721_m01rn_1.sv:58]
INFO: [Synth 8-256] done synthesizing module 'bd_2721_m01rn_1' (53#1) [c:/xup/fpga_flow/2016_2_zynq_labs/lab4aes/lab4aes.srcs/sources_1/bd/system/ip/system_axi_smc_1_0/bd_0/ip/ip_55/synth/bd_2721_m01rn_1.sv:58]
INFO: [Synth 8-638] synthesizing module 'bd_2721_m01wn_1' [c:/xup/fpga_flow/2016_2_zynq_labs/lab4aes/lab4aes.srcs/sources_1/bd/system/ip/system_axi_smc_1_0/bd_0/ip/ip_57/synth/bd_2721_m01wn_1.sv:58]
INFO: [Synth 8-256] done synthesizing module 'bd_2721_m01wn_1' (54#1) [c:/xup/fpga_flow/2016_2_zynq_labs/lab4aes/lab4aes.srcs/sources_1/bd/system/ip/system_axi_smc_1_0/bd_0/ip/ip_57/synth/bd_2721_m01wn_1.sv:58]
INFO: [Synth 8-256] done synthesizing module 'm01_nodes_imp_1OD3LOV' (55#1) [c:/xup/fpga_flow/2016_2_zynq_labs/lab4aes/lab4aes.srcs/sources_1/bd/system/ip/system_axi_smc_1_0/bd_0/hdl/bd_2721.v:2455]
INFO: [Synth 8-638] synthesizing module 'bd_2721_m01s2a_1' [c:/xup/fpga_flow/2016_2_zynq_labs/lab4aes/lab4aes.srcs/sources_1/bd/system/ip/system_axi_smc_1_0/bd_0/ip/ip_53/synth/bd_2721_m01s2a_1.sv:58]
INFO: [Synth 8-256] done synthesizing module 'bd_2721_m01s2a_1' (56#1) [c:/xup/fpga_flow/2016_2_zynq_labs/lab4aes/lab4aes.srcs/sources_1/bd/system/ip/system_axi_smc_1_0/bd_0/ip/ip_53/synth/bd_2721_m01s2a_1.sv:58]
INFO: [Synth 8-638] synthesizing module 'bd_2721_s00a2s_1' [c:/xup/fpga_flow/2016_2_zynq_labs/lab4aes/lab4aes.srcs/sources_1/bd/system/ip/system_axi_smc_1_0/bd_0/ip/ip_40/synth/bd_2721_s00a2s_1.sv:58]
INFO: [Synth 8-256] done synthesizing module 'bd_2721_s00a2s_1' (58#1) [c:/xup/fpga_flow/2016_2_zynq_labs/lab4aes/lab4aes.srcs/sources_1/bd/system/ip/system_axi_smc_1_0/bd_0/ip/ip_40/synth/bd_2721_s00a2s_1.sv:58]
INFO: [Synth 8-638] synthesizing module 's00_entry_pipeline_imp_162FMJA' [c:/xup/fpga_flow/2016_2_zynq_labs/lab4aes/lab4aes.srcs/sources_1/bd/system/ip/system_axi_smc_1_0/bd_0/hdl/bd_2721.v:2751]
INFO: [Synth 8-638] synthesizing module 'bd_2721_s00mmu_1' [c:/xup/fpga_flow/2016_2_zynq_labs/lab4aes/lab4aes.srcs/sources_1/bd/system/ip/system_axi_smc_1_0/bd_0/ip/ip_37/synth/bd_2721_s00mmu_1.sv:58]
INFO: [Synth 8-256] done synthesizing module 'bd_2721_s00mmu_1' (62#1) [c:/xup/fpga_flow/2016_2_zynq_labs/lab4aes/lab4aes.srcs/sources_1/bd/system/ip/system_axi_smc_1_0/bd_0/ip/ip_37/synth/bd_2721_s00mmu_1.sv:58]
INFO: [Synth 8-638] synthesizing module 'bd_2721_s00sic_1' [c:/xup/fpga_flow/2016_2_zynq_labs/lab4aes/lab4aes.srcs/sources_1/bd/system/ip/system_axi_smc_1_0/bd_0/ip/ip_39/synth/bd_2721_s00sic_1.sv:58]
INFO: [Synth 8-256] done synthesizing module 'bd_2721_s00sic_1' (65#1) [c:/xup/fpga_flow/2016_2_zynq_labs/lab4aes/lab4aes.srcs/sources_1/bd/system/ip/system_axi_smc_1_0/bd_0/ip/ip_39/synth/bd_2721_s00sic_1.sv:58]
INFO: [Synth 8-638] synthesizing module 'bd_2721_s00tr_1' [c:/xup/fpga_flow/2016_2_zynq_labs/lab4aes/lab4aes.srcs/sources_1/bd/system/ip/system_axi_smc_1_0/bd_0/ip/ip_38/synth/bd_2721_s00tr_1.sv:58]
INFO: [Synth 8-256] done synthesizing module 'bd_2721_s00tr_1' (68#1) [c:/xup/fpga_flow/2016_2_zynq_labs/lab4aes/lab4aes.srcs/sources_1/bd/system/ip/system_axi_smc_1_0/bd_0/ip/ip_38/synth/bd_2721_s00tr_1.sv:58]
INFO: [Synth 8-256] done synthesizing module 's00_entry_pipeline_imp_162FMJA' (69#1) [c:/xup/fpga_flow/2016_2_zynq_labs/lab4aes/lab4aes.srcs/sources_1/bd/system/ip/system_axi_smc_1_0/bd_0/hdl/bd_2721.v:2751]
INFO: [Synth 8-638] synthesizing module 's00_nodes_imp_103XT58' [c:/xup/fpga_flow/2016_2_zynq_labs/lab4aes/lab4aes.srcs/sources_1/bd/system/ip/system_axi_smc_1_0/bd_0/hdl/bd_2721.v:3356]
INFO: [Synth 8-638] synthesizing module 'bd_2721_sarn_1' [c:/xup/fpga_flow/2016_2_zynq_labs/lab4aes/lab4aes.srcs/sources_1/bd/system/ip/system_axi_smc_1_0/bd_0/ip/ip_41/synth/bd_2721_sarn_1.sv:58]
INFO: [Synth 8-638] synthesizing module 'xpm_memory_base__parameterized5' [C:/XilinxVivado/Vivado/2017.2/data/ip/xpm/xpm_memory/hdl/xpm_memory.sv:58]
INFO: [Synth 8-256] done synthesizing module 'xpm_memory_base__parameterized5' (69#1) [C:/XilinxVivado/Vivado/2017.2/data/ip/xpm/xpm_memory/hdl/xpm_memory.sv:58]
INFO: [Synth 8-638] synthesizing module 'xpm_memory_base__parameterized6' [C:/XilinxVivado/Vivado/2017.2/data/ip/xpm/xpm_memory/hdl/xpm_memory.sv:58]
INFO: [Synth 8-256] done synthesizing module 'xpm_memory_base__parameterized6' (69#1) [C:/XilinxVivado/Vivado/2017.2/data/ip/xpm/xpm_memory/hdl/xpm_memory.sv:58]
INFO: [Synth 8-256] done synthesizing module 'bd_2721_sarn_1' (70#1) [c:/xup/fpga_flow/2016_2_zynq_labs/lab4aes/lab4aes.srcs/sources_1/bd/system/ip/system_axi_smc_1_0/bd_0/ip/ip_41/synth/bd_2721_sarn_1.sv:58]
INFO: [Synth 8-638] synthesizing module 'bd_2721_sawn_1' [c:/xup/fpga_flow/2016_2_zynq_labs/lab4aes/lab4aes.srcs/sources_1/bd/system/ip/system_axi_smc_1_0/bd_0/ip/ip_43/synth/bd_2721_sawn_1.sv:58]
INFO: [Synth 8-256] done synthesizing module 'bd_2721_sawn_1' (71#1) [c:/xup/fpga_flow/2016_2_zynq_labs/lab4aes/lab4aes.srcs/sources_1/bd/system/ip/system_axi_smc_1_0/bd_0/ip/ip_43/synth/bd_2721_sawn_1.sv:58]
INFO: [Synth 8-638] synthesizing module 'bd_2721_sbn_1' [c:/xup/fpga_flow/2016_2_zynq_labs/lab4aes/lab4aes.srcs/sources_1/bd/system/ip/system_axi_smc_1_0/bd_0/ip/ip_45/synth/bd_2721_sbn_1.sv:58]
INFO: [Synth 8-638] synthesizing module 'xpm_memory_base__parameterized7' [C:/XilinxVivado/Vivado/2017.2/data/ip/xpm/xpm_memory/hdl/xpm_memory.sv:58]
INFO: [Synth 8-256] done synthesizing module 'xpm_memory_base__parameterized7' (72#1) [C:/XilinxVivado/Vivado/2017.2/data/ip/xpm/xpm_memory/hdl/xpm_memory.sv:58]
INFO: [Synth 8-256] done synthesizing module 'bd_2721_sbn_1' (73#1) [c:/xup/fpga_flow/2016_2_zynq_labs/lab4aes/lab4aes.srcs/sources_1/bd/system/ip/system_axi_smc_1_0/bd_0/ip/ip_45/synth/bd_2721_sbn_1.sv:58]
INFO: [Synth 8-638] synthesizing module 'bd_2721_srn_1' [c:/xup/fpga_flow/2016_2_zynq_labs/lab4aes/lab4aes.srcs/sources_1/bd/system/ip/system_axi_smc_1_0/bd_0/ip/ip_42/synth/bd_2721_srn_1.sv:58]
INFO: [Synth 8-638] synthesizing module 'xpm_memory_base__parameterized8' [C:/XilinxVivado/Vivado/2017.2/data/ip/xpm/xpm_memory/hdl/xpm_memory.sv:58]
INFO: [Synth 8-256] done synthesizing module 'xpm_memory_base__parameterized8' (73#1) [C:/XilinxVivado/Vivado/2017.2/data/ip/xpm/xpm_memory/hdl/xpm_memory.sv:58]
INFO: [Synth 8-256] done synthesizing module 'bd_2721_srn_1' (74#1) [c:/xup/fpga_flow/2016_2_zynq_labs/lab4aes/lab4aes.srcs/sources_1/bd/system/ip/system_axi_smc_1_0/bd_0/ip/ip_42/synth/bd_2721_srn_1.sv:58]
INFO: [Synth 8-638] synthesizing module 'bd_2721_swn_1' [c:/xup/fpga_flow/2016_2_zynq_labs/lab4aes/lab4aes.srcs/sources_1/bd/system/ip/system_axi_smc_1_0/bd_0/ip/ip_44/synth/bd_2721_swn_1.sv:58]
INFO: [Synth 8-638] synthesizing module 'xpm_memory_base__parameterized9' [C:/XilinxVivado/Vivado/2017.2/data/ip/xpm/xpm_memory/hdl/xpm_memory.sv:58]
INFO: [Synth 8-256] done synthesizing module 'xpm_memory_base__parameterized9' (74#1) [C:/XilinxVivado/Vivado/2017.2/data/ip/xpm/xpm_memory/hdl/xpm_memory.sv:58]
INFO: [Synth 8-256] done synthesizing module 'bd_2721_swn_1' (75#1) [c:/xup/fpga_flow/2016_2_zynq_labs/lab4aes/lab4aes.srcs/sources_1/bd/system/ip/system_axi_smc_1_0/bd_0/ip/ip_44/synth/bd_2721_swn_1.sv:58]
INFO: [Synth 8-256] done synthesizing module 's00_nodes_imp_103XT58' (76#1) [c:/xup/fpga_flow/2016_2_zynq_labs/lab4aes/lab4aes.srcs/sources_1/bd/system/ip/system_axi_smc_1_0/bd_0/hdl/bd_2721.v:3356]
INFO: [Synth 8-638] synthesizing module 'switchboards_imp_1SVMJ88' [c:/xup/fpga_flow/2016_2_zynq_labs/lab4aes/lab4aes.srcs/sources_1/bd/system/ip/system_axi_smc_1_0/bd_0/hdl/bd_2721.v:3652]
INFO: [Synth 8-638] synthesizing module 'bd_2721_arsw_1' [c:/xup/fpga_flow/2016_2_zynq_labs/lab4aes/lab4aes.srcs/sources_1/bd/system/ip/system_axi_smc_1_0/bd_0/ip/ip_32/synth/bd_2721_arsw_1.sv:57]
INFO: [Synth 8-256] done synthesizing module 'bd_2721_arsw_1' (79#1) [c:/xup/fpga_flow/2016_2_zynq_labs/lab4aes/lab4aes.srcs/sources_1/bd/system/ip/system_axi_smc_1_0/bd_0/ip/ip_32/synth/bd_2721_arsw_1.sv:57]
INFO: [Synth 8-638] synthesizing module 'bd_2721_awsw_1' [c:/xup/fpga_flow/2016_2_zynq_labs/lab4aes/lab4aes.srcs/sources_1/bd/system/ip/system_axi_smc_1_0/bd_0/ip/ip_34/synth/bd_2721_awsw_1.sv:57]
INFO: [Synth 8-256] done synthesizing module 'bd_2721_awsw_1' (80#1) [c:/xup/fpga_flow/2016_2_zynq_labs/lab4aes/lab4aes.srcs/sources_1/bd/system/ip/system_axi_smc_1_0/bd_0/ip/ip_34/synth/bd_2721_awsw_1.sv:57]
INFO: [Synth 8-638] synthesizing module 'bd_2721_bsw_1' [c:/xup/fpga_flow/2016_2_zynq_labs/lab4aes/lab4aes.srcs/sources_1/bd/system/ip/system_axi_smc_1_0/bd_0/ip/ip_36/synth/bd_2721_bsw_1.sv:57]
INFO: [Synth 8-256] done synthesizing module 'bd_2721_bsw_1' (81#1) [c:/xup/fpga_flow/2016_2_zynq_labs/lab4aes/lab4aes.srcs/sources_1/bd/system/ip/system_axi_smc_1_0/bd_0/ip/ip_36/synth/bd_2721_bsw_1.sv:57]
INFO: [Synth 8-638] synthesizing module 'bd_2721_rsw_1' [c:/xup/fpga_flow/2016_2_zynq_labs/lab4aes/lab4aes.srcs/sources_1/bd/system/ip/system_axi_smc_1_0/bd_0/ip/ip_33/synth/bd_2721_rsw_1.sv:57]
INFO: [Synth 8-256] done synthesizing module 'bd_2721_rsw_1' (82#1) [c:/xup/fpga_flow/2016_2_zynq_labs/lab4aes/lab4aes.srcs/sources_1/bd/system/ip/system_axi_smc_1_0/bd_0/ip/ip_33/synth/bd_2721_rsw_1.sv:57]
INFO: [Synth 8-638] synthesizing module 'bd_2721_wsw_1' [c:/xup/fpga_flow/2016_2_zynq_labs/lab4aes/lab4aes.srcs/sources_1/bd/system/ip/system_axi_smc_1_0/bd_0/ip/ip_35/synth/bd_2721_wsw_1.sv:57]
INFO: [Synth 8-256] done synthesizing module 'bd_2721_wsw_1' (83#1) [c:/xup/fpga_flow/2016_2_zynq_labs/lab4aes/lab4aes.srcs/sources_1/bd/system/ip/system_axi_smc_1_0/bd_0/ip/ip_35/synth/bd_2721_wsw_1.sv:57]
INFO: [Synth 8-256] done synthesizing module 'switchboards_imp_1SVMJ88' (84#1) [c:/xup/fpga_flow/2016_2_zynq_labs/lab4aes/lab4aes.srcs/sources_1/bd/system/ip/system_axi_smc_1_0/bd_0/hdl/bd_2721.v:3652]
INFO: [Synth 8-256] done synthesizing module 'bd_2721' (85#1) [c:/xup/fpga_flow/2016_2_zynq_labs/lab4aes/lab4aes.srcs/sources_1/bd/system/ip/system_axi_smc_1_0/bd_0/hdl/bd_2721.v:13]
INFO: [Synth 8-256] done synthesizing module 'system_axi_smc_1_0' (86#1) [c:/xup/fpga_flow/2016_2_zynq_labs/lab4aes/lab4aes.srcs/sources_1/bd/system/ip/system_axi_smc_1_0/synth/system_axi_smc_1_0.v:57]
Finished RTL Elaboration : Time (s): cpu = 00:00:37 ; elapsed = 00:00:38 . Memory (MB): peak = 567.578 ; gain = 236.355
Finished RTL Optimization Phase 1 : Time (s): cpu = 00:00:40 ; elapsed = 00:00:41 . Memory (MB): peak = 567.578 ; gain = 236.355
INFO: [Device 21-403] Loading part xc7z010clg400-1
Constraint Validation Runtime : Time (s): cpu = 00:00:06 ; elapsed = 00:00:03 . Memory (MB): peak = 1285.699 ; gain = 53.102
Finished Constraint Validation : Time (s): cpu = 00:02:15 ; elapsed = 00:02:13 . Memory (MB): peak = 1285.699 ; gain = 954.477
Finished Loading Part and Timing Information : Time (s): cpu = 00:02:15 ; elapsed = 00:02:13 . Memory (MB): peak = 1285.699 ; gain = 954.477
Finished applying 'set_property' XDC Constraints : Time (s): cpu = 00:02:15 ; elapsed = 00:02:13 . Memory (MB): peak = 1285.699 ; gain = 954.477
Finished RTL Optimization Phase 2 : Time (s): cpu = 00:02:26 ; elapsed = 00:02:25 . Memory (MB): peak = 1285.699 ; gain = 954.477
Finished Cross Boundary and Area Optimization : Time (s): cpu = 00:03:36 ; elapsed = 00:03:42 . Memory (MB): peak = 1285.699 ; gain = 954.477
---------------------------------------------------------------------------------
Start ROM, RAM, DSP and Shift Register Reporting
---------------------------------------------------------------------------------

Distributed RAM: Preliminary Mapping  Report (see note below)
+----------------------------------------------------------------------------------------------------------------------------------------------------------------------------+----------------------------------+----------------+----------------------+----------------+
|Module Name                                                                                                                                                                 | RTL Object                       | Inference      | Size (Depth x Width) | Primitives     | 
+----------------------------------------------------------------------------------------------------------------------------------------------------------------------------+----------------------------------+----------------+----------------------+----------------+
|inst/i_0/\m00_nodes/m00_ar_node/inst /\inst_mi_handler/gen_normal_area.gen_node_prog_full.inst_node_prog_full/gen_xpm_memory_fifo.inst_fifo/gen_mem_rep[0].inst_xpm_memory  | gen_wr_a.gen_word_narrow.mem_reg | User Attribute | 32 x 1               | RAM32X1D x 1   | 
|inst/i_0/\m00_nodes/m00_ar_node/inst /\inst_mi_handler/gen_normal_area.inst_fifo_node_payld/gen_xpm_memory_fifo.inst_fifo/gen_mem_rep[0].inst_xpm_memory                    | gen_wr_a.gen_word_narrow.mem_reg | User Attribute | 32 x 159             | RAM32M x 27    | 
|inst/i_0/\m00_nodes/m00_aw_node/inst /\inst_mi_handler/gen_normal_area.gen_node_prog_full.inst_node_prog_full/gen_xpm_memory_fifo.inst_fifo/gen_mem_rep[0].inst_xpm_memory  | gen_wr_a.gen_word_narrow.mem_reg | User Attribute | 32 x 1               | RAM32X1D x 1   | 
|inst/i_0/\m00_nodes/m00_aw_node/inst /\inst_mi_handler/gen_normal_area.inst_fifo_node_payld/gen_xpm_memory_fifo.inst_fifo/gen_mem_rep[0].inst_xpm_memory                    | gen_wr_a.gen_word_narrow.mem_reg | User Attribute | 32 x 159             | RAM32M x 27    | 
|inst/i_0/\m00_nodes/m00_b_node/inst /\inst_mi_handler/gen_normal_area.gen_fifo_req.inst_fifo_req/gen_xpm_memory_fifo.inst_fifo/gen_mem_rep[0].inst_xpm_memory               | gen_wr_a.gen_word_narrow.mem_reg | User Attribute | 32 x 18              | RAM32M x 3     | 
|inst/i_0/\m00_nodes/m00_b_node/inst /\inst_mi_handler/gen_normal_area.inst_fifo_node_payld/gen_xpm_memory_fifo.inst_fifo/gen_mem_rep[0].inst_xpm_memory                     | gen_wr_a.gen_word_narrow.mem_reg | User Attribute | 32 x 6               | RAM32M x 1     | 
|inst/i_0/\m00_nodes/m00_r_node/inst /\inst_mi_handler/gen_normal_area.gen_fifo_req.inst_fifo_req/gen_xpm_memory_fifo.inst_fifo/gen_mem_rep[0].inst_xpm_memory               | gen_wr_a.gen_word_narrow.mem_reg | User Attribute | 32 x 18              | RAM32M x 3     | 
|inst/i_0/\m00_nodes/m00_r_node/inst /\inst_mi_handler/gen_normal_area.inst_fifo_node_payld/gen_xpm_memory_fifo.inst_fifo/gen_mem_rep[0].inst_xpm_memory                     | gen_wr_a.gen_word_narrow.mem_reg | User Attribute | 32 x 84              | RAM32M x 14    | 
|inst/i_0/\m00_nodes/m00_w_node/inst /\inst_mi_handler/gen_normal_area.gen_node_prog_full.inst_node_prog_full/gen_xpm_memory_fifo.inst_fifo/gen_mem_rep[0].inst_xpm_memory   | gen_wr_a.gen_word_narrow.mem_reg | User Attribute | 32 x 1               | RAM32X1D x 1   | 
|inst/i_0/\m00_nodes/m00_w_node/inst /\inst_mi_handler/gen_normal_area.inst_fifo_node_payld/gen_xpm_memory_fifo.inst_fifo/gen_mem_rep[0].inst_xpm_memory                     | gen_wr_a.gen_word_narrow.mem_reg | User Attribute | 32 x 107             | RAM32M x 18    | 
|inst/i_0/\m01_nodes/m01_ar_node/inst /\inst_mi_handler/gen_normal_area.gen_node_prog_full.inst_node_prog_full/gen_xpm_memory_fifo.inst_fifo/gen_mem_rep[0].inst_xpm_memory  | gen_wr_a.gen_word_narrow.mem_reg | User Attribute | 32 x 1               | RAM32X1D x 1   | 
|inst/i_0/\m01_nodes/m01_ar_node/inst /\inst_mi_handler/gen_normal_area.inst_fifo_node_payld/gen_xpm_memory_fifo.inst_fifo/gen_mem_rep[0].inst_xpm_memory                    | gen_wr_a.gen_word_narrow.mem_reg | User Attribute | 32 x 159             | RAM32M x 27    | 
|inst/i_0/\m01_nodes/m01_aw_node/inst /\inst_mi_handler/gen_normal_area.gen_node_prog_full.inst_node_prog_full/gen_xpm_memory_fifo.inst_fifo/gen_mem_rep[0].inst_xpm_memory  | gen_wr_a.gen_word_narrow.mem_reg | User Attribute | 32 x 1               | RAM32X1D x 1   | 
|inst/i_0/\m01_nodes/m01_aw_node/inst /\inst_mi_handler/gen_normal_area.inst_fifo_node_payld/gen_xpm_memory_fifo.inst_fifo/gen_mem_rep[0].inst_xpm_memory                    | gen_wr_a.gen_word_narrow.mem_reg | User Attribute | 32 x 159             | RAM32M x 27    | 
|inst/i_0/\m01_nodes/m01_b_node/inst /\inst_mi_handler/gen_normal_area.gen_fifo_req.inst_fifo_req/gen_xpm_memory_fifo.inst_fifo/gen_mem_rep[0].inst_xpm_memory               | gen_wr_a.gen_word_narrow.mem_reg | User Attribute | 32 x 18              | RAM32M x 3     | 
|inst/i_0/\m01_nodes/m01_b_node/inst /\inst_mi_handler/gen_normal_area.inst_fifo_node_payld/gen_xpm_memory_fifo.inst_fifo/gen_mem_rep[0].inst_xpm_memory                     | gen_wr_a.gen_word_narrow.mem_reg | User Attribute | 32 x 6               | RAM32M x 1     | 
|inst/i_0/\m01_nodes/m01_r_node/inst /\inst_mi_handler/gen_normal_area.gen_fifo_req.inst_fifo_req/gen_xpm_memory_fifo.inst_fifo/gen_mem_rep[0].inst_xpm_memory               | gen_wr_a.gen_word_narrow.mem_reg | User Attribute | 32 x 18              | RAM32M x 3     | 
|inst/i_0/\m01_nodes/m01_r_node/inst /\inst_mi_handler/gen_normal_area.inst_fifo_node_payld/gen_xpm_memory_fifo.inst_fifo/gen_mem_rep[0].inst_xpm_memory                     | gen_wr_a.gen_word_narrow.mem_reg | User Attribute | 32 x 84              | RAM32M x 14    | 
|inst/i_0/\m01_nodes/m01_w_node/inst /\inst_mi_handler/gen_normal_area.gen_node_prog_full.inst_node_prog_full/gen_xpm_memory_fifo.inst_fifo/gen_mem_rep[0].inst_xpm_memory   | gen_wr_a.gen_word_narrow.mem_reg | User Attribute | 32 x 1               | RAM32X1D x 1   | 
|inst/i_0/\m01_nodes/m01_w_node/inst /\inst_mi_handler/gen_normal_area.inst_fifo_node_payld/gen_xpm_memory_fifo.inst_fifo/gen_mem_rep[0].inst_xpm_memory                     | gen_wr_a.gen_word_narrow.mem_reg | User Attribute | 32 x 107             | RAM32M x 18    | 
|inst/i_0/\s00_nodes/s00_ar_node/inst /\inst_mi_handler/gen_normal_area.gen_fifo_req.inst_fifo_req/gen_xpm_memory_fifo.inst_fifo/gen_mem_rep[0].inst_xpm_memory              | gen_wr_a.gen_word_narrow.mem_reg | User Attribute | 32 x 19              | RAM32M x 4     | 
|inst/i_0/\s00_nodes/s00_ar_node/inst /\inst_mi_handler/gen_normal_area.inst_fifo_node_payld/gen_xpm_memory_fifo.inst_fifo/gen_mem_rep[0].inst_xpm_memory                    | gen_wr_a.gen_word_narrow.mem_reg | User Attribute | 32 x 141             | RAM32M x 24    | 
|inst/i_0/\s00_nodes/s00_aw_node/inst /\inst_mi_handler/gen_normal_area.gen_fifo_req.inst_fifo_req/gen_xpm_memory_fifo.inst_fifo/gen_mem_rep[0].inst_xpm_memory              | gen_wr_a.gen_word_narrow.mem_reg | User Attribute | 32 x 19              | RAM32M x 4     | 
|inst/i_0/\s00_nodes/s00_aw_node/inst /\inst_mi_handler/gen_normal_area.inst_fifo_node_payld/gen_xpm_memory_fifo.inst_fifo/gen_mem_rep[0].inst_xpm_memory                    | gen_wr_a.gen_word_narrow.mem_reg | User Attribute | 32 x 141             | RAM32M x 24    | 
|inst/i_0/\s00_nodes/s00_b_node/inst /\inst_mi_handler/gen_normal_area.gen_node_prog_full.inst_node_prog_full/gen_xpm_memory_fifo.inst_fifo/gen_mem_rep[0].inst_xpm_memory   | gen_wr_a.gen_word_narrow.mem_reg | User Attribute | 32 x 1               | RAM32X1D x 1   | 
|inst/i_0/\s00_nodes/s00_b_node/inst /\inst_mi_handler/gen_normal_area.inst_fifo_node_payld/gen_xpm_memory_fifo.inst_fifo/gen_mem_rep[0].inst_xpm_memory                     | gen_wr_a.gen_word_narrow.mem_reg | User Attribute | 32 x 24              | RAM32M x 4     | 
|inst/i_0/\s00_nodes/s00_r_node/inst /\inst_mi_handler/gen_normal_area.gen_node_prog_full.inst_node_prog_full/gen_xpm_memory_fifo.inst_fifo/gen_mem_rep[0].inst_xpm_memory   | gen_wr_a.gen_word_narrow.mem_reg | User Attribute | 32 x 1               | RAM32X1D x 1   | 
|inst/i_0/\s00_nodes/s00_r_node/inst /\inst_mi_handler/gen_normal_area.inst_fifo_node_payld/gen_xpm_memory_fifo.inst_fifo/gen_mem_rep[0].inst_xpm_memory                     | gen_wr_a.gen_word_narrow.mem_reg | User Attribute | 32 x 102             | RAM32M x 17    | 
|inst/i_0/\s00_nodes/s00_w_node/inst /\inst_mi_handler/gen_normal_area.gen_fifo_req.inst_fifo_req/gen_xpm_memory_fifo.inst_fifo/gen_mem_rep[0].inst_xpm_memory               | gen_wr_a.gen_word_narrow.mem_reg | User Attribute | 32 x 19              | RAM32M x 4     | 
|inst/i_0/\s00_nodes/s00_w_node/inst /\inst_mi_handler/gen_normal_area.inst_fifo_node_payld/gen_xpm_memory_fifo.inst_fifo/gen_mem_rep[0].inst_xpm_memory                     | gen_wr_a.gen_word_narrow.mem_reg | User Attribute | 32 x 89              | RAM32M x 15    | 
+----------------------------------------------------------------------------------------------------------------------------------------------------------------------------+----------------------------------+----------------+----------------------+----------------+

Note: The table above is a preliminary report that shows the Distributed RAMs at the current stage of the synthesis flow. Some Distributed RAMs may be reimplemented as non Distributed RAM primitives later in the synthesis flow. Multiple instantiated RAMs are reported only once.
---------------------------------------------------------------------------------
Finished ROM, RAM, DSP and Shift Register Reporting
---------------------------------------------------------------------------------
Finished Applying XDC Timing Constraints : Time (s): cpu = 00:04:02 ; elapsed = 00:04:10 . Memory (MB): peak = 1285.699 ; gain = 954.477
Finished Timing Optimization : Time (s): cpu = 00:04:10 ; elapsed = 00:04:19 . Memory (MB): peak = 1285.699 ; gain = 954.477
Finished Technology Mapping : Time (s): cpu = 00:04:27 ; elapsed = 00:04:37 . Memory (MB): peak = 1285.699 ; gain = 954.477
Finished IO Insertion : Time (s): cpu = 00:04:30 ; elapsed = 00:04:41 . Memory (MB): peak = 1285.699 ; gain = 954.477
Finished Renaming Generated Instances : Time (s): cpu = 00:04:30 ; elapsed = 00:04:41 . Memory (MB): peak = 1285.699 ; gain = 954.477
Finished Rebuilding User Hierarchy : Time (s): cpu = 00:04:34 ; elapsed = 00:04:46 . Memory (MB): peak = 1285.699 ; gain = 954.477
Finished Renaming Generated Ports : Time (s): cpu = 00:04:34 ; elapsed = 00:04:46 . Memory (MB): peak = 1285.699 ; gain = 954.477
Finished Handling Custom Attributes : Time (s): cpu = 00:04:36 ; elapsed = 00:04:48 . Memory (MB): peak = 1285.699 ; gain = 954.477
Finished Renaming Generated Nets : Time (s): cpu = 00:04:36 ; elapsed = 00:04:48 . Memory (MB): peak = 1285.699 ; gain = 954.477

Report Cell Usage: 
+------+---------+------+
|      |Cell     |Count |
+------+---------+------+
|1     |CARRY4   |    20|
|2     |LUT1     |   176|
|3     |LUT2     |   950|
|4     |LUT3     |   245|
|5     |LUT4     |  1279|
|6     |LUT5     |   394|
|7     |LUT6     |   941|
|8     |RAM32M   |   282|
|9     |RAM32X1D |     8|
|10    |SRL16    |     1|
|11    |SRLC32E  |    62|
|12    |FDR      |     4|
|13    |FDRE     |  3768|
|14    |FDSE     |   134|
+------+---------+------+
Finished Writing Synthesis Report : Time (s): cpu = 00:04:36 ; elapsed = 00:04:48 . Memory (MB): peak = 1285.699 ; gain = 954.477
synth_design: Time (s): cpu = 00:04:52 ; elapsed = 00:05:07 . Memory (MB): peak = 1285.699 ; gain = 962.234
write_checkpoint: Time (s): cpu = 00:00:08 ; elapsed = 00:00:07 . Memory (MB): peak = 1285.699 ; gain = 0.000
write_vhdl: Time (s): cpu = 00:00:05 ; elapsed = 00:00:06 . Memory (MB): peak = 1285.699 ; gain = 0.000
write_checkpoint: Time (s): cpu = 00:00:08 ; elapsed = 00:00:07 . Memory (MB): peak = 1285.699 ; gain = 0.000
write_vhdl: Time (s): cpu = 00:00:04 ; elapsed = 00:00:05 . Memory (MB): peak = 1285.699 ; gain = 0.000
