Copyright 1986-2017 Xilinx, Inc. All Rights Reserved.
-----------------------------------------------------------------------------------------------------------------------------------
| Tool Version : Vivado v.2017.2 (win64) Build 1909853 Thu Jun 15 18:39:09 MDT 2017
| Date         : Mon Nov 27 22:51:05 2017
| Host         : Berna running 64-bit major release  (build 9200)
| Command      : report_methodology -file system_wrapper_methodology_drc_routed.rpt -rpx system_wrapper_methodology_drc_routed.rpx
| Design       : system_wrapper
| Device       : xc7z010clg400-1
| Speed File   : -1
| Design State : Routed
-----------------------------------------------------------------------------------------------------------------------------------

Report Methodology

Table of Contents
-----------------
1. REPORT SUMMARY
2. REPORT DETAILS

1. REPORT SUMMARY
-----------------
            Netlist: netlist
          Floorplan: design_1
      Design limits: <entire design considered>
             Max violations: <unlimited>
             Violations found: 173
+-----------+----------+-------------------------------------------------+------------+
| Rule      | Severity | Description                                     | Violations |
+-----------+----------+-------------------------------------------------+------------+
| PDRC-190  | Warning  | Suboptimally placed synchronized register chain | 14         |
| TIMING-18 | Warning  | Missing input or output delay                   | 8          |
| TIMING-20 | Warning  | Non-clocked latch                               | 128        |
| XDCB-5    | Warning  | Runtime inefficient way to find pin objects     | 23         |
+-----------+----------+-------------------------------------------------+------------+

2. REPORT DETAILS
-----------------
PDRC-190#1 Warning
Suboptimally placed synchronized register chain  
The FDRE cell dbg_hub/inst/BSCANID.u_xsdbm_id/CORE_XSDB.UUT_MASTER/U_ICON_INTERFACE/U_CMD2/stat_reg_reg[0] in site SLICE_X35Y78 is part of a synchronized register chain that is suboptimally placed as the load FDRE cell dbg_hub/inst/BSCANID.u_xsdbm_id/CORE_XSDB.UUT_MASTER/U_ICON_INTERFACE/U_CMD2/stat_reg_1_reg[0] is not placed in the same (SLICE) site.
Related violations: <none>

PDRC-190#2 Warning
Suboptimally placed synchronized register chain  
The FDRE cell dbg_hub/inst/BSCANID.u_xsdbm_id/CORE_XSDB.UUT_MASTER/U_ICON_INTERFACE/U_CMD2/stat_reg_reg[1] in site SLICE_X34Y76 is part of a synchronized register chain that is suboptimally placed as the load FDRE cell dbg_hub/inst/BSCANID.u_xsdbm_id/CORE_XSDB.UUT_MASTER/U_ICON_INTERFACE/U_CMD2/stat_reg_1_reg[1] is not placed in the same (SLICE) site.
Related violations: <none>

PDRC-190#3 Warning
Suboptimally placed synchronized register chain  
The FDRE cell dbg_hub/inst/BSCANID.u_xsdbm_id/CORE_XSDB.UUT_MASTER/U_ICON_INTERFACE/U_CMD2/stat_reg_reg[2] in site SLICE_X35Y76 is part of a synchronized register chain that is suboptimally placed as the load FDRE cell dbg_hub/inst/BSCANID.u_xsdbm_id/CORE_XSDB.UUT_MASTER/U_ICON_INTERFACE/U_CMD2/stat_reg_1_reg[2] is not placed in the same (SLICE) site.
Related violations: <none>

PDRC-190#4 Warning
Suboptimally placed synchronized register chain  
The FDRE cell dbg_hub/inst/BSCANID.u_xsdbm_id/CORE_XSDB.UUT_MASTER/U_ICON_INTERFACE/U_CMD2/stat_reg_reg[3] in site SLICE_X34Y78 is part of a synchronized register chain that is suboptimally placed as the load FDRE cell dbg_hub/inst/BSCANID.u_xsdbm_id/CORE_XSDB.UUT_MASTER/U_ICON_INTERFACE/U_CMD2/stat_reg_1_reg[3] is not placed in the same (SLICE) site.
Related violations: <none>

PDRC-190#5 Warning
Suboptimally placed synchronized register chain  
The FDRE cell dbg_hub/inst/BSCANID.u_xsdbm_id/CORE_XSDB.UUT_MASTER/U_ICON_INTERFACE/U_CMD3/stat_reg_reg[0] in site SLICE_X40Y77 is part of a synchronized register chain that is suboptimally placed as the load FDRE cell dbg_hub/inst/BSCANID.u_xsdbm_id/CORE_XSDB.UUT_MASTER/U_ICON_INTERFACE/U_CMD3/stat_reg_1_reg[0] is not placed in the same (SLICE) site.
Related violations: <none>

PDRC-190#6 Warning
Suboptimally placed synchronized register chain  
The FDRE cell dbg_hub/inst/BSCANID.u_xsdbm_id/CORE_XSDB.UUT_MASTER/U_ICON_INTERFACE/U_CMD3/stat_reg_reg[1] in site SLICE_X36Y79 is part of a synchronized register chain that is suboptimally placed as the load FDRE cell dbg_hub/inst/BSCANID.u_xsdbm_id/CORE_XSDB.UUT_MASTER/U_ICON_INTERFACE/U_CMD3/stat_reg_1_reg[1] is not placed in the same (SLICE) site.
Related violations: <none>

PDRC-190#7 Warning
Suboptimally placed synchronized register chain  
The FDRE cell dbg_hub/inst/BSCANID.u_xsdbm_id/CORE_XSDB.UUT_MASTER/U_ICON_INTERFACE/U_CMD3/stat_reg_reg[2] in site SLICE_X36Y77 is part of a synchronized register chain that is suboptimally placed as the load FDRE cell dbg_hub/inst/BSCANID.u_xsdbm_id/CORE_XSDB.UUT_MASTER/U_ICON_INTERFACE/U_CMD3/stat_reg_1_reg[2] is not placed in the same (SLICE) site.
Related violations: <none>

PDRC-190#8 Warning
Suboptimally placed synchronized register chain  
The FDRE cell dbg_hub/inst/BSCANID.u_xsdbm_id/CORE_XSDB.UUT_MASTER/U_ICON_INTERFACE/U_CMD4/shift_reg_in_reg[12] in site SLICE_X40Y83 is part of a synchronized register chain that is suboptimally placed as the load FDRE cell dbg_hub/inst/BSCANID.u_xsdbm_id/CORE_XSDB.UUT_MASTER/U_ICON_INTERFACE/U_CMD4/shift_reg_in_reg[11] is not placed in the same (SLICE) site.
Related violations: <none>

PDRC-190#9 Warning
Suboptimally placed synchronized register chain  
The FDRE cell dbg_hub/inst/BSCANID.u_xsdbm_id/CORE_XSDB.UUT_MASTER/U_ICON_INTERFACE/U_CMD4/shift_reg_in_reg[20] in site SLICE_X40Y82 is part of a synchronized register chain that is suboptimally placed as the load FDRE cell dbg_hub/inst/BSCANID.u_xsdbm_id/CORE_XSDB.UUT_MASTER/U_ICON_INTERFACE/U_CMD4/shift_reg_in_reg[19] is not placed in the same (SLICE) site.
Related violations: <none>

PDRC-190#10 Warning
Suboptimally placed synchronized register chain  
The FDRE cell dbg_hub/inst/BSCANID.u_xsdbm_id/CORE_XSDB.UUT_MASTER/U_ICON_INTERFACE/U_CMD4/shift_reg_in_reg[4] in site SLICE_X40Y84 is part of a synchronized register chain that is suboptimally placed as the load FDRE cell dbg_hub/inst/BSCANID.u_xsdbm_id/CORE_XSDB.UUT_MASTER/U_ICON_INTERFACE/U_CMD4/shift_reg_in_reg[3] is not placed in the same (SLICE) site.
Related violations: <none>

PDRC-190#11 Warning
Suboptimally placed synchronized register chain  
The FDRE cell dbg_hub/inst/BSCANID.u_xsdbm_id/CORE_XSDB.UUT_MASTER/U_ICON_INTERFACE/U_CMD5/shift_reg_in_reg[10] in site SLICE_X37Y72 is part of a synchronized register chain that is suboptimally placed as the load FDRE cell dbg_hub/inst/BSCANID.u_xsdbm_id/CORE_XSDB.UUT_MASTER/U_ICON_INTERFACE/U_CMD5/shift_reg_in_reg[9] is not placed in the same (SLICE) site.
Related violations: <none>

PDRC-190#12 Warning
Suboptimally placed synchronized register chain  
The FDRE cell dbg_hub/inst/BSCANID.u_xsdbm_id/CORE_XSDB.UUT_MASTER/U_ICON_INTERFACE/U_CMD5/shift_reg_in_reg[2] in site SLICE_X37Y73 is part of a synchronized register chain that is suboptimally placed as the load FDRE cell dbg_hub/inst/BSCANID.u_xsdbm_id/CORE_XSDB.UUT_MASTER/U_ICON_INTERFACE/U_CMD5/shift_reg_in_reg[1] is not placed in the same (SLICE) site.
Related violations: <none>

PDRC-190#13 Warning
Suboptimally placed synchronized register chain  
The FDRE cell dbg_hub/inst/BSCANID.u_xsdbm_id/CORE_XSDB.UUT_MASTER/U_ICON_INTERFACE/U_CMD7_CTL/shift_reg_in_reg[0] in site SLICE_X42Y81 is part of a synchronized register chain that is suboptimally placed as the load FDRE cell dbg_hub/inst/BSCANID.u_xsdbm_id/CORE_XSDB.UUT_MASTER/U_ICON_INTERFACE/U_CMD7_STAT/stat_reg_reg[0] is not placed in the same (SLICE) site.
Related violations: <none>

PDRC-190#14 Warning
Suboptimally placed synchronized register chain  
The FDRE cell dbg_hub/inst/BSCANID.u_xsdbm_id/CORE_XSDB.UUT_MASTER/U_ICON_INTERFACE/U_CMD7_STAT/stat_reg_reg[0] in site SLICE_X42Y82 is part of a synchronized register chain that is suboptimally placed as the load FDRE cell dbg_hub/inst/BSCANID.u_xsdbm_id/CORE_XSDB.UUT_MASTER/U_ICON_INTERFACE/U_CMD7_STAT/stat_reg_1_reg[0] is not placed in the same (SLICE) site.
Related violations: <none>

TIMING-18#1 Warning
Missing input or output delay  
An input delay is missing on btns_4bits_tri_i[0] relative to clock(s) clk_fpga_0 
Related violations: <none>

TIMING-18#2 Warning
Missing input or output delay  
An input delay is missing on btns_4bits_tri_i[1] relative to clock(s) clk_fpga_0 
Related violations: <none>

TIMING-18#3 Warning
Missing input or output delay  
An input delay is missing on btns_4bits_tri_i[2] relative to clock(s) clk_fpga_0 
Related violations: <none>

TIMING-18#4 Warning
Missing input or output delay  
An input delay is missing on btns_4bits_tri_i[3] relative to clock(s) clk_fpga_0 
Related violations: <none>

TIMING-18#5 Warning
Missing input or output delay  
An input delay is missing on sws_4bits_tri_i[0] relative to clock(s) clk_fpga_0 
Related violations: <none>

TIMING-18#6 Warning
Missing input or output delay  
An input delay is missing on sws_4bits_tri_i[1] relative to clock(s) clk_fpga_0 
Related violations: <none>

TIMING-18#7 Warning
Missing input or output delay  
An input delay is missing on sws_4bits_tri_i[2] relative to clock(s) clk_fpga_0 
Related violations: <none>

TIMING-18#8 Warning
Missing input or output delay  
An input delay is missing on sws_4bits_tri_i[3] relative to clock(s) clk_fpga_0 
Related violations: <none>

TIMING-20#1 Warning
Non-clocked latch  
The latch system_i/pBlaze_0/U0/picoBlaze_v1_0_S_AXI_inst/Proccesor_v1/in_Areg0_reg[0] cannot be properly analyzed as its control pin system_i/pBlaze_0/U0/picoBlaze_v1_0_S_AXI_inst/Proccesor_v1/in_Areg0_reg[0]/G is not reached by a timing clock
Related violations: <none>

TIMING-20#2 Warning
Non-clocked latch  
The latch system_i/pBlaze_0/U0/picoBlaze_v1_0_S_AXI_inst/Proccesor_v1/in_Areg0_reg[1] cannot be properly analyzed as its control pin system_i/pBlaze_0/U0/picoBlaze_v1_0_S_AXI_inst/Proccesor_v1/in_Areg0_reg[1]/G is not reached by a timing clock
Related violations: <none>

TIMING-20#3 Warning
Non-clocked latch  
The latch system_i/pBlaze_0/U0/picoBlaze_v1_0_S_AXI_inst/Proccesor_v1/in_Areg0_reg[2] cannot be properly analyzed as its control pin system_i/pBlaze_0/U0/picoBlaze_v1_0_S_AXI_inst/Proccesor_v1/in_Areg0_reg[2]/G is not reached by a timing clock
Related violations: <none>

TIMING-20#4 Warning
Non-clocked latch  
The latch system_i/pBlaze_0/U0/picoBlaze_v1_0_S_AXI_inst/Proccesor_v1/in_Areg0_reg[3] cannot be properly analyzed as its control pin system_i/pBlaze_0/U0/picoBlaze_v1_0_S_AXI_inst/Proccesor_v1/in_Areg0_reg[3]/G is not reached by a timing clock
Related violations: <none>

TIMING-20#5 Warning
Non-clocked latch  
The latch system_i/pBlaze_0/U0/picoBlaze_v1_0_S_AXI_inst/Proccesor_v1/in_Areg0_reg[4] cannot be properly analyzed as its control pin system_i/pBlaze_0/U0/picoBlaze_v1_0_S_AXI_inst/Proccesor_v1/in_Areg0_reg[4]/G is not reached by a timing clock
Related violations: <none>

TIMING-20#6 Warning
Non-clocked latch  
The latch system_i/pBlaze_0/U0/picoBlaze_v1_0_S_AXI_inst/Proccesor_v1/in_Areg0_reg[5] cannot be properly analyzed as its control pin system_i/pBlaze_0/U0/picoBlaze_v1_0_S_AXI_inst/Proccesor_v1/in_Areg0_reg[5]/G is not reached by a timing clock
Related violations: <none>

TIMING-20#7 Warning
Non-clocked latch  
The latch system_i/pBlaze_0/U0/picoBlaze_v1_0_S_AXI_inst/Proccesor_v1/in_Areg0_reg[6] cannot be properly analyzed as its control pin system_i/pBlaze_0/U0/picoBlaze_v1_0_S_AXI_inst/Proccesor_v1/in_Areg0_reg[6]/G is not reached by a timing clock
Related violations: <none>

TIMING-20#8 Warning
Non-clocked latch  
The latch system_i/pBlaze_0/U0/picoBlaze_v1_0_S_AXI_inst/Proccesor_v1/in_Areg0_reg[7] cannot be properly analyzed as its control pin system_i/pBlaze_0/U0/picoBlaze_v1_0_S_AXI_inst/Proccesor_v1/in_Areg0_reg[7]/G is not reached by a timing clock
Related violations: <none>

TIMING-20#9 Warning
Non-clocked latch  
The latch system_i/pBlaze_0/U0/picoBlaze_v1_0_S_AXI_inst/Proccesor_v1/in_Areg1_reg[0] cannot be properly analyzed as its control pin system_i/pBlaze_0/U0/picoBlaze_v1_0_S_AXI_inst/Proccesor_v1/in_Areg1_reg[0]/G is not reached by a timing clock
Related violations: <none>

TIMING-20#10 Warning
Non-clocked latch  
The latch system_i/pBlaze_0/U0/picoBlaze_v1_0_S_AXI_inst/Proccesor_v1/in_Areg1_reg[1] cannot be properly analyzed as its control pin system_i/pBlaze_0/U0/picoBlaze_v1_0_S_AXI_inst/Proccesor_v1/in_Areg1_reg[1]/G is not reached by a timing clock
Related violations: <none>

TIMING-20#11 Warning
Non-clocked latch  
The latch system_i/pBlaze_0/U0/picoBlaze_v1_0_S_AXI_inst/Proccesor_v1/in_Areg1_reg[2] cannot be properly analyzed as its control pin system_i/pBlaze_0/U0/picoBlaze_v1_0_S_AXI_inst/Proccesor_v1/in_Areg1_reg[2]/G is not reached by a timing clock
Related violations: <none>

TIMING-20#12 Warning
Non-clocked latch  
The latch system_i/pBlaze_0/U0/picoBlaze_v1_0_S_AXI_inst/Proccesor_v1/in_Areg1_reg[3] cannot be properly analyzed as its control pin system_i/pBlaze_0/U0/picoBlaze_v1_0_S_AXI_inst/Proccesor_v1/in_Areg1_reg[3]/G is not reached by a timing clock
Related violations: <none>

TIMING-20#13 Warning
Non-clocked latch  
The latch system_i/pBlaze_0/U0/picoBlaze_v1_0_S_AXI_inst/Proccesor_v1/in_Areg1_reg[4] cannot be properly analyzed as its control pin system_i/pBlaze_0/U0/picoBlaze_v1_0_S_AXI_inst/Proccesor_v1/in_Areg1_reg[4]/G is not reached by a timing clock
Related violations: <none>

TIMING-20#14 Warning
Non-clocked latch  
The latch system_i/pBlaze_0/U0/picoBlaze_v1_0_S_AXI_inst/Proccesor_v1/in_Areg1_reg[5] cannot be properly analyzed as its control pin system_i/pBlaze_0/U0/picoBlaze_v1_0_S_AXI_inst/Proccesor_v1/in_Areg1_reg[5]/G is not reached by a timing clock
Related violations: <none>

TIMING-20#15 Warning
Non-clocked latch  
The latch system_i/pBlaze_0/U0/picoBlaze_v1_0_S_AXI_inst/Proccesor_v1/in_Areg1_reg[6] cannot be properly analyzed as its control pin system_i/pBlaze_0/U0/picoBlaze_v1_0_S_AXI_inst/Proccesor_v1/in_Areg1_reg[6]/G is not reached by a timing clock
Related violations: <none>

TIMING-20#16 Warning
Non-clocked latch  
The latch system_i/pBlaze_0/U0/picoBlaze_v1_0_S_AXI_inst/Proccesor_v1/in_Areg1_reg[7] cannot be properly analyzed as its control pin system_i/pBlaze_0/U0/picoBlaze_v1_0_S_AXI_inst/Proccesor_v1/in_Areg1_reg[7]/G is not reached by a timing clock
Related violations: <none>

TIMING-20#17 Warning
Non-clocked latch  
The latch system_i/pBlaze_0/U0/picoBlaze_v1_0_S_AXI_inst/Proccesor_v1/in_Areg2_reg[0] cannot be properly analyzed as its control pin system_i/pBlaze_0/U0/picoBlaze_v1_0_S_AXI_inst/Proccesor_v1/in_Areg2_reg[0]/G is not reached by a timing clock
Related violations: <none>

TIMING-20#18 Warning
Non-clocked latch  
The latch system_i/pBlaze_0/U0/picoBlaze_v1_0_S_AXI_inst/Proccesor_v1/in_Areg2_reg[1] cannot be properly analyzed as its control pin system_i/pBlaze_0/U0/picoBlaze_v1_0_S_AXI_inst/Proccesor_v1/in_Areg2_reg[1]/G is not reached by a timing clock
Related violations: <none>

TIMING-20#19 Warning
Non-clocked latch  
The latch system_i/pBlaze_0/U0/picoBlaze_v1_0_S_AXI_inst/Proccesor_v1/in_Areg2_reg[2] cannot be properly analyzed as its control pin system_i/pBlaze_0/U0/picoBlaze_v1_0_S_AXI_inst/Proccesor_v1/in_Areg2_reg[2]/G is not reached by a timing clock
Related violations: <none>

TIMING-20#20 Warning
Non-clocked latch  
The latch system_i/pBlaze_0/U0/picoBlaze_v1_0_S_AXI_inst/Proccesor_v1/in_Areg2_reg[3] cannot be properly analyzed as its control pin system_i/pBlaze_0/U0/picoBlaze_v1_0_S_AXI_inst/Proccesor_v1/in_Areg2_reg[3]/G is not reached by a timing clock
Related violations: <none>

TIMING-20#21 Warning
Non-clocked latch  
The latch system_i/pBlaze_0/U0/picoBlaze_v1_0_S_AXI_inst/Proccesor_v1/in_Areg2_reg[4] cannot be properly analyzed as its control pin system_i/pBlaze_0/U0/picoBlaze_v1_0_S_AXI_inst/Proccesor_v1/in_Areg2_reg[4]/G is not reached by a timing clock
Related violations: <none>

TIMING-20#22 Warning
Non-clocked latch  
The latch system_i/pBlaze_0/U0/picoBlaze_v1_0_S_AXI_inst/Proccesor_v1/in_Areg2_reg[5] cannot be properly analyzed as its control pin system_i/pBlaze_0/U0/picoBlaze_v1_0_S_AXI_inst/Proccesor_v1/in_Areg2_reg[5]/G is not reached by a timing clock
Related violations: <none>

TIMING-20#23 Warning
Non-clocked latch  
The latch system_i/pBlaze_0/U0/picoBlaze_v1_0_S_AXI_inst/Proccesor_v1/in_Areg2_reg[6] cannot be properly analyzed as its control pin system_i/pBlaze_0/U0/picoBlaze_v1_0_S_AXI_inst/Proccesor_v1/in_Areg2_reg[6]/G is not reached by a timing clock
Related violations: <none>

TIMING-20#24 Warning
Non-clocked latch  
The latch system_i/pBlaze_0/U0/picoBlaze_v1_0_S_AXI_inst/Proccesor_v1/in_Areg2_reg[7] cannot be properly analyzed as its control pin system_i/pBlaze_0/U0/picoBlaze_v1_0_S_AXI_inst/Proccesor_v1/in_Areg2_reg[7]/G is not reached by a timing clock
Related violations: <none>

TIMING-20#25 Warning
Non-clocked latch  
The latch system_i/pBlaze_0/U0/picoBlaze_v1_0_S_AXI_inst/Proccesor_v1/in_Areg3_reg[0] cannot be properly analyzed as its control pin system_i/pBlaze_0/U0/picoBlaze_v1_0_S_AXI_inst/Proccesor_v1/in_Areg3_reg[0]/G is not reached by a timing clock
Related violations: <none>

TIMING-20#26 Warning
Non-clocked latch  
The latch system_i/pBlaze_0/U0/picoBlaze_v1_0_S_AXI_inst/Proccesor_v1/in_Areg3_reg[1] cannot be properly analyzed as its control pin system_i/pBlaze_0/U0/picoBlaze_v1_0_S_AXI_inst/Proccesor_v1/in_Areg3_reg[1]/G is not reached by a timing clock
Related violations: <none>

TIMING-20#27 Warning
Non-clocked latch  
The latch system_i/pBlaze_0/U0/picoBlaze_v1_0_S_AXI_inst/Proccesor_v1/in_Areg3_reg[2] cannot be properly analyzed as its control pin system_i/pBlaze_0/U0/picoBlaze_v1_0_S_AXI_inst/Proccesor_v1/in_Areg3_reg[2]/G is not reached by a timing clock
Related violations: <none>

TIMING-20#28 Warning
Non-clocked latch  
The latch system_i/pBlaze_0/U0/picoBlaze_v1_0_S_AXI_inst/Proccesor_v1/in_Areg3_reg[3] cannot be properly analyzed as its control pin system_i/pBlaze_0/U0/picoBlaze_v1_0_S_AXI_inst/Proccesor_v1/in_Areg3_reg[3]/G is not reached by a timing clock
Related violations: <none>

TIMING-20#29 Warning
Non-clocked latch  
The latch system_i/pBlaze_0/U0/picoBlaze_v1_0_S_AXI_inst/Proccesor_v1/in_Areg3_reg[4] cannot be properly analyzed as its control pin system_i/pBlaze_0/U0/picoBlaze_v1_0_S_AXI_inst/Proccesor_v1/in_Areg3_reg[4]/G is not reached by a timing clock
Related violations: <none>

TIMING-20#30 Warning
Non-clocked latch  
The latch system_i/pBlaze_0/U0/picoBlaze_v1_0_S_AXI_inst/Proccesor_v1/in_Areg3_reg[5] cannot be properly analyzed as its control pin system_i/pBlaze_0/U0/picoBlaze_v1_0_S_AXI_inst/Proccesor_v1/in_Areg3_reg[5]/G is not reached by a timing clock
Related violations: <none>

TIMING-20#31 Warning
Non-clocked latch  
The latch system_i/pBlaze_0/U0/picoBlaze_v1_0_S_AXI_inst/Proccesor_v1/in_Areg3_reg[6] cannot be properly analyzed as its control pin system_i/pBlaze_0/U0/picoBlaze_v1_0_S_AXI_inst/Proccesor_v1/in_Areg3_reg[6]/G is not reached by a timing clock
Related violations: <none>

TIMING-20#32 Warning
Non-clocked latch  
The latch system_i/pBlaze_0/U0/picoBlaze_v1_0_S_AXI_inst/Proccesor_v1/in_Areg3_reg[7] cannot be properly analyzed as its control pin system_i/pBlaze_0/U0/picoBlaze_v1_0_S_AXI_inst/Proccesor_v1/in_Areg3_reg[7]/G is not reached by a timing clock
Related violations: <none>

TIMING-20#33 Warning
Non-clocked latch  
The latch system_i/pBlaze_0/U0/picoBlaze_v1_0_S_AXI_inst/Proccesor_v1/in_Breg0_reg[0] cannot be properly analyzed as its control pin system_i/pBlaze_0/U0/picoBlaze_v1_0_S_AXI_inst/Proccesor_v1/in_Breg0_reg[0]/G is not reached by a timing clock
Related violations: <none>

TIMING-20#34 Warning
Non-clocked latch  
The latch system_i/pBlaze_0/U0/picoBlaze_v1_0_S_AXI_inst/Proccesor_v1/in_Breg0_reg[1] cannot be properly analyzed as its control pin system_i/pBlaze_0/U0/picoBlaze_v1_0_S_AXI_inst/Proccesor_v1/in_Breg0_reg[1]/G is not reached by a timing clock
Related violations: <none>

TIMING-20#35 Warning
Non-clocked latch  
The latch system_i/pBlaze_0/U0/picoBlaze_v1_0_S_AXI_inst/Proccesor_v1/in_Breg0_reg[2] cannot be properly analyzed as its control pin system_i/pBlaze_0/U0/picoBlaze_v1_0_S_AXI_inst/Proccesor_v1/in_Breg0_reg[2]/G is not reached by a timing clock
Related violations: <none>

TIMING-20#36 Warning
Non-clocked latch  
The latch system_i/pBlaze_0/U0/picoBlaze_v1_0_S_AXI_inst/Proccesor_v1/in_Breg0_reg[3] cannot be properly analyzed as its control pin system_i/pBlaze_0/U0/picoBlaze_v1_0_S_AXI_inst/Proccesor_v1/in_Breg0_reg[3]/G is not reached by a timing clock
Related violations: <none>

TIMING-20#37 Warning
Non-clocked latch  
The latch system_i/pBlaze_0/U0/picoBlaze_v1_0_S_AXI_inst/Proccesor_v1/in_Breg0_reg[4] cannot be properly analyzed as its control pin system_i/pBlaze_0/U0/picoBlaze_v1_0_S_AXI_inst/Proccesor_v1/in_Breg0_reg[4]/G is not reached by a timing clock
Related violations: <none>

TIMING-20#38 Warning
Non-clocked latch  
The latch system_i/pBlaze_0/U0/picoBlaze_v1_0_S_AXI_inst/Proccesor_v1/in_Breg0_reg[5] cannot be properly analyzed as its control pin system_i/pBlaze_0/U0/picoBlaze_v1_0_S_AXI_inst/Proccesor_v1/in_Breg0_reg[5]/G is not reached by a timing clock
Related violations: <none>

TIMING-20#39 Warning
Non-clocked latch  
The latch system_i/pBlaze_0/U0/picoBlaze_v1_0_S_AXI_inst/Proccesor_v1/in_Breg0_reg[6] cannot be properly analyzed as its control pin system_i/pBlaze_0/U0/picoBlaze_v1_0_S_AXI_inst/Proccesor_v1/in_Breg0_reg[6]/G is not reached by a timing clock
Related violations: <none>

TIMING-20#40 Warning
Non-clocked latch  
The latch system_i/pBlaze_0/U0/picoBlaze_v1_0_S_AXI_inst/Proccesor_v1/in_Breg0_reg[7] cannot be properly analyzed as its control pin system_i/pBlaze_0/U0/picoBlaze_v1_0_S_AXI_inst/Proccesor_v1/in_Breg0_reg[7]/G is not reached by a timing clock
Related violations: <none>

TIMING-20#41 Warning
Non-clocked latch  
The latch system_i/pBlaze_0/U0/picoBlaze_v1_0_S_AXI_inst/Proccesor_v1/in_Breg1_reg[0] cannot be properly analyzed as its control pin system_i/pBlaze_0/U0/picoBlaze_v1_0_S_AXI_inst/Proccesor_v1/in_Breg1_reg[0]/G is not reached by a timing clock
Related violations: <none>

TIMING-20#42 Warning
Non-clocked latch  
The latch system_i/pBlaze_0/U0/picoBlaze_v1_0_S_AXI_inst/Proccesor_v1/in_Breg1_reg[1] cannot be properly analyzed as its control pin system_i/pBlaze_0/U0/picoBlaze_v1_0_S_AXI_inst/Proccesor_v1/in_Breg1_reg[1]/G is not reached by a timing clock
Related violations: <none>

TIMING-20#43 Warning
Non-clocked latch  
The latch system_i/pBlaze_0/U0/picoBlaze_v1_0_S_AXI_inst/Proccesor_v1/in_Breg1_reg[2] cannot be properly analyzed as its control pin system_i/pBlaze_0/U0/picoBlaze_v1_0_S_AXI_inst/Proccesor_v1/in_Breg1_reg[2]/G is not reached by a timing clock
Related violations: <none>

TIMING-20#44 Warning
Non-clocked latch  
The latch system_i/pBlaze_0/U0/picoBlaze_v1_0_S_AXI_inst/Proccesor_v1/in_Breg1_reg[3] cannot be properly analyzed as its control pin system_i/pBlaze_0/U0/picoBlaze_v1_0_S_AXI_inst/Proccesor_v1/in_Breg1_reg[3]/G is not reached by a timing clock
Related violations: <none>

TIMING-20#45 Warning
Non-clocked latch  
The latch system_i/pBlaze_0/U0/picoBlaze_v1_0_S_AXI_inst/Proccesor_v1/in_Breg1_reg[4] cannot be properly analyzed as its control pin system_i/pBlaze_0/U0/picoBlaze_v1_0_S_AXI_inst/Proccesor_v1/in_Breg1_reg[4]/G is not reached by a timing clock
Related violations: <none>

TIMING-20#46 Warning
Non-clocked latch  
The latch system_i/pBlaze_0/U0/picoBlaze_v1_0_S_AXI_inst/Proccesor_v1/in_Breg1_reg[5] cannot be properly analyzed as its control pin system_i/pBlaze_0/U0/picoBlaze_v1_0_S_AXI_inst/Proccesor_v1/in_Breg1_reg[5]/G is not reached by a timing clock
Related violations: <none>

TIMING-20#47 Warning
Non-clocked latch  
The latch system_i/pBlaze_0/U0/picoBlaze_v1_0_S_AXI_inst/Proccesor_v1/in_Breg1_reg[6] cannot be properly analyzed as its control pin system_i/pBlaze_0/U0/picoBlaze_v1_0_S_AXI_inst/Proccesor_v1/in_Breg1_reg[6]/G is not reached by a timing clock
Related violations: <none>

TIMING-20#48 Warning
Non-clocked latch  
The latch system_i/pBlaze_0/U0/picoBlaze_v1_0_S_AXI_inst/Proccesor_v1/in_Breg1_reg[7] cannot be properly analyzed as its control pin system_i/pBlaze_0/U0/picoBlaze_v1_0_S_AXI_inst/Proccesor_v1/in_Breg1_reg[7]/G is not reached by a timing clock
Related violations: <none>

TIMING-20#49 Warning
Non-clocked latch  
The latch system_i/pBlaze_0/U0/picoBlaze_v1_0_S_AXI_inst/Proccesor_v1/in_Breg2_reg[0] cannot be properly analyzed as its control pin system_i/pBlaze_0/U0/picoBlaze_v1_0_S_AXI_inst/Proccesor_v1/in_Breg2_reg[0]/G is not reached by a timing clock
Related violations: <none>

TIMING-20#50 Warning
Non-clocked latch  
The latch system_i/pBlaze_0/U0/picoBlaze_v1_0_S_AXI_inst/Proccesor_v1/in_Breg2_reg[1] cannot be properly analyzed as its control pin system_i/pBlaze_0/U0/picoBlaze_v1_0_S_AXI_inst/Proccesor_v1/in_Breg2_reg[1]/G is not reached by a timing clock
Related violations: <none>

TIMING-20#51 Warning
Non-clocked latch  
The latch system_i/pBlaze_0/U0/picoBlaze_v1_0_S_AXI_inst/Proccesor_v1/in_Breg2_reg[2] cannot be properly analyzed as its control pin system_i/pBlaze_0/U0/picoBlaze_v1_0_S_AXI_inst/Proccesor_v1/in_Breg2_reg[2]/G is not reached by a timing clock
Related violations: <none>

TIMING-20#52 Warning
Non-clocked latch  
The latch system_i/pBlaze_0/U0/picoBlaze_v1_0_S_AXI_inst/Proccesor_v1/in_Breg2_reg[3] cannot be properly analyzed as its control pin system_i/pBlaze_0/U0/picoBlaze_v1_0_S_AXI_inst/Proccesor_v1/in_Breg2_reg[3]/G is not reached by a timing clock
Related violations: <none>

TIMING-20#53 Warning
Non-clocked latch  
The latch system_i/pBlaze_0/U0/picoBlaze_v1_0_S_AXI_inst/Proccesor_v1/in_Breg2_reg[4] cannot be properly analyzed as its control pin system_i/pBlaze_0/U0/picoBlaze_v1_0_S_AXI_inst/Proccesor_v1/in_Breg2_reg[4]/G is not reached by a timing clock
Related violations: <none>

TIMING-20#54 Warning
Non-clocked latch  
The latch system_i/pBlaze_0/U0/picoBlaze_v1_0_S_AXI_inst/Proccesor_v1/in_Breg2_reg[5] cannot be properly analyzed as its control pin system_i/pBlaze_0/U0/picoBlaze_v1_0_S_AXI_inst/Proccesor_v1/in_Breg2_reg[5]/G is not reached by a timing clock
Related violations: <none>

TIMING-20#55 Warning
Non-clocked latch  
The latch system_i/pBlaze_0/U0/picoBlaze_v1_0_S_AXI_inst/Proccesor_v1/in_Breg2_reg[6] cannot be properly analyzed as its control pin system_i/pBlaze_0/U0/picoBlaze_v1_0_S_AXI_inst/Proccesor_v1/in_Breg2_reg[6]/G is not reached by a timing clock
Related violations: <none>

TIMING-20#56 Warning
Non-clocked latch  
The latch system_i/pBlaze_0/U0/picoBlaze_v1_0_S_AXI_inst/Proccesor_v1/in_Breg2_reg[7] cannot be properly analyzed as its control pin system_i/pBlaze_0/U0/picoBlaze_v1_0_S_AXI_inst/Proccesor_v1/in_Breg2_reg[7]/G is not reached by a timing clock
Related violations: <none>

TIMING-20#57 Warning
Non-clocked latch  
The latch system_i/pBlaze_0/U0/picoBlaze_v1_0_S_AXI_inst/Proccesor_v1/in_Breg3_reg[0] cannot be properly analyzed as its control pin system_i/pBlaze_0/U0/picoBlaze_v1_0_S_AXI_inst/Proccesor_v1/in_Breg3_reg[0]/G is not reached by a timing clock
Related violations: <none>

TIMING-20#58 Warning
Non-clocked latch  
The latch system_i/pBlaze_0/U0/picoBlaze_v1_0_S_AXI_inst/Proccesor_v1/in_Breg3_reg[1] cannot be properly analyzed as its control pin system_i/pBlaze_0/U0/picoBlaze_v1_0_S_AXI_inst/Proccesor_v1/in_Breg3_reg[1]/G is not reached by a timing clock
Related violations: <none>

TIMING-20#59 Warning
Non-clocked latch  
The latch system_i/pBlaze_0/U0/picoBlaze_v1_0_S_AXI_inst/Proccesor_v1/in_Breg3_reg[2] cannot be properly analyzed as its control pin system_i/pBlaze_0/U0/picoBlaze_v1_0_S_AXI_inst/Proccesor_v1/in_Breg3_reg[2]/G is not reached by a timing clock
Related violations: <none>

TIMING-20#60 Warning
Non-clocked latch  
The latch system_i/pBlaze_0/U0/picoBlaze_v1_0_S_AXI_inst/Proccesor_v1/in_Breg3_reg[3] cannot be properly analyzed as its control pin system_i/pBlaze_0/U0/picoBlaze_v1_0_S_AXI_inst/Proccesor_v1/in_Breg3_reg[3]/G is not reached by a timing clock
Related violations: <none>

TIMING-20#61 Warning
Non-clocked latch  
The latch system_i/pBlaze_0/U0/picoBlaze_v1_0_S_AXI_inst/Proccesor_v1/in_Breg3_reg[4] cannot be properly analyzed as its control pin system_i/pBlaze_0/U0/picoBlaze_v1_0_S_AXI_inst/Proccesor_v1/in_Breg3_reg[4]/G is not reached by a timing clock
Related violations: <none>

TIMING-20#62 Warning
Non-clocked latch  
The latch system_i/pBlaze_0/U0/picoBlaze_v1_0_S_AXI_inst/Proccesor_v1/in_Breg3_reg[5] cannot be properly analyzed as its control pin system_i/pBlaze_0/U0/picoBlaze_v1_0_S_AXI_inst/Proccesor_v1/in_Breg3_reg[5]/G is not reached by a timing clock
Related violations: <none>

TIMING-20#63 Warning
Non-clocked latch  
The latch system_i/pBlaze_0/U0/picoBlaze_v1_0_S_AXI_inst/Proccesor_v1/in_Breg3_reg[6] cannot be properly analyzed as its control pin system_i/pBlaze_0/U0/picoBlaze_v1_0_S_AXI_inst/Proccesor_v1/in_Breg3_reg[6]/G is not reached by a timing clock
Related violations: <none>

TIMING-20#64 Warning
Non-clocked latch  
The latch system_i/pBlaze_0/U0/picoBlaze_v1_0_S_AXI_inst/Proccesor_v1/in_Breg3_reg[7] cannot be properly analyzed as its control pin system_i/pBlaze_0/U0/picoBlaze_v1_0_S_AXI_inst/Proccesor_v1/in_Breg3_reg[7]/G is not reached by a timing clock
Related violations: <none>

TIMING-20#65 Warning
Non-clocked latch  
The latch system_i/pBlaze_0/U0/picoBlaze_v1_0_S_AXI_inst/Proccesor_v1/in_Creg0_reg[0] cannot be properly analyzed as its control pin system_i/pBlaze_0/U0/picoBlaze_v1_0_S_AXI_inst/Proccesor_v1/in_Creg0_reg[0]/G is not reached by a timing clock
Related violations: <none>

TIMING-20#66 Warning
Non-clocked latch  
The latch system_i/pBlaze_0/U0/picoBlaze_v1_0_S_AXI_inst/Proccesor_v1/in_Creg0_reg[1] cannot be properly analyzed as its control pin system_i/pBlaze_0/U0/picoBlaze_v1_0_S_AXI_inst/Proccesor_v1/in_Creg0_reg[1]/G is not reached by a timing clock
Related violations: <none>

TIMING-20#67 Warning
Non-clocked latch  
The latch system_i/pBlaze_0/U0/picoBlaze_v1_0_S_AXI_inst/Proccesor_v1/in_Creg0_reg[2] cannot be properly analyzed as its control pin system_i/pBlaze_0/U0/picoBlaze_v1_0_S_AXI_inst/Proccesor_v1/in_Creg0_reg[2]/G is not reached by a timing clock
Related violations: <none>

TIMING-20#68 Warning
Non-clocked latch  
The latch system_i/pBlaze_0/U0/picoBlaze_v1_0_S_AXI_inst/Proccesor_v1/in_Creg0_reg[3] cannot be properly analyzed as its control pin system_i/pBlaze_0/U0/picoBlaze_v1_0_S_AXI_inst/Proccesor_v1/in_Creg0_reg[3]/G is not reached by a timing clock
Related violations: <none>

TIMING-20#69 Warning
Non-clocked latch  
The latch system_i/pBlaze_0/U0/picoBlaze_v1_0_S_AXI_inst/Proccesor_v1/in_Creg0_reg[4] cannot be properly analyzed as its control pin system_i/pBlaze_0/U0/picoBlaze_v1_0_S_AXI_inst/Proccesor_v1/in_Creg0_reg[4]/G is not reached by a timing clock
Related violations: <none>

TIMING-20#70 Warning
Non-clocked latch  
The latch system_i/pBlaze_0/U0/picoBlaze_v1_0_S_AXI_inst/Proccesor_v1/in_Creg0_reg[5] cannot be properly analyzed as its control pin system_i/pBlaze_0/U0/picoBlaze_v1_0_S_AXI_inst/Proccesor_v1/in_Creg0_reg[5]/G is not reached by a timing clock
Related violations: <none>

TIMING-20#71 Warning
Non-clocked latch  
The latch system_i/pBlaze_0/U0/picoBlaze_v1_0_S_AXI_inst/Proccesor_v1/in_Creg0_reg[6] cannot be properly analyzed as its control pin system_i/pBlaze_0/U0/picoBlaze_v1_0_S_AXI_inst/Proccesor_v1/in_Creg0_reg[6]/G is not reached by a timing clock
Related violations: <none>

TIMING-20#72 Warning
Non-clocked latch  
The latch system_i/pBlaze_0/U0/picoBlaze_v1_0_S_AXI_inst/Proccesor_v1/in_Creg0_reg[7] cannot be properly analyzed as its control pin system_i/pBlaze_0/U0/picoBlaze_v1_0_S_AXI_inst/Proccesor_v1/in_Creg0_reg[7]/G is not reached by a timing clock
Related violations: <none>

TIMING-20#73 Warning
Non-clocked latch  
The latch system_i/pBlaze_0/U0/picoBlaze_v1_0_S_AXI_inst/Proccesor_v1/in_Creg1_reg[0] cannot be properly analyzed as its control pin system_i/pBlaze_0/U0/picoBlaze_v1_0_S_AXI_inst/Proccesor_v1/in_Creg1_reg[0]/G is not reached by a timing clock
Related violations: <none>

TIMING-20#74 Warning
Non-clocked latch  
The latch system_i/pBlaze_0/U0/picoBlaze_v1_0_S_AXI_inst/Proccesor_v1/in_Creg1_reg[1] cannot be properly analyzed as its control pin system_i/pBlaze_0/U0/picoBlaze_v1_0_S_AXI_inst/Proccesor_v1/in_Creg1_reg[1]/G is not reached by a timing clock
Related violations: <none>

TIMING-20#75 Warning
Non-clocked latch  
The latch system_i/pBlaze_0/U0/picoBlaze_v1_0_S_AXI_inst/Proccesor_v1/in_Creg1_reg[2] cannot be properly analyzed as its control pin system_i/pBlaze_0/U0/picoBlaze_v1_0_S_AXI_inst/Proccesor_v1/in_Creg1_reg[2]/G is not reached by a timing clock
Related violations: <none>

TIMING-20#76 Warning
Non-clocked latch  
The latch system_i/pBlaze_0/U0/picoBlaze_v1_0_S_AXI_inst/Proccesor_v1/in_Creg1_reg[3] cannot be properly analyzed as its control pin system_i/pBlaze_0/U0/picoBlaze_v1_0_S_AXI_inst/Proccesor_v1/in_Creg1_reg[3]/G is not reached by a timing clock
Related violations: <none>

TIMING-20#77 Warning
Non-clocked latch  
The latch system_i/pBlaze_0/U0/picoBlaze_v1_0_S_AXI_inst/Proccesor_v1/in_Creg1_reg[4] cannot be properly analyzed as its control pin system_i/pBlaze_0/U0/picoBlaze_v1_0_S_AXI_inst/Proccesor_v1/in_Creg1_reg[4]/G is not reached by a timing clock
Related violations: <none>

TIMING-20#78 Warning
Non-clocked latch  
The latch system_i/pBlaze_0/U0/picoBlaze_v1_0_S_AXI_inst/Proccesor_v1/in_Creg1_reg[5] cannot be properly analyzed as its control pin system_i/pBlaze_0/U0/picoBlaze_v1_0_S_AXI_inst/Proccesor_v1/in_Creg1_reg[5]/G is not reached by a timing clock
Related violations: <none>

TIMING-20#79 Warning
Non-clocked latch  
The latch system_i/pBlaze_0/U0/picoBlaze_v1_0_S_AXI_inst/Proccesor_v1/in_Creg1_reg[6] cannot be properly analyzed as its control pin system_i/pBlaze_0/U0/picoBlaze_v1_0_S_AXI_inst/Proccesor_v1/in_Creg1_reg[6]/G is not reached by a timing clock
Related violations: <none>

TIMING-20#80 Warning
Non-clocked latch  
The latch system_i/pBlaze_0/U0/picoBlaze_v1_0_S_AXI_inst/Proccesor_v1/in_Creg1_reg[7] cannot be properly analyzed as its control pin system_i/pBlaze_0/U0/picoBlaze_v1_0_S_AXI_inst/Proccesor_v1/in_Creg1_reg[7]/G is not reached by a timing clock
Related violations: <none>

TIMING-20#81 Warning
Non-clocked latch  
The latch system_i/pBlaze_0/U0/picoBlaze_v1_0_S_AXI_inst/Proccesor_v1/in_Creg2_reg[0] cannot be properly analyzed as its control pin system_i/pBlaze_0/U0/picoBlaze_v1_0_S_AXI_inst/Proccesor_v1/in_Creg2_reg[0]/G is not reached by a timing clock
Related violations: <none>

TIMING-20#82 Warning
Non-clocked latch  
The latch system_i/pBlaze_0/U0/picoBlaze_v1_0_S_AXI_inst/Proccesor_v1/in_Creg2_reg[1] cannot be properly analyzed as its control pin system_i/pBlaze_0/U0/picoBlaze_v1_0_S_AXI_inst/Proccesor_v1/in_Creg2_reg[1]/G is not reached by a timing clock
Related violations: <none>

TIMING-20#83 Warning
Non-clocked latch  
The latch system_i/pBlaze_0/U0/picoBlaze_v1_0_S_AXI_inst/Proccesor_v1/in_Creg2_reg[2] cannot be properly analyzed as its control pin system_i/pBlaze_0/U0/picoBlaze_v1_0_S_AXI_inst/Proccesor_v1/in_Creg2_reg[2]/G is not reached by a timing clock
Related violations: <none>

TIMING-20#84 Warning
Non-clocked latch  
The latch system_i/pBlaze_0/U0/picoBlaze_v1_0_S_AXI_inst/Proccesor_v1/in_Creg2_reg[3] cannot be properly analyzed as its control pin system_i/pBlaze_0/U0/picoBlaze_v1_0_S_AXI_inst/Proccesor_v1/in_Creg2_reg[3]/G is not reached by a timing clock
Related violations: <none>

TIMING-20#85 Warning
Non-clocked latch  
The latch system_i/pBlaze_0/U0/picoBlaze_v1_0_S_AXI_inst/Proccesor_v1/in_Creg2_reg[4] cannot be properly analyzed as its control pin system_i/pBlaze_0/U0/picoBlaze_v1_0_S_AXI_inst/Proccesor_v1/in_Creg2_reg[4]/G is not reached by a timing clock
Related violations: <none>

TIMING-20#86 Warning
Non-clocked latch  
The latch system_i/pBlaze_0/U0/picoBlaze_v1_0_S_AXI_inst/Proccesor_v1/in_Creg2_reg[5] cannot be properly analyzed as its control pin system_i/pBlaze_0/U0/picoBlaze_v1_0_S_AXI_inst/Proccesor_v1/in_Creg2_reg[5]/G is not reached by a timing clock
Related violations: <none>

TIMING-20#87 Warning
Non-clocked latch  
The latch system_i/pBlaze_0/U0/picoBlaze_v1_0_S_AXI_inst/Proccesor_v1/in_Creg2_reg[6] cannot be properly analyzed as its control pin system_i/pBlaze_0/U0/picoBlaze_v1_0_S_AXI_inst/Proccesor_v1/in_Creg2_reg[6]/G is not reached by a timing clock
Related violations: <none>

TIMING-20#88 Warning
Non-clocked latch  
The latch system_i/pBlaze_0/U0/picoBlaze_v1_0_S_AXI_inst/Proccesor_v1/in_Creg2_reg[7] cannot be properly analyzed as its control pin system_i/pBlaze_0/U0/picoBlaze_v1_0_S_AXI_inst/Proccesor_v1/in_Creg2_reg[7]/G is not reached by a timing clock
Related violations: <none>

TIMING-20#89 Warning
Non-clocked latch  
The latch system_i/pBlaze_0/U0/picoBlaze_v1_0_S_AXI_inst/Proccesor_v1/in_Creg3_reg[0] cannot be properly analyzed as its control pin system_i/pBlaze_0/U0/picoBlaze_v1_0_S_AXI_inst/Proccesor_v1/in_Creg3_reg[0]/G is not reached by a timing clock
Related violations: <none>

TIMING-20#90 Warning
Non-clocked latch  
The latch system_i/pBlaze_0/U0/picoBlaze_v1_0_S_AXI_inst/Proccesor_v1/in_Creg3_reg[1] cannot be properly analyzed as its control pin system_i/pBlaze_0/U0/picoBlaze_v1_0_S_AXI_inst/Proccesor_v1/in_Creg3_reg[1]/G is not reached by a timing clock
Related violations: <none>

TIMING-20#91 Warning
Non-clocked latch  
The latch system_i/pBlaze_0/U0/picoBlaze_v1_0_S_AXI_inst/Proccesor_v1/in_Creg3_reg[2] cannot be properly analyzed as its control pin system_i/pBlaze_0/U0/picoBlaze_v1_0_S_AXI_inst/Proccesor_v1/in_Creg3_reg[2]/G is not reached by a timing clock
Related violations: <none>

TIMING-20#92 Warning
Non-clocked latch  
The latch system_i/pBlaze_0/U0/picoBlaze_v1_0_S_AXI_inst/Proccesor_v1/in_Creg3_reg[3] cannot be properly analyzed as its control pin system_i/pBlaze_0/U0/picoBlaze_v1_0_S_AXI_inst/Proccesor_v1/in_Creg3_reg[3]/G is not reached by a timing clock
Related violations: <none>

TIMING-20#93 Warning
Non-clocked latch  
The latch system_i/pBlaze_0/U0/picoBlaze_v1_0_S_AXI_inst/Proccesor_v1/in_Creg3_reg[4] cannot be properly analyzed as its control pin system_i/pBlaze_0/U0/picoBlaze_v1_0_S_AXI_inst/Proccesor_v1/in_Creg3_reg[4]/G is not reached by a timing clock
Related violations: <none>

TIMING-20#94 Warning
Non-clocked latch  
The latch system_i/pBlaze_0/U0/picoBlaze_v1_0_S_AXI_inst/Proccesor_v1/in_Creg3_reg[5] cannot be properly analyzed as its control pin system_i/pBlaze_0/U0/picoBlaze_v1_0_S_AXI_inst/Proccesor_v1/in_Creg3_reg[5]/G is not reached by a timing clock
Related violations: <none>

TIMING-20#95 Warning
Non-clocked latch  
The latch system_i/pBlaze_0/U0/picoBlaze_v1_0_S_AXI_inst/Proccesor_v1/in_Creg3_reg[6] cannot be properly analyzed as its control pin system_i/pBlaze_0/U0/picoBlaze_v1_0_S_AXI_inst/Proccesor_v1/in_Creg3_reg[6]/G is not reached by a timing clock
Related violations: <none>

TIMING-20#96 Warning
Non-clocked latch  
The latch system_i/pBlaze_0/U0/picoBlaze_v1_0_S_AXI_inst/Proccesor_v1/in_Creg3_reg[7] cannot be properly analyzed as its control pin system_i/pBlaze_0/U0/picoBlaze_v1_0_S_AXI_inst/Proccesor_v1/in_Creg3_reg[7]/G is not reached by a timing clock
Related violations: <none>

TIMING-20#97 Warning
Non-clocked latch  
The latch system_i/pBlaze_0/U0/picoBlaze_v1_0_S_AXI_inst/Proccesor_v1/s_axi_rdata_reg[0] cannot be properly analyzed as its control pin system_i/pBlaze_0/U0/picoBlaze_v1_0_S_AXI_inst/Proccesor_v1/s_axi_rdata_reg[0]/G is not reached by a timing clock
Related violations: <none>

TIMING-20#98 Warning
Non-clocked latch  
The latch system_i/pBlaze_0/U0/picoBlaze_v1_0_S_AXI_inst/Proccesor_v1/s_axi_rdata_reg[10] cannot be properly analyzed as its control pin system_i/pBlaze_0/U0/picoBlaze_v1_0_S_AXI_inst/Proccesor_v1/s_axi_rdata_reg[10]/G is not reached by a timing clock
Related violations: <none>

TIMING-20#99 Warning
Non-clocked latch  
The latch system_i/pBlaze_0/U0/picoBlaze_v1_0_S_AXI_inst/Proccesor_v1/s_axi_rdata_reg[11] cannot be properly analyzed as its control pin system_i/pBlaze_0/U0/picoBlaze_v1_0_S_AXI_inst/Proccesor_v1/s_axi_rdata_reg[11]/G is not reached by a timing clock
Related violations: <none>

TIMING-20#100 Warning
Non-clocked latch  
The latch system_i/pBlaze_0/U0/picoBlaze_v1_0_S_AXI_inst/Proccesor_v1/s_axi_rdata_reg[12] cannot be properly analyzed as its control pin system_i/pBlaze_0/U0/picoBlaze_v1_0_S_AXI_inst/Proccesor_v1/s_axi_rdata_reg[12]/G is not reached by a timing clock
Related violations: <none>

TIMING-20#101 Warning
Non-clocked latch  
The latch system_i/pBlaze_0/U0/picoBlaze_v1_0_S_AXI_inst/Proccesor_v1/s_axi_rdata_reg[13] cannot be properly analyzed as its control pin system_i/pBlaze_0/U0/picoBlaze_v1_0_S_AXI_inst/Proccesor_v1/s_axi_rdata_reg[13]/G is not reached by a timing clock
Related violations: <none>

TIMING-20#102 Warning
Non-clocked latch  
The latch system_i/pBlaze_0/U0/picoBlaze_v1_0_S_AXI_inst/Proccesor_v1/s_axi_rdata_reg[14] cannot be properly analyzed as its control pin system_i/pBlaze_0/U0/picoBlaze_v1_0_S_AXI_inst/Proccesor_v1/s_axi_rdata_reg[14]/G is not reached by a timing clock
Related violations: <none>

TIMING-20#103 Warning
Non-clocked latch  
The latch system_i/pBlaze_0/U0/picoBlaze_v1_0_S_AXI_inst/Proccesor_v1/s_axi_rdata_reg[15] cannot be properly analyzed as its control pin system_i/pBlaze_0/U0/picoBlaze_v1_0_S_AXI_inst/Proccesor_v1/s_axi_rdata_reg[15]/G is not reached by a timing clock
Related violations: <none>

TIMING-20#104 Warning
Non-clocked latch  
The latch system_i/pBlaze_0/U0/picoBlaze_v1_0_S_AXI_inst/Proccesor_v1/s_axi_rdata_reg[16] cannot be properly analyzed as its control pin system_i/pBlaze_0/U0/picoBlaze_v1_0_S_AXI_inst/Proccesor_v1/s_axi_rdata_reg[16]/G is not reached by a timing clock
Related violations: <none>

TIMING-20#105 Warning
Non-clocked latch  
The latch system_i/pBlaze_0/U0/picoBlaze_v1_0_S_AXI_inst/Proccesor_v1/s_axi_rdata_reg[17] cannot be properly analyzed as its control pin system_i/pBlaze_0/U0/picoBlaze_v1_0_S_AXI_inst/Proccesor_v1/s_axi_rdata_reg[17]/G is not reached by a timing clock
Related violations: <none>

TIMING-20#106 Warning
Non-clocked latch  
The latch system_i/pBlaze_0/U0/picoBlaze_v1_0_S_AXI_inst/Proccesor_v1/s_axi_rdata_reg[18] cannot be properly analyzed as its control pin system_i/pBlaze_0/U0/picoBlaze_v1_0_S_AXI_inst/Proccesor_v1/s_axi_rdata_reg[18]/G is not reached by a timing clock
Related violations: <none>

TIMING-20#107 Warning
Non-clocked latch  
The latch system_i/pBlaze_0/U0/picoBlaze_v1_0_S_AXI_inst/Proccesor_v1/s_axi_rdata_reg[19] cannot be properly analyzed as its control pin system_i/pBlaze_0/U0/picoBlaze_v1_0_S_AXI_inst/Proccesor_v1/s_axi_rdata_reg[19]/G is not reached by a timing clock
Related violations: <none>

TIMING-20#108 Warning
Non-clocked latch  
The latch system_i/pBlaze_0/U0/picoBlaze_v1_0_S_AXI_inst/Proccesor_v1/s_axi_rdata_reg[1] cannot be properly analyzed as its control pin system_i/pBlaze_0/U0/picoBlaze_v1_0_S_AXI_inst/Proccesor_v1/s_axi_rdata_reg[1]/G is not reached by a timing clock
Related violations: <none>

TIMING-20#109 Warning
Non-clocked latch  
The latch system_i/pBlaze_0/U0/picoBlaze_v1_0_S_AXI_inst/Proccesor_v1/s_axi_rdata_reg[20] cannot be properly analyzed as its control pin system_i/pBlaze_0/U0/picoBlaze_v1_0_S_AXI_inst/Proccesor_v1/s_axi_rdata_reg[20]/G is not reached by a timing clock
Related violations: <none>

TIMING-20#110 Warning
Non-clocked latch  
The latch system_i/pBlaze_0/U0/picoBlaze_v1_0_S_AXI_inst/Proccesor_v1/s_axi_rdata_reg[21] cannot be properly analyzed as its control pin system_i/pBlaze_0/U0/picoBlaze_v1_0_S_AXI_inst/Proccesor_v1/s_axi_rdata_reg[21]/G is not reached by a timing clock
Related violations: <none>

TIMING-20#111 Warning
Non-clocked latch  
The latch system_i/pBlaze_0/U0/picoBlaze_v1_0_S_AXI_inst/Proccesor_v1/s_axi_rdata_reg[22] cannot be properly analyzed as its control pin system_i/pBlaze_0/U0/picoBlaze_v1_0_S_AXI_inst/Proccesor_v1/s_axi_rdata_reg[22]/G is not reached by a timing clock
Related violations: <none>

TIMING-20#112 Warning
Non-clocked latch  
The latch system_i/pBlaze_0/U0/picoBlaze_v1_0_S_AXI_inst/Proccesor_v1/s_axi_rdata_reg[23] cannot be properly analyzed as its control pin system_i/pBlaze_0/U0/picoBlaze_v1_0_S_AXI_inst/Proccesor_v1/s_axi_rdata_reg[23]/G is not reached by a timing clock
Related violations: <none>

TIMING-20#113 Warning
Non-clocked latch  
The latch system_i/pBlaze_0/U0/picoBlaze_v1_0_S_AXI_inst/Proccesor_v1/s_axi_rdata_reg[24] cannot be properly analyzed as its control pin system_i/pBlaze_0/U0/picoBlaze_v1_0_S_AXI_inst/Proccesor_v1/s_axi_rdata_reg[24]/G is not reached by a timing clock
Related violations: <none>

TIMING-20#114 Warning
Non-clocked latch  
The latch system_i/pBlaze_0/U0/picoBlaze_v1_0_S_AXI_inst/Proccesor_v1/s_axi_rdata_reg[25] cannot be properly analyzed as its control pin system_i/pBlaze_0/U0/picoBlaze_v1_0_S_AXI_inst/Proccesor_v1/s_axi_rdata_reg[25]/G is not reached by a timing clock
Related violations: <none>

TIMING-20#115 Warning
Non-clocked latch  
The latch system_i/pBlaze_0/U0/picoBlaze_v1_0_S_AXI_inst/Proccesor_v1/s_axi_rdata_reg[26] cannot be properly analyzed as its control pin system_i/pBlaze_0/U0/picoBlaze_v1_0_S_AXI_inst/Proccesor_v1/s_axi_rdata_reg[26]/G is not reached by a timing clock
Related violations: <none>

TIMING-20#116 Warning
Non-clocked latch  
The latch system_i/pBlaze_0/U0/picoBlaze_v1_0_S_AXI_inst/Proccesor_v1/s_axi_rdata_reg[27] cannot be properly analyzed as its control pin system_i/pBlaze_0/U0/picoBlaze_v1_0_S_AXI_inst/Proccesor_v1/s_axi_rdata_reg[27]/G is not reached by a timing clock
Related violations: <none>

TIMING-20#117 Warning
Non-clocked latch  
The latch system_i/pBlaze_0/U0/picoBlaze_v1_0_S_AXI_inst/Proccesor_v1/s_axi_rdata_reg[28] cannot be properly analyzed as its control pin system_i/pBlaze_0/U0/picoBlaze_v1_0_S_AXI_inst/Proccesor_v1/s_axi_rdata_reg[28]/G is not reached by a timing clock
Related violations: <none>

TIMING-20#118 Warning
Non-clocked latch  
The latch system_i/pBlaze_0/U0/picoBlaze_v1_0_S_AXI_inst/Proccesor_v1/s_axi_rdata_reg[29] cannot be properly analyzed as its control pin system_i/pBlaze_0/U0/picoBlaze_v1_0_S_AXI_inst/Proccesor_v1/s_axi_rdata_reg[29]/G is not reached by a timing clock
Related violations: <none>

TIMING-20#119 Warning
Non-clocked latch  
The latch system_i/pBlaze_0/U0/picoBlaze_v1_0_S_AXI_inst/Proccesor_v1/s_axi_rdata_reg[2] cannot be properly analyzed as its control pin system_i/pBlaze_0/U0/picoBlaze_v1_0_S_AXI_inst/Proccesor_v1/s_axi_rdata_reg[2]/G is not reached by a timing clock
Related violations: <none>

TIMING-20#120 Warning
Non-clocked latch  
The latch system_i/pBlaze_0/U0/picoBlaze_v1_0_S_AXI_inst/Proccesor_v1/s_axi_rdata_reg[30] cannot be properly analyzed as its control pin system_i/pBlaze_0/U0/picoBlaze_v1_0_S_AXI_inst/Proccesor_v1/s_axi_rdata_reg[30]/G is not reached by a timing clock
Related violations: <none>

TIMING-20#121 Warning
Non-clocked latch  
The latch system_i/pBlaze_0/U0/picoBlaze_v1_0_S_AXI_inst/Proccesor_v1/s_axi_rdata_reg[31] cannot be properly analyzed as its control pin system_i/pBlaze_0/U0/picoBlaze_v1_0_S_AXI_inst/Proccesor_v1/s_axi_rdata_reg[31]/G is not reached by a timing clock
Related violations: <none>

TIMING-20#122 Warning
Non-clocked latch  
The latch system_i/pBlaze_0/U0/picoBlaze_v1_0_S_AXI_inst/Proccesor_v1/s_axi_rdata_reg[3] cannot be properly analyzed as its control pin system_i/pBlaze_0/U0/picoBlaze_v1_0_S_AXI_inst/Proccesor_v1/s_axi_rdata_reg[3]/G is not reached by a timing clock
Related violations: <none>

TIMING-20#123 Warning
Non-clocked latch  
The latch system_i/pBlaze_0/U0/picoBlaze_v1_0_S_AXI_inst/Proccesor_v1/s_axi_rdata_reg[4] cannot be properly analyzed as its control pin system_i/pBlaze_0/U0/picoBlaze_v1_0_S_AXI_inst/Proccesor_v1/s_axi_rdata_reg[4]/G is not reached by a timing clock
Related violations: <none>

TIMING-20#124 Warning
Non-clocked latch  
The latch system_i/pBlaze_0/U0/picoBlaze_v1_0_S_AXI_inst/Proccesor_v1/s_axi_rdata_reg[5] cannot be properly analyzed as its control pin system_i/pBlaze_0/U0/picoBlaze_v1_0_S_AXI_inst/Proccesor_v1/s_axi_rdata_reg[5]/G is not reached by a timing clock
Related violations: <none>

TIMING-20#125 Warning
Non-clocked latch  
The latch system_i/pBlaze_0/U0/picoBlaze_v1_0_S_AXI_inst/Proccesor_v1/s_axi_rdata_reg[6] cannot be properly analyzed as its control pin system_i/pBlaze_0/U0/picoBlaze_v1_0_S_AXI_inst/Proccesor_v1/s_axi_rdata_reg[6]/G is not reached by a timing clock
Related violations: <none>

TIMING-20#126 Warning
Non-clocked latch  
The latch system_i/pBlaze_0/U0/picoBlaze_v1_0_S_AXI_inst/Proccesor_v1/s_axi_rdata_reg[7] cannot be properly analyzed as its control pin system_i/pBlaze_0/U0/picoBlaze_v1_0_S_AXI_inst/Proccesor_v1/s_axi_rdata_reg[7]/G is not reached by a timing clock
Related violations: <none>

TIMING-20#127 Warning
Non-clocked latch  
The latch system_i/pBlaze_0/U0/picoBlaze_v1_0_S_AXI_inst/Proccesor_v1/s_axi_rdata_reg[8] cannot be properly analyzed as its control pin system_i/pBlaze_0/U0/picoBlaze_v1_0_S_AXI_inst/Proccesor_v1/s_axi_rdata_reg[8]/G is not reached by a timing clock
Related violations: <none>

TIMING-20#128 Warning
Non-clocked latch  
The latch system_i/pBlaze_0/U0/picoBlaze_v1_0_S_AXI_inst/Proccesor_v1/s_axi_rdata_reg[9] cannot be properly analyzed as its control pin system_i/pBlaze_0/U0/picoBlaze_v1_0_S_AXI_inst/Proccesor_v1/s_axi_rdata_reg[9]/G is not reached by a timing clock
Related violations: <none>

XDCB-5#1 Warning
Runtime inefficient way to find pin objects  
The option '-from : [get_pins -hierarchical -filter { NAME =~  "*ila_core_inst/u_ila_cap_ctrl/U_CDONE/I_YESLUT6.U_SRL32_*/CLK*" }]' of constraint 'set_false_path' uses inefficient query to find pin objects (see constraint position '59' in the Timing Constraint window in Vivado IDE). To reduce runtime, it is recommended to get the pins through the cell objects. Please refer to Using Constraints Guide (Constraints Efficiency). An example of optimal query is: get_pins -filter {REF_PIN_NAME=~yy*} -of_objects [get_cells -hierarchical xx*].
Current XDC: c:/xup/fpga_flow/2016_2_zynq_labs/sol_v1/sol_v1.runs/impl_1/.Xil/Vivado-11832-Berna/u_ila_0_CV.0/out/ila.xdc (Line: 80)
Related violations: <none>

XDCB-5#2 Warning
Runtime inefficient way to find pin objects  
The option '-from : [get_pins -hierarchical -filter { NAME =~  "*ila_core_inst/u_ila_cap_ctrl/U_NS0/I_YESLUT6.U_SRL32_*/CLK*" }]' of constraint 'set_false_path' uses inefficient query to find pin objects (see constraint position '60' in the Timing Constraint window in Vivado IDE). To reduce runtime, it is recommended to get the pins through the cell objects. Please refer to Using Constraints Guide (Constraints Efficiency). An example of optimal query is: get_pins -filter {REF_PIN_NAME=~yy*} -of_objects [get_cells -hierarchical xx*].
Current XDC: c:/xup/fpga_flow/2016_2_zynq_labs/sol_v1/sol_v1.runs/impl_1/.Xil/Vivado-11832-Berna/u_ila_0_CV.0/out/ila.xdc (Line: 81)
Related violations: <none>

XDCB-5#3 Warning
Runtime inefficient way to find pin objects  
The option '-from : [get_pins -hierarchical -filter { NAME =~  "*ila_core_inst/u_ila_cap_ctrl/U_NS1/I_YESLUT6.U_SRL32_*/CLK*" }]' of constraint 'set_false_path' uses inefficient query to find pin objects (see constraint position '61' in the Timing Constraint window in Vivado IDE). To reduce runtime, it is recommended to get the pins through the cell objects. Please refer to Using Constraints Guide (Constraints Efficiency). An example of optimal query is: get_pins -filter {REF_PIN_NAME=~yy*} -of_objects [get_cells -hierarchical xx*].
Current XDC: c:/xup/fpga_flow/2016_2_zynq_labs/sol_v1/sol_v1.runs/impl_1/.Xil/Vivado-11832-Berna/u_ila_0_CV.0/out/ila.xdc (Line: 82)
Related violations: <none>

XDCB-5#4 Warning
Runtime inefficient way to find pin objects  
The option '-from : [get_pins -hierarchical -filter { NAME =~  "*ila_core_inst/u_ila_cap_ctrl/u_cap_addrgen/U_CMPRESET/I_YESLUT6.U_SRL32_*/CLK*" }]' of constraint 'set_false_path' uses inefficient query to find pin objects (see constraint position '46' in the Timing Constraint window in Vivado IDE). To reduce runtime, it is recommended to get the pins through the cell objects. Please refer to Using Constraints Guide (Constraints Efficiency). An example of optimal query is: get_pins -filter {REF_PIN_NAME=~yy*} -of_objects [get_cells -hierarchical xx*].
Current XDC: c:/xup/fpga_flow/2016_2_zynq_labs/sol_v1/sol_v1.runs/impl_1/.Xil/Vivado-11832-Berna/u_ila_0_CV.0/out/ila.xdc (Line: 63)
Related violations: <none>

XDCB-5#5 Warning
Runtime inefficient way to find pin objects  
The option '-from : [get_pins -hierarchical -filter { NAME =~  "*ila_core_inst/u_ila_cap_ctrl/u_cap_addrgen/U_CMPRESET/I_YESLUT6.U_SRL32_*/CLK*" }]' of constraint 'set_false_path' uses inefficient query to find pin objects (see constraint position '53' in the Timing Constraint window in Vivado IDE). To reduce runtime, it is recommended to get the pins through the cell objects. Please refer to Using Constraints Guide (Constraints Efficiency). An example of optimal query is: get_pins -filter {REF_PIN_NAME=~yy*} -of_objects [get_cells -hierarchical xx*].
Current XDC: c:/xup/fpga_flow/2016_2_zynq_labs/sol_v1/sol_v1.runs/impl_1/.Xil/Vivado-11832-Berna/u_ila_0_CV.0/out/ila.xdc (Line: 74)
Related violations: <none>

XDCB-5#6 Warning
Runtime inefficient way to find pin objects  
The option '-from : [get_pins -hierarchical -filter { NAME =~  "*ila_core_inst/u_ila_cap_ctrl/u_cap_addrgen/U_CMPRESET/I_YESLUT6.U_SRL32_*/CLK*" }]' of constraint 'set_false_path' uses inefficient query to find pin objects (see constraint position '54' in the Timing Constraint window in Vivado IDE). To reduce runtime, it is recommended to get the pins through the cell objects. Please refer to Using Constraints Guide (Constraints Efficiency). An example of optimal query is: get_pins -filter {REF_PIN_NAME=~yy*} -of_objects [get_cells -hierarchical xx*].
Current XDC: c:/xup/fpga_flow/2016_2_zynq_labs/sol_v1/sol_v1.runs/impl_1/.Xil/Vivado-11832-Berna/u_ila_0_CV.0/out/ila.xdc (Line: 75)
Related violations: <none>

XDCB-5#7 Warning
Runtime inefficient way to find pin objects  
The option '-from : [get_pins -hierarchical -filter { NAME =~  "*ila_core_inst/u_ila_cap_ctrl/u_cap_addrgen/u_cap_sample_counter/U_SCE/I_YESLUT6.U_SRLC16E/CLK*" }]' of constraint 'set_false_path' uses inefficient query to find pin objects (see constraint position '55' in the Timing Constraint window in Vivado IDE). To reduce runtime, it is recommended to get the pins through the cell objects. Please refer to Using Constraints Guide (Constraints Efficiency). An example of optimal query is: get_pins -filter {REF_PIN_NAME=~yy*} -of_objects [get_cells -hierarchical xx*].
Current XDC: c:/xup/fpga_flow/2016_2_zynq_labs/sol_v1/sol_v1.runs/impl_1/.Xil/Vivado-11832-Berna/u_ila_0_CV.0/out/ila.xdc (Line: 76)
Related violations: <none>

XDCB-5#8 Warning
Runtime inefficient way to find pin objects  
The option '-from : [get_pins -hierarchical -filter { NAME =~  "*ila_core_inst/u_ila_cap_ctrl/u_cap_addrgen/u_cap_sample_counter/U_SCE/I_YESLUT6.U_SRLC16E/CLK*" }]' of constraint 'set_false_path' uses inefficient query to find pin objects (see constraint position '56' in the Timing Constraint window in Vivado IDE). To reduce runtime, it is recommended to get the pins through the cell objects. Please refer to Using Constraints Guide (Constraints Efficiency). An example of optimal query is: get_pins -filter {REF_PIN_NAME=~yy*} -of_objects [get_cells -hierarchical xx*].
Current XDC: c:/xup/fpga_flow/2016_2_zynq_labs/sol_v1/sol_v1.runs/impl_1/.Xil/Vivado-11832-Berna/u_ila_0_CV.0/out/ila.xdc (Line: 77)
Related violations: <none>

XDCB-5#9 Warning
Runtime inefficient way to find pin objects  
The option '-from : [get_pins -hierarchical -filter { NAME =~  "*ila_core_inst/u_ila_cap_ctrl/u_cap_addrgen/u_cap_sample_counter/U_SCMPCE/I_YESLUT6.U_SRL32/CLK*"}]' of constraint 'set_false_path' uses inefficient query to find pin objects (see constraint position '43' in the Timing Constraint window in Vivado IDE). To reduce runtime, it is recommended to get the pins through the cell objects. Please refer to Using Constraints Guide (Constraints Efficiency). An example of optimal query is: get_pins -filter {REF_PIN_NAME=~yy*} -of_objects [get_cells -hierarchical xx*].
Current XDC: c:/xup/fpga_flow/2016_2_zynq_labs/sol_v1/sol_v1.runs/impl_1/.Xil/Vivado-11832-Berna/u_ila_0_CV.0/out/ila.xdc (Line: 60)
Related violations: <none>

XDCB-5#10 Warning
Runtime inefficient way to find pin objects  
The option '-from : [get_pins -hierarchical -filter { NAME =~  "*ila_core_inst/u_ila_cap_ctrl/u_cap_addrgen/u_cap_sample_counter/U_SCRST/I_YESLUT6.U_SRL32_*/CLK*" }]' of constraint 'set_false_path' uses inefficient query to find pin objects (see constraint position '57' in the Timing Constraint window in Vivado IDE). To reduce runtime, it is recommended to get the pins through the cell objects. Please refer to Using Constraints Guide (Constraints Efficiency). An example of optimal query is: get_pins -filter {REF_PIN_NAME=~yy*} -of_objects [get_cells -hierarchical xx*].
Current XDC: c:/xup/fpga_flow/2016_2_zynq_labs/sol_v1/sol_v1.runs/impl_1/.Xil/Vivado-11832-Berna/u_ila_0_CV.0/out/ila.xdc (Line: 78)
Related violations: <none>

XDCB-5#11 Warning
Runtime inefficient way to find pin objects  
The option '-from : [get_pins -hierarchical -filter { NAME =~  "*ila_core_inst/u_ila_cap_ctrl/u_cap_addrgen/u_cap_sample_counter/u_scnt_cmp/allx_typeA_match_detection.ltlib_v1_0_0_allx_typeA_inst/DUT/I_WHOLE_SLICE.G_SLICE_IDX[*].U_ALL_SRL_SLICE/u_srl*/S*/CLK*"}]' of constraint 'set_false_path' uses inefficient query to find pin objects (see constraint position '45' in the Timing Constraint window in Vivado IDE). To reduce runtime, it is recommended to get the pins through the cell objects. Please refer to Using Constraints Guide (Constraints Efficiency). An example of optimal query is: get_pins -filter {REF_PIN_NAME=~yy*} -of_objects [get_cells -hierarchical xx*].
Current XDC: c:/xup/fpga_flow/2016_2_zynq_labs/sol_v1/sol_v1.runs/impl_1/.Xil/Vivado-11832-Berna/u_ila_0_CV.0/out/ila.xdc (Line: 62)
Related violations: <none>

XDCB-5#12 Warning
Runtime inefficient way to find pin objects  
The option '-from : [get_pins -hierarchical -filter { NAME =~  "*ila_core_inst/u_ila_cap_ctrl/u_cap_addrgen/u_cap_sample_counter/u_scnt_cmp/allx_typeA_match_detection.ltlib_v1_0_0_allx_typeA_inst/DUT/u_srl_drive/CLK*"}]' of constraint 'set_false_path' uses inefficient query to find pin objects (see constraint position '44' in the Timing Constraint window in Vivado IDE). To reduce runtime, it is recommended to get the pins through the cell objects. Please refer to Using Constraints Guide (Constraints Efficiency). An example of optimal query is: get_pins -filter {REF_PIN_NAME=~yy*} -of_objects [get_cells -hierarchical xx*].
Current XDC: c:/xup/fpga_flow/2016_2_zynq_labs/sol_v1/sol_v1.runs/impl_1/.Xil/Vivado-11832-Berna/u_ila_0_CV.0/out/ila.xdc (Line: 61)
Related violations: <none>

XDCB-5#13 Warning
Runtime inefficient way to find pin objects  
The option '-from : [get_pins -hierarchical -filter { NAME =~  "*ila_core_inst/u_ila_cap_ctrl/u_cap_addrgen/u_cap_window_counter/U_WCE/I_YESLUT6.U_SRLC16E/CLK*" }]' of constraint 'set_false_path' uses inefficient query to find pin objects (see constraint position '58' in the Timing Constraint window in Vivado IDE). To reduce runtime, it is recommended to get the pins through the cell objects. Please refer to Using Constraints Guide (Constraints Efficiency). An example of optimal query is: get_pins -filter {REF_PIN_NAME=~yy*} -of_objects [get_cells -hierarchical xx*].
Current XDC: c:/xup/fpga_flow/2016_2_zynq_labs/sol_v1/sol_v1.runs/impl_1/.Xil/Vivado-11832-Berna/u_ila_0_CV.0/out/ila.xdc (Line: 79)
Related violations: <none>

XDCB-5#14 Warning
Runtime inefficient way to find pin objects  
The option '-from : [get_pins -hierarchical -filter { NAME =~  "*ila_core_inst/u_ila_cap_ctrl/u_cap_addrgen/u_cap_window_counter/U_WHCMPCE/I_YESLUT6.U_SRL32/CLK*"}]' of constraint 'set_false_path' uses inefficient query to find pin objects (see constraint position '51' in the Timing Constraint window in Vivado IDE). To reduce runtime, it is recommended to get the pins through the cell objects. Please refer to Using Constraints Guide (Constraints Efficiency). An example of optimal query is: get_pins -filter {REF_PIN_NAME=~yy*} -of_objects [get_cells -hierarchical xx*].
Current XDC: c:/xup/fpga_flow/2016_2_zynq_labs/sol_v1/sol_v1.runs/impl_1/.Xil/Vivado-11832-Berna/u_ila_0_CV.0/out/ila.xdc (Line: 72)
Related violations: <none>

XDCB-5#15 Warning
Runtime inefficient way to find pin objects  
The option '-from : [get_pins -hierarchical -filter { NAME =~  "*ila_core_inst/u_ila_cap_ctrl/u_cap_addrgen/u_cap_window_counter/U_WLCMPCE/I_YESLUT6.U_SRL32/CLK*"}]' of constraint 'set_false_path' uses inefficient query to find pin objects (see constraint position '52' in the Timing Constraint window in Vivado IDE). To reduce runtime, it is recommended to get the pins through the cell objects. Please refer to Using Constraints Guide (Constraints Efficiency). An example of optimal query is: get_pins -filter {REF_PIN_NAME=~yy*} -of_objects [get_cells -hierarchical xx*].
Current XDC: c:/xup/fpga_flow/2016_2_zynq_labs/sol_v1/sol_v1.runs/impl_1/.Xil/Vivado-11832-Berna/u_ila_0_CV.0/out/ila.xdc (Line: 73)
Related violations: <none>

XDCB-5#16 Warning
Runtime inefficient way to find pin objects  
The option '-from : [get_pins -hierarchical -filter { NAME =~  "*ila_core_inst/u_ila_cap_ctrl/u_cap_addrgen/u_cap_window_counter/u_wcnt_hcmp/allx_typeA_match_detection.ltlib_v1_0_0_allx_typeA_inst/DUT/I_WHOLE_SLICE.G_SLICE_IDX[*].U_ALL_SRL_SLICE/u_srl*/S*/CLK*"}]' of constraint 'set_false_path' uses inefficient query to find pin objects (see constraint position '48' in the Timing Constraint window in Vivado IDE). To reduce runtime, it is recommended to get the pins through the cell objects. Please refer to Using Constraints Guide (Constraints Efficiency). An example of optimal query is: get_pins -filter {REF_PIN_NAME=~yy*} -of_objects [get_cells -hierarchical xx*].
Current XDC: c:/xup/fpga_flow/2016_2_zynq_labs/sol_v1/sol_v1.runs/impl_1/.Xil/Vivado-11832-Berna/u_ila_0_CV.0/out/ila.xdc (Line: 69)
Related violations: <none>

XDCB-5#17 Warning
Runtime inefficient way to find pin objects  
The option '-from : [get_pins -hierarchical -filter { NAME =~  "*ila_core_inst/u_ila_cap_ctrl/u_cap_addrgen/u_cap_window_counter/u_wcnt_hcmp/allx_typeA_match_detection.ltlib_v1_0_0_allx_typeA_inst/DUT/u_srl_drive/CLK*"}]' of constraint 'set_false_path' uses inefficient query to find pin objects (see constraint position '50' in the Timing Constraint window in Vivado IDE). To reduce runtime, it is recommended to get the pins through the cell objects. Please refer to Using Constraints Guide (Constraints Efficiency). An example of optimal query is: get_pins -filter {REF_PIN_NAME=~yy*} -of_objects [get_cells -hierarchical xx*].
Current XDC: c:/xup/fpga_flow/2016_2_zynq_labs/sol_v1/sol_v1.runs/impl_1/.Xil/Vivado-11832-Berna/u_ila_0_CV.0/out/ila.xdc (Line: 71)
Related violations: <none>

XDCB-5#18 Warning
Runtime inefficient way to find pin objects  
The option '-from : [get_pins -hierarchical -filter { NAME =~  "*ila_core_inst/u_ila_cap_ctrl/u_cap_addrgen/u_cap_window_counter/u_wcnt_lcmp/allx_typeA_match_detection.ltlib_v1_0_0_allx_typeA_inst/DUT/I_WHOLE_SLICE.G_SLICE_IDX[*].U_ALL_SRL_SLICE/u_srl*/S*/CLK*"}]' of constraint 'set_false_path' uses inefficient query to find pin objects (see constraint position '47' in the Timing Constraint window in Vivado IDE). To reduce runtime, it is recommended to get the pins through the cell objects. Please refer to Using Constraints Guide (Constraints Efficiency). An example of optimal query is: get_pins -filter {REF_PIN_NAME=~yy*} -of_objects [get_cells -hierarchical xx*].
Current XDC: c:/xup/fpga_flow/2016_2_zynq_labs/sol_v1/sol_v1.runs/impl_1/.Xil/Vivado-11832-Berna/u_ila_0_CV.0/out/ila.xdc (Line: 68)
Related violations: <none>

XDCB-5#19 Warning
Runtime inefficient way to find pin objects  
The option '-from : [get_pins -hierarchical -filter { NAME =~  "*ila_core_inst/u_ila_cap_ctrl/u_cap_addrgen/u_cap_window_counter/u_wcnt_lcmp/allx_typeA_match_detection.ltlib_v1_0_0_allx_typeA_inst/DUT/u_srl_drive/CLK*"}]' of constraint 'set_false_path' uses inefficient query to find pin objects (see constraint position '49' in the Timing Constraint window in Vivado IDE). To reduce runtime, it is recommended to get the pins through the cell objects. Please refer to Using Constraints Guide (Constraints Efficiency). An example of optimal query is: get_pins -filter {REF_PIN_NAME=~yy*} -of_objects [get_cells -hierarchical xx*].
Current XDC: c:/xup/fpga_flow/2016_2_zynq_labs/sol_v1/sol_v1.runs/impl_1/.Xil/Vivado-11832-Berna/u_ila_0_CV.0/out/ila.xdc (Line: 70)
Related violations: <none>

XDCB-5#20 Warning
Runtime inefficient way to find pin objects  
The option '-from : [get_pins -hierarchical -filter {NAME =~ *allx_typeA_match_detection.ltlib_v1_0_0_allx_typeA_inst/DUT/I_WHOLE_SLICE.G_SLICE_IDX[*].U_ALL_SRL_SLICE/u_srl*/S*/CLK}]' of constraint 'set_false_path' uses inefficient query to find pin objects (see constraint position '37' in the Timing Constraint window in Vivado IDE). To reduce runtime, it is recommended to get the pins through the cell objects. Please refer to Using Constraints Guide (Constraints Efficiency). An example of optimal query is: get_pins -filter {REF_PIN_NAME=~yy*} -of_objects [get_cells -hierarchical xx*].
Current XDC: c:/xup/fpga_flow/2016_2_zynq_labs/sol_v1/sol_v1.runs/impl_1/.Xil/Vivado-11832-Berna/u_ila_0_CV.0/out/ila.xdc (Line: 41)
Related violations: <none>

XDCB-5#21 Warning
Runtime inefficient way to find pin objects  
The option '-from : [get_pins -hierarchical -filter {NAME =~ *allx_typeA_match_detection.ltlib_v1_0_0_allx_typeA_inst/DUT/u_srl_drive/CLK}]' of constraint 'set_false_path' uses inefficient query to find pin objects (see constraint position '36' in the Timing Constraint window in Vivado IDE). To reduce runtime, it is recommended to get the pins through the cell objects. Please refer to Using Constraints Guide (Constraints Efficiency). An example of optimal query is: get_pins -filter {REF_PIN_NAME=~yy*} -of_objects [get_cells -hierarchical xx*].
Current XDC: c:/xup/fpga_flow/2016_2_zynq_labs/sol_v1/sol_v1.runs/impl_1/.Xil/Vivado-11832-Berna/u_ila_0_CV.0/out/ila.xdc (Line: 40)
Related violations: <none>

XDCB-5#22 Warning
Runtime inefficient way to find pin objects  
The option '-to : [get_pins -hierarchical -filter {NAME =~ *allx_typeA_match_detection.ltlib_v1_0_0_allx_typeA_inst/DUT/I_WHOLE_SLICE.G_SLICE_IDX[*].U_ALL_SRL_SLICE/I_IS_TERMINATION_SLICE_W_OUTPUT_REG.DOUT_O_reg/D}]' of constraint 'set_false_path' uses inefficient query to find pin objects (see constraint position '36' in the Timing Constraint window in Vivado IDE). To reduce runtime, it is recommended to get the pins through the cell objects. Please refer to Using Constraints Guide (Constraints Efficiency). An example of optimal query is: get_pins -filter {REF_PIN_NAME=~yy*} -of_objects [get_cells -hierarchical xx*].
Current XDC: c:/xup/fpga_flow/2016_2_zynq_labs/sol_v1/sol_v1.runs/impl_1/.Xil/Vivado-11832-Berna/u_ila_0_CV.0/out/ila.xdc (Line: 40)
Related violations: <none>

XDCB-5#23 Warning
Runtime inefficient way to find pin objects  
The option '-to : [get_pins -hierarchical -filter {NAME =~ *allx_typeA_match_detection.ltlib_v1_0_0_allx_typeA_inst/DUT/I_WHOLE_SLICE.G_SLICE_IDX[*].U_ALL_SRL_SLICE/I_IS_TERMINATION_SLICE_W_OUTPUT_REG.DOUT_O_reg/D}]' of constraint 'set_false_path' uses inefficient query to find pin objects (see constraint position '37' in the Timing Constraint window in Vivado IDE). To reduce runtime, it is recommended to get the pins through the cell objects. Please refer to Using Constraints Guide (Constraints Efficiency). An example of optimal query is: get_pins -filter {REF_PIN_NAME=~yy*} -of_objects [get_cells -hierarchical xx*].
Current XDC: c:/xup/fpga_flow/2016_2_zynq_labs/sol_v1/sol_v1.runs/impl_1/.Xil/Vivado-11832-Berna/u_ila_0_CV.0/out/ila.xdc (Line: 41)
Related violations: <none>


