
*** Running vivado
    with args -log system_axi_smc_1.vds -m64 -product Vivado -mode batch -messageDb vivado.pb -notrace -source system_axi_smc_1.tcl


****** Vivado v2017.2 (64-bit)
  **** SW Build 1909853 on Thu Jun 15 18:39:09 MDT 2017
  **** IP Build 1909766 on Thu Jun 15 19:58:00 MDT 2017
    ** Copyright 1986-2017 Xilinx, Inc. All Rights Reserved.

source system_axi_smc_1.tcl -notrace
Starting RTL Elaboration : Time (s): cpu = 00:00:09 ; elapsed = 00:00:11 . Memory (MB): peak = 388.875 ; gain = 97.004
INFO: [Synth 8-638] synthesizing module 'system_axi_smc_1' [c:/xup/fpga_flow/TFMV2/TFM_GE/TFM_GE.srcs/sources_1/bd/system/ip/system_axi_smc_1/synth/system_axi_smc_1.v:57]
INFO: [Synth 8-638] synthesizing module 'bd_8422' [c:/xup/fpga_flow/TFMV2/TFM_GE/TFM_GE.srcs/sources_1/bd/system/ip/system_axi_smc_1/bd_0/hdl/bd_8422.v:13]
INFO: [Synth 8-638] synthesizing module 'clk_map_imp_6WUBGP' [c:/xup/fpga_flow/TFMV2/TFM_GE/TFM_GE.srcs/sources_1/bd/system/ip/system_axi_smc_1/bd_0/hdl/bd_8422.v:1367]
INFO: [Synth 8-638] synthesizing module 'bd_8422_one_0' [c:/xup/fpga_flow/TFMV2/TFM_GE/TFM_GE.srcs/sources_1/bd/system/ip/system_axi_smc_1/bd_0/ip/ip_0/synth/bd_8422_one_0.v:57]
INFO: [Synth 8-638] synthesizing module 'xlconstant_v1_1_3_xlconstant' [c:/xup/fpga_flow/TFMV2/TFM_GE/TFM_GE.srcs/sources_1/bd/system/ipshared/45df/hdl/xlconstant_v1_1_vl_rfs.v:23]
INFO: [Synth 8-256] done synthesizing module 'xlconstant_v1_1_3_xlconstant' (1#1) [c:/xup/fpga_flow/TFMV2/TFM_GE/TFM_GE.srcs/sources_1/bd/system/ipshared/45df/hdl/xlconstant_v1_1_vl_rfs.v:23]
INFO: [Synth 8-256] done synthesizing module 'bd_8422_one_0' (2#1) [c:/xup/fpga_flow/TFMV2/TFM_GE/TFM_GE.srcs/sources_1/bd/system/ip/system_axi_smc_1/bd_0/ip/ip_0/synth/bd_8422_one_0.v:57]
INFO: [Synth 8-638] synthesizing module 'bd_8422_psr_aclk_0' [c:/xup/fpga_flow/TFMV2/TFM_GE/TFM_GE.srcs/sources_1/bd/system/ip/system_axi_smc_1/bd_0/ip/ip_1/synth/bd_8422_psr_aclk_0.vhd:74]
INFO: [Synth 8-638] synthesizing module 'proc_sys_reset' [c:/xup/fpga_flow/TFMV2/TFM_GE/TFM_GE.srcs/sources_1/bd/system/ipshared/5db7/hdl/proc_sys_reset_v5_0_vh_rfs.vhd:1323]
INFO: [Synth 8-638] synthesizing module 'lpf' [c:/xup/fpga_flow/TFMV2/TFM_GE/TFM_GE.srcs/sources_1/bd/system/ipshared/5db7/hdl/proc_sys_reset_v5_0_vh_rfs.vhd:816]
INFO: [Synth 8-638] synthesizing module 'SRL16' [C:/XILINX/Vivado/2017.2/scripts/rt/data/unisim_comp.v:43657]
INFO: [Synth 8-256] done synthesizing module 'SRL16' (3#1) [C:/XILINX/Vivado/2017.2/scripts/rt/data/unisim_comp.v:43657]
INFO: [Synth 8-638] synthesizing module 'cdc_sync' [c:/xup/fpga_flow/TFMV2/TFM_GE/TFM_GE.srcs/sources_1/bd/system/ipshared/52cb/hdl/lib_cdc_v1_0_rfs.vhd:106]
INFO: [Synth 8-256] done synthesizing module 'cdc_sync' (4#1) [c:/xup/fpga_flow/TFMV2/TFM_GE/TFM_GE.srcs/sources_1/bd/system/ipshared/52cb/hdl/lib_cdc_v1_0_rfs.vhd:106]
INFO: [Synth 8-256] done synthesizing module 'lpf' (5#1) [c:/xup/fpga_flow/TFMV2/TFM_GE/TFM_GE.srcs/sources_1/bd/system/ipshared/5db7/hdl/proc_sys_reset_v5_0_vh_rfs.vhd:816]
INFO: [Synth 8-638] synthesizing module 'sequence_psr' [c:/xup/fpga_flow/TFMV2/TFM_GE/TFM_GE.srcs/sources_1/bd/system/ipshared/5db7/hdl/proc_sys_reset_v5_0_vh_rfs.vhd:301]
INFO: [Synth 8-638] synthesizing module 'upcnt_n' [c:/xup/fpga_flow/TFMV2/TFM_GE/TFM_GE.srcs/sources_1/bd/system/ipshared/5db7/hdl/proc_sys_reset_v5_0_vh_rfs.vhd:125]
INFO: [Synth 8-256] done synthesizing module 'upcnt_n' (6#1) [c:/xup/fpga_flow/TFMV2/TFM_GE/TFM_GE.srcs/sources_1/bd/system/ipshared/5db7/hdl/proc_sys_reset_v5_0_vh_rfs.vhd:125]
INFO: [Synth 8-256] done synthesizing module 'sequence_psr' (7#1) [c:/xup/fpga_flow/TFMV2/TFM_GE/TFM_GE.srcs/sources_1/bd/system/ipshared/5db7/hdl/proc_sys_reset_v5_0_vh_rfs.vhd:301]
INFO: [Synth 8-256] done synthesizing module 'proc_sys_reset' (8#1) [c:/xup/fpga_flow/TFMV2/TFM_GE/TFM_GE.srcs/sources_1/bd/system/ipshared/5db7/hdl/proc_sys_reset_v5_0_vh_rfs.vhd:1323]
INFO: [Synth 8-256] done synthesizing module 'bd_8422_psr_aclk_0' (9#1) [c:/xup/fpga_flow/TFMV2/TFM_GE/TFM_GE.srcs/sources_1/bd/system/ip/system_axi_smc_1/bd_0/ip/ip_1/synth/bd_8422_psr_aclk_0.vhd:74]
INFO: [Synth 8-256] done synthesizing module 'clk_map_imp_6WUBGP' (10#1) [c:/xup/fpga_flow/TFMV2/TFM_GE/TFM_GE.srcs/sources_1/bd/system/ip/system_axi_smc_1/bd_0/hdl/bd_8422.v:1367]
INFO: [Synth 8-638] synthesizing module 'm00_exit_pipeline_imp_1Q88AC2' [c:/xup/fpga_flow/TFMV2/TFM_GE/TFM_GE.srcs/sources_1/bd/system/ip/system_axi_smc_1/bd_0/hdl/bd_8422.v:1417]
INFO: [Synth 8-638] synthesizing module 'bd_8422_m00e_0' [c:/xup/fpga_flow/TFMV2/TFM_GE/TFM_GE.srcs/sources_1/bd/system/ip/system_axi_smc_1/bd_0/ip/ip_22/synth/bd_8422_m00e_0.sv:58]
INFO: [Synth 8-256] done synthesizing module 'bd_8422_m00e_0' (25#1) [c:/xup/fpga_flow/TFMV2/TFM_GE/TFM_GE.srcs/sources_1/bd/system/ip/system_axi_smc_1/bd_0/ip/ip_22/synth/bd_8422_m00e_0.sv:58]
INFO: [Synth 8-256] done synthesizing module 'm00_exit_pipeline_imp_1Q88AC2' (26#1) [c:/xup/fpga_flow/TFMV2/TFM_GE/TFM_GE.srcs/sources_1/bd/system/ip/system_axi_smc_1/bd_0/hdl/bd_8422.v:1417]
INFO: [Synth 8-638] synthesizing module 'm00_nodes_imp_1CYJ5A6' [c:/xup/fpga_flow/TFMV2/TFM_GE/TFM_GE.srcs/sources_1/bd/system/ip/system_axi_smc_1/bd_0/hdl/bd_8422.v:1788]
INFO: [Synth 8-638] synthesizing module 'bd_8422_m00arn_0' [c:/xup/fpga_flow/TFMV2/TFM_GE/TFM_GE.srcs/sources_1/bd/system/ip/system_axi_smc_1/bd_0/ip/ip_17/synth/bd_8422_m00arn_0.sv:58]
INFO: [Synth 8-638] synthesizing module 'xpm_memory_base' [C:/XILINX/Vivado/2017.2/data/ip/xpm/xpm_memory/hdl/xpm_memory.sv:58]
INFO: [Synth 8-256] done synthesizing module 'xpm_memory_base' (30#1) [C:/XILINX/Vivado/2017.2/data/ip/xpm/xpm_memory/hdl/xpm_memory.sv:58]
INFO: [Synth 8-638] synthesizing module 'xpm_memory_base__parameterized0' [C:/XILINX/Vivado/2017.2/data/ip/xpm/xpm_memory/hdl/xpm_memory.sv:58]
INFO: [Synth 8-256] done synthesizing module 'xpm_memory_base__parameterized0' (34#1) [C:/XILINX/Vivado/2017.2/data/ip/xpm/xpm_memory/hdl/xpm_memory.sv:58]
INFO: [Synth 8-256] done synthesizing module 'bd_8422_m00arn_0' (40#1) [c:/xup/fpga_flow/TFMV2/TFM_GE/TFM_GE.srcs/sources_1/bd/system/ip/system_axi_smc_1/bd_0/ip/ip_17/synth/bd_8422_m00arn_0.sv:58]
INFO: [Synth 8-638] synthesizing module 'bd_8422_m00awn_0' [c:/xup/fpga_flow/TFMV2/TFM_GE/TFM_GE.srcs/sources_1/bd/system/ip/system_axi_smc_1/bd_0/ip/ip_19/synth/bd_8422_m00awn_0.sv:58]
INFO: [Synth 8-256] done synthesizing module 'bd_8422_m00awn_0' (41#1) [c:/xup/fpga_flow/TFMV2/TFM_GE/TFM_GE.srcs/sources_1/bd/system/ip/system_axi_smc_1/bd_0/ip/ip_19/synth/bd_8422_m00awn_0.sv:58]
INFO: [Synth 8-638] synthesizing module 'bd_8422_m00bn_0' [c:/xup/fpga_flow/TFMV2/TFM_GE/TFM_GE.srcs/sources_1/bd/system/ip/system_axi_smc_1/bd_0/ip/ip_21/synth/bd_8422_m00bn_0.sv:58]
INFO: [Synth 8-638] synthesizing module 'xpm_memory_base__parameterized1' [C:/XILINX/Vivado/2017.2/data/ip/xpm/xpm_memory/hdl/xpm_memory.sv:58]
INFO: [Synth 8-256] done synthesizing module 'xpm_memory_base__parameterized1' (41#1) [C:/XILINX/Vivado/2017.2/data/ip/xpm/xpm_memory/hdl/xpm_memory.sv:58]
INFO: [Synth 8-638] synthesizing module 'xpm_memory_base__parameterized2' [C:/XILINX/Vivado/2017.2/data/ip/xpm/xpm_memory/hdl/xpm_memory.sv:58]
INFO: [Synth 8-256] done synthesizing module 'xpm_memory_base__parameterized2' (41#1) [C:/XILINX/Vivado/2017.2/data/ip/xpm/xpm_memory/hdl/xpm_memory.sv:58]
INFO: [Synth 8-256] done synthesizing module 'bd_8422_m00bn_0' (42#1) [c:/xup/fpga_flow/TFMV2/TFM_GE/TFM_GE.srcs/sources_1/bd/system/ip/system_axi_smc_1/bd_0/ip/ip_21/synth/bd_8422_m00bn_0.sv:58]
INFO: [Synth 8-638] synthesizing module 'bd_8422_m00rn_0' [c:/xup/fpga_flow/TFMV2/TFM_GE/TFM_GE.srcs/sources_1/bd/system/ip/system_axi_smc_1/bd_0/ip/ip_18/synth/bd_8422_m00rn_0.sv:58]
INFO: [Synth 8-638] synthesizing module 'xpm_memory_base__parameterized3' [C:/XILINX/Vivado/2017.2/data/ip/xpm/xpm_memory/hdl/xpm_memory.sv:58]
INFO: [Synth 8-256] done synthesizing module 'xpm_memory_base__parameterized3' (42#1) [C:/XILINX/Vivado/2017.2/data/ip/xpm/xpm_memory/hdl/xpm_memory.sv:58]
INFO: [Synth 8-256] done synthesizing module 'bd_8422_m00rn_0' (43#1) [c:/xup/fpga_flow/TFMV2/TFM_GE/TFM_GE.srcs/sources_1/bd/system/ip/system_axi_smc_1/bd_0/ip/ip_18/synth/bd_8422_m00rn_0.sv:58]
INFO: [Synth 8-638] synthesizing module 'bd_8422_m00wn_0' [c:/xup/fpga_flow/TFMV2/TFM_GE/TFM_GE.srcs/sources_1/bd/system/ip/system_axi_smc_1/bd_0/ip/ip_20/synth/bd_8422_m00wn_0.sv:58]
INFO: [Synth 8-638] synthesizing module 'xpm_memory_base__parameterized4' [C:/XILINX/Vivado/2017.2/data/ip/xpm/xpm_memory/hdl/xpm_memory.sv:58]
INFO: [Synth 8-256] done synthesizing module 'xpm_memory_base__parameterized4' (43#1) [C:/XILINX/Vivado/2017.2/data/ip/xpm/xpm_memory/hdl/xpm_memory.sv:58]
INFO: [Synth 8-256] done synthesizing module 'bd_8422_m00wn_0' (44#1) [c:/xup/fpga_flow/TFMV2/TFM_GE/TFM_GE.srcs/sources_1/bd/system/ip/system_axi_smc_1/bd_0/ip/ip_20/synth/bd_8422_m00wn_0.sv:58]
INFO: [Synth 8-256] done synthesizing module 'm00_nodes_imp_1CYJ5A6' (45#1) [c:/xup/fpga_flow/TFMV2/TFM_GE/TFM_GE.srcs/sources_1/bd/system/ip/system_axi_smc_1/bd_0/hdl/bd_8422.v:1788]
INFO: [Synth 8-638] synthesizing module 'bd_8422_m00s2a_0' [c:/xup/fpga_flow/TFMV2/TFM_GE/TFM_GE.srcs/sources_1/bd/system/ip/system_axi_smc_1/bd_0/ip/ip_16/synth/bd_8422_m00s2a_0.sv:58]
INFO: [Synth 8-256] done synthesizing module 'bd_8422_m00s2a_0' (47#1) [c:/xup/fpga_flow/TFMV2/TFM_GE/TFM_GE.srcs/sources_1/bd/system/ip/system_axi_smc_1/bd_0/ip/ip_16/synth/bd_8422_m00s2a_0.sv:58]
INFO: [Synth 8-638] synthesizing module 'm01_exit_pipeline_imp_1WNJAFM' [c:/xup/fpga_flow/TFMV2/TFM_GE/TFM_GE.srcs/sources_1/bd/system/ip/system_axi_smc_1/bd_0/hdl/bd_8422.v:2084]
INFO: [Synth 8-638] synthesizing module 'bd_8422_m01e_0' [c:/xup/fpga_flow/TFMV2/TFM_GE/TFM_GE.srcs/sources_1/bd/system/ip/system_axi_smc_1/bd_0/ip/ip_29/synth/bd_8422_m01e_0.sv:58]
INFO: [Synth 8-256] done synthesizing module 'bd_8422_m01e_0' (48#1) [c:/xup/fpga_flow/TFMV2/TFM_GE/TFM_GE.srcs/sources_1/bd/system/ip/system_axi_smc_1/bd_0/ip/ip_29/synth/bd_8422_m01e_0.sv:58]
INFO: [Synth 8-256] done synthesizing module 'm01_exit_pipeline_imp_1WNJAFM' (49#1) [c:/xup/fpga_flow/TFMV2/TFM_GE/TFM_GE.srcs/sources_1/bd/system/ip/system_axi_smc_1/bd_0/hdl/bd_8422.v:2084]
INFO: [Synth 8-638] synthesizing module 'm01_nodes_imp_CMC3D4' [c:/xup/fpga_flow/TFMV2/TFM_GE/TFM_GE.srcs/sources_1/bd/system/ip/system_axi_smc_1/bd_0/hdl/bd_8422.v:2455]
INFO: [Synth 8-638] synthesizing module 'bd_8422_m01arn_0' [c:/xup/fpga_flow/TFMV2/TFM_GE/TFM_GE.srcs/sources_1/bd/system/ip/system_axi_smc_1/bd_0/ip/ip_24/synth/bd_8422_m01arn_0.sv:58]
INFO: [Synth 8-256] done synthesizing module 'bd_8422_m01arn_0' (50#1) [c:/xup/fpga_flow/TFMV2/TFM_GE/TFM_GE.srcs/sources_1/bd/system/ip/system_axi_smc_1/bd_0/ip/ip_24/synth/bd_8422_m01arn_0.sv:58]
INFO: [Synth 8-638] synthesizing module 'bd_8422_m01awn_0' [c:/xup/fpga_flow/TFMV2/TFM_GE/TFM_GE.srcs/sources_1/bd/system/ip/system_axi_smc_1/bd_0/ip/ip_26/synth/bd_8422_m01awn_0.sv:58]
INFO: [Synth 8-256] done synthesizing module 'bd_8422_m01awn_0' (51#1) [c:/xup/fpga_flow/TFMV2/TFM_GE/TFM_GE.srcs/sources_1/bd/system/ip/system_axi_smc_1/bd_0/ip/ip_26/synth/bd_8422_m01awn_0.sv:58]
INFO: [Synth 8-638] synthesizing module 'bd_8422_m01bn_0' [c:/xup/fpga_flow/TFMV2/TFM_GE/TFM_GE.srcs/sources_1/bd/system/ip/system_axi_smc_1/bd_0/ip/ip_28/synth/bd_8422_m01bn_0.sv:58]
INFO: [Synth 8-256] done synthesizing module 'bd_8422_m01bn_0' (52#1) [c:/xup/fpga_flow/TFMV2/TFM_GE/TFM_GE.srcs/sources_1/bd/system/ip/system_axi_smc_1/bd_0/ip/ip_28/synth/bd_8422_m01bn_0.sv:58]
INFO: [Synth 8-638] synthesizing module 'bd_8422_m01rn_0' [c:/xup/fpga_flow/TFMV2/TFM_GE/TFM_GE.srcs/sources_1/bd/system/ip/system_axi_smc_1/bd_0/ip/ip_25/synth/bd_8422_m01rn_0.sv:58]
INFO: [Synth 8-256] done synthesizing module 'bd_8422_m01rn_0' (55#1) [c:/xup/fpga_flow/TFMV2/TFM_GE/TFM_GE.srcs/sources_1/bd/system/ip/system_axi_smc_1/bd_0/ip/ip_25/synth/bd_8422_m01rn_0.sv:58]
INFO: [Synth 8-638] synthesizing module 'bd_8422_m01wn_0' [c:/xup/fpga_flow/TFMV2/TFM_GE/TFM_GE.srcs/sources_1/bd/system/ip/system_axi_smc_1/bd_0/ip/ip_27/synth/bd_8422_m01wn_0.sv:58]
INFO: [Synth 8-256] done synthesizing module 'bd_8422_m01wn_0' (57#1) [c:/xup/fpga_flow/TFMV2/TFM_GE/TFM_GE.srcs/sources_1/bd/system/ip/system_axi_smc_1/bd_0/ip/ip_27/synth/bd_8422_m01wn_0.sv:58]
INFO: [Synth 8-256] done synthesizing module 'm01_nodes_imp_CMC3D4' (58#1) [c:/xup/fpga_flow/TFMV2/TFM_GE/TFM_GE.srcs/sources_1/bd/system/ip/system_axi_smc_1/bd_0/hdl/bd_8422.v:2455]
INFO: [Synth 8-638] synthesizing module 'bd_8422_m01s2a_0' [c:/xup/fpga_flow/TFMV2/TFM_GE/TFM_GE.srcs/sources_1/bd/system/ip/system_axi_smc_1/bd_0/ip/ip_23/synth/bd_8422_m01s2a_0.sv:58]
INFO: [Synth 8-256] done synthesizing module 'bd_8422_m01s2a_0' (59#1) [c:/xup/fpga_flow/TFMV2/TFM_GE/TFM_GE.srcs/sources_1/bd/system/ip/system_axi_smc_1/bd_0/ip/ip_23/synth/bd_8422_m01s2a_0.sv:58]
INFO: [Synth 8-638] synthesizing module 'bd_8422_s00a2s_0' [c:/xup/fpga_flow/TFMV2/TFM_GE/TFM_GE.srcs/sources_1/bd/system/ip/system_axi_smc_1/bd_0/ip/ip_10/synth/bd_8422_s00a2s_0.sv:58]
INFO: [Synth 8-256] done synthesizing module 'bd_8422_s00a2s_0' (61#1) [c:/xup/fpga_flow/TFMV2/TFM_GE/TFM_GE.srcs/sources_1/bd/system/ip/system_axi_smc_1/bd_0/ip/ip_10/synth/bd_8422_s00a2s_0.sv:58]
INFO: [Synth 8-638] synthesizing module 's00_entry_pipeline_imp_RL83TD' [c:/xup/fpga_flow/TFMV2/TFM_GE/TFM_GE.srcs/sources_1/bd/system/ip/system_axi_smc_1/bd_0/hdl/bd_8422.v:2751]
INFO: [Synth 8-638] synthesizing module 'bd_8422_s00mmu_0' [c:/xup/fpga_flow/TFMV2/TFM_GE/TFM_GE.srcs/sources_1/bd/system/ip/system_axi_smc_1/bd_0/ip/ip_7/synth/bd_8422_s00mmu_0.sv:58]
INFO: [Synth 8-256] done synthesizing module 'bd_8422_s00mmu_0' (65#1) [c:/xup/fpga_flow/TFMV2/TFM_GE/TFM_GE.srcs/sources_1/bd/system/ip/system_axi_smc_1/bd_0/ip/ip_7/synth/bd_8422_s00mmu_0.sv:58]
INFO: [Synth 8-638] synthesizing module 'bd_8422_s00sic_0' [c:/xup/fpga_flow/TFMV2/TFM_GE/TFM_GE.srcs/sources_1/bd/system/ip/system_axi_smc_1/bd_0/ip/ip_9/synth/bd_8422_s00sic_0.sv:58]
INFO: [Synth 8-256] done synthesizing module 'bd_8422_s00sic_0' (68#1) [c:/xup/fpga_flow/TFMV2/TFM_GE/TFM_GE.srcs/sources_1/bd/system/ip/system_axi_smc_1/bd_0/ip/ip_9/synth/bd_8422_s00sic_0.sv:58]
INFO: [Synth 8-638] synthesizing module 'bd_8422_s00tr_0' [c:/xup/fpga_flow/TFMV2/TFM_GE/TFM_GE.srcs/sources_1/bd/system/ip/system_axi_smc_1/bd_0/ip/ip_8/synth/bd_8422_s00tr_0.sv:58]
INFO: [Synth 8-256] done synthesizing module 'bd_8422_s00tr_0' (71#1) [c:/xup/fpga_flow/TFMV2/TFM_GE/TFM_GE.srcs/sources_1/bd/system/ip/system_axi_smc_1/bd_0/ip/ip_8/synth/bd_8422_s00tr_0.sv:58]
INFO: [Synth 8-256] done synthesizing module 's00_entry_pipeline_imp_RL83TD' (72#1) [c:/xup/fpga_flow/TFMV2/TFM_GE/TFM_GE.srcs/sources_1/bd/system/ip/system_axi_smc_1/bd_0/hdl/bd_8422.v:2751]
INFO: [Synth 8-638] synthesizing module 's00_nodes_imp_WZ0QX7' [c:/xup/fpga_flow/TFMV2/TFM_GE/TFM_GE.srcs/sources_1/bd/system/ip/system_axi_smc_1/bd_0/hdl/bd_8422.v:3356]
INFO: [Synth 8-638] synthesizing module 'bd_8422_sarn_0' [c:/xup/fpga_flow/TFMV2/TFM_GE/TFM_GE.srcs/sources_1/bd/system/ip/system_axi_smc_1/bd_0/ip/ip_11/synth/bd_8422_sarn_0.sv:58]
INFO: [Synth 8-638] synthesizing module 'xpm_memory_base__parameterized5' [C:/XILINX/Vivado/2017.2/data/ip/xpm/xpm_memory/hdl/xpm_memory.sv:58]
INFO: [Synth 8-256] done synthesizing module 'xpm_memory_base__parameterized5' (72#1) [C:/XILINX/Vivado/2017.2/data/ip/xpm/xpm_memory/hdl/xpm_memory.sv:58]
INFO: [Synth 8-638] synthesizing module 'xpm_memory_base__parameterized6' [C:/XILINX/Vivado/2017.2/data/ip/xpm/xpm_memory/hdl/xpm_memory.sv:58]
INFO: [Synth 8-256] done synthesizing module 'xpm_memory_base__parameterized6' (72#1) [C:/XILINX/Vivado/2017.2/data/ip/xpm/xpm_memory/hdl/xpm_memory.sv:58]
INFO: [Synth 8-256] done synthesizing module 'bd_8422_sarn_0' (73#1) [c:/xup/fpga_flow/TFMV2/TFM_GE/TFM_GE.srcs/sources_1/bd/system/ip/system_axi_smc_1/bd_0/ip/ip_11/synth/bd_8422_sarn_0.sv:58]
INFO: [Synth 8-638] synthesizing module 'bd_8422_sawn_0' [c:/xup/fpga_flow/TFMV2/TFM_GE/TFM_GE.srcs/sources_1/bd/system/ip/system_axi_smc_1/bd_0/ip/ip_13/synth/bd_8422_sawn_0.sv:58]
INFO: [Synth 8-256] done synthesizing module 'bd_8422_sawn_0' (74#1) [c:/xup/fpga_flow/TFMV2/TFM_GE/TFM_GE.srcs/sources_1/bd/system/ip/system_axi_smc_1/bd_0/ip/ip_13/synth/bd_8422_sawn_0.sv:58]
INFO: [Synth 8-638] synthesizing module 'bd_8422_sbn_0' [c:/xup/fpga_flow/TFMV2/TFM_GE/TFM_GE.srcs/sources_1/bd/system/ip/system_axi_smc_1/bd_0/ip/ip_15/synth/bd_8422_sbn_0.sv:58]
INFO: [Synth 8-638] synthesizing module 'xpm_memory_base__parameterized7' [C:/XILINX/Vivado/2017.2/data/ip/xpm/xpm_memory/hdl/xpm_memory.sv:58]
INFO: [Synth 8-256] done synthesizing module 'xpm_memory_base__parameterized7' (75#1) [C:/XILINX/Vivado/2017.2/data/ip/xpm/xpm_memory/hdl/xpm_memory.sv:58]
INFO: [Synth 8-256] done synthesizing module 'bd_8422_sbn_0' (76#1) [c:/xup/fpga_flow/TFMV2/TFM_GE/TFM_GE.srcs/sources_1/bd/system/ip/system_axi_smc_1/bd_0/ip/ip_15/synth/bd_8422_sbn_0.sv:58]
INFO: [Synth 8-638] synthesizing module 'bd_8422_srn_0' [c:/xup/fpga_flow/TFMV2/TFM_GE/TFM_GE.srcs/sources_1/bd/system/ip/system_axi_smc_1/bd_0/ip/ip_12/synth/bd_8422_srn_0.sv:58]
INFO: [Synth 8-638] synthesizing module 'xpm_memory_base__parameterized8' [C:/XILINX/Vivado/2017.2/data/ip/xpm/xpm_memory/hdl/xpm_memory.sv:58]
INFO: [Synth 8-256] done synthesizing module 'xpm_memory_base__parameterized8' (76#1) [C:/XILINX/Vivado/2017.2/data/ip/xpm/xpm_memory/hdl/xpm_memory.sv:58]
INFO: [Synth 8-256] done synthesizing module 'bd_8422_srn_0' (77#1) [c:/xup/fpga_flow/TFMV2/TFM_GE/TFM_GE.srcs/sources_1/bd/system/ip/system_axi_smc_1/bd_0/ip/ip_12/synth/bd_8422_srn_0.sv:58]
INFO: [Synth 8-638] synthesizing module 'bd_8422_swn_0' [c:/xup/fpga_flow/TFMV2/TFM_GE/TFM_GE.srcs/sources_1/bd/system/ip/system_axi_smc_1/bd_0/ip/ip_14/synth/bd_8422_swn_0.sv:58]
INFO: [Synth 8-638] synthesizing module 'xpm_memory_base__parameterized9' [C:/XILINX/Vivado/2017.2/data/ip/xpm/xpm_memory/hdl/xpm_memory.sv:58]
INFO: [Synth 8-256] done synthesizing module 'xpm_memory_base__parameterized9' (77#1) [C:/XILINX/Vivado/2017.2/data/ip/xpm/xpm_memory/hdl/xpm_memory.sv:58]
INFO: [Synth 8-256] done synthesizing module 'bd_8422_swn_0' (78#1) [c:/xup/fpga_flow/TFMV2/TFM_GE/TFM_GE.srcs/sources_1/bd/system/ip/system_axi_smc_1/bd_0/ip/ip_14/synth/bd_8422_swn_0.sv:58]
INFO: [Synth 8-256] done synthesizing module 's00_nodes_imp_WZ0QX7' (79#1) [c:/xup/fpga_flow/TFMV2/TFM_GE/TFM_GE.srcs/sources_1/bd/system/ip/system_axi_smc_1/bd_0/hdl/bd_8422.v:3356]
INFO: [Synth 8-638] synthesizing module 'switchboards_imp_82ZBDR' [c:/xup/fpga_flow/TFMV2/TFM_GE/TFM_GE.srcs/sources_1/bd/system/ip/system_axi_smc_1/bd_0/hdl/bd_8422.v:3652]
INFO: [Synth 8-638] synthesizing module 'bd_8422_arsw_0' [c:/xup/fpga_flow/TFMV2/TFM_GE/TFM_GE.srcs/sources_1/bd/system/ip/system_axi_smc_1/bd_0/ip/ip_2/synth/bd_8422_arsw_0.sv:57]
INFO: [Synth 8-256] done synthesizing module 'bd_8422_arsw_0' (82#1) [c:/xup/fpga_flow/TFMV2/TFM_GE/TFM_GE.srcs/sources_1/bd/system/ip/system_axi_smc_1/bd_0/ip/ip_2/synth/bd_8422_arsw_0.sv:57]
INFO: [Synth 8-638] synthesizing module 'bd_8422_awsw_0' [c:/xup/fpga_flow/TFMV2/TFM_GE/TFM_GE.srcs/sources_1/bd/system/ip/system_axi_smc_1/bd_0/ip/ip_4/synth/bd_8422_awsw_0.sv:57]
INFO: [Synth 8-256] done synthesizing module 'bd_8422_awsw_0' (83#1) [c:/xup/fpga_flow/TFMV2/TFM_GE/TFM_GE.srcs/sources_1/bd/system/ip/system_axi_smc_1/bd_0/ip/ip_4/synth/bd_8422_awsw_0.sv:57]
INFO: [Synth 8-638] synthesizing module 'bd_8422_bsw_0' [c:/xup/fpga_flow/TFMV2/TFM_GE/TFM_GE.srcs/sources_1/bd/system/ip/system_axi_smc_1/bd_0/ip/ip_6/synth/bd_8422_bsw_0.sv:57]
INFO: [Synth 8-256] done synthesizing module 'bd_8422_bsw_0' (84#1) [c:/xup/fpga_flow/TFMV2/TFM_GE/TFM_GE.srcs/sources_1/bd/system/ip/system_axi_smc_1/bd_0/ip/ip_6/synth/bd_8422_bsw_0.sv:57]
INFO: [Synth 8-638] synthesizing module 'bd_8422_rsw_0' [c:/xup/fpga_flow/TFMV2/TFM_GE/TFM_GE.srcs/sources_1/bd/system/ip/system_axi_smc_1/bd_0/ip/ip_3/synth/bd_8422_rsw_0.sv:57]
INFO: [Synth 8-256] done synthesizing module 'bd_8422_rsw_0' (85#1) [c:/xup/fpga_flow/TFMV2/TFM_GE/TFM_GE.srcs/sources_1/bd/system/ip/system_axi_smc_1/bd_0/ip/ip_3/synth/bd_8422_rsw_0.sv:57]
INFO: [Synth 8-638] synthesizing module 'bd_8422_wsw_0' [c:/xup/fpga_flow/TFMV2/TFM_GE/TFM_GE.srcs/sources_1/bd/system/ip/system_axi_smc_1/bd_0/ip/ip_5/synth/bd_8422_wsw_0.sv:57]
INFO: [Synth 8-256] done synthesizing module 'bd_8422_wsw_0' (86#1) [c:/xup/fpga_flow/TFMV2/TFM_GE/TFM_GE.srcs/sources_1/bd/system/ip/system_axi_smc_1/bd_0/ip/ip_5/synth/bd_8422_wsw_0.sv:57]
INFO: [Synth 8-256] done synthesizing module 'switchboards_imp_82ZBDR' (87#1) [c:/xup/fpga_flow/TFMV2/TFM_GE/TFM_GE.srcs/sources_1/bd/system/ip/system_axi_smc_1/bd_0/hdl/bd_8422.v:3652]
INFO: [Synth 8-256] done synthesizing module 'bd_8422' (88#1) [c:/xup/fpga_flow/TFMV2/TFM_GE/TFM_GE.srcs/sources_1/bd/system/ip/system_axi_smc_1/bd_0/hdl/bd_8422.v:13]
INFO: [Synth 8-256] done synthesizing module 'system_axi_smc_1' (89#1) [c:/xup/fpga_flow/TFMV2/TFM_GE/TFM_GE.srcs/sources_1/bd/system/ip/system_axi_smc_1/synth/system_axi_smc_1.v:57]
Finished RTL Elaboration : Time (s): cpu = 00:01:02 ; elapsed = 00:01:06 . Memory (MB): peak = 579.316 ; gain = 287.445
Finished RTL Optimization Phase 1 : Time (s): cpu = 00:01:05 ; elapsed = 00:01:09 . Memory (MB): peak = 579.316 ; gain = 287.445
INFO: [Device 21-403] Loading part xc7z010clg400-1
Constraint Validation Runtime : Time (s): cpu = 00:00:06 ; elapsed = 00:00:05 . Memory (MB): peak = 1371.242 ; gain = 64.230
Finished Constraint Validation : Time (s): cpu = 00:03:00 ; elapsed = 00:03:09 . Memory (MB): peak = 1371.242 ; gain = 1079.371
Finished Loading Part and Timing Information : Time (s): cpu = 00:03:00 ; elapsed = 00:03:09 . Memory (MB): peak = 1371.242 ; gain = 1079.371
Finished applying 'set_property' XDC Constraints : Time (s): cpu = 00:03:00 ; elapsed = 00:03:09 . Memory (MB): peak = 1371.242 ; gain = 1079.371
Finished RTL Optimization Phase 2 : Time (s): cpu = 00:03:14 ; elapsed = 00:03:24 . Memory (MB): peak = 1371.242 ; gain = 1079.371
Finished Cross Boundary and Area Optimization : Time (s): cpu = 00:04:51 ; elapsed = 00:05:15 . Memory (MB): peak = 1371.242 ; gain = 1079.371
---------------------------------------------------------------------------------
Start ROM, RAM, DSP and Shift Register Reporting
---------------------------------------------------------------------------------

Distributed RAM: Preliminary Mapping  Report (see note below)
+----------------------------------------------------------------------------------------------------------------------------------------------------------------------------+----------------------------------+----------------+----------------------+----------------+
|Module Name                                                                                                                                                                 | RTL Object                       | Inference      | Size (Depth x Width) | Primitives     | 
+----------------------------------------------------------------------------------------------------------------------------------------------------------------------------+----------------------------------+----------------+----------------------+----------------+
|inst/i_0/\m00_nodes/m00_ar_node/inst /\inst_mi_handler/gen_normal_area.gen_node_prog_full.inst_node_prog_full/gen_xpm_memory_fifo.inst_fifo/gen_mem_rep[0].inst_xpm_memory  | gen_wr_a.gen_word_narrow.mem_reg | User Attribute | 32 x 1               | RAM32X1D x 1   | 
|inst/i_0/\m00_nodes/m00_ar_node/inst /\inst_mi_handler/gen_normal_area.inst_fifo_node_payld/gen_xpm_memory_fifo.inst_fifo/gen_mem_rep[0].inst_xpm_memory                    | gen_wr_a.gen_word_narrow.mem_reg | User Attribute | 32 x 157             | RAM32M x 27    | 
|inst/i_0/\m00_nodes/m00_aw_node/inst /\inst_mi_handler/gen_normal_area.gen_node_prog_full.inst_node_prog_full/gen_xpm_memory_fifo.inst_fifo/gen_mem_rep[0].inst_xpm_memory  | gen_wr_a.gen_word_narrow.mem_reg | User Attribute | 32 x 1               | RAM32X1D x 1   | 
|inst/i_0/\m00_nodes/m00_aw_node/inst /\inst_mi_handler/gen_normal_area.inst_fifo_node_payld/gen_xpm_memory_fifo.inst_fifo/gen_mem_rep[0].inst_xpm_memory                    | gen_wr_a.gen_word_narrow.mem_reg | User Attribute | 32 x 157             | RAM32M x 27    | 
|inst/i_0/\m00_nodes/m00_b_node/inst /\inst_mi_handler/gen_normal_area.gen_fifo_req.inst_fifo_req/gen_xpm_memory_fifo.inst_fifo/gen_mem_rep[0].inst_xpm_memory               | gen_wr_a.gen_word_narrow.mem_reg | User Attribute | 32 x 18              | RAM32M x 3     | 
|inst/i_0/\m00_nodes/m00_b_node/inst /\inst_mi_handler/gen_normal_area.inst_fifo_node_payld/gen_xpm_memory_fifo.inst_fifo/gen_mem_rep[0].inst_xpm_memory                     | gen_wr_a.gen_word_narrow.mem_reg | User Attribute | 32 x 5               | RAM32M x 1     | 
|inst/i_0/\m00_nodes/m00_r_node/inst /\inst_mi_handler/gen_normal_area.gen_fifo_req.inst_fifo_req/gen_xpm_memory_fifo.inst_fifo/gen_mem_rep[0].inst_xpm_memory               | gen_wr_a.gen_word_narrow.mem_reg | User Attribute | 32 x 18              | RAM32M x 3     | 
|inst/i_0/\m00_nodes/m00_r_node/inst /\inst_mi_handler/gen_normal_area.inst_fifo_node_payld/gen_xpm_memory_fifo.inst_fifo/gen_mem_rep[0].inst_xpm_memory                     | gen_wr_a.gen_word_narrow.mem_reg | User Attribute | 32 x 83              | RAM32M x 14    | 
|inst/i_0/\m00_nodes/m00_w_node/inst /\inst_mi_handler/gen_normal_area.gen_node_prog_full.inst_node_prog_full/gen_xpm_memory_fifo.inst_fifo/gen_mem_rep[0].inst_xpm_memory   | gen_wr_a.gen_word_narrow.mem_reg | User Attribute | 32 x 1               | RAM32X1D x 1   | 
|inst/i_0/\m00_nodes/m00_w_node/inst /\inst_mi_handler/gen_normal_area.inst_fifo_node_payld/gen_xpm_memory_fifo.inst_fifo/gen_mem_rep[0].inst_xpm_memory                     | gen_wr_a.gen_word_narrow.mem_reg | User Attribute | 32 x 107             | RAM32M x 18    | 
|inst/i_0/\m01_nodes/m01_ar_node/inst /\inst_mi_handler/gen_normal_area.gen_node_prog_full.inst_node_prog_full/gen_xpm_memory_fifo.inst_fifo/gen_mem_rep[0].inst_xpm_memory  | gen_wr_a.gen_word_narrow.mem_reg | User Attribute | 32 x 1               | RAM32X1D x 1   | 
|inst/i_0/\m01_nodes/m01_ar_node/inst /\inst_mi_handler/gen_normal_area.inst_fifo_node_payld/gen_xpm_memory_fifo.inst_fifo/gen_mem_rep[0].inst_xpm_memory                    | gen_wr_a.gen_word_narrow.mem_reg | User Attribute | 32 x 157             | RAM32M x 27    | 
|inst/i_0/\m01_nodes/m01_aw_node/inst /\inst_mi_handler/gen_normal_area.gen_node_prog_full.inst_node_prog_full/gen_xpm_memory_fifo.inst_fifo/gen_mem_rep[0].inst_xpm_memory  | gen_wr_a.gen_word_narrow.mem_reg | User Attribute | 32 x 1               | RAM32X1D x 1   | 
|inst/i_0/\m01_nodes/m01_aw_node/inst /\inst_mi_handler/gen_normal_area.inst_fifo_node_payld/gen_xpm_memory_fifo.inst_fifo/gen_mem_rep[0].inst_xpm_memory                    | gen_wr_a.gen_word_narrow.mem_reg | User Attribute | 32 x 157             | RAM32M x 27    | 
|inst/i_0/\m01_nodes/m01_b_node/inst /\inst_mi_handler/gen_normal_area.gen_fifo_req.inst_fifo_req/gen_xpm_memory_fifo.inst_fifo/gen_mem_rep[0].inst_xpm_memory               | gen_wr_a.gen_word_narrow.mem_reg | User Attribute | 32 x 18              | RAM32M x 3     | 
|inst/i_0/\m01_nodes/m01_b_node/inst /\inst_mi_handler/gen_normal_area.inst_fifo_node_payld/gen_xpm_memory_fifo.inst_fifo/gen_mem_rep[0].inst_xpm_memory                     | gen_wr_a.gen_word_narrow.mem_reg | User Attribute | 32 x 5               | RAM32M x 1     | 
|inst/i_0/\m01_nodes/m01_r_node/inst /\inst_mi_handler/gen_normal_area.gen_fifo_req.inst_fifo_req/gen_xpm_memory_fifo.inst_fifo/gen_mem_rep[0].inst_xpm_memory               | gen_wr_a.gen_word_narrow.mem_reg | User Attribute | 32 x 18              | RAM32M x 3     | 
|inst/i_0/\m01_nodes/m01_r_node/inst /\inst_mi_handler/gen_normal_area.inst_fifo_node_payld/gen_xpm_memory_fifo.inst_fifo/gen_mem_rep[0].inst_xpm_memory                     | gen_wr_a.gen_word_narrow.mem_reg | User Attribute | 32 x 83              | RAM32M x 14    | 
|inst/i_0/\m01_nodes/m01_w_node/inst /\inst_mi_handler/gen_normal_area.gen_node_prog_full.inst_node_prog_full/gen_xpm_memory_fifo.inst_fifo/gen_mem_rep[0].inst_xpm_memory   | gen_wr_a.gen_word_narrow.mem_reg | User Attribute | 32 x 1               | RAM32X1D x 1   | 
|inst/i_0/\m01_nodes/m01_w_node/inst /\inst_mi_handler/gen_normal_area.inst_fifo_node_payld/gen_xpm_memory_fifo.inst_fifo/gen_mem_rep[0].inst_xpm_memory                     | gen_wr_a.gen_word_narrow.mem_reg | User Attribute | 32 x 107             | RAM32M x 18    | 
|inst/i_0/\s00_nodes/s00_ar_node/inst /\inst_mi_handler/gen_normal_area.gen_fifo_req.inst_fifo_req/gen_xpm_memory_fifo.inst_fifo/gen_mem_rep[0].inst_xpm_memory              | gen_wr_a.gen_word_narrow.mem_reg | User Attribute | 32 x 19              | RAM32M x 4     | 
|inst/i_0/\s00_nodes/s00_ar_node/inst /\inst_mi_handler/gen_normal_area.inst_fifo_node_payld/gen_xpm_memory_fifo.inst_fifo/gen_mem_rep[0].inst_xpm_memory                    | gen_wr_a.gen_word_narrow.mem_reg | User Attribute | 32 x 139             | RAM32M x 24    | 
|inst/i_0/\s00_nodes/s00_aw_node/inst /\inst_mi_handler/gen_normal_area.gen_fifo_req.inst_fifo_req/gen_xpm_memory_fifo.inst_fifo/gen_mem_rep[0].inst_xpm_memory              | gen_wr_a.gen_word_narrow.mem_reg | User Attribute | 32 x 19              | RAM32M x 4     | 
|inst/i_0/\s00_nodes/s00_aw_node/inst /\inst_mi_handler/gen_normal_area.inst_fifo_node_payld/gen_xpm_memory_fifo.inst_fifo/gen_mem_rep[0].inst_xpm_memory                    | gen_wr_a.gen_word_narrow.mem_reg | User Attribute | 32 x 139             | RAM32M x 24    | 
|inst/i_0/\s00_nodes/s00_b_node/inst /\inst_mi_handler/gen_normal_area.gen_node_prog_full.inst_node_prog_full/gen_xpm_memory_fifo.inst_fifo/gen_mem_rep[0].inst_xpm_memory   | gen_wr_a.gen_word_narrow.mem_reg | User Attribute | 32 x 1               | RAM32X1D x 1   | 
|inst/i_0/\s00_nodes/s00_b_node/inst /\inst_mi_handler/gen_normal_area.inst_fifo_node_payld/gen_xpm_memory_fifo.inst_fifo/gen_mem_rep[0].inst_xpm_memory                     | gen_wr_a.gen_word_narrow.mem_reg | User Attribute | 32 x 23              | RAM32M x 4     | 
|inst/i_0/\s00_nodes/s00_r_node/inst /\inst_mi_handler/gen_normal_area.gen_node_prog_full.inst_node_prog_full/gen_xpm_memory_fifo.inst_fifo/gen_mem_rep[0].inst_xpm_memory   | gen_wr_a.gen_word_narrow.mem_reg | User Attribute | 32 x 1               | RAM32X1D x 1   | 
|inst/i_0/\s00_nodes/s00_r_node/inst /\inst_mi_handler/gen_normal_area.inst_fifo_node_payld/gen_xpm_memory_fifo.inst_fifo/gen_mem_rep[0].inst_xpm_memory                     | gen_wr_a.gen_word_narrow.mem_reg | User Attribute | 32 x 101             | RAM32M x 17    | 
|inst/i_0/\s00_nodes/s00_w_node/inst /\inst_mi_handler/gen_normal_area.gen_fifo_req.inst_fifo_req/gen_xpm_memory_fifo.inst_fifo/gen_mem_rep[0].inst_xpm_memory               | gen_wr_a.gen_word_narrow.mem_reg | User Attribute | 32 x 19              | RAM32M x 4     | 
|inst/i_0/\s00_nodes/s00_w_node/inst /\inst_mi_handler/gen_normal_area.inst_fifo_node_payld/gen_xpm_memory_fifo.inst_fifo/gen_mem_rep[0].inst_xpm_memory                     | gen_wr_a.gen_word_narrow.mem_reg | User Attribute | 32 x 89              | RAM32M x 15    | 
+----------------------------------------------------------------------------------------------------------------------------------------------------------------------------+----------------------------------+----------------+----------------------+----------------+

Note: The table above is a preliminary report that shows the Distributed RAMs at the current stage of the synthesis flow. Some Distributed RAMs may be reimplemented as non Distributed RAM primitives later in the synthesis flow. Multiple instantiated RAMs are reported only once.
---------------------------------------------------------------------------------
Finished ROM, RAM, DSP and Shift Register Reporting
---------------------------------------------------------------------------------
Finished Applying XDC Timing Constraints : Time (s): cpu = 00:05:25 ; elapsed = 00:05:54 . Memory (MB): peak = 1371.242 ; gain = 1079.371
Finished Timing Optimization : Time (s): cpu = 00:05:33 ; elapsed = 00:06:02 . Memory (MB): peak = 1371.242 ; gain = 1079.371
Finished Technology Mapping : Time (s): cpu = 00:05:54 ; elapsed = 00:06:25 . Memory (MB): peak = 1371.242 ; gain = 1079.371
Finished IO Insertion : Time (s): cpu = 00:05:57 ; elapsed = 00:06:29 . Memory (MB): peak = 1371.242 ; gain = 1079.371
Finished Renaming Generated Instances : Time (s): cpu = 00:05:58 ; elapsed = 00:06:29 . Memory (MB): peak = 1371.242 ; gain = 1079.371
Finished Rebuilding User Hierarchy : Time (s): cpu = 00:06:01 ; elapsed = 00:06:33 . Memory (MB): peak = 1371.242 ; gain = 1079.371
Finished Renaming Generated Ports : Time (s): cpu = 00:06:02 ; elapsed = 00:06:34 . Memory (MB): peak = 1371.242 ; gain = 1079.371
Finished Handling Custom Attributes : Time (s): cpu = 00:06:03 ; elapsed = 00:06:35 . Memory (MB): peak = 1371.242 ; gain = 1079.371
Finished Renaming Generated Nets : Time (s): cpu = 00:06:03 ; elapsed = 00:06:35 . Memory (MB): peak = 1371.242 ; gain = 1079.371

Report Cell Usage: 
+------+---------+------+
|      |Cell     |Count |
+------+---------+------+
|1     |CARRY4   |    20|
|2     |LUT1     |   178|
|3     |LUT2     |   944|
|4     |LUT3     |   310|
|5     |LUT4     |  1169|
|6     |LUT5     |   432|
|7     |LUT6     |   973|
|8     |RAM32M   |   282|
|9     |RAM32X1D |     8|
|10    |SRL16    |     1|
|11    |SRLC32E  |    58|
|12    |FDR      |     4|
|13    |FDRE     |  3663|
|14    |FDSE     |   135|
+------+---------+------+
Finished Writing Synthesis Report : Time (s): cpu = 00:06:03 ; elapsed = 00:06:35 . Memory (MB): peak = 1371.242 ; gain = 1079.371
synth_design: Time (s): cpu = 00:06:20 ; elapsed = 00:06:55 . Memory (MB): peak = 1371.242 ; gain = 1086.973
write_checkpoint: Time (s): cpu = 00:00:08 ; elapsed = 00:00:06 . Memory (MB): peak = 1371.242 ; gain = 0.000
write_verilog: Time (s): cpu = 00:00:03 ; elapsed = 00:00:05 . Memory (MB): peak = 1371.242 ; gain = 0.000
write_vhdl: Time (s): cpu = 00:00:06 ; elapsed = 00:00:07 . Memory (MB): peak = 1371.242 ; gain = 0.000
