02:06:45 INFO  : Registering command handlers for SDK TCF services
02:06:46 INFO  : Launching XSCT server: xsct.bat -interactive C:\xup\fpga_flow\2016_2_zynq_labs\lab4aes\lab4aes.sdk\temp_xsdb_launch_script.tcl
02:06:55 INFO  : XSCT server has started successfully.
02:07:41 INFO  : Successfully done setting XSCT server connection channel  
02:07:41 INFO  : Successfully done setting SDK workspace  
02:07:41 INFO  : Processing command line option -hwspec C:/xup/fpga_flow/2016_2_zynq_labs/lab4aes/lab4aes.sdk/system_wrapper.hdf.
02:14:23 INFO  : Connected to target on host '127.0.0.1' and port '3121'.
02:14:25 INFO  : 'targets -set -filter {jtag_cable_name =~ "Digilent Zybo 210279787097A" && level==0} -index 1' command is executed.
02:14:26 INFO  : FPGA configured successfully with bitstream "C:/xup/fpga_flow/2016_2_zynq_labs/lab4aes/lab4aes.sdk/system_wrapper_hw_platform_0/system_wrapper.bit"
02:15:15 INFO  : ps7_init is completed.
02:15:15 INFO  : ps7_post_config is completed.
02:15:15 INFO  : Processor reset is completed for ps7_cortexa9_0
02:17:11 INFO  : ps7_cortexa9_0 Processor is in use. Please stop existing Run or Debug sessions before launching.
02:17:13 INFO  : Processor reset is completed for ps7_cortexa9_0
02:18:35 INFO  : Connected to target on host '127.0.0.1' and port '3121'.
02:18:35 INFO  : 'targets -set -filter {jtag_cable_name =~ "Digilent Zybo 210279787097A" && level==0} -index 1' command is executed.
02:18:36 INFO  : FPGA configured successfully with bitstream "C:/xup/fpga_flow/2016_2_zynq_labs/lab4aes/lab4aes.sdk/system_wrapper_hw_platform_0/system_wrapper.bit"
02:18:50 INFO  : ps7_cortexa9_0 Processor is in use. Please stop existing Run or Debug sessions before launching.
02:18:53 INFO  : Processor reset is completed for ps7_cortexa9_0
02:21:14 INFO  : Connected to target on host '127.0.0.1' and port '3121'.
02:21:14 INFO  : 'targets -set -filter {jtag_cable_name =~ "Digilent Zybo 210279787097A" && level==0} -index 1' command is executed.
02:21:15 INFO  : FPGA configured successfully with bitstream "C:/xup/fpga_flow/2016_2_zynq_labs/lab4aes/lab4aes.sdk/system_wrapper_hw_platform_0/system_wrapper.bit"
02:23:17 INFO  : ps7_cortexa9_0 Processor is in use. Please stop existing Run or Debug sessions before launching.
02:23:25 INFO  : Processor reset is completed for ps7_cortexa9_0
02:24:57 INFO  : Processor reset is completed for ps7_cortexa9_0
18:25:11 INFO  : Connected to target on host '127.0.0.1' and port '3121'.
18:25:12 INFO  : 'targets -set -filter {jtag_cable_name =~ "Digilent Zybo 210279787097A" && level==0} -index 1' command is executed.
18:25:14 INFO  : FPGA configured successfully with bitstream "C:/xup/fpga_flow/2016_2_zynq_labs/lab4aes/lab4aes.sdk/system_wrapper_hw_platform_0/system_wrapper.bit"
18:25:45 INFO  : ps7_init is completed.
18:25:45 INFO  : ps7_post_config is completed.
18:25:46 INFO  : Processor reset is completed for ps7_cortexa9_0
18:27:10 INFO  : Processor reset is completed for ps7_cortexa9_0
18:32:20 INFO  : ps7_cortexa9_0 Processor is in use. Please stop existing Run or Debug sessions before launching.
18:32:23 INFO  : Processor reset is completed for ps7_cortexa9_0
19:12:06 INFO  : FPGA Cable Disconnected. All active launches will be terminated.
19:12:06 WARN  : Terminating existing sessions on processor ps7_cortexa9_0
23:23:53 INFO  : Connected to target on host '127.0.0.1' and port '3121'.
23:23:54 INFO  : 'targets -set -filter {jtag_cable_name =~ "Digilent Zybo 210279787097A" && level==0} -index 1' command is executed.
23:23:55 INFO  : FPGA configured successfully with bitstream "C:/xup/fpga_flow/2016_2_zynq_labs/lab4aes/lab4aes.sdk/system_wrapper_hw_platform_0/system_wrapper.bit"
23:38:15 INFO  : ps7_init is completed.
23:38:16 INFO  : ps7_post_config is completed.
23:38:16 INFO  : Processor reset is completed for ps7_cortexa9_0
23:51:18 INFO  : ps7_cortexa9_0 Processor is in use. Please stop existing Run or Debug sessions before launching.
23:51:21 INFO  : Processor reset is completed for ps7_cortexa9_0
01:32:37 INFO  : FPGA Cable Disconnected. All active launches will be terminated.
01:32:37 WARN  : Terminating existing sessions on processor ps7_cortexa9_0
02:25:32 ERROR : Unexpected error while parsing XMD response ?: com.google.gson.JsonSyntaxException: com.google.gson.stream.MalformedJsonException: invalid number or unquoted string near 
17:31:06 INFO  : Registering command handlers for SDK TCF services
17:31:07 INFO  : Launching XSCT server: xsct.bat -interactive C:\xup\fpga_flow\2016_2_zynq_labs\wBRAM\wBRAM.sdk\temp_xsdb_launch_script.tcl
17:31:14 INFO  : XSCT server has started successfully.
17:31:14 INFO  : Successfully done setting XSCT server connection channel  
17:31:34 INFO  : Successfully done setting SDK workspace  
17:31:34 INFO  : Processing command line option -hwspec C:/xup/fpga_flow/2016_2_zynq_labs/wBRAM/wBRAM.sdk/system_wrapper.hdf.
17:33:39 WARN  : Hardware Project 'system_wrapper_hw_platform_0' referenced by launch configuration 'lab4.elf' doesn't exist in the workspace.
17:37:26 INFO  : Connected to target on host '127.0.0.1' and port '3121'.
17:37:26 INFO  : 'targets -set -filter {jtag_cable_name =~ "Digilent Zybo 210279787097A" && level==0} -index 1' command is executed.
17:37:27 INFO  : FPGA configured successfully with bitstream "C:/xup/fpga_flow/2016_2_zynq_labs/wBRAM/wBRAM.sdk/system_wrapper_hw_platform_1/system_wrapper.bit"
17:41:03 INFO  : ps7_init is completed.
17:41:03 INFO  : ps7_post_config is completed.
17:41:03 INFO  : Processor reset is completed for ps7_cortexa9_0
18:04:30 INFO  : Processor reset is completed for ps7_cortexa9_0
18:24:24 INFO  : ps7_cortexa9_0 Processor is in use. Please stop existing Run or Debug sessions before launching.
18:24:26 INFO  : Processor reset is completed for ps7_cortexa9_0
18:29:54 INFO  : Processor reset is completed for ps7_cortexa9_0
18:35:26 INFO  : Processor reset is completed for ps7_cortexa9_0
18:44:40 INFO  : Processor reset is completed for ps7_cortexa9_0
18:48:18 INFO  : Processor reset is completed for ps7_cortexa9_0
18:49:59 INFO  : Processor reset is completed for ps7_cortexa9_0
18:51:59 INFO  : Processor reset is completed for ps7_cortexa9_0
18:58:12 INFO  : Processor reset is completed for ps7_cortexa9_0
19:03:14 INFO  : Processor reset is completed for ps7_cortexa9_0
19:28:36 INFO  : Processor reset is completed for ps7_cortexa9_0
19:30:02 INFO  : ps7_cortexa9_0 Processor is in use. Please stop existing Run or Debug sessions before launching.
19:30:05 INFO  : Processor reset is completed for ps7_cortexa9_0
19:30:31 INFO  : Processor reset is completed for ps7_cortexa9_0
19:33:59 INFO  : Processor reset is completed for ps7_cortexa9_0
19:35:17 INFO  : Processor reset is completed for ps7_cortexa9_0
19:35:47 INFO  : Processor reset is completed for ps7_cortexa9_0
19:37:45 INFO  : ps7_cortexa9_0 Processor is in use. Please stop existing Run or Debug sessions before launching.
19:37:48 INFO  : Processor reset is completed for ps7_cortexa9_0
19:40:37 INFO  : Processor reset is completed for ps7_cortexa9_0
19:42:33 INFO  : Processor reset is completed for ps7_cortexa9_0
19:45:00 INFO  : Processor reset is completed for ps7_cortexa9_0
19:46:56 INFO  : Processor reset is completed for ps7_cortexa9_0
19:55:12 INFO  : Processor reset is completed for ps7_cortexa9_0
19:59:05 INFO  : Processor reset is completed for ps7_cortexa9_0
20:02:16 INFO  : Processor reset is completed for ps7_cortexa9_0
20:05:55 INFO  : ps7_cortexa9_0 Processor is in use. Please stop existing Run or Debug sessions before launching.
20:05:58 INFO  : Processor reset is completed for ps7_cortexa9_0
20:09:50 INFO  : Processor reset is completed for ps7_cortexa9_0
20:13:29 INFO  : Processor reset is completed for ps7_cortexa9_0
20:14:48 INFO  : Processor reset is completed for ps7_cortexa9_0
20:16:28 INFO  : Processor reset is completed for ps7_cortexa9_0
20:17:08 INFO  : Processor reset is completed for ps7_cortexa9_0
20:52:32 INFO  : Processor reset is completed for ps7_cortexa9_0
20:52:34 ERROR : Unexpected error while launching program.
java.lang.NullPointerException
	at com.xilinx.sdk.debug.core.XilinxAppLaunchConfigurationDelegate.loadProgram(XilinxAppLaunchConfigurationDelegate.java:839)
	at com.xilinx.sdk.debug.core.XilinxAppLaunchConfigurationDelegate.debugApplication(XilinxAppLaunchConfigurationDelegate.java:746)
	at com.xilinx.sdk.debug.core.XilinxAppLaunchConfigurationDelegate.launch(XilinxAppLaunchConfigurationDelegate.java:311)
	at com.xilinx.sdk.debug.ui.XilinxAppLaunchDelegateWrapper.launch(XilinxAppLaunchDelegateWrapper.java:31)
	at org.eclipse.debug.internal.core.LaunchConfiguration.launch(LaunchConfiguration.java:885)
	at org.eclipse.debug.internal.core.LaunchConfiguration.launch(LaunchConfiguration.java:739)
	at org.eclipse.debug.internal.ui.DebugUIPlugin.buildAndLaunch(DebugUIPlugin.java:1039)
	at org.eclipse.debug.internal.ui.DebugUIPlugin$8.run(DebugUIPlugin.java:1256)
	at org.eclipse.core.internal.jobs.Worker.run(Worker.java:55)
20:52:41 INFO  : Processor reset is completed for ps7_cortexa9_0
20:54:44 INFO  : Processor reset is completed for ps7_cortexa9_0
20:55:56 INFO  : Processor reset is completed for ps7_cortexa9_0
20:57:21 INFO  : Processor reset is completed for ps7_cortexa9_0
20:58:46 INFO  : Processor reset is completed for ps7_cortexa9_0
21:04:03 INFO  : Processor reset is completed for ps7_cortexa9_0
21:06:06 INFO  : Processor reset is completed for ps7_cortexa9_0
21:14:51 INFO  : Processor reset is completed for ps7_cortexa9_0
21:16:52 INFO  : Processor reset is completed for ps7_cortexa9_0
21:55:50 INFO  : FPGA Cable Disconnected. All active launches will be terminated.
21:55:50 WARN  : Terminating existing sessions on processor ps7_cortexa9_0
22:59:08 INFO  : Connected to target on host '127.0.0.1' and port '3121'.
22:59:09 INFO  : 'targets -set -filter {jtag_cable_name =~ "Digilent Zybo 210279787097A" && level==0} -index 1' command is executed.
22:59:10 INFO  : FPGA configured successfully with bitstream "C:/xup/fpga_flow/2016_2_zynq_labs/wBRAM/wBRAM.sdk/system_wrapper_hw_platform_1/system_wrapper.bit"
22:59:31 ERROR : Unexpected error while launching program.
java.lang.RuntimeException: The program file specified in the launch configuration does not exist
	at com.xilinx.sdk.debug.core.XilinxAppLaunchConfigurationDelegate.debugApplication(XilinxAppLaunchConfigurationDelegate.java:806)
	at com.xilinx.sdk.debug.core.XilinxAppLaunchConfigurationDelegate.launch(XilinxAppLaunchConfigurationDelegate.java:311)
	at com.xilinx.sdk.debug.ui.XilinxAppLaunchDelegateWrapper.launch(XilinxAppLaunchDelegateWrapper.java:31)
	at org.eclipse.debug.internal.core.LaunchConfiguration.launch(LaunchConfiguration.java:885)
	at org.eclipse.debug.internal.core.LaunchConfiguration.launch(LaunchConfiguration.java:739)
	at org.eclipse.debug.internal.ui.DebugUIPlugin.buildAndLaunch(DebugUIPlugin.java:1039)
	at org.eclipse.debug.internal.ui.DebugUIPlugin$8.run(DebugUIPlugin.java:1256)
	at org.eclipse.core.internal.jobs.Worker.run(Worker.java:55)
22:59:55 INFO  : ps7_init is completed.
22:59:55 INFO  : ps7_post_config is completed.
22:59:55 INFO  : Processor reset is completed for ps7_cortexa9_0
23:01:02 INFO  : Processor reset is completed for ps7_cortexa9_0
23:02:44 INFO  : ps7_cortexa9_0 Processor is in use. Please stop existing Run or Debug sessions before launching.
23:02:46 INFO  : Processor reset is completed for ps7_cortexa9_0
23:03:39 INFO  : Processor reset is completed for ps7_cortexa9_0
23:04:48 INFO  : Processor reset is completed for ps7_cortexa9_0
23:05:38 INFO  : Processor reset is completed for ps7_cortexa9_0
23:07:54 INFO  : ps7_cortexa9_0 Processor is in use. Please stop existing Run or Debug sessions before launching.
23:07:56 INFO  : Processor reset is completed for ps7_cortexa9_0
23:08:40 ERROR : Unexpected error while parsing XMD response ?: com.google.gson.JsonSyntaxException: com.google.gson.stream.MalformedJsonException: invalid number or unquoted string near 
23:09:49 INFO  : Registering command handlers for SDK TCF services
23:09:50 INFO  : Launching XSCT server: xsct.bat -interactive C:\xup\fpga_flow\2016_2_zynq_labs\wBRAM\wBRAM.sdk\temp_xsdb_launch_script.tcl
23:09:56 INFO  : XSCT server has started successfully.
23:09:56 INFO  : Successfully done setting XSCT server connection channel  
23:10:42 INFO  : Successfully done setting SDK workspace  
23:10:42 INFO  : Processing command line option -hwspec C:/xup/fpga_flow/2016_2_zynq_labs/wBRAM/wBRAM.sdk/system_wrapper.hdf.
23:10:42 INFO  : Checking for hwspec changes in the project system_wrapper_hw_platform_1.
23:10:45 INFO  : SDK has detected change in the last modified timestamps for source hardware specification file Source:1510692826551,  Project:1509930277000
23:10:45 INFO  : The hardware specification for project 'system_wrapper_hw_platform_1' is different from C:/xup/fpga_flow/2016_2_zynq_labs/wBRAM/wBRAM.sdk/system_wrapper.hdf.
23:10:45 INFO  : Copied contents of C:/xup/fpga_flow/2016_2_zynq_labs/wBRAM/wBRAM.sdk/system_wrapper.hdf into \system_wrapper_hw_platform_1\system.hdf.
23:10:50 INFO  : Synchronizing projects in the workspace with the hardware platform specification changes.
23:11:05 INFO  : 
23:11:05 INFO  : Updating hardware inferred compiler options for wram.
23:11:06 INFO  : Clearing existing target manager status.
23:16:08 ERROR : Unexpected error while parsing XMD response ?: com.google.gson.JsonSyntaxException: com.google.gson.stream.MalformedJsonException: invalid number or unquoted string near 
23:16:40 INFO  : Registering command handlers for SDK TCF services
23:16:40 INFO  : Launching XSCT server: xsct.bat -interactive C:\xup\fpga_flow\2016_2_zynq_labs\wBRAM\wBRAM.sdk\temp_xsdb_launch_script.tcl
23:16:43 INFO  : XSCT server has started successfully.
23:16:52 INFO  : Successfully done setting XSCT server connection channel  
23:16:52 INFO  : Processing command line option -hwspec C:/xup/fpga_flow/2016_2_zynq_labs/wBRAM/wBRAM.sdk/system_wrapper.hdf.
23:16:52 INFO  : Successfully done setting SDK workspace  
23:24:28 INFO  : Connected to target on host '127.0.0.1' and port '3121'.
23:24:29 INFO  : 'targets -set -filter {jtag_cable_name =~ "Digilent Zybo 210279787097A" && level==0} -index 1' command is executed.
23:24:30 INFO  : FPGA configured successfully with bitstream "C:/xup/fpga_flow/2016_2_zynq_labs/wBRAM/wBRAM.sdk/system_wrapper_hw_platform_0/system_wrapper.bit"
23:24:55 INFO  : Processor reset is completed for ps7_cortexa9_0
23:36:38 INFO  : Processor reset is completed for ps7_cortexa9_0
23:38:07 INFO  : Processor reset is completed for ps7_cortexa9_0
23:46:22 INFO  : Processor reset is completed for ps7_cortexa9_0
23:46:40 INFO  : Processor reset is completed for ps7_cortexa9_0
23:56:19 INFO  : Processor reset is completed for ps7_cortexa9_0
23:57:18 INFO  : Processor reset is completed for ps7_cortexa9_0
00:01:01 INFO  : Processor reset is completed for ps7_cortexa9_0
00:11:15 INFO  : Processor reset is completed for ps7_cortexa9_0
00:46:00 INFO  : Processor reset is completed for ps7_cortexa9_0
02:10:04 INFO  : Processor reset is completed for ps7_cortexa9_0
02:18:41 INFO  : Processor reset is completed for ps7_cortexa9_0
02:26:18 INFO  : Processor reset is completed for ps7_cortexa9_0
02:30:29 INFO  : ps7_cortexa9_0 Processor is in use. Please stop existing Run or Debug sessions before launching.
02:30:32 INFO  : Processor reset is completed for ps7_cortexa9_0
02:30:58 INFO  : Processor reset is completed for ps7_cortexa9_0
02:32:34 INFO  : Processor reset is completed for ps7_cortexa9_0
02:35:53 INFO  : ps7_cortexa9_0 Processor is in use. Please stop existing Run or Debug sessions before launching.
02:35:55 INFO  : Processor reset is completed for ps7_cortexa9_0
