Vivado Simulator 2017.2
Copyright 1986-1999, 2001-2016 Xilinx, Inc. All Rights Reserved.
Running: C:/XILINX/Vivado/2017.2/bin/unwrapped/win64.o/xelab.exe -wto 9fe42b9a5f6c46849603641dbab5cbca --debug typical --relax --mt 2 -L xbip_utils_v3_0_7 -L xbip_pipe_v3_0_3 -L xbip_bram18k_v3_0_3 -L mult_gen_v12_0_12 -L xil_defaultlib -L secureip -L xpm --snapshot Processor_behav xil_defaultlib.Processor -log elaborate.log 
Using 2 slave threads.
Starting static elaboration
Completed static elaboration
Starting simulation data flow analysis
Completed simulation data flow analysis
Time Resolution for simulation is 1ps
Compiling package std.standard
Compiling package std.textio
Compiling package ieee.std_logic_1164
Compiling package ieee.numeric_std
Compiling package ieee.std_logic_arith
Compiling package ieee.std_logic_signed
Compiling package ieee.std_logic_unsigned
Compiling package unisim.vcomponents
Compiling package ieee.vital_timing
Compiling package ieee.vital_primitives
Compiling package unisim.vpkg
Compiling package xil_defaultlib.constantes
Compiling package mult_gen_v12_0_12.mult_gen_v12_0_12_viv_comp
Compiling package xbip_utils_v3_0_7.xbip_utils_v3_0_7_pkg
Compiling package mult_gen_v12_0_12.mult_gen_v12_0_12_pkg
Compiling package mult_gen_v12_0_12.dsp_pkg
Compiling architecture lut6_2_v of entity unisim.LUT6_2 [\LUT6_2(init="111111110000000011...]
Compiling architecture lut6_v of entity unisim.LUT6 [\LUT6(init="00000000101010100000...]
Compiling architecture lut6_v of entity unisim.LUT6 [\LUT6(init="00000000101010100000...]
Compiling architecture lut6_v of entity unisim.LUT6 [\LUT6(init="00000000101010100000...]
Compiling architecture lut6_2_v of entity unisim.LUT6_2 [\LUT6_2(init="000000000001010100...]
Compiling architecture lut6_2_v of entity unisim.LUT6_2 [\LUT6_2(init="000000000010101000...]
Compiling architecture fdse_v of entity unisim.FDSE [fdse_default]
Compiling architecture fds_v of entity unisim.FDS [fds_default]
Compiling architecture lut6_v of entity unisim.LUT6 [\LUT6(init="10111111101111001000...]
Compiling architecture ram64m_v of entity unisim.RAM64M [ram64m_default]
Compiling architecture lut6_2_v of entity unisim.LUT6_2 [\LUT6_2(init="011010010110100101...]
Compiling architecture lut6_v of entity unisim.LUT6 [\LUT6(init="11111111000000001111...]
Compiling architecture lut6_2_v of entity unisim.LUT6_2 [\LUT6_2(init="111111111111111111...]
Compiling architecture fdre_v of entity unisim.FDRE [fdre_default]
Compiling architecture fd_v of entity unisim.FD [fd_default]
Compiling architecture lut6_2_v of entity unisim.LUT6_2 [\LUT6_2(init="000000001000001100...]
Compiling architecture lut6_2_v of entity unisim.LUT6_2 [\LUT6_2(init="000000000001000000...]
Compiling architecture lut6_v of entity unisim.LUT6 [\LUT6(init="00000000000000000000...]
Compiling architecture lut6_2_v of entity unisim.LUT6_2 [\LUT6_2(init="110011000011001111...]
Compiling architecture lut6_v of entity unisim.LUT6 [\LUT6(init="01011010001111001111...]
Compiling architecture lut6_2_v of entity unisim.LUT6_2 [\LUT6_2(init="011101110111011100...]
Compiling architecture lut6_2_v of entity unisim.LUT6_2 [\LUT6_2(init="000000000000000011...]
Compiling architecture lut6_v of entity unisim.LUT6 [\LUT6(init="11111111111111111111...]
Compiling architecture lut6_2_v of entity unisim.LUT6_2 [\LUT6_2(init="111111111111111100...]
Compiling architecture lut6_2_v of entity unisim.LUT6_2 [\LUT6_2(init="000000111100101000...]
Compiling architecture lut6_2_v of entity unisim.LUT6_2 [\LUT6_2(init="011101110000100000...]
Compiling architecture lut6_2_v of entity unisim.LUT6_2 [\LUT6_2(init="110100000000000000...]
Compiling architecture lut6_2_v of entity unisim.LUT6_2 [\LUT6_2(init="000000000000000100...]
Compiling architecture lut6_2_v of entity unisim.LUT6_2 [\LUT6_2(init="110000001100110000...]
Compiling architecture fdr_v of entity unisim.FDR [fdr_default]
Compiling architecture lut6_2_v of entity unisim.LUT6_2 [\LUT6_2(init="100000000000000000...]
Compiling architecture lut6_2_v of entity unisim.LUT6_2 [\LUT6_2(init="010000000000000000...]
Compiling architecture lut6_v of entity unisim.LUT6 [\LUT6(init="00000000100000000000...]
Compiling architecture lut6_v of entity unisim.LUT6 [\LUT6(init="10101100101011001111...]
Compiling architecture xorcy_v of entity unisim.XORCY [xorcy_default]
Compiling architecture lut6_2_v of entity unisim.LUT6_2 [\LUT6_2(init="000000000000000000...]
Compiling architecture muxcy_v of entity unisim.MUXCY [muxcy_default]
Compiling architecture lut6_v of entity unisim.LUT6 [\LUT6(init="01101001100101101001...]
Compiling architecture lut6_v of entity unisim.LUT6 [\LUT6(init="11111111111111111010...]
Compiling architecture lut6_2_v of entity unisim.LUT6_2 [\LUT6_2(init="001100110011001110...]
Compiling architecture lut6_2_v of entity unisim.LUT6_2 [\LUT6_2(init="101000101000000000...]
Compiling architecture lut6_2_v of entity unisim.LUT6_2 [\LUT6_2(init="000000000000000000...]
Compiling architecture lut6_2_v of entity unisim.LUT6_2 [\LUT6_2(init="000000000000000000...]
Compiling architecture lut6_v of entity unisim.LUT6 [\LUT6(init="11111011111111110000...]
Compiling architecture ram32m_v of entity unisim.RAM32M [ram32m_default]
Compiling architecture low_level_definition of entity xil_defaultlib.kcpsm6 [\kcpsm6(hwbuild="01000001")\]
Compiling architecture xilinx of entity mult_gen_v12_0_12.delay_line [\delay_line(c_xdevicefamily="zyn...]
Compiling architecture xilinx of entity mult_gen_v12_0_12.delay_line [\delay_line(c_xdevicefamily="zyn...]
Compiling architecture xilinx of entity mult_gen_v12_0_12.delay_line [\delay_line(c_xdevicefamily="zyn...]
Compiling architecture dsp48e1_v of entity unisim.DSP48E1 [\DSP48E1(acascreg=0,alumodereg=0...]
Compiling architecture xilinx of entity mult_gen_v12_0_12.delay_line [\delay_line(c_xdevicefamily="zyn...]
Compiling architecture dsp48e1_v of entity unisim.DSP48E1 [\DSP48E1(acascreg=0,alumodereg=0...]
Compiling architecture xilinx of entity mult_gen_v12_0_12.delay_line [\delay_line(c_xdevicefamily="zyn...]
Compiling architecture xilinx of entity mult_gen_v12_0_12.op_resize [\op_resize(ai_width=32,bi_width=...]
Compiling architecture xilinx of entity mult_gen_v12_0_12.dsp [\dsp(c_xdevicefamily="zynq",c_a_...]
Compiling architecture xilinx of entity mult_gen_v12_0_12.mult_gen_v12_0_12_viv [\mult_gen_v12_0_12_viv(c_verbosi...]
Compiling architecture xilinx of entity mult_gen_v12_0_12.mult_gen_v12_0_12 [\mult_gen_v12_0_12(c_xdevicefami...]
Compiling architecture mult_gen_0_arch of entity xil_defaultlib.mult_gen_0 [mult_gen_0_default]
Compiling architecture behavioral of entity xil_defaultlib.cordic [cordic_default]
Compiling architecture behavioral of entity xil_defaultlib.processor
Built simulation snapshot Processor_behav
