
*** Running vivado
    with args -log system_axi_bram_ctrl_0_0.vds -m64 -product Vivado -mode batch -messageDb vivado.pb -notrace -source system_axi_bram_ctrl_0_0.tcl


****** Vivado v2017.2 (64-bit)
  **** SW Build 1909853 on Thu Jun 15 18:39:09 MDT 2017
  **** IP Build 1909766 on Thu Jun 15 19:58:00 MDT 2017
    ** Copyright 1986-2017 Xilinx, Inc. All Rights Reserved.

source system_axi_bram_ctrl_0_0.tcl -notrace
Starting RTL Elaboration : Time (s): cpu = 00:00:14 ; elapsed = 00:00:14 . Memory (MB): peak = 388.008 ; gain = 81.277
INFO: [Synth 8-638] synthesizing module 'system_axi_bram_ctrl_0_0' [c:/xup/fpga_flow/2016_2_zynq_labs/lab4aes/lab4aes.srcs/sources_1/bd/system/ip/system_axi_bram_ctrl_0_0/synth/system_axi_bram_ctrl_0_0.vhd:111]
INFO: [Synth 8-638] synthesizing module 'axi_bram_ctrl' [c:/xup/fpga_flow/2016_2_zynq_labs/lab4aes/lab4aes.srcs/sources_1/bd/system/ipshared/9183/hdl/axi_bram_ctrl_v4_0_rfs.vhd:23897]
INFO: [Synth 8-638] synthesizing module 'axi_bram_ctrl_top' [c:/xup/fpga_flow/2016_2_zynq_labs/lab4aes/lab4aes.srcs/sources_1/bd/system/ipshared/9183/hdl/axi_bram_ctrl_v4_0_rfs.vhd:22901]
INFO: [Synth 8-638] synthesizing module 'full_axi' [c:/xup/fpga_flow/2016_2_zynq_labs/lab4aes/lab4aes.srcs/sources_1/bd/system/ipshared/9183/hdl/axi_bram_ctrl_v4_0_rfs.vhd:21844]
INFO: [Synth 8-638] synthesizing module 'wr_chnl' [c:/xup/fpga_flow/2016_2_zynq_labs/lab4aes/lab4aes.srcs/sources_1/bd/system/ipshared/9183/hdl/axi_bram_ctrl_v4_0_rfs.vhd:17009]
INFO: [Synth 8-638] synthesizing module 'wrap_brst' [c:/xup/fpga_flow/2016_2_zynq_labs/lab4aes/lab4aes.srcs/sources_1/bd/system/ipshared/9183/hdl/axi_bram_ctrl_v4_0_rfs.vhd:10215]
INFO: [Synth 8-256] done synthesizing module 'wrap_brst' (1#1) [c:/xup/fpga_flow/2016_2_zynq_labs/lab4aes/lab4aes.srcs/sources_1/bd/system/ipshared/9183/hdl/axi_bram_ctrl_v4_0_rfs.vhd:10215]
INFO: [Synth 8-638] synthesizing module 'SRL_FIFO' [c:/xup/fpga_flow/2016_2_zynq_labs/lab4aes/lab4aes.srcs/sources_1/bd/system/ipshared/9183/hdl/axi_bram_ctrl_v4_0_rfs.vhd:133]
INFO: [Synth 8-638] synthesizing module 'FDR' [C:/XilinxVivado/Vivado/2017.2/scripts/rt/data/unisim_comp.v:3951]
INFO: [Synth 8-256] done synthesizing module 'FDR' (2#1) [C:/XilinxVivado/Vivado/2017.2/scripts/rt/data/unisim_comp.v:3951]
INFO: [Synth 8-638] synthesizing module 'MUXCY_L' [C:/XilinxVivado/Vivado/2017.2/scripts/rt/data/unisim_comp.v:21638]
INFO: [Synth 8-256] done synthesizing module 'MUXCY_L' (3#1) [C:/XilinxVivado/Vivado/2017.2/scripts/rt/data/unisim_comp.v:21638]
INFO: [Synth 8-638] synthesizing module 'XORCY' [C:/XilinxVivado/Vivado/2017.2/scripts/rt/data/unisim_comp.v:45685]
INFO: [Synth 8-256] done synthesizing module 'XORCY' (4#1) [C:/XilinxVivado/Vivado/2017.2/scripts/rt/data/unisim_comp.v:45685]
INFO: [Synth 8-638] synthesizing module 'FDRE' [C:/XilinxVivado/Vivado/2017.2/scripts/rt/data/unisim_comp.v:3964]
INFO: [Synth 8-256] done synthesizing module 'FDRE' (5#1) [C:/XilinxVivado/Vivado/2017.2/scripts/rt/data/unisim_comp.v:3964]
INFO: [Synth 8-638] synthesizing module 'SRL16E' [C:/XilinxVivado/Vivado/2017.2/scripts/rt/data/unisim_comp.v:43673]
INFO: [Synth 8-256] done synthesizing module 'SRL16E' (6#1) [C:/XilinxVivado/Vivado/2017.2/scripts/rt/data/unisim_comp.v:43673]
INFO: [Synth 8-256] done synthesizing module 'SRL_FIFO' (7#1) [c:/xup/fpga_flow/2016_2_zynq_labs/lab4aes/lab4aes.srcs/sources_1/bd/system/ipshared/9183/hdl/axi_bram_ctrl_v4_0_rfs.vhd:133]
INFO: [Synth 8-256] done synthesizing module 'wr_chnl' (8#1) [c:/xup/fpga_flow/2016_2_zynq_labs/lab4aes/lab4aes.srcs/sources_1/bd/system/ipshared/9183/hdl/axi_bram_ctrl_v4_0_rfs.vhd:17009]
INFO: [Synth 8-638] synthesizing module 'rd_chnl' [c:/xup/fpga_flow/2016_2_zynq_labs/lab4aes/lab4aes.srcs/sources_1/bd/system/ipshared/9183/hdl/axi_bram_ctrl_v4_0_rfs.vhd:11495]
INFO: [Synth 8-256] done synthesizing module 'rd_chnl' (9#1) [c:/xup/fpga_flow/2016_2_zynq_labs/lab4aes/lab4aes.srcs/sources_1/bd/system/ipshared/9183/hdl/axi_bram_ctrl_v4_0_rfs.vhd:11495]
INFO: [Synth 8-256] done synthesizing module 'full_axi' (10#1) [c:/xup/fpga_flow/2016_2_zynq_labs/lab4aes/lab4aes.srcs/sources_1/bd/system/ipshared/9183/hdl/axi_bram_ctrl_v4_0_rfs.vhd:21844]
INFO: [Synth 8-256] done synthesizing module 'axi_bram_ctrl_top' (11#1) [c:/xup/fpga_flow/2016_2_zynq_labs/lab4aes/lab4aes.srcs/sources_1/bd/system/ipshared/9183/hdl/axi_bram_ctrl_v4_0_rfs.vhd:22901]
INFO: [Synth 8-256] done synthesizing module 'axi_bram_ctrl' (12#1) [c:/xup/fpga_flow/2016_2_zynq_labs/lab4aes/lab4aes.srcs/sources_1/bd/system/ipshared/9183/hdl/axi_bram_ctrl_v4_0_rfs.vhd:23897]
INFO: [Synth 8-256] done synthesizing module 'system_axi_bram_ctrl_0_0' (13#1) [c:/xup/fpga_flow/2016_2_zynq_labs/lab4aes/lab4aes.srcs/sources_1/bd/system/ip/system_axi_bram_ctrl_0_0/synth/system_axi_bram_ctrl_0_0.vhd:111]
Finished RTL Elaboration : Time (s): cpu = 00:00:29 ; elapsed = 00:00:30 . Memory (MB): peak = 508.902 ; gain = 202.172
Finished RTL Optimization Phase 1 : Time (s): cpu = 00:00:29 ; elapsed = 00:00:30 . Memory (MB): peak = 508.902 ; gain = 202.172
INFO: [Device 21-403] Loading part xc7z010clg400-1
Constraint Validation Runtime : Time (s): cpu = 00:00:00 ; elapsed = 00:00:00.122 . Memory (MB): peak = 741.941 ; gain = 0.000
Finished Constraint Validation : Time (s): cpu = 00:00:54 ; elapsed = 00:00:57 . Memory (MB): peak = 741.941 ; gain = 435.211
Finished Loading Part and Timing Information : Time (s): cpu = 00:00:54 ; elapsed = 00:00:57 . Memory (MB): peak = 741.941 ; gain = 435.211
Finished applying 'set_property' XDC Constraints : Time (s): cpu = 00:00:54 ; elapsed = 00:00:57 . Memory (MB): peak = 741.941 ; gain = 435.211
Finished RTL Optimization Phase 2 : Time (s): cpu = 00:00:57 ; elapsed = 00:01:00 . Memory (MB): peak = 741.941 ; gain = 435.211
Finished Cross Boundary and Area Optimization : Time (s): cpu = 00:01:02 ; elapsed = 00:01:06 . Memory (MB): peak = 741.941 ; gain = 435.211
Finished Applying XDC Timing Constraints : Time (s): cpu = 00:01:32 ; elapsed = 00:01:36 . Memory (MB): peak = 741.941 ; gain = 435.211
Finished Timing Optimization : Time (s): cpu = 00:01:35 ; elapsed = 00:01:40 . Memory (MB): peak = 762.305 ; gain = 455.574
Finished Technology Mapping : Time (s): cpu = 00:01:36 ; elapsed = 00:01:40 . Memory (MB): peak = 762.305 ; gain = 455.574
Finished IO Insertion : Time (s): cpu = 00:01:38 ; elapsed = 00:01:42 . Memory (MB): peak = 762.305 ; gain = 455.574
Finished Renaming Generated Instances : Time (s): cpu = 00:01:38 ; elapsed = 00:01:42 . Memory (MB): peak = 762.305 ; gain = 455.574
Finished Rebuilding User Hierarchy : Time (s): cpu = 00:01:38 ; elapsed = 00:01:42 . Memory (MB): peak = 762.305 ; gain = 455.574
Finished Renaming Generated Ports : Time (s): cpu = 00:01:38 ; elapsed = 00:01:42 . Memory (MB): peak = 762.305 ; gain = 455.574
Finished Handling Custom Attributes : Time (s): cpu = 00:01:38 ; elapsed = 00:01:42 . Memory (MB): peak = 762.305 ; gain = 455.574
Finished Renaming Generated Nets : Time (s): cpu = 00:01:38 ; elapsed = 00:01:42 . Memory (MB): peak = 762.305 ; gain = 455.574

Report Cell Usage: 
+------+--------+------+
|      |Cell    |Count |
+------+--------+------+
|1     |LUT1    |     3|
|2     |LUT2    |    23|
|3     |LUT3    |    96|
|4     |LUT4    |    39|
|5     |LUT5    |    64|
|6     |LUT6    |   138|
|7     |MUXCY_L |     3|
|8     |SRL16E  |     1|
|9     |XORCY   |     4|
|10    |FDR     |     1|
|11    |FDRE    |   391|
+------+--------+------+
Finished Writing Synthesis Report : Time (s): cpu = 00:01:38 ; elapsed = 00:01:42 . Memory (MB): peak = 762.305 ; gain = 455.574
synth_design: Time (s): cpu = 00:01:42 ; elapsed = 00:01:47 . Memory (MB): peak = 762.305 ; gain = 458.203
