
*** Running vivado
    with args -log system_axi_bram_ctrl_0_bram_0.vds -m64 -product Vivado -mode batch -messageDb vivado.pb -notrace -source system_axi_bram_ctrl_0_bram_0.tcl


****** Vivado v2017.2 (64-bit)
  **** SW Build 1909853 on Thu Jun 15 18:39:09 MDT 2017
  **** IP Build 1909766 on Thu Jun 15 19:58:00 MDT 2017
    ** Copyright 1986-2017 Xilinx, Inc. All Rights Reserved.

source system_axi_bram_ctrl_0_bram_0.tcl -notrace
Starting RTL Elaboration : Time (s): cpu = 00:00:11 ; elapsed = 00:00:13 . Memory (MB): peak = 400.699 ; gain = 80.445
INFO: [Synth 8-638] synthesizing module 'system_axi_bram_ctrl_0_bram_0' [c:/xup/fpga_flow/2016_2_zynq_labs/sol_v1/sol_v1.srcs/sources_1/bd/system/ip/system_axi_bram_ctrl_0_bram_0/synth/system_axi_bram_ctrl_0_bram_0.vhd:78]
INFO: [Synth 8-256] done synthesizing module 'system_axi_bram_ctrl_0_bram_0' (11#1) [c:/xup/fpga_flow/2016_2_zynq_labs/sol_v1/sol_v1.srcs/sources_1/bd/system/ip/system_axi_bram_ctrl_0_bram_0/synth/system_axi_bram_ctrl_0_bram_0.vhd:78]
Finished RTL Elaboration : Time (s): cpu = 00:02:03 ; elapsed = 00:02:10 . Memory (MB): peak = 607.227 ; gain = 286.973
Finished RTL Optimization Phase 1 : Time (s): cpu = 00:02:04 ; elapsed = 00:02:11 . Memory (MB): peak = 607.227 ; gain = 286.973
INFO: [Device 21-403] Loading part xc7z010clg400-1
Constraint Validation Runtime : Time (s): cpu = 00:00:00 ; elapsed = 00:00:00.097 . Memory (MB): peak = 726.242 ; gain = 0.000
Finished Constraint Validation : Time (s): cpu = 00:02:26 ; elapsed = 00:02:36 . Memory (MB): peak = 726.242 ; gain = 405.988
Finished Loading Part and Timing Information : Time (s): cpu = 00:02:26 ; elapsed = 00:02:36 . Memory (MB): peak = 726.242 ; gain = 405.988
Finished applying 'set_property' XDC Constraints : Time (s): cpu = 00:02:26 ; elapsed = 00:02:36 . Memory (MB): peak = 726.242 ; gain = 405.988
Finished RTL Optimization Phase 2 : Time (s): cpu = 00:02:28 ; elapsed = 00:02:38 . Memory (MB): peak = 726.242 ; gain = 405.988
Finished Cross Boundary and Area Optimization : Time (s): cpu = 00:02:29 ; elapsed = 00:02:39 . Memory (MB): peak = 726.242 ; gain = 405.988
Finished Applying XDC Timing Constraints : Time (s): cpu = 00:02:52 ; elapsed = 00:03:04 . Memory (MB): peak = 726.242 ; gain = 405.988
Finished Timing Optimization : Time (s): cpu = 00:02:52 ; elapsed = 00:03:04 . Memory (MB): peak = 726.242 ; gain = 405.988
Finished Technology Mapping : Time (s): cpu = 00:02:52 ; elapsed = 00:03:04 . Memory (MB): peak = 726.242 ; gain = 405.988
Finished IO Insertion : Time (s): cpu = 00:02:54 ; elapsed = 00:03:06 . Memory (MB): peak = 726.242 ; gain = 405.988
Finished Renaming Generated Instances : Time (s): cpu = 00:02:54 ; elapsed = 00:03:06 . Memory (MB): peak = 726.242 ; gain = 405.988
Finished Rebuilding User Hierarchy : Time (s): cpu = 00:02:54 ; elapsed = 00:03:06 . Memory (MB): peak = 726.242 ; gain = 405.988
Finished Renaming Generated Ports : Time (s): cpu = 00:02:54 ; elapsed = 00:03:06 . Memory (MB): peak = 726.242 ; gain = 405.988
Finished Handling Custom Attributes : Time (s): cpu = 00:02:54 ; elapsed = 00:03:06 . Memory (MB): peak = 726.242 ; gain = 405.988
Finished Renaming Generated Nets : Time (s): cpu = 00:02:54 ; elapsed = 00:03:06 . Memory (MB): peak = 726.242 ; gain = 405.988

Report Cell Usage: 
+------+---------+------+
|      |Cell     |Count |
+------+---------+------+
|1     |RAMB36E1 |    16|
+------+---------+------+
Finished Writing Synthesis Report : Time (s): cpu = 00:02:54 ; elapsed = 00:03:06 . Memory (MB): peak = 726.242 ; gain = 405.988
synth_design: Time (s): cpu = 00:02:57 ; elapsed = 00:03:09 . Memory (MB): peak = 735.324 ; gain = 422.836
