KCPSM6 Assembler log file for program 'C:\xup\fpga_flow\2016_2_zynq_labs\kcpsm6\kcpsm6.srcs\sources_1\imports\kcpsm6\Rom_program.psm'.
Generated by KCPSM6 version v2.70
Ken Chapman - Xilinx Ltd - 16th May 2014

Assembly datestamp: 12 Nov 2017
Assembly timestamp: 04:47:53

Contents
  Assembly listing
  List of PSM files
  List of CONSTANTs
  List of TABLEs
  List of STRINGs
  List of line labels
  Instruction usage statistics


Last occupied address: 008 hex
Nominal program memory size: 1K (1024)   address(9:0)
Actual memory size: 4096
  (Default memory size)
Occupied memory locations: 9
Memory locations available: 4087


Assembly listing

 Addr Code          Instruction

 000                ;Rom_program.psm
 000                ;
 000                ; this is the first programa
 000                ;
 000                CONSTANT LED_port, 00
 000                ; 4 Direction LEDs
 000                CONSTANT Direction_LED_port, 01
 000                ; Bit assignements for each LED/button
 000                CONSTANT North, 00000001'b        ; North - bit0
 000                CONSTANT East, 00000010'b         ; East - bit1
 000                CONSTANT South, 00000100'b        ; South - bit2
 000                CONSTANT West, 00001000'b         ; West - bit3
 000                CONSTANT Switch_port, 00
 000                ; 4 Direction Push Buttons
 000                CONSTANT Button_port, 01
 000  22004         JUMP 004[start]
 001  22004         JUMP 004[start]
 002  22004         JUMP 004[start]
 003  22004         JUMP 004[start]
 004         start: 
 004  09000         INPUT s0, 00[Switch_port]
 005  2D000         OUTPUT s0, 00[LED_port]
 006  09101         INPUT s1, 01[Button_port]
 007  2D101         OUTPUT s1, 01[Direction_LED_port]
 008  22004         JUMP 004[start]


All unused memory locations contain zero (equivalent to 'LOAD s0, s0')



List of PSM files that have been assembled

C:\xup\fpga_flow\2016_2_zynq_labs\kcpsm6\kcpsm6.srcs\sources_1\imports\kcpsm6\Rom_program.psm



List of defined constants

 CONSTANT name      Value        Source PSM File

 timestamp_hours    04'd         
 timestamp_minutes  47'd         
 timestamp_seconds  53'd         
 datestamp_year     17'd         
 datestamp_month    11'd         
 datestamp_day      12'd         
 NUL                00           
 BEL                07           
 BS                 08           
 HT                 09           
 LF                 0A           
 VT                 0B           
 CR                 0D           
 ESC                1B           
 DEL                7F           
 DCS                90           
 ST                 9C           
 LED_port           00           Rom_program.psm
 Direction_LED_port 01           Rom_program.psm
 North              00000001'b   Rom_program.psm
 East               00000010'b   Rom_program.psm
 South              00000100'b   Rom_program.psm
 West               00001000'b   Rom_program.psm
 Switch_port        00           Rom_program.psm
 Button_port        01           Rom_program.psm



No TABLEs defined



List of text strings

 STRING name       String         Source PSM File

 KCPSM6_version$   "v2.70"        
 datestamp$        "12 Nov 2017"  
 timestamp$        "04:47:53"     



List of line labels

   Label    Addr  Source PSM File

   start    004   Rom_program.psm



Instruction usage statistics

 Instruction    Instances

 LOAD              -
 STAR              -

 AND               -
 OR                -
 XOR               -

 ADD               -
 ADDCY             -
 SUB               -
 SUBCY             -

 TEST              -
 TESTCY            -
 COMPARE           -
 COMPARECY         -

 SL0               -
 SL1               -
 SLX               -
 SLA               -
 RL                -
 SR0               -
 SR1               -
 SRX               -
 SRA               -
 RR                -

 REGBANK           -

 INPUT             2
 OUTPUT            2
 OUTPUTK           -

 STORE             -
 FETCH             -

 DISABLE           -
 ENABLE            -
 RETURNI           -

 JUMP              5
 JUMP@             -
 CALL              -
 CALL@             -
 RETURN            -
 LOAD&RETURN       -

 HWBUILD           -



End of KCPSM6 log file.
