
*** Running vivado
    with args -log system_axi_bram_ctrl_0_1.vds -m64 -product Vivado -mode batch -messageDb vivado.pb -notrace -source system_axi_bram_ctrl_0_1.tcl


****** Vivado v2017.2 (64-bit)
  **** SW Build 1909853 on Thu Jun 15 18:39:09 MDT 2017
  **** IP Build 1909766 on Thu Jun 15 19:58:00 MDT 2017
    ** Copyright 1986-2017 Xilinx, Inc. All Rights Reserved.

source system_axi_bram_ctrl_0_1.tcl -notrace
Starting RTL Elaboration : Time (s): cpu = 00:00:17 ; elapsed = 00:00:21 . Memory (MB): peak = 356.703 ; gain = 86.977
INFO: [Synth 8-638] synthesizing module 'system_axi_bram_ctrl_0_1' [c:/xup/fpga_flow/TFMV2/TFM_GE/TFM_GE.srcs/sources_1/bd/system/ip/system_axi_bram_ctrl_0_1/synth/system_axi_bram_ctrl_0_1.vhd:104]
INFO: [Synth 8-638] synthesizing module 'axi_bram_ctrl' [c:/xup/fpga_flow/TFMV2/TFM_GE/TFM_GE.srcs/sources_1/bd/system/ipshared/9183/hdl/axi_bram_ctrl_v4_0_rfs.vhd:23897]
INFO: [Synth 8-638] synthesizing module 'axi_bram_ctrl_top' [c:/xup/fpga_flow/TFMV2/TFM_GE/TFM_GE.srcs/sources_1/bd/system/ipshared/9183/hdl/axi_bram_ctrl_v4_0_rfs.vhd:22901]
INFO: [Synth 8-638] synthesizing module 'full_axi' [c:/xup/fpga_flow/TFMV2/TFM_GE/TFM_GE.srcs/sources_1/bd/system/ipshared/9183/hdl/axi_bram_ctrl_v4_0_rfs.vhd:21844]
INFO: [Synth 8-638] synthesizing module 'sng_port_arb' [c:/xup/fpga_flow/TFMV2/TFM_GE/TFM_GE.srcs/sources_1/bd/system/ipshared/9183/hdl/axi_bram_ctrl_v4_0_rfs.vhd:9216]
INFO: [Synth 8-256] done synthesizing module 'sng_port_arb' (1#1) [c:/xup/fpga_flow/TFMV2/TFM_GE/TFM_GE.srcs/sources_1/bd/system/ipshared/9183/hdl/axi_bram_ctrl_v4_0_rfs.vhd:9216]
INFO: [Synth 8-638] synthesizing module 'wr_chnl' [c:/xup/fpga_flow/TFMV2/TFM_GE/TFM_GE.srcs/sources_1/bd/system/ipshared/9183/hdl/axi_bram_ctrl_v4_0_rfs.vhd:17009]
INFO: [Synth 8-638] synthesizing module 'wrap_brst' [c:/xup/fpga_flow/TFMV2/TFM_GE/TFM_GE.srcs/sources_1/bd/system/ipshared/9183/hdl/axi_bram_ctrl_v4_0_rfs.vhd:10215]
INFO: [Synth 8-256] done synthesizing module 'wrap_brst' (2#1) [c:/xup/fpga_flow/TFMV2/TFM_GE/TFM_GE.srcs/sources_1/bd/system/ipshared/9183/hdl/axi_bram_ctrl_v4_0_rfs.vhd:10215]
INFO: [Synth 8-638] synthesizing module 'SRL_FIFO' [c:/xup/fpga_flow/TFMV2/TFM_GE/TFM_GE.srcs/sources_1/bd/system/ipshared/9183/hdl/axi_bram_ctrl_v4_0_rfs.vhd:133]
INFO: [Synth 8-638] synthesizing module 'FDR' [C:/XILINX/Vivado/2017.2/scripts/rt/data/unisim_comp.v:3951]
INFO: [Synth 8-256] done synthesizing module 'FDR' (3#1) [C:/XILINX/Vivado/2017.2/scripts/rt/data/unisim_comp.v:3951]
INFO: [Synth 8-638] synthesizing module 'MUXCY_L' [C:/XILINX/Vivado/2017.2/scripts/rt/data/unisim_comp.v:21638]
INFO: [Synth 8-256] done synthesizing module 'MUXCY_L' (4#1) [C:/XILINX/Vivado/2017.2/scripts/rt/data/unisim_comp.v:21638]
INFO: [Synth 8-638] synthesizing module 'XORCY' [C:/XILINX/Vivado/2017.2/scripts/rt/data/unisim_comp.v:45685]
INFO: [Synth 8-256] done synthesizing module 'XORCY' (5#1) [C:/XILINX/Vivado/2017.2/scripts/rt/data/unisim_comp.v:45685]
INFO: [Synth 8-638] synthesizing module 'FDRE' [C:/XILINX/Vivado/2017.2/scripts/rt/data/unisim_comp.v:3964]
INFO: [Synth 8-256] done synthesizing module 'FDRE' (6#1) [C:/XILINX/Vivado/2017.2/scripts/rt/data/unisim_comp.v:3964]
INFO: [Synth 8-638] synthesizing module 'SRL16E' [C:/XILINX/Vivado/2017.2/scripts/rt/data/unisim_comp.v:43673]
INFO: [Synth 8-256] done synthesizing module 'SRL16E' (7#1) [C:/XILINX/Vivado/2017.2/scripts/rt/data/unisim_comp.v:43673]
INFO: [Synth 8-256] done synthesizing module 'SRL_FIFO' (8#1) [c:/xup/fpga_flow/TFMV2/TFM_GE/TFM_GE.srcs/sources_1/bd/system/ipshared/9183/hdl/axi_bram_ctrl_v4_0_rfs.vhd:133]
INFO: [Synth 8-256] done synthesizing module 'wr_chnl' (9#1) [c:/xup/fpga_flow/TFMV2/TFM_GE/TFM_GE.srcs/sources_1/bd/system/ipshared/9183/hdl/axi_bram_ctrl_v4_0_rfs.vhd:17009]
INFO: [Synth 8-638] synthesizing module 'rd_chnl' [c:/xup/fpga_flow/TFMV2/TFM_GE/TFM_GE.srcs/sources_1/bd/system/ipshared/9183/hdl/axi_bram_ctrl_v4_0_rfs.vhd:11495]
INFO: [Synth 8-256] done synthesizing module 'rd_chnl' (10#1) [c:/xup/fpga_flow/TFMV2/TFM_GE/TFM_GE.srcs/sources_1/bd/system/ipshared/9183/hdl/axi_bram_ctrl_v4_0_rfs.vhd:11495]
INFO: [Synth 8-256] done synthesizing module 'full_axi' (11#1) [c:/xup/fpga_flow/TFMV2/TFM_GE/TFM_GE.srcs/sources_1/bd/system/ipshared/9183/hdl/axi_bram_ctrl_v4_0_rfs.vhd:21844]
INFO: [Synth 8-256] done synthesizing module 'axi_bram_ctrl_top' (12#1) [c:/xup/fpga_flow/TFMV2/TFM_GE/TFM_GE.srcs/sources_1/bd/system/ipshared/9183/hdl/axi_bram_ctrl_v4_0_rfs.vhd:22901]
INFO: [Synth 8-256] done synthesizing module 'axi_bram_ctrl' (13#1) [c:/xup/fpga_flow/TFMV2/TFM_GE/TFM_GE.srcs/sources_1/bd/system/ipshared/9183/hdl/axi_bram_ctrl_v4_0_rfs.vhd:23897]
INFO: [Synth 8-256] done synthesizing module 'system_axi_bram_ctrl_0_1' (14#1) [c:/xup/fpga_flow/TFMV2/TFM_GE/TFM_GE.srcs/sources_1/bd/system/ip/system_axi_bram_ctrl_0_1/synth/system_axi_bram_ctrl_0_1.vhd:104]
Finished RTL Elaboration : Time (s): cpu = 00:00:33 ; elapsed = 00:00:38 . Memory (MB): peak = 495.023 ; gain = 225.297
Finished RTL Optimization Phase 1 : Time (s): cpu = 00:00:33 ; elapsed = 00:00:39 . Memory (MB): peak = 495.023 ; gain = 225.297
INFO: [Device 21-403] Loading part xc7z010clg400-1
Constraint Validation Runtime : Time (s): cpu = 00:00:00 ; elapsed = 00:00:00.081 . Memory (MB): peak = 740.828 ; gain = 1.316
Finished Constraint Validation : Time (s): cpu = 00:00:58 ; elapsed = 00:01:08 . Memory (MB): peak = 740.828 ; gain = 471.102
Finished Loading Part and Timing Information : Time (s): cpu = 00:00:58 ; elapsed = 00:01:08 . Memory (MB): peak = 740.828 ; gain = 471.102
Finished applying 'set_property' XDC Constraints : Time (s): cpu = 00:00:58 ; elapsed = 00:01:08 . Memory (MB): peak = 740.828 ; gain = 471.102
Finished RTL Optimization Phase 2 : Time (s): cpu = 00:01:00 ; elapsed = 00:01:11 . Memory (MB): peak = 740.828 ; gain = 471.102
Finished Cross Boundary and Area Optimization : Time (s): cpu = 00:01:04 ; elapsed = 00:01:15 . Memory (MB): peak = 740.828 ; gain = 471.102
Finished Applying XDC Timing Constraints : Time (s): cpu = 00:01:34 ; elapsed = 00:01:49 . Memory (MB): peak = 740.828 ; gain = 471.102
Finished Timing Optimization : Time (s): cpu = 00:01:37 ; elapsed = 00:01:53 . Memory (MB): peak = 775.523 ; gain = 505.797
Finished Technology Mapping : Time (s): cpu = 00:01:37 ; elapsed = 00:01:53 . Memory (MB): peak = 784.813 ; gain = 515.086
Finished IO Insertion : Time (s): cpu = 00:01:39 ; elapsed = 00:01:55 . Memory (MB): peak = 784.813 ; gain = 515.086
Finished Renaming Generated Instances : Time (s): cpu = 00:01:39 ; elapsed = 00:01:55 . Memory (MB): peak = 784.813 ; gain = 515.086
Finished Rebuilding User Hierarchy : Time (s): cpu = 00:01:39 ; elapsed = 00:01:55 . Memory (MB): peak = 784.813 ; gain = 515.086
Finished Renaming Generated Ports : Time (s): cpu = 00:01:39 ; elapsed = 00:01:55 . Memory (MB): peak = 784.813 ; gain = 515.086
Finished Handling Custom Attributes : Time (s): cpu = 00:01:39 ; elapsed = 00:01:55 . Memory (MB): peak = 784.813 ; gain = 515.086
Finished Renaming Generated Nets : Time (s): cpu = 00:01:39 ; elapsed = 00:01:55 . Memory (MB): peak = 784.813 ; gain = 515.086

Report Cell Usage: 
+------+--------+------+
|      |Cell    |Count |
+------+--------+------+
|1     |LUT1    |     2|
|2     |LUT2    |    23|
|3     |LUT3    |    52|
|4     |LUT4    |    27|
|5     |LUT5    |    34|
|6     |LUT6    |   110|
|7     |MUXCY_L |     3|
|8     |SRL16E  |     1|
|9     |XORCY   |     4|
|10    |FDR     |     1|
|11    |FDRE    |   204|
+------+--------+------+
Finished Writing Synthesis Report : Time (s): cpu = 00:01:39 ; elapsed = 00:01:55 . Memory (MB): peak = 784.813 ; gain = 515.086
synth_design: Time (s): cpu = 00:01:44 ; elapsed = 00:02:03 . Memory (MB): peak = 784.813 ; gain = 517.848
